#
# A fatal error has been detected by the Java Runtime Environment:
#
#  Internal Error (jvmciRuntime.cpp:1609), pid=9354, tid=9368
#  fatal error: Fatal exception in JVMCI: Error calling jdk.vm.ci.services.Services.serializeSavedProperties
#
# JRE version: OpenJDK Runtime Environment GraalVM CE 22.3.0 (17.0.5+8) (build 17.0.5+8-jvmci-22.3-b08)
# Java VM: OpenJDK 64-Bit Server VM GraalVM CE 22.3.0 (17.0.5+8-jvmci-22.3-b08, mixed mode, sharing, tiered, jvmci, jvmci compiler, compressed oops, compressed class ptrs, parallel gc, linux-amd64)
# Problematic frame:
# V  [libjvm.so+0x972714]  JVMCIRuntime::fatal_exception(JVMCIEnv*, char const*)+0x74
#
# Core dump will be written. Default location: Core dumps may be processed with "/usr/share/apport/apport -p%p -s%s -c%c -d%d -P%P -u%u -g%g -- %E" (or dumping to /home/runner/Grading-System/core.9354)
#
# If you would like to submit a bug report, please visit:
#   https://github.com/oracle/graal/issues
#

---------------  S U M M A R Y ------------

Command Line: -XX:ThreadPriorityPolicy=1 -XX:+UnlockExperimentalVMOptions -XX:+EnableJVMCIProduct -XX:JVMCIThreadsPerNativeLibraryRuntime=1 -XX:-UnlockExperimentalVMOptions -Declipse.application=org.eclipse.jdt.ls.core.id1 -Dosgi.bundles.defaultStartLevel=4 -Declipse.product=org.eclipse.jdt.ls.core.product -Dlog.level=ALL -Xverify:none -XX:+UseParallelGC -XX:GCTimeRatio=4 -XX:AdaptiveSizePolicyWeight=90 -Dsun.zip.disableMemoryMapping=true -Xmx512m -Xms100m /nix/store/m6gcpi1ii6rghy04cjwjddcavv7i90df-jdt-language-server-1.9.0/share/java/plugins/org.eclipse.equinox.launcher_1.6.400.v20210924-0641.jar --add-modules=ALL-SYSTEM --add-opens java.base/java.util=ALL-UNNAMED --add-opens java.base/java.lang=ALL-UNNAMED -configuration /home/runner/.cache/jdt-language-server/config -data /home/runner/.cache/jdt-language-server/data/home/runner/Grading-System

Host: AMD EPYC 7B12, 8 cores, 1G, Ubuntu 20.04.2 LTS
Time: Wed Apr 19 23:10:25 2023 UTC elapsed time: 1405.290963 seconds (0d 0h 23m 25s)

---------------  T H R E A D  ---------------

Current thread (0x00007f94280b21e0):  JavaThread "JVMCI-native CompilerThread0" daemon [_thread_in_vm, id=9368, stack(0x00007f942c01a000,0x00007f942c21a000)]


Current CompileTask:
JVMCI-native:1405291 10157 %     4       org.eclipse.jdt.core.Signature::checkArrayDimension @ 5 (92 bytes)

Stack: [0x00007f942c01a000,0x00007f942c21a000],  sp=0x00007f942c218380,  free space=2040k
Native frames: (J=compiled Java code, j=interpreted, Vv=VM code, C=native code)
V  [libjvm.so+0x972714]  JVMCIRuntime::fatal_exception(JVMCIEnv*, char const*)+0x74
V  [libjvm.so+0x93e2fe]  JVMCIEnv::copy_saved_properties()+0x14e
V  [libjvm.so+0x9732a9]  JVMCIRuntime::initialize(JVMCIEnv*)+0xb19
V  [libjvm.so+0x9738a2]  JVMCIRuntime::get_HotSpotJVMCIRuntime(JVMCIEnv*)+0x12
V  [libjvm.so+0x9749f2]  JVMCIRuntime::compile_method(JVMCIEnv*, JVMCICompiler*, methodHandle const&, int)+0xd2
V  [libjvm.so+0x5b0d20]  CompileBroker::invoke_compiler_on_method(CompileTask*)+0x1470
V  [libjvm.so+0x5b12e8]  CompileBroker::compiler_thread_loop()+0x528
V  [libjvm.so+0xd82460]  JavaThread::thread_main_inner()+0xd0
V  [libjvm.so+0xd85a40]  Thread::call_run()+0xc0
V  [libjvm.so+0xbdb1e1]  thread_native_entry(Thread*)+0xe1

Register to memory mapping:

RAX=0x00007f942f0d7000 points into unknown readable memory: 0x0000000000000058 | 58 00 00 00 00 00 00 00
RBX=0x00007f94301d2398: <offset 0x0000000000ef5398> in /nix/store/gpxl5qgg8kicmcvivwmybwjlpf7wh20l-graalvm17-ce-22.3.0/lib/server/libjvm.so at 0x00007f942f2dd000
RCX=0x00007f943018a1e8: <offset 0x0000000000ead1e8> in /nix/store/gpxl5qgg8kicmcvivwmybwjlpf7wh20l-graalvm17-ce-22.3.0/lib/server/libjvm.so at 0x00007f942f2dd000
RDX=0x0000000000000649 is an unknown value
RSP=0x00007f942c218380 is pointing into the stack for thread: 0x00007f94280b21e0
RBP=0x00007f942c2183a0 is pointing into the stack for thread: 0x00007f94280b21e0
RSI=0x00007f94301d2c48: <offset 0x0000000000ef5c48> in /nix/store/gpxl5qgg8kicmcvivwmybwjlpf7wh20l-graalvm17-ce-22.3.0/lib/server/libjvm.so at 0x00007f942f2dd000
RDI=0x00000000e0000000 is an oop: [B 
{0x00000000e0000000} - klass: {type array byte}
 - length: 44
R8 =0x00007f94301d2398: <offset 0x0000000000ef5398> in /nix/store/gpxl5qgg8kicmcvivwmybwjlpf7wh20l-graalvm17-ce-22.3.0/lib/server/libjvm.so at 0x00007f942f2dd000
R9 =0x00007f942c218330 is pointing into the stack for thread: 0x00007f94280b21e0
R10=0x00007f942c219948 is pointing into the stack for thread: 0x00007f94280b21e0
R11=0x0000000000000293 is an unknown value
R12=0x0 is NULL
R13=0x00007f94280b21e0 is a thread
R14=0x00007f9428000b80 points into unknown readable memory: 0x00007f9430403a38 | 38 3a 40 30 94 7f 00 00
R15=0x00007f9430511e40: <offset 0x0000000001234e40> in /nix/store/gpxl5qgg8kicmcvivwmybwjlpf7wh20l-graalvm17-ce-22.3.0/lib/server/libjvm.so at 0x00007f942f2dd000


Registers:
RAX=0x00007f942f0d7000, RBX=0x00007f94301d2398, RCX=0x00007f943018a1e8, RDX=0x0000000000000649
RSP=0x00007f942c218380, RBP=0x00007f942c2183a0, RSI=0x00007f94301d2c48, RDI=0x00000000e0000000
R8 =0x00007f94301d2398, R9 =0x00007f942c218330, R10=0x00007f942c219948, R11=0x0000000000000293
R12=0x0000000000000000, R13=0x00007f94280b21e0, R14=0x00007f9428000b80, R15=0x00007f9430511e40
RIP=0x00007f942fc4f714, EFLAGS=0x0000000000010206, CSGSFS=0x002b000000000033, ERR=0x0000000000000006
  TRAPNO=0x000000000000000e

Top of Stack: (sp=0x00007f942c218380)
0x00007f942c218380:   00007f942c218940 00007f94280b21e0
0x00007f942c218390:   00007f942da688c8 0000000800c417a0
0x00007f942c2183a0:   00007f942c218500 00007f942fc1b2fe
0x00007f942c2183b0:   00007f942c2183e0 00007f942c218440 

Instructions: (pc=0x00007f942fc4f714)
0x00007f942fc4f614:   30 e8 f6 cf e8 ff 4c 89 e7 e8 2e 48 d1 ff 84 db
0x00007f942fc4f624:   75 2a 4d 85 ed 74 04 4d 8b 6d 00 48 83 c4 08 44
0x00007f942fc4f634:   89 f9 4c 89 f2 4c 89 ee 5b 4c 89 e7 41 5c 41 5d
0x00007f942fc4f644:   41 5e 41 5f 5d e9 e2 47 d1 ff 66 90 48 83 c4 08
0x00007f942fc4f654:   5b 41 5c 41 5d 41 5e 41 5f 5d c3 90 31 d2 be 08
0x00007f942fc4f664:   00 00 00 4c 89 ff e8 b1 78 a3 ff 49 89 c5 e9 37
0x00007f942fc4f674:   ff ff ff 66 0f 1f 84 00 00 00 00 00 48 8b 7a 08
0x00007f942fc4f684:   e9 6d ff ff ff 0f 1f 80 00 00 00 00 e8 5b 48 0a
0x00007f942fc4f694:   00 84 c0 75 89 e9 6a ff ff ff 66 90 55 48 89 e5
0x00007f942fc4f6a4:   41 56 41 55 41 54 49 89 fc 53 48 89 f3 66 48 8d
0x00007f942fc4f6b4:   3d 27 5e 85 00 66 66 48 e8 df 43 8d ff 4c 8b 28
0x00007f942fc4f6c4:   8b 05 be 72 8a 00 85 c0 75 14 ba 01 00 00 00 48
0x00007f942fc4f6d4:   8d 0d ae 72 8a 00 f0 0f b1 11 85 c0 74 4e be c8
0x00007f942fc4f6e4:   00 00 00 4c 89 ef e8 01 0b 41 00 48 8d 05 12 ac
0x00007f942fc4f6f4:   85 00 49 89 d8 48 8d 0d e8 aa 53 00 ba 49 06 00
0x00007f942fc4f704:   00 48 8d 35 3c 35 58 00 bf 00 00 00 e0 48 8b 00
0x00007f942fc4f714:   c6 00 58 31 c0 e8 e2 91 c6 ff 5b 41 5c 41 5d 41
0x00007f942fc4f724:   5e 5d e9 55 34 26 00 0f 1f 44 00 00 48 8d 05 81
0x00007f942fc4f734:   a3 8b 00 48 89 df 4c 8b 30 e8 9e 43 8d ff 48 89
0x00007f942fc4f744:   de 48 89 c2 49 8b 06 4c 89 f7 ff 50 08 4c 89 f7
0x00007f942fc4f754:   e8 a7 5c 27 00 4d 85 e4 74 12 be 01 00 00 00 4c
0x00007f942fc4f764:   89 e7 e8 35 43 fc ff eb 82 0f 1f 00 be 01 00 00
0x00007f942fc4f774:   00 4c 89 ef e8 d3 fd ff ff e9 6d ff ff ff 66 66
0x00007f942fc4f784:   2e 0f 1f 84 00 00 00 00 00 0f 1f 00 55 48 89 e5
0x00007f942fc4f794:   41 57 41 56 41 55 41 54 53 48 81 ec 08 02 00 00
0x00007f942fc4f7a4:   64 48 8b 04 25 28 00 00 00 48 89 45 c8 8b 07 83
0x00007f942fc4f7b4:   f8 02 0f 84 11 04 00 00 4c 8b 6f 18 49 89 ff 49
0x00007f942fc4f7c4:   89 f4 4d 85 ed 74 14 4c 89 ef e8 5d 57 22 00 41
0x00007f942fc4f7d4:   8b 07 83 f8 02 0f 84 19 04 00 00 48 8d 1d 9a 06
0x00007f942fc4f7e4:   8a 00 4c 8d 35 0b 3c 58 00 eb 38 90 48 85 d2 7f
0x00007f942fc4f7f4:   0d 48 8d 05 b4 c0 85 00 48 83 38 00 7e 0e 41 8b
0x00007f942fc4f804:   77 2c 4c 89 f7 31 c0 e8 a0 b2 f7 ff 49 8b 7f 18 


Stack slot to memory mapping:
stack at sp + 0 slots: 0x00007f942c218940 is pointing into the stack for thread: 0x00007f94280b21e0
stack at sp + 1 slots: 0x00007f94280b21e0 is a thread
stack at sp + 2 slots: 0x00007f942da688c8 points into unknown readable memory: 0x6573001880c9ffff | ff ff c9 80 18 00 73 65
stack at sp + 3 slots: 0x0000000800c417a0 is a pointer to class: 
jdk.vm.ci.services.Services {0x0000000800c417a0}
 - instance size:     2
 - klass size:        65
 - access:            public final synchronized 
 - state:             fully_initialized
 - name:              'jdk/vm/ci/services/Services'
 - super:             'java/lang/Object'
 - sub:               
 - arrays:            NULL
 - methods:           Array<T>(0x00007f942c83e8e8)
 - method ordering:   Array<T>(0x0000000800928960)
 - default_methods:   Array<T>(0x0000000000000000)
 - local interfaces:  Array<T>(0x00000008005ce810)
 - trans. interfaces: Array<T>(0x00000008005ce810)
 - constants:         constant pool [427] {0x00007f942c83d9c8} for 'jdk/vm/ci/services/Services' cache=0x00007f942c83fbb8
 - class loader data:  loader data: 0x00007f94280283f0 of 'bootstrap'
 - source file:       'Services.java'
 - class annotations:       Array<T>(0x0000000000000000)
 - class type annotations:  Array<T>(0x0000000000000000)
 - field annotations:       Array<T>(0x0000000000000000)
 - field type annotations:  Array<T>(0x0000000000000000)
 - inner classes:     Array<T>(0x00007f942c83fb88)
 - nest members:     Array<T>(0x00007f942c83fba8)
 - permitted subclasses:     Array<T>(0x00000008005ce7a0)
 - java mirror:       a 'java/lang/Class'{0x00000000e02b70f8} = 'jdk/vm/ci/services/Services'
 - vtable length      5  (start addr: 0x0000000800c41970)
 - itable length      2 (start addr: 0x0000000800c41998)
 - ---- static fields (3 words):
 - public static final 'IS_BUILDING_NATIVE_IMAGE' 'Z' @128 
 - public static final 'IS_IN_NATIVE_IMAGE' 'Z' @129 
 - private static volatile 'savedProperties' 'Ljava/util/Map;' @112 
 - static final 'JVMCI_ENABLED' 'Z' @130 
 - private static final 'servicesCache' 'Ljava/util/Map;' @116 
 - private static final 'MAX_UNICODE_IN_UTF8_LENGTH' 'I' @120 
 - private static final 'MAX_UTF8_PROPERTY_STRING_LENGTH' 'I' @124 
 - ---- non-static fields (0 words):
 - non-static oop maps: 
stack at sp + 4 slots: 0x00007f942c218500 is pointing into the stack for thread: 0x00007f94280b21e0
stack at sp + 5 slots: 0x00007f942fc1b2fe: <offset 0x000000000093e2fe> in /nix/store/gpxl5qgg8kicmcvivwmybwjlpf7wh20l-graalvm17-ce-22.3.0/lib/server/libjvm.so at 0x00007f942f2dd000
stack at sp + 6 slots: 0x00007f942c2183e0 is pointing into the stack for thread: 0x00007f94280b21e0
stack at sp + 7 slots: 0x00007f942c218440 is pointing into the stack for thread: 0x00007f94280b21e0


---------------  P R O C E S S  ---------------

Threads class SMR info:
_java_thread_list=0x00007f9340049020, length=44, elements={
0x00007f9428026690, 0x00007f94280a64d0, 0x00007f94280a7910, 0x00007f94280ae050,
0x00007f94280af400, 0x00007f94280b07f0, 0x00007f94280b21e0, 0x00007f94280b36f0,
0x00007f94280b4b40, 0x00007f94280dfc10, 0x00007f94281291b0, 0x00007f94282cc7c0,
0x00007f94283021f0, 0x00007f9428306860, 0x00007f93c0032fe0, 0x00007f93c040d760,
0x00007f93b0000ff0, 0x00007f93c066d790, 0x00007f942836c2e0, 0x00007f9428408310,
0x00007f9394205fa0, 0x00007f93b40a2690, 0x00007f93a8008530, 0x00007f93a4047600,
0x00007f93a4047e40, 0x00007f939420ce40, 0x00007f93941fed90, 0x00007f93941ffe50,
0x00007f939420a5c0, 0x00007f9394217780, 0x00007f939421cd10, 0x00007f9394216e60,
0x00007f9394222ed0, 0x00007f93941ff850, 0x00007f9394218160, 0x00007f939413fdd0,
0x00007f9364003410, 0x00007f9394142410, 0x00007f93ac0010d0, 0x00007f939421fc00,
0x00007f93941433b0, 0x00007f9394219270, 0x00007f9394141370, 0x00007f9394132ea0
}

Java Threads: ( => current thread )
  0x00007f9428026690 JavaThread "main" [_thread_blocked, id=9360, stack(0x00007f942f0f8000,0x00007f942f1f8000)]
  0x00007f94280a64d0 JavaThread "Reference Handler" daemon [_thread_blocked, id=9363, stack(0x00007f942d10f000,0x00007f942d20f000)]
  0x00007f94280a7910 JavaThread "Finalizer" daemon [_thread_blocked, id=9364, stack(0x00007f942d00f000,0x00007f942d10f000)]
  0x00007f94280ae050 JavaThread "Signal Dispatcher" daemon [_thread_blocked, id=9365, stack(0x00007f942c41a000,0x00007f942c51a000)]
  0x00007f94280af400 JavaThread "Service Thread" daemon [_thread_blocked, id=9366, stack(0x00007f942c31a000,0x00007f942c41a000)]
  0x00007f94280b07f0 JavaThread "Monitor Deflation Thread" daemon [_thread_blocked, id=9367, stack(0x00007f942c21a000,0x00007f942c31a000)]
=>0x00007f94280b21e0 JavaThread "JVMCI-native CompilerThread0" daemon [_thread_in_vm, id=9368, stack(0x00007f942c01a000,0x00007f942c21a000)]
  0x00007f94280b36f0 JavaThread "C1 CompilerThread0" daemon [_thread_blocked, id=9369, stack(0x00007f940f2b3000,0x00007f940f4b3000)]
  0x00007f94280b4b40 JavaThread "Sweeper thread" daemon [_thread_blocked, id=9370, stack(0x00007f940f1b3000,0x00007f940f2b3000)]
  0x00007f94280dfc10 JavaThread "Common-Cleaner" daemon [_thread_blocked, id=9372, stack(0x00007f940f0b3000,0x00007f940f1b3000)]
  0x00007f94281291b0 JavaThread "Notification Thread" daemon [_thread_blocked, id=9373, stack(0x00007f940efb3000,0x00007f940f0b3000)]
  0x00007f94282cc7c0 JavaThread "Active Thread: Equinox Container: a36589ca-dc2b-4a16-8ba5-b847c1c41bcd" [_thread_blocked, id=9385, stack(0x00007f940ed74000,0x00007f940ee74000)]
  0x00007f94283021f0 JavaThread "Framework Event Dispatcher: Equinox Container: a36589ca-dc2b-4a16-8ba5-b847c1c41bcd" daemon [_thread_blocked, id=9394, stack(0x00007f940c900000,0x00007f940ca00000)]
  0x00007f9428306860 JavaThread "Start Level: Equinox Container: a36589ca-dc2b-4a16-8ba5-b847c1c41bcd" daemon [_thread_blocked, id=9395, stack(0x00007f940c700000,0x00007f940c800000)]
  0x00007f93c0032fe0 JavaThread "SCR Component Actor" daemon [_thread_blocked, id=9396, stack(0x00007f940c500000,0x00007f940c600000)]
  0x00007f93c040d760 JavaThread "Worker-JM" [_thread_blocked, id=9406, stack(0x00007f940c100000,0x00007f940c200000)]
  0x00007f93b0000ff0 JavaThread "Worker-2: Periodic workspace save." [_thread_blocked, id=9409, stack(0x00007f93d6900000,0x00007f93d6a00000)]
  0x00007f93c066d790 JavaThread "Bundle File Closer" daemon [_thread_blocked, id=9419, stack(0x00007f93d6500000,0x00007f93d6600000)]
  0x00007f942836c2e0 JavaThread "pool-3-thread-1" [_thread_blocked, id=9420, stack(0x00007f93d6300000,0x00007f93d6400000)]
  0x00007f9428408310 JavaThread "pool-2-thread-1" [_thread_blocked, id=9429, stack(0x00007f93d6100000,0x00007f93d6200000)]
  0x00007f9394205fa0 JavaThread "Thread-5" [_thread_blocked, id=9498, stack(0x00007f940c600000,0x00007f940c700000)]
  0x00007f93b40a2690 JavaThread "Worker-4: Java indexing... " [_thread_blocked, id=9650, stack(0x00007f940c200000,0x00007f940c300000)]
  0x00007f93a8008530 JavaThread "Java indexing" daemon [_thread_blocked, id=10136, stack(0x00007f93d6000000,0x00007f93d6100000)]
  0x00007f93a4047600 JavaThread "Worker-5: Compacting resource model" [_thread_blocked, id=10137, stack(0x00007f940c300000,0x00007f940c400000)]
  0x00007f93a4047e40 JavaThread "Worker-6" [_thread_blocked, id=10146, stack(0x00007f93d6d00000,0x00007f93d6e00000)]
  0x00007f939420ce40 JavaThread "Thread-28" [_thread_blocked, id=10151, stack(0x00007f940c800000,0x00007f940c900000)]
  0x00007f93941fed90 JavaThread "Thread-31" [_thread_blocked, id=10154, stack(0x00007f940c400000,0x00007f940c500000)]
  0x00007f93941ffe50 JavaThread "Thread-33" [_thread_blocked, id=10156, stack(0x00007f93d7e00000,0x00007f93d7f00000)]
  0x00007f939420a5c0 JavaThread "Thread-35" [_thread_blocked, id=10174, stack(0x00007f940c000000,0x00007f940c100000)]
  0x00007f9394217780 JavaThread "Thread-36" [_thread_blocked, id=10175, stack(0x00007f93d6400000,0x00007f93d6500000)]
  0x00007f939421cd10 JavaThread "Thread-38" [_thread_blocked, id=10177, stack(0x00007f93d6700000,0x00007f93d6800000)]
  0x00007f9394216e60 JavaThread "Thread-41" [_thread_blocked, id=10180, stack(0x00007f93d7f00000,0x00007f93d8000000)]
  0x00007f9394222ed0 JavaThread "Thread-46" [_thread_blocked, id=10193, stack(0x00007f93d7600000,0x00007f93d7700000)]
  0x00007f93941ff850 JavaThread "Thread-47" [_thread_blocked, id=10194, stack(0x00007f93d7800000,0x00007f93d7900000)]
  0x00007f9394218160 JavaThread "Thread-48" [_thread_blocked, id=10195, stack(0x00007f93d7c00000,0x00007f93d7d00000)]
  0x00007f939413fdd0 JavaThread "Thread-51" [_thread_blocked, id=10198, stack(0x00007f93d7000000,0x00007f93d7100000)]
  0x00007f9364003410 JavaThread "Thread-60" [_thread_blocked, id=10223, stack(0x00007f93d6c00000,0x00007f93d6d00000)]
  0x00007f9394142410 JavaThread "Thread-62" [_thread_blocked, id=10225, stack(0x00007f93d7400000,0x00007f93d7500000)]
  0x00007f93ac0010d0 JavaThread "Worker-7" [_thread_blocked, id=10240, stack(0x00007f93d6800000,0x00007f93d6900000)]
  0x00007f939421fc00 JavaThread "Thread-70" [_thread_blocked, id=10250, stack(0x00007f93d6a00000,0x00007f93d6b00000)]
  0x00007f93941433b0 JavaThread "Thread-78" [_thread_blocked, id=10290, stack(0x00007f93d7200000,0x00007f93d7300000)]
  0x00007f9394219270 JavaThread "Thread-79" [_thread_blocked, id=10291, stack(0x00007f93d6e00000,0x00007f93d6f00000)]
  0x00007f9394141370 JavaThread "Thread-80" [_thread_blocked, id=10300, stack(0x00007f93d6600000,0x00007f93d6700000)]
  0x00007f9394132ea0 JavaThread "Thread-87" [_thread_blocked, id=10425, stack(0x00007f93d4600000,0x00007f93d4700000)]

Other Threads:
  0x00007f94280a1c10 VMThread "VM Thread" [stack: 0x00007f942d211000,0x00007f942d311000] [id=9362] _threads_hazard_ptr=0x00007f9340049020
  0x00007f942812ab50 WatcherThread [stack: 0x00007f940eeb3000,0x00007f940efb3000] [id=9374]
  0x00007f942803df30 GCTaskThread "GC Thread#0" [stack: 0x00007f942ecbb000,0x00007f942edbb000] [id=9361]

Threads with active compile tasks:
JVMCI-native CompilerThread0  1405306 10157 %     4       org.eclipse.jdt.core.Signature::checkArrayDimension @ 5 (92 bytes)

VM state: synchronizing (normal execution)

VM Mutex/Monitor currently owned by a thread:  ([mutex/lock_event])
[0x00007f9428023840] Threads_lock - owner thread: 0x00007f94280a1c10
[0x00007f9428023ff0] Heap_lock - owner thread: 0x00007f9394205fa0

OutOfMemory and StackOverflow Exception counts:
OutOfMemoryError java_heap_errors=7
LinkageErrors=56

Heap address: 0x00000000e0000000, size: 512 MB, Compressed Oops mode: 32-bit

CDS archive(s) mapped at: [0x0000000800000000-0x0000000800bc8000-0x0000000800bc8000), size 12353536, SharedBaseAddress: 0x0000000800000000, ArchiveRelocationMode: 0.
Compressed class space mapped at: 0x0000000800c00000-0x0000000840c00000, reserved size: 1073741824
Narrow klass base: 0x0000000800000000, Narrow klass shift: 0, Narrow klass range: 0x100000000

GC Precious Log:
 CPUs: 8 total, 1 available
 Memory: 1024M
 Large Page Support: Disabled
 NUMA Support: Disabled
 Compressed Oops: Enabled (32-bit)
 Alignments: Space 512K, Generation 512K, Heap 2M
 Heap Min Capacity: 100M
 Heap Initial Capacity: 100M
 Heap Max Capacity: 512M
 Pre-touch: Disabled
 Parallel Workers: 1

Heap:
 PSYoungGen      total 41472K, used 29696K [0x00000000f5580000, 0x00000000f8b00000, 0x0000000100000000)
  eden space 29696K, 100% used [0x00000000f5580000,0x00000000f7280000,0x00000000f7280000)
  from space 11776K, 0% used [0x00000000f7280000,0x00000000f7280000,0x00000000f7e00000)
  to   space 11776K, 0% used [0x00000000f7f80000,0x00000000f7f80000,0x00000000f8b00000)
 ParOldGen       total 349696K, used 349696K [0x00000000e0000000, 0x00000000f5580000, 0x00000000f5580000)
  object space 349696K, 100% used [0x00000000e0000000,0x00000000f5580000,0x00000000f5580000)
 Metaspace       used 61567K, committed 62464K, reserved 1105920K
  class space    used 5952K, committed 6272K, reserved 1048576K

Card table byte_map: [0x00007f942edbb000,0x00007f942eebc000] _byte_map_base: 0x00007f942e6bb000

Marking Bits: (ParMarkBitMap*) 0x00007f943050b4c0
 Begin Bits: [0x00007f942dc0e000, 0x00007f942e40e000)
 End Bits:   [0x00007f942e40e000, 0x00007f942ec0e000)

Polling page: 0x00007f942f0d5000

Metaspace:

Usage:
  Non-class:     54.31 MB used.
      Class:      5.81 MB used.
       Both:     60.12 MB used.

Virtual space:
  Non-class space:       56.00 MB reserved,      54.88 MB ( 98%) committed,  7 nodes.
      Class space:        1.00 GB reserved,       6.12 MB ( <1%) committed,  1 nodes.
             Both:        1.05 GB reserved,      61.00 MB (  6%) committed. 

Chunk freelists:
   Non-Class:  848.00 KB
       Class:  1.72 MB
        Both:  2.55 MB

MaxMetaspaceSize: unlimited
CompressedClassSpaceSize: 1.00 GB
Initial GC threshold: 21.00 MB
Current GC threshold: 101.50 MB
CDS: on
MetaspaceReclaimPolicy: balanced
 - commit_granule_bytes: 65536.
 - commit_granule_words: 8192.
 - virtual_space_node_default_size: 1048576.
 - enlarge_chunks_in_place: 1.
 - new_chunks_are_fully_committed: 0.
 - uncommit_free_chunks: 1.
 - use_allocation_guard: 0.
 - handle_deallocations: 1.


Internal statistics:

num_allocs_failed_limit: 6.
num_arena_births: 510.
num_arena_deaths: 158.
num_vsnodes_births: 8.
num_vsnodes_deaths: 0.
num_space_committed: 973.
num_space_uncommitted: 0.
num_chunks_returned_to_freelist: 227.
num_chunks_taken_from_freelist: 3030.
num_chunk_merges: 91.
num_chunk_splits: 1919.
num_chunks_enlarged: 1230.
num_purges: 10.
num_inconsistent_stats: 0.

CodeHeap 'non-profiled nmethods': size=120036Kb used=2974Kb max_used=2974Kb free=117062Kb
 bounds [0x00007f9416f7a000, 0x00007f941726a000, 0x00007f941e4b3000]
CodeHeap 'profiled nmethods': size=120032Kb used=16508Kb max_used=16508Kb free=103524Kb
 bounds [0x00007f940fa42000, 0x00007f9410a62000, 0x00007f9416f7a000]
CodeHeap 'non-nmethods': size=5692Kb used=1406Kb max_used=1412Kb free=4285Kb
 bounds [0x00007f940f4b3000, 0x00007f940f723000, 0x00007f940fa42000]
 total_blobs=8187 nmethods=7442 adapters=616
 compilation: enabled
              stopped_count=0, restarted_count=0
 full_count=0

JVMCI Events (20 events):
Event: 1146.193 Thread 0x00007f94280b21e0 compacted oop handles in JVMCI runtime 0 from 60 to 60
Event: 1146.193 Thread 0x00007f94280b21e0 releasing handles for JVMCI runtime 0: oop handles=60, metadata handles={total=120, live=112, blocks=28}
Event: 1146.193 Thread 0x00007f94280b21e0 detached from JVMCI runtime 0
Event: 1321.743 Thread 0x00007f94280b21e0 attached to JVMCI runtime 0
Event: 1321.744 Thread 0x00007f94280b21e0 created JavaVM[8]@0x00007f93c5a9e340 for JVMCI runtime 0
Event: 1321.744 Thread 0x00007f94280b21e0 initializing JVMCI runtime 0
Event: 1321.744 Thread 0x00007f94280b21e0 done waiting for JavaVM references initialization in JVMCI runtime 0
Event: 1338.875 Thread 0x00007f94280b21e0 initialized JVMCI runtime 0
Event: 1350.969 Thread 0x00007f94280b21e0 compacted oop handles in JVMCI runtime 0 from 77 to 67
Event: 1352.503 Thread 0x00007f94280b21e0 detaching from JVMCI runtime 0: releasing idle compiler thread (0 other threads still attached)
Event: 1352.503 Thread 0x00007f94280b21e0 shutting down HotSpotJVMCIRuntime for JVMCI runtime 0
Event: 1352.503 Thread 0x00007f94280b21e0 shut down JVMCI runtime 0
Event: 1353.902 Thread 0x00007f94280b21e0 destroyed JavaVM[8]@0x00007f93c5a9e340 for JVMCI runtime 0
Event: 1353.902 Thread 0x00007f94280b21e0 compacted oop handles in JVMCI runtime 0 from 73 to 73
Event: 1353.902 Thread 0x00007f94280b21e0 releasing handles for JVMCI runtime 0: oop handles=73, metadata handles={total=130, live=130, blocks=28}
Event: 1353.902 Thread 0x00007f94280b21e0 detached from JVMCI runtime 0
Event: 1362.820 Thread 0x00007f94280b21e0 attached to JVMCI runtime 0
Event: 1362.822 Thread 0x00007f94280b21e0 created JavaVM[9]@0x00007f93c5a9e340 for JVMCI runtime 0
Event: 1362.822 Thread 0x00007f94280b21e0 initializing JVMCI runtime 0
Event: 1362.822 Thread 0x00007f94280b21e0 done waiting for JavaVM references initialization in JVMCI runtime 0

Compilation events (20 events):
Event: 1040.335 Thread 0x00007f94280b36f0 10148       1       jdk.xml.internal.XMLSecurityManager$Limit::systemProperty (5 bytes)
Event: 1040.335 Thread 0x00007f94280b36f0 nmethod 10148 0x00007f941725d490 code [0x00007f941725d620, 0x00007f941725d6f0]
Event: 1137.417 Thread 0x00007f94280b21e0 nmethod 10147 0x00007f941725d790 code [0x00007f941725d9a0, 0x00007f941725e438]
Event: 1137.417 Thread 0x00007f94280b21e0 10149       4       java.io.DataOutputStream::writeUTF (411 bytes)
Event: 1144.501 Thread 0x00007f94280b21e0 nmethod 10149 0x00007f941725eb90 code [0x00007f941725ed80, 0x00007f941725f6c0]
Event: 1218.954 Thread 0x00007f94280b36f0 10152       3       org.eclipse.jdt.ls.core.internal.handlers.ProgressReporterManager$ProgressReporter::subTask (40 bytes)
Event: 1218.954 Thread 0x00007f94280b36f0 nmethod 10152 0x00007f9410a5fc90 code [0x00007f9410a5fe60, 0x00007f9410a60190]
Event: 1274.997 Thread 0x00007f94280b36f0 10153       3       java.util.concurrent.ThreadPoolExecutor::workerCountOf (5 bytes)
Event: 1274.997 Thread 0x00007f94280b36f0 nmethod 10153 0x00007f9410887110 code [0x00007f94108872a0, 0x00007f9410887390]
Event: 1318.137 Thread 0x00007f94280b36f0 10154       3       java.lang.Enum::getDeclaringClass (22 bytes)
Event: 1318.137 Thread 0x00007f94280b36f0 nmethod 10154 0x00007f9410a60310 code [0x00007f9410a604c0, 0x00007f9410a606a0]
Event: 1321.743 Thread 0x00007f94280b21e0 10155       4       java.util.TreeMap::containsKey (14 bytes)
Event: 1350.969 Thread 0x00007f94280b21e0 nmethod 10155 0x00007f9417260090 code [0x00007f94172602a0, 0x00007f9417260b50]
Event: 1350.969 Thread 0x00007f94280b21e0 10156       4       java.util.Collections$UnmodifiableMap$UnmodifiableEntrySet$1::hasNext (10 bytes)
Event: 1350.971 Thread 0x00007f94280b21e0 nmethod 10156 0x00007f9417261210 code [0x00007f9417261380, 0x00007f9417261430]
Event: 1362.820 Thread 0x00007f94280b21e0 10157 %     4       org.eclipse.jdt.core.Signature::checkArrayDimension @ 5 (92 bytes)
Event: 1375.046 Thread 0x00007f94280b36f0 10158       1       java.util.concurrent.ThreadPoolExecutor::getQueue (5 bytes)
Event: 1375.046 Thread 0x00007f94280b36f0 nmethod 10158 0x00007f9417261510 code [0x00007f94172616a0, 0x00007f9417261770]
Event: 1398.842 Thread 0x00007f94280b36f0 10159       3       java.util.concurrent.ScheduledThreadPoolExecutor$DelayedWorkQueue::setIndex (16 bytes)
Event: 1398.843 Thread 0x00007f94280b36f0 nmethod 10159 0x00007f9410a60790 code [0x00007f9410a60940, 0x00007f9410a60f10]

GC Heap History (20 events):
Event: 1388.467 GC heap before
{Heap before GC invocations=918 (full 822):
 PSYoungGen      total 41472K, used 29695K [0x00000000f5580000, 0x00000000f8b00000, 0x0000000100000000)
  eden space 29696K, 99% used [0x00000000f5580000,0x00000000f727fff0,0x00000000f7280000)
  from space 11776K, 0% used [0x00000000f7280000,0x00000000f7280000,0x00000000f7e00000)
  to   space 11776K, 0% used [0x00000000f7f80000,0x00000000f7f80000,0x00000000f8b00000)
 ParOldGen       total 349696K, used 349696K [0x00000000e0000000, 0x00000000f5580000, 0x00000000f5580000)
  object space 349696K, 100% used [0x00000000e0000000,0x00000000f5580000,0x00000000f5580000)
 Metaspace       used 61565K, committed 62464K, reserved 1105920K
  class space    used 5951K, committed 6272K, reserved 1048576K
}
Event: 1390.556 GC heap after
{Heap after GC invocations=918 (full 822):
 PSYoungGen      total 41472K, used 29695K [0x00000000f5580000, 0x00000000f8b00000, 0x0000000100000000)
  eden space 29696K, 99% used [0x00000000f5580000,0x00000000f727fff0,0x00000000f7280000)
  from space 11776K, 0% used [0x00000000f7f80000,0x00000000f7f80000,0x00000000f8b00000)
  to   space 11776K, 0% used [0x00000000f7280000,0x00000000f7280000,0x00000000f7e00000)
 ParOldGen       total 349696K, used 349696K [0x00000000e0000000, 0x00000000f5580000, 0x00000000f5580000)
  object space 349696K, 100% used [0x00000000e0000000,0x00000000f5580000,0x00000000f5580000)
 Metaspace       used 61565K, committed 62464K, reserved 1105920K
  class space    used 5951K, committed 6272K, reserved 1048576K
}
Event: 1390.556 GC heap before
{Heap before GC invocations=919 (full 823):
 PSYoungGen      total 41472K, used 29695K [0x00000000f5580000, 0x00000000f8b00000, 0x0000000100000000)
  eden space 29696K, 99% used [0x00000000f5580000,0x00000000f727fff0,0x00000000f7280000)
  from space 11776K, 0% used [0x00000000f7f80000,0x00000000f7f80000,0x00000000f8b00000)
  to   space 11776K, 0% used [0x00000000f7280000,0x00000000f7280000,0x00000000f7e00000)
 ParOldGen       total 349696K, used 349696K [0x00000000e0000000, 0x00000000f5580000, 0x00000000f5580000)
  object space 349696K, 100% used [0x00000000e0000000,0x00000000f5580000,0x00000000f5580000)
 Metaspace       used 61565K, committed 62464K, reserved 1105920K
  class space    used 5951K, committed 6272K, reserved 1048576K
}
Event: 1392.314 GC heap after
{Heap after GC invocations=919 (full 823):
 PSYoungGen      total 41472K, used 29695K [0x00000000f5580000, 0x00000000f8b00000, 0x0000000100000000)
  eden space 29696K, 99% used [0x00000000f5580000,0x00000000f727fff0,0x00000000f7280000)
  from space 11776K, 0% used [0x00000000f7280000,0x00000000f7280000,0x00000000f7e00000)
  to   space 11776K, 0% used [0x00000000f7f80000,0x00000000f7f80000,0x00000000f8b00000)
 ParOldGen       total 349696K, used 349696K [0x00000000e0000000, 0x00000000f5580000, 0x00000000f5580000)
  object space 349696K, 100% used [0x00000000e0000000,0x00000000f5580000,0x00000000f5580000)
 Metaspace       used 61565K, committed 62464K, reserved 1105920K
  class space    used 5951K, committed 6272K, reserved 1048576K
}
Event: 1392.315 GC heap before
{Heap before GC invocations=920 (full 824):
 PSYoungGen      total 41472K, used 29695K [0x00000000f5580000, 0x00000000f8b00000, 0x0000000100000000)
  eden space 29696K, 99% used [0x00000000f5580000,0x00000000f727fff0,0x00000000f7280000)
  from space 11776K, 0% used [0x00000000f7280000,0x00000000f7280000,0x00000000f7e00000)
  to   space 11776K, 0% used [0x00000000f7f80000,0x00000000f7f80000,0x00000000f8b00000)
 ParOldGen       total 349696K, used 349696K [0x00000000e0000000, 0x00000000f5580000, 0x00000000f5580000)
  object space 349696K, 100% used [0x00000000e0000000,0x00000000f5580000,0x00000000f5580000)
 Metaspace       used 61565K, committed 62464K, reserved 1105920K
  class space    used 5951K, committed 6272K, reserved 1048576K
}
Event: 1393.952 GC heap after
{Heap after GC invocations=920 (full 824):
 PSYoungGen      total 41472K, used 29695K [0x00000000f5580000, 0x00000000f8b00000, 0x0000000100000000)
  eden space 29696K, 99% used [0x00000000f5580000,0x00000000f727fff0,0x00000000f7280000)
  from space 11776K, 0% used [0x00000000f7f80000,0x00000000f7f80000,0x00000000f8b00000)
  to   space 11776K, 0% used [0x00000000f7280000,0x00000000f7280000,0x00000000f7e00000)
 ParOldGen       total 349696K, used 349695K [0x00000000e0000000, 0x00000000f5580000, 0x00000000f5580000)
  object space 349696K, 99% used [0x00000000e0000000,0x00000000f557fef8,0x00000000f5580000)
 Metaspace       used 61565K, committed 62464K, reserved 1105920K
  class space    used 5951K, committed 6272K, reserved 1048576K
}
Event: 1393.954 GC heap before
{Heap before GC invocations=921 (full 825):
 PSYoungGen      total 41472K, used 29695K [0x00000000f5580000, 0x00000000f8b00000, 0x0000000100000000)
  eden space 29696K, 99% used [0x00000000f5580000,0x00000000f727fff0,0x00000000f7280000)
  from space 11776K, 0% used [0x00000000f7f80000,0x00000000f7f80000,0x00000000f8b00000)
  to   space 11776K, 0% used [0x00000000f7280000,0x00000000f7280000,0x00000000f7e00000)
 ParOldGen       total 349696K, used 349695K [0x00000000e0000000, 0x00000000f5580000, 0x00000000f5580000)
  object space 349696K, 99% used [0x00000000e0000000,0x00000000f557fff0,0x00000000f5580000)
 Metaspace       used 61565K, committed 62464K, reserved 1105920K
  class space    used 5951K, committed 6272K, reserved 1048576K
}
Event: 1395.850 GC heap after
{Heap after GC invocations=921 (full 825):
 PSYoungGen      total 41472K, used 29695K [0x00000000f5580000, 0x00000000f8b00000, 0x0000000100000000)
  eden space 29696K, 99% used [0x00000000f5580000,0x00000000f727fff0,0x00000000f7280000)
  from space 11776K, 0% used [0x00000000f7280000,0x00000000f7280000,0x00000000f7e00000)
  to   space 11776K, 0% used [0x00000000f7f80000,0x00000000f7f80000,0x00000000f8b00000)
 ParOldGen       total 349696K, used 349695K [0x00000000e0000000, 0x00000000f5580000, 0x00000000f5580000)
  object space 349696K, 99% used [0x00000000e0000000,0x00000000f557ffb8,0x00000000f5580000)
 Metaspace       used 61565K, committed 62464K, reserved 1105920K
  class space    used 5951K, committed 6272K, reserved 1048576K
}
Event: 1395.872 GC heap before
{Heap before GC invocations=922 (full 826):
 PSYoungGen      total 41472K, used 29695K [0x00000000f5580000, 0x00000000f8b00000, 0x0000000100000000)
  eden space 29696K, 99% used [0x00000000f5580000,0x00000000f727fff0,0x00000000f7280000)
  from space 11776K, 0% used [0x00000000f7280000,0x00000000f7280000,0x00000000f7e00000)
  to   space 11776K, 0% used [0x00000000f7f80000,0x00000000f7f80000,0x00000000f8b00000)
 ParOldGen       total 349696K, used 349695K [0x00000000e0000000, 0x00000000f5580000, 0x00000000f5580000)
  object space 349696K, 99% used [0x00000000e0000000,0x00000000f557fff0,0x00000000f5580000)
 Metaspace       used 61565K, committed 62464K, reserved 1105920K
  class space    used 5951K, committed 6272K, reserved 1048576K
}
Event: 1397.461 GC heap after
{Heap after GC invocations=922 (full 826):
 PSYoungGen      total 41472K, used 29695K [0x00000000f5580000, 0x00000000f8b00000, 0x0000000100000000)
  eden space 29696K, 99% used [0x00000000f5580000,0x00000000f727fff0,0x00000000f7280000)
  from space 11776K, 0% used [0x00000000f7f80000,0x00000000f7f80000,0x00000000f8b00000)
  to   space 11776K, 0% used [0x00000000f7280000,0x00000000f7280000,0x00000000f7e00000)
 ParOldGen       total 349696K, used 349695K [0x00000000e0000000, 0x00000000f5580000, 0x00000000f5580000)
  object space 349696K, 99% used [0x00000000e0000000,0x00000000f557fff0,0x00000000f5580000)
 Metaspace       used 61565K, committed 62464K, reserved 1105920K
  class space    used 5951K, committed 6272K, reserved 1048576K
}
Event: 1397.461 GC heap before
{Heap before GC invocations=923 (full 827):
 PSYoungGen      total 41472K, used 29695K [0x00000000f5580000, 0x00000000f8b00000, 0x0000000100000000)
  eden space 29696K, 99% used [0x00000000f5580000,0x00000000f727fff0,0x00000000f7280000)
  from space 11776K, 0% used [0x00000000f7f80000,0x00000000f7f80000,0x00000000f8b00000)
  to   space 11776K, 0% used [0x00000000f7280000,0x00000000f7280000,0x00000000f7e00000)
 ParOldGen       total 349696K, used 349695K [0x00000000e0000000, 0x00000000f5580000, 0x00000000f5580000)
  object space 349696K, 99% used [0x00000000e0000000,0x00000000f557fff0,0x00000000f5580000)
 Metaspace       used 61565K, committed 62464K, reserved 1105920K
  class space    used 5951K, committed 6272K, reserved 1048576K
}
Event: 1398.841 GC heap after
{Heap after GC invocations=923 (full 827):
 PSYoungGen      total 41472K, used 29695K [0x00000000f5580000, 0x00000000f8b00000, 0x0000000100000000)
  eden space 29696K, 99% used [0x00000000f5580000,0x00000000f727fff0,0x00000000f7280000)
  from space 11776K, 0% used [0x00000000f7280000,0x00000000f7280000,0x00000000f7e00000)
  to   space 11776K, 0% used [0x00000000f7f80000,0x00000000f7f80000,0x00000000f8b00000)
 ParOldGen       total 349696K, used 349695K [0x00000000e0000000, 0x00000000f5580000, 0x00000000f5580000)
  object space 349696K, 99% used [0x00000000e0000000,0x00000000f557fff0,0x00000000f5580000)
 Metaspace       used 61565K, committed 62464K, reserved 1105920K
  class space    used 5951K, committed 6272K, reserved 1048576K
}
Event: 1398.844 GC heap before
{Heap before GC invocations=924 (full 828):
 PSYoungGen      total 41472K, used 29695K [0x00000000f5580000, 0x00000000f8b00000, 0x0000000100000000)
  eden space 29696K, 99% used [0x00000000f5580000,0x00000000f727fff0,0x00000000f7280000)
  from space 11776K, 0% used [0x00000000f7280000,0x00000000f7280000,0x00000000f7e00000)
  to   space 11776K, 0% used [0x00000000f7f80000,0x00000000f7f80000,0x00000000f8b00000)
 ParOldGen       total 349696K, used 349695K [0x00000000e0000000, 0x00000000f5580000, 0x00000000f5580000)
  object space 349696K, 99% used [0x00000000e0000000,0x00000000f557fff0,0x00000000f5580000)
 Metaspace       used 61567K, committed 62464K, reserved 1105920K
  class space    used 5952K, committed 6272K, reserved 1048576K
}
Event: 1400.176 GC heap after
{Heap after GC invocations=924 (full 828):
 PSYoungGen      total 41472K, used 29695K [0x00000000f5580000, 0x00000000f8b00000, 0x0000000100000000)
  eden space 29696K, 99% used [0x00000000f5580000,0x00000000f727fdb0,0x00000000f7280000)
  from space 11776K, 0% used [0x00000000f7f80000,0x00000000f7f80000,0x00000000f8b00000)
  to   space 11776K, 0% used [0x00000000f7280000,0x00000000f7280000,0x00000000f7e00000)
 ParOldGen       total 349696K, used 349695K [0x00000000e0000000, 0x00000000f5580000, 0x00000000f5580000)
  object space 349696K, 99% used [0x00000000e0000000,0x00000000f557fc88,0x00000000f5580000)
 Metaspace       used 61567K, committed 62464K, reserved 1105920K
  class space    used 5952K, committed 6272K, reserved 1048576K
}
Event: 1400.177 GC heap before
{Heap before GC invocations=925 (full 829):
 PSYoungGen      total 41472K, used 29695K [0x00000000f5580000, 0x00000000f8b00000, 0x0000000100000000)
  eden space 29696K, 99% used [0x00000000f5580000,0x00000000f727fff8,0x00000000f7280000)
  from space 11776K, 0% used [0x00000000f7f80000,0x00000000f7f80000,0x00000000f8b00000)
  to   space 11776K, 0% used [0x00000000f7280000,0x00000000f7280000,0x00000000f7e00000)
 ParOldGen       total 349696K, used 349695K [0x00000000e0000000, 0x00000000f5580000, 0x00000000f5580000)
  object space 349696K, 99% used [0x00000000e0000000,0x00000000f557fc88,0x00000000f5580000)
 Metaspace       used 61567K, committed 62464K, reserved 1105920K
  class space    used 5952K, committed 6272K, reserved 1048576K
}
Event: 1401.950 GC heap after
{Heap after GC invocations=925 (full 829):
 PSYoungGen      total 41472K, used 29695K [0x00000000f5580000, 0x00000000f8b00000, 0x0000000100000000)
  eden space 29696K, 99% used [0x00000000f5580000,0x00000000f727fdd8,0x00000000f7280000)
  from space 11776K, 0% used [0x00000000f7280000,0x00000000f7280000,0x00000000f7e00000)
  to   space 11776K, 0% used [0x00000000f7f80000,0x00000000f7f80000,0x00000000f8b00000)
 ParOldGen       total 349696K, used 349695K [0x00000000e0000000, 0x00000000f5580000, 0x00000000f5580000)
  object space 349696K, 99% used [0x00000000e0000000,0x00000000f557fc88,0x00000000f5580000)
 Metaspace       used 61567K, committed 62464K, reserved 1105920K
  class space    used 5952K, committed 6272K, reserved 1048576K
}
Event: 1401.961 GC heap before
{Heap before GC invocations=926 (full 830):
 PSYoungGen      total 41472K, used 29695K [0x00000000f5580000, 0x00000000f8b00000, 0x0000000100000000)
  eden space 29696K, 99% used [0x00000000f5580000,0x00000000f727ff30,0x00000000f7280000)
  from space 11776K, 0% used [0x00000000f7280000,0x00000000f7280000,0x00000000f7e00000)
  to   space 11776K, 0% used [0x00000000f7f80000,0x00000000f7f80000,0x00000000f8b00000)
 ParOldGen       total 349696K, used 349695K [0x00000000e0000000, 0x00000000f5580000, 0x00000000f5580000)
  object space 349696K, 99% used [0x00000000e0000000,0x00000000f557fc88,0x00000000f5580000)
 Metaspace       used 61567K, committed 62464K, reserved 1105920K
  class space    used 5952K, committed 6272K, reserved 1048576K
}
Event: 1403.677 GC heap after
{Heap after GC invocations=926 (full 830):
 PSYoungGen      total 41472K, used 29695K [0x00000000f5580000, 0x00000000f8b00000, 0x0000000100000000)
  eden space 29696K, 99% used [0x00000000f5580000,0x00000000f727fdf0,0x00000000f7280000)
  from space 11776K, 0% used [0x00000000f7f80000,0x00000000f7f80000,0x00000000f8b00000)
  to   space 11776K, 0% used [0x00000000f7280000,0x00000000f7280000,0x00000000f7e00000)
 ParOldGen       total 349696K, used 349695K [0x00000000e0000000, 0x00000000f5580000, 0x00000000f5580000)
  object space 349696K, 99% used [0x00000000e0000000,0x00000000f557fc88,0x00000000f5580000)
 Metaspace       used 61567K, committed 62464K, reserved 1105920K
  class space    used 5952K, committed 6272K, reserved 1048576K
}
Event: 1403.677 GC heap before
{Heap before GC invocations=927 (full 831):
 PSYoungGen      total 41472K, used 29695K [0x00000000f5580000, 0x00000000f8b00000, 0x0000000100000000)
  eden space 29696K, 99% used [0x00000000f5580000,0x00000000f727fdf0,0x00000000f7280000)
  from space 11776K, 0% used [0x00000000f7f80000,0x00000000f7f80000,0x00000000f8b00000)
  to   space 11776K, 0% used [0x00000000f7280000,0x00000000f7280000,0x00000000f7e00000)
 ParOldGen       total 349696K, used 349695K [0x00000000e0000000, 0x00000000f5580000, 0x00000000f5580000)
  object space 349696K, 99% used [0x00000000e0000000,0x00000000f557fc88,0x00000000f5580000)
 Metaspace       used 61567K, committed 62464K, reserved 1105920K
  class space    used 5952K, committed 6272K, reserved 1048576K
}
Event: 1405.248 GC heap after
{Heap after GC invocations=927 (full 831):
 PSYoungGen      total 41472K, used 29695K [0x00000000f5580000, 0x00000000f8b00000, 0x0000000100000000)
  eden space 29696K, 99% used [0x00000000f5580000,0x00000000f727fdf0,0x00000000f7280000)
  from space 11776K, 0% used [0x00000000f7280000,0x00000000f7280000,0x00000000f7e00000)
  to   space 11776K, 0% used [0x00000000f7f80000,0x00000000f7f80000,0x00000000f8b00000)
 ParOldGen       total 349696K, used 349695K [0x00000000e0000000, 0x00000000f5580000, 0x00000000f5580000)
  object space 349696K, 99% used [0x00000000e0000000,0x00000000f557fc88,0x00000000f5580000)
 Metaspace       used 61567K, committed 62464K, reserved 1105920K
  class space    used 5952K, committed 6272K, reserved 1048576K
}

Dll operation events (9 events):
Event: 0.002 Loaded shared library /nix/store/gpxl5qgg8kicmcvivwmybwjlpf7wh20l-graalvm17-ce-22.3.0/lib/libjava.so
Event: 0.008 Loaded shared library /nix/store/gpxl5qgg8kicmcvivwmybwjlpf7wh20l-graalvm17-ce-22.3.0/lib/libjsvml.so
Event: 0.200 Loaded shared library /nix/store/gpxl5qgg8kicmcvivwmybwjlpf7wh20l-graalvm17-ce-22.3.0/lib/libnio.so
Event: 0.241 Loaded shared library /nix/store/gpxl5qgg8kicmcvivwmybwjlpf7wh20l-graalvm17-ce-22.3.0/lib/libzip.so
Event: 0.245 Loaded shared library /nix/store/gpxl5qgg8kicmcvivwmybwjlpf7wh20l-graalvm17-ce-22.3.0/lib/libjvmcicompiler.so
Event: 0.639 Loaded shared library /nix/store/gpxl5qgg8kicmcvivwmybwjlpf7wh20l-graalvm17-ce-22.3.0/lib/libjimage.so
Event: 2.467 Loaded shared library /nix/store/gpxl5qgg8kicmcvivwmybwjlpf7wh20l-graalvm17-ce-22.3.0/lib/libnet.so
Event: 4.079 Loaded shared library /home/runner/.cache/jdt-language-server/config/org.eclipse.equinox.launcher/org.eclipse.equinox.launcher.gtk.linux.x86_64_1.2.400.v20211117-0650/eclipse_11600.so
Event: 356.876 Loaded shared library /nix/store/gpxl5qgg8kicmcvivwmybwjlpf7wh20l-graalvm17-ce-22.3.0/lib/libextnet.so

Deoptimization events (20 events):
Event: 238.377 Thread 0x00007f93a8008530 DEOPT PACKING pc=0x00007f94100714e9 sp=0x00007f93d60fde50
Event: 238.377 Thread 0x00007f93a8008530 DEOPT UNPACKING pc=0x00007f940f505325 sp=0x00007f93d60fd2f8 mode 0
Event: 238.438 Thread 0x00007f93a8008530 DEOPT PACKING pc=0x00007f94100714e9 sp=0x00007f93d60fdd20
Event: 238.438 Thread 0x00007f93a8008530 DEOPT UNPACKING pc=0x00007f940f505325 sp=0x00007f93d60fd1c8 mode 0
Event: 240.042 Thread 0x00007f93a8008530 DEOPT PACKING pc=0x00007f94100714e9 sp=0x00007f93d60fde50
Event: 240.042 Thread 0x00007f93a8008530 DEOPT UNPACKING pc=0x00007f940f505325 sp=0x00007f93d60fd2f8 mode 0
Event: 240.048 Thread 0x00007f93a8008530 DEOPT PACKING pc=0x00007f94100714e9 sp=0x00007f93d60fde10
Event: 240.048 Thread 0x00007f93a8008530 DEOPT UNPACKING pc=0x00007f940f505325 sp=0x00007f93d60fd2b8 mode 0
Event: 240.052 Thread 0x00007f93a8008530 DEOPT PACKING pc=0x00007f94100714e9 sp=0x00007f93d60fde30
Event: 240.052 Thread 0x00007f93a8008530 DEOPT UNPACKING pc=0x00007f940f505325 sp=0x00007f93d60fd2d8 mode 0
Event: 242.957 Thread 0x00007f93a8008530 DEOPT PACKING pc=0x00007f94100714e9 sp=0x00007f93d60fde20
Event: 242.957 Thread 0x00007f93a8008530 DEOPT UNPACKING pc=0x00007f940f505325 sp=0x00007f93d60fd2c8 mode 0
Event: 242.958 Thread 0x00007f9394131d00 DEOPT PACKING pc=0x00007f941064f1c9 sp=0x00007f93d47fdb10
Event: 242.958 Thread 0x00007f9394131d00 DEOPT UNPACKING pc=0x00007f940f505325 sp=0x00007f93d47fd028 mode 0
Event: 337.750 Thread 0x00007f93a8008530 DEOPT PACKING pc=0x00007f941038cae2 sp=0x00007f93d60fe5d0
Event: 337.750 Thread 0x00007f93a8008530 DEOPT UNPACKING pc=0x00007f940f505325 sp=0x00007f93d60fdb10 mode 0
Event: 366.517 Thread 0x00007f9364003410 Uncommon trap: trap_request=0xffffffed fr.pc=0x00007f941703a6d8 relative=0x00000000000003b8
Event: 366.517 Thread 0x00007f9364003410 Uncommon trap: reason=null_assert_or_unreached0 action=reinterpret pc=0x00007f941703a6d8 method=java.io.ByteArrayInputStream.read([BII)I @ 0 jvmci
Event: 366.517 Thread 0x00007f9364003410 DEOPT PACKING pc=0x00007f941703a6d8 sp=0x00007f93d6cfd1f0
Event: 366.517 Thread 0x00007f9364003410 DEOPT UNPACKING pc=0x00007f940f505325 sp=0x00007f93d6cfc670 mode 3

Classes unloaded (20 events):
Event: 88.460 Thread 0x00007f94280a1c10 Unloading class 0x0000000800cb0000 'java/lang/invoke/LambdaForm$MH+0x0000000800cb0000'
Event: 88.460 Thread 0x00007f94280a1c10 Unloading class 0x0000000800c85000 'jdk/internal/reflect/GeneratedMethodAccessor5'
Event: 88.460 Thread 0x00007f94280a1c10 Unloading class 0x0000000800c84c00 'jdk/internal/reflect/GeneratedMethodAccessor4'
Event: 88.460 Thread 0x00007f94280a1c10 Unloading class 0x0000000800c84800 'jdk/internal/reflect/GeneratedMethodAccessor3'
Event: 88.460 Thread 0x00007f94280a1c10 Unloading class 0x0000000800c84400 'jdk/internal/reflect/GeneratedMethodAccessor2'
Event: 88.460 Thread 0x00007f94280a1c10 Unloading class 0x0000000800c84000 'jdk/internal/reflect/GeneratedMethodAccessor1'
Event: 88.460 Thread 0x00007f94280a1c10 Unloading class 0x0000000800c01c00 'java/lang/invoke/LambdaForm$DMH+0x0000000800c01c00'
Event: 204.277 Thread 0x00007f94280a1c10 Unloading class 0x00000008011a0800 'jdk/internal/reflect/GeneratedConstructorAccessor33'
Event: 256.539 Thread 0x00007f94280a1c10 Unloading class 0x0000000801205000 'jdk/internal/reflect/GeneratedConstructorAccessor42'
Event: 256.539 Thread 0x00007f94280a1c10 Unloading class 0x0000000801204c00 'jdk/internal/reflect/GeneratedConstructorAccessor41'
Event: 256.539 Thread 0x00007f94280a1c10 Unloading class 0x0000000801204800 'jdk/internal/reflect/GeneratedConstructorAccessor40'
Event: 256.539 Thread 0x00007f94280a1c10 Unloading class 0x0000000801204400 'jdk/internal/reflect/GeneratedConstructorAccessor39'
Event: 256.539 Thread 0x00007f94280a1c10 Unloading class 0x0000000800ff4800 'jdk/internal/reflect/GeneratedConstructorAccessor35'
Event: 256.539 Thread 0x00007f94280a1c10 Unloading class 0x00000008011a0800 'jdk/internal/reflect/GeneratedConstructorAccessor34'
Event: 278.547 Thread 0x00007f94280a1c10 Unloading class 0x0000000801204800 'java/lang/invoke/LambdaForm$MH+0x0000000801204800'
Event: 278.547 Thread 0x00007f94280a1c10 Unloading class 0x00000008011a0800 'java/lang/invoke/LambdaForm$MH+0x00000008011a0800'
Event: 278.547 Thread 0x00007f94280a1c10 Unloading class 0x0000000800ff4800 'java/lang/invoke/LambdaForm$MH+0x0000000800ff4800'
Event: 278.547 Thread 0x00007f94280a1c10 Unloading class 0x0000000801204400 'java/lang/invoke/LambdaForm$MH+0x0000000801204400'
Event: 281.276 Thread 0x00007f94280a1c10 Unloading class 0x0000000801204800 'java/lang/invoke/LambdaForm$MH+0x0000000801204800'
Event: 281.276 Thread 0x00007f94280a1c10 Unloading class 0x0000000801204c00 'java/lang/invoke/LambdaForm$MH+0x0000000801204c00'

Classes redefined (0 events):
No events

Internal exceptions (20 events):
Event: 64.036 Thread 0x00007f9394206f40 Implicit null exception at 0x00007f94171e2e95 to 0x00007f94171e31ba
Event: 64.037 Thread 0x00007f9394206f40 Implicit null exception at 0x00007f94171e429d to 0x00007f94171e458a
Event: 66.144 Thread 0x00007f9394206f40 Implicit null exception at 0x00007f94171a6930 to 0x00007f94171a6999
Event: 93.447 Thread 0x00007f93ac0010d0 Implicit null exception at 0x00007f9417242757 to 0x00007f94172428a3
Event: 114.372 Thread 0x00007f939420a5c0 Exception <a 'java/lang/ArrayIndexOutOfBoundsException'{0x00000000f70e41b8}: Index 1155 out of bounds for length 1155> (0x00000000f70e41b8) 
thrown [src/hotspot/share/interpreter/interpreterRuntime.cpp, line 428]
Event: 204.752 Thread 0x00007f93c0631c10 Exception <a 'java/lang/OutOfMemoryError'{0x00000000e00ce8a0}> (0x00000000e00ce8a0) 
thrown [src/hotspot/share/gc/shared/memAllocator.cpp, line 138]
Event: 204.752 Thread 0x00007f93c0631c10 Implicit null exception at 0x00007f941721df3e to 0x00007f941721e1af
Event: 207.600 Thread 0x00007f93c0631c10 Exception <a 'java/lang/OutOfMemoryError'{0x00000000e00cdd60}> (0x00000000e00cdd60) 
thrown [src/hotspot/share/gc/shared/memAllocator.cpp, line 136]
Event: 208.900 Thread 0x00007f939420a5c0 Exception <a 'java/lang/ArrayIndexOutOfBoundsException'{0x00000000f5658f30}: Index 1155 out of bounds for length 1155> (0x00000000f5658f30) 
thrown [src/hotspot/share/interpreter/interpreterRuntime.cpp, line 428]
Event: 209.034 Thread 0x00007f939420a5c0 Exception <a 'java/lang/ArrayIndexOutOfBoundsException'{0x00000000f5704d20}: Index 1155 out of bounds for length 1155> (0x00000000f5704d20) 
thrown [src/hotspot/share/interpreter/interpreterRuntime.cpp, line 428]
Event: 209.034 Thread 0x00007f939420a5c0 Exception <a 'java/lang/ArrayIndexOutOfBoundsException'{0x00000000f5844b78}: Index 1156 out of bounds for length 1155> (0x00000000f5844b78) 
thrown [src/hotspot/share/interpreter/interpreterRuntime.cpp, line 428]
Event: 211.742 Thread 0x00007f939420a5c0 Exception <a 'java/io/FileNotFoundException'{0x00000000f59402f8}> (0x00000000f59402f8) 
thrown [src/hotspot/share/prims/jni.cpp, line 516]
Event: 212.245 Thread 0x00007f93a8008530 Implicit null exception at 0x00007f94171e54bb to 0x00007f940f504f68
Event: 215.654 Thread 0x00007f93a8008530 Implicit null exception at 0x00007f9417183e36 to 0x00007f9417185c36
Event: 260.736 Thread 0x00007f939413db80 Exception <a 'java/lang/OutOfMemoryError'{0x00000000e00cdf58}> (0x00000000e00cdf58) 
thrown [src/hotspot/share/gc/shared/memAllocator.cpp, line 136]
Event: 280.338 Thread 0x00007f939413db80 Exception <a 'java/lang/ClassNotFoundException'{0x00000000f71ef770}: sun/util/logging/resources/spi/loggingProvider> (0x00000000f71ef770) 
thrown [src/hotspot/share/classfile/systemDictionary.cpp, line 256]
Event: 328.848 Thread 0x00007f9394221d30 Exception <a 'java/lang/OutOfMemoryError'{0x00000000e00cdf58}> (0x00000000e00cdf58) 
thrown [src/hotspot/share/gc/shared/memAllocator.cpp, line 136]
Event: 1392.314 Thread 0x00007f93b40a2690 Exception <a 'java/lang/OutOfMemoryError'{0x00000000e00cdf58}> (0x00000000e00cdf58) 
thrown [src/hotspot/share/gc/shared/memAllocator.cpp, line 136]
Event: 1398.843 Thread 0x00007f9364003410 Exception <a 'java/lang/OutOfMemoryError'{0x00000000e00cdf58}> (0x00000000e00cdf58) 
thrown [src/hotspot/share/gc/shared/memAllocator.cpp, line 136]
Event: 1405.252 Thread 0x00007f94280b21e0 Exception <a 'java/lang/OutOfMemoryError'{0x00000000e00cdf58}> (0x00000000e00cdf58) 
thrown [src/hotspot/share/gc/shared/memAllocator.cpp, line 136]

VM Operations (20 events):
Event: 1383.521 Executing VM operation: ParallelGCFailedAllocation
Event: 1385.152 Executing VM operation: ParallelGCFailedAllocation done
Event: 1385.152 Executing VM operation: ParallelGCFailedAllocation
Event: 1386.734 Executing VM operation: ParallelGCFailedAllocation done
Event: 1386.734 Executing VM operation: ParallelGCFailedAllocation
Event: 1388.467 Executing VM operation: ParallelGCFailedAllocation done
Event: 1388.467 Executing VM operation: ParallelGCFailedAllocation
Event: 1392.314 Executing VM operation: ParallelGCFailedAllocation done
Event: 1392.315 Executing VM operation: ParallelGCFailedAllocation
Event: 1393.952 Executing VM operation: ParallelGCFailedAllocation done
Event: 1393.952 Executing VM operation: ParallelGCFailedAllocation
Event: 1395.850 Executing VM operation: ParallelGCFailedAllocation done
Event: 1395.850 Executing VM operation: ParallelGCFailedAllocation
Event: 1398.841 Executing VM operation: ParallelGCFailedAllocation done
Event: 1398.843 Executing VM operation: ParallelGCFailedAllocation
Event: 1400.177 Executing VM operation: ParallelGCFailedAllocation done
Event: 1400.177 Executing VM operation: ParallelGCFailedAllocation
Event: 1401.950 Executing VM operation: ParallelGCFailedAllocation done
Event: 1401.950 Executing VM operation: ParallelGCFailedAllocation
Event: 1405.252 Executing VM operation: ParallelGCFailedAllocation done

Events (20 events):
Event: 390.781 loading class sun/net/www/protocol/http/AuthenticatorKeys done
Event: 390.781 loading class javax/net/ssl/SSLParameters
Event: 390.782 loading class javax/net/ssl/SSLParameters done
Event: 390.782 loading class sun/security/ssl/SSLConfiguration$1
Event: 390.782 loading class sun/security/ssl/SSLConfiguration$1 done
Event: 390.783 loading class sun/security/ssl/ClientHandshakeContext
Event: 390.783 loading class sun/security/ssl/HandshakeContext
Event: 390.783 loading class sun/security/ssl/HandshakeContext done
Event: 390.783 loading class sun/security/ssl/ClientHandshakeContext done
Event: 390.784 loading class sun/security/ssl/NamedGroupPossession
Event: 390.784 loading class sun/security/ssl/SSLPossession
Event: 390.784 loading class sun/security/ssl/SSLPossession done
Event: 390.784 loading class sun/security/ssl/NamedGroupPossession done
Event: 390.784 loading class sun/security/ssl/SSLCredentials
Event: 390.784 loading class sun/security/ssl/SSLCredentials done
Event: 390.784 loading class sun/security/ssl/SSLKeyDerivation
Event: 390.784 loading class sun/security/ssl/SSLKeyDerivation done
Event: 390.784 loading class sun/security/ssl/SupportedGroupsExtension$SupportedGroups
Event: 390.785 loading class sun/security/ssl/SupportedGroupsExtension$SupportedGroups done
Event: 1398.843 loading class java/io/InterruptedIOException


Dynamic libraries:
e0000000-f5580000 rw-p 00000000 00:00 0 
f5580000-f8b00000 rw-p 00000000 00:00 0 
f8b00000-100000000 ---p 00000000 00:00 0 
800000000-800449000 rw-p 00001000 00:1595 4611686019135357769            /nix/store/gpxl5qgg8kicmcvivwmybwjlpf7wh20l-graalvm17-ce-22.3.0/lib/server/classes.jsa
800449000-800bc8000 r--p 0044a000 00:1595 4611686019135357769            /nix/store/gpxl5qgg8kicmcvivwmybwjlpf7wh20l-graalvm17-ce-22.3.0/lib/server/classes.jsa
800bc8000-800c00000 ---p 00000000 00:00 0 
800c00000-800c20000 rw-p 00000000 00:00 0 
800c20000-800c40000 rw-p 00000000 00:00 0 
800c40000-800cc0000 rw-p 00000000 00:00 0 
800cc0000-800d00000 rw-p 00000000 00:00 0 
800d00000-800dc0000 rw-p 00000000 00:00 0 
800dc0000-800e00000 rw-p 00000000 00:00 0 
800e00000-801180000 rw-p 00000000 00:00 0 
801180000-801210000 rw-p 00000000 00:00 0 
801210000-801240000 ---p 00000000 00:00 0 
801240000-801250000 rw-p 00000000 00:00 0 
801250000-840c00000 ---p 00000000 00:00 0 
561e236e4000-561e236e5000 r-xp 00000000 00:1595 4611686019099417844      /nix/store/gpxl5qgg8kicmcvivwmybwjlpf7wh20l-graalvm17-ce-22.3.0/bin/.java-wrapped
561e236e6000-561e236e7000 r--p 00001000 00:1595 4611686019099417844      /nix/store/gpxl5qgg8kicmcvivwmybwjlpf7wh20l-graalvm17-ce-22.3.0/bin/.java-wrapped
561e236e7000-561e236e8000 rw-p 00002000 00:1595 4611686019099417844      /nix/store/gpxl5qgg8kicmcvivwmybwjlpf7wh20l-graalvm17-ce-22.3.0/bin/.java-wrapped
561e236e8000-561e236e9000 rw-p 00004000 00:1595 4611686019099417844      /nix/store/gpxl5qgg8kicmcvivwmybwjlpf7wh20l-graalvm17-ce-22.3.0/bin/.java-wrapped
561e236e9000-561e236ea000 rw-p 00005000 00:1595 4611686019099417844      /nix/store/gpxl5qgg8kicmcvivwmybwjlpf7wh20l-graalvm17-ce-22.3.0/bin/.java-wrapped
561e23b23000-561e23b6b000 rw-p 00000000 00:00 0                          [heap]
7f9338000000-7f9338021000 rw-p 00000000 00:00 0 
7f9338021000-7f933c000000 ---p 00000000 00:00 0 
7f9340000000-7f93400c3000 rw-p 00000000 00:00 0 
7f93400c3000-7f9344000000 ---p 00000000 00:00 0 
7f9344000000-7f9344024000 rw-p 00000000 00:00 0 
7f9344024000-7f9348000000 ---p 00000000 00:00 0 
7f9348000000-7f9348021000 rw-p 00000000 00:00 0 
7f9348021000-7f934c000000 ---p 00000000 00:00 0 
7f934c000000-7f934c021000 rw-p 00000000 00:00 0 
7f934c021000-7f9350000000 ---p 00000000 00:00 0 
7f9350000000-7f9350021000 rw-p 00000000 00:00 0 
7f9350021000-7f9354000000 ---p 00000000 00:00 0 
7f9354000000-7f9354021000 rw-p 00000000 00:00 0 
7f9354021000-7f9358000000 ---p 00000000 00:00 0 
7f9358000000-7f9358021000 rw-p 00000000 00:00 0 
7f9358021000-7f935c000000 ---p 00000000 00:00 0 
7f935c000000-7f935c021000 rw-p 00000000 00:00 0 
7f935c021000-7f9360000000 ---p 00000000 00:00 0 
7f9360000000-7f9360021000 rw-p 00000000 00:00 0 
7f9360021000-7f9364000000 ---p 00000000 00:00 0 
7f9364000000-7f9364021000 rw-p 00000000 00:00 0 
7f9364021000-7f9368000000 ---p 00000000 00:00 0 
7f9368000000-7f9368029000 rw-p 00000000 00:00 0 
7f9368029000-7f936c000000 ---p 00000000 00:00 0 
7f936c000000-7f936c021000 rw-p 00000000 00:00 0 
7f936c021000-7f9370000000 ---p 00000000 00:00 0 
7f9370000000-7f9370021000 rw-p 00000000 00:00 0 
7f9370021000-7f9374000000 ---p 00000000 00:00 0 
7f9374000000-7f9374021000 rw-p 00000000 00:00 0 
7f9374021000-7f9378000000 ---p 00000000 00:00 0 
7f9378000000-7f9378021000 rw-p 00000000 00:00 0 
7f9378021000-7f937c000000 ---p 00000000 00:00 0 
7f937c000000-7f937c0a3000 rw-p 00000000 00:00 0 
7f937c0a3000-7f9380000000 ---p 00000000 00:00 0 
7f9380800000-7f9380ba0000 rw-p 00000000 00:00 0 
7f9380ba0000-7f9380c80000 rw-p 00000000 00:00 0 
7f9380c80000-7f9380d00000 rw-p 00000000 00:00 0 
7f9380d00000-7f9380eb0000 rw-p 00000000 00:00 0 
7f9380eb0000-7f9380f00000 ---p 00000000 00:00 0 
7f9380f00000-7f9380f30000 rw-p 00000000 00:00 0 
7f9380f30000-7f9381000000 ---p 00000000 00:00 0 
7f9384000000-7f9384160000 rw-p 00000000 00:00 0 
7f9384160000-7f9388000000 ---p 00000000 00:00 0 
7f9389c00000-7f938a400000 rw-p 00000000 00:00 0 
7f938a4b3000-7f9394000000 r--s 00000000 00:1595 4611686019135192581      /nix/store/gpxl5qgg8kicmcvivwmybwjlpf7wh20l-graalvm17-ce-22.3.0/lib/modules
7f9394000000-7f939425e000 rw-p 00000000 00:00 0 
7f939425e000-7f9398000000 ---p 00000000 00:00 0 
7f9398000000-7f93981a4000 rw-p 00000000 00:00 0 
7f93981a4000-7f939c000000 ---p 00000000 00:00 0 
7f939c000000-7f939c021000 rw-p 00000000 00:00 0 
7f939c021000-7f93a0000000 ---p 00000000 00:00 0 
7f93a0000000-7f93a0021000 rw-p 00000000 00:00 0 
7f93a0021000-7f93a4000000 ---p 00000000 00:00 0 
7f93a4000000-7f93a4058000 rw-p 00000000 00:00 0 
7f93a4058000-7f93a8000000 ---p 00000000 00:00 0 
7f93a8000000-7f93a8021000 rw-p 00000000 00:00 0 
7f93a8021000-7f93ac000000 ---p 00000000 00:00 0 
7f93ac000000-7f93ac057000 rw-p 00000000 00:00 0 
7f93ac057000-7f93b0000000 ---p 00000000 00:00 0 
7f93b0000000-7f93b032e000 rw-p 00000000 00:00 0 
7f93b032e000-7f93b4000000 ---p 00000000 00:00 0 
7f93b4000000-7f93b4322000 rw-p 00000000 00:00 0 
7f93b4322000-7f93b8000000 ---p 00000000 00:00 0 
7f93b8000000-7f93b8021000 rw-p 00000000 00:00 0 
7f93b8021000-7f93bc000000 ---p 00000000 00:00 0 
7f93bc000000-7f93bc021000 rw-p 00000000 00:00 0 
7f93bc021000-7f93c0000000 ---p 00000000 00:00 0 
7f93c0000000-7f93c08e0000 rw-p 00000000 00:00 0 
7f93c08e0000-7f93c4000000 ---p 00000000 00:00 0 
7f93c4000000-7f93c4500000 rw-p 00000000 00:00 0 
7f93c4500000-7f93c4600000 rw-p 00000000 00:00 0 
7f93c4600000-7f93c4800000 rw-p 00000000 00:00 0 
7f93c4e00000-7f93c4f00000 ---p 00000000 00:00 0 
7f93c4f00000-7f93c54af000 r--p 01122000 00:1595 4611686019135190040      /nix/store/gpxl5qgg8kicmcvivwmybwjlpf7wh20l-graalvm17-ce-22.3.0/lib/libjvmcicompiler.so
7f93c54af000-7f93c5600000 r--p 00000000 00:00 0 
7f93c5600000-7f93c563d000 rw-p 00000000 00:00 0 
7f93c563d000-7f93c5b5d000 rw-p 0185f000 00:1595 4611686019135190040      /nix/store/gpxl5qgg8kicmcvivwmybwjlpf7wh20l-graalvm17-ce-22.3.0/lib/libjvmcicompiler.so
7f93c5b5d000-7f93c5f44000 r--p 01d7f000 00:1595 4611686019135190040      /nix/store/gpxl5qgg8kicmcvivwmybwjlpf7wh20l-graalvm17-ce-22.3.0/lib/libjvmcicompiler.so
7f93c6000000-7f93c67c0000 rw-p 00000000 00:00 0 
7f93c67c0000-7f93c6800000 rw-p 00000000 00:00 0 
7f93c6800000-7f93c6900000 rw-p 00000000 00:00 0 
7f93c6900000-7f93c6d00000 rw-p 00000000 00:00 0 
7f93c6d00000-7f93c6e00000 rw-p 00000000 00:00 0 
7f93c6e00000-7f93c7000000 rw-p 00000000 00:00 0 
7f93c7400000-7f93c7500000 rw-p 00000000 00:00 0 
7f93c7500000-7f93c7600000 rw-p 00000000 00:00 0 
7f93c7600000-7f93c7b80000 rw-p 00000000 00:00 0 
7f93c7b80000-7f93c7c00000 rw-p 00000000 00:00 0 
7f93c7c00000-7f93c7c10000 r-xp 00000000 00:1590 356                      /home/runner/.cache/jdt-language-server/config/org.eclipse.equinox.launcher/org.eclipse.equinox.launcher.gtk.linux.x86_64_1.2.400.v20211117-0650/eclipse_11600.so
7f93c7c10000-7f93c7e0f000 ---p 00010000 00:1590 356                      /home/runner/.cache/jdt-language-server/config/org.eclipse.equinox.launcher/org.eclipse.equinox.launcher.gtk.linux.x86_64_1.2.400.v20211117-0650/eclipse_11600.so
7f93c7e0f000-7f93c7e10000 r--p 0000f000 00:1590 356                      /home/runner/.cache/jdt-language-server/config/org.eclipse.equinox.launcher/org.eclipse.equinox.launcher.gtk.linux.x86_64_1.2.400.v20211117-0650/eclipse_11600.so
7f93c7e10000-7f93c7e11000 rw-p 00010000 00:1590 356                      /home/runner/.cache/jdt-language-server/config/org.eclipse.equinox.launcher/org.eclipse.equinox.launcher.gtk.linux.x86_64_1.2.400.v20211117-0650/eclipse_11600.so
7f93c8000000-7f93c8021000 rw-p 00000000 00:00 0 
7f93c8021000-7f93cc000000 ---p 00000000 00:00 0 
7f93cc000000-7f93cc021000 rw-p 00000000 00:00 0 
7f93cc021000-7f93d0000000 ---p 00000000 00:00 0 
7f93d0000000-7f93d0021000 rw-p 00000000 00:00 0 
7f93d0021000-7f93d4000000 ---p 00000000 00:00 0 
7f93d4600000-7f93d4604000 ---p 00000000 00:00 0 
7f93d4604000-7f93d4700000 rw-p 00000000 00:00 0 
7f93d4700000-7f93d4704000 ---p 00000000 00:00 0 
7f93d4704000-7f93d4800000 rw-p 00000000 00:00 0 
7f93d4900000-7f93d4904000 ---p 00000000 00:00 0 
7f93d4904000-7f93d4a00000 rw-p 00000000 00:00 0 
7f93d4b00000-7f93d4b04000 ---p 00000000 00:00 0 
7f93d4b04000-7f93d4c00000 rw-p 00000000 00:00 0 
7f93d4d00000-7f93d4d04000 ---p 00000000 00:00 0 
7f93d4d04000-7f93d4e00000 rw-p 00000000 00:00 0 
7f93d5a68000-7f93d5f00000 rw-p 00000000 00:00 0 
7f93d5ffb000-7f93d5ffd000 r-xp 00000000 00:1595 4611686019135190017      /nix/store/gpxl5qgg8kicmcvivwmybwjlpf7wh20l-graalvm17-ce-22.3.0/lib/libextnet.so
7f93d5ffd000-7f93d5ffe000 r--p 00001000 00:1595 4611686019135190017      /nix/store/gpxl5qgg8kicmcvivwmybwjlpf7wh20l-graalvm17-ce-22.3.0/lib/libextnet.so
7f93d5ffe000-7f93d5fff000 rw-p 00002000 00:1595 4611686019135190017      /nix/store/gpxl5qgg8kicmcvivwmybwjlpf7wh20l-graalvm17-ce-22.3.0/lib/libextnet.so
7f93d5fff000-7f93d6000000 rw-p 00004000 00:1595 4611686019135190017      /nix/store/gpxl5qgg8kicmcvivwmybwjlpf7wh20l-graalvm17-ce-22.3.0/lib/libextnet.so
7f93d6000000-7f93d6004000 ---p 00000000 00:00 0 
7f93d6004000-7f93d6100000 rw-p 00000000 00:00 0 
7f93d6100000-7f93d6104000 ---p 00000000 00:00 0 
7f93d6104000-7f93d6200000 rw-p 00000000 00:00 0 
7f93d6200000-7f93d6204000 ---p 00000000 00:00 0 
7f93d6204000-7f93d6300000 rw-p 00000000 00:00 0 
7f93d6300000-7f93d6304000 ---p 00000000 00:00 0 
7f93d6304000-7f93d6400000 rw-p 00000000 00:00 0 
7f93d6400000-7f93d6404000 ---p 00000000 00:00 0 
7f93d6404000-7f93d6500000 rw-p 00000000 00:00 0 
7f93d6500000-7f93d6504000 ---p 00000000 00:00 0 
7f93d6504000-7f93d6600000 rw-p 00000000 00:00 0 
7f93d6600000-7f93d6604000 ---p 00000000 00:00 0 
7f93d6604000-7f93d6700000 rw-p 00000000 00:00 0 
7f93d6700000-7f93d6704000 ---p 00000000 00:00 0 
7f93d6704000-7f93d6800000 rw-p 00000000 00:00 0 
7f93d6800000-7f93d6804000 ---p 00000000 00:00 0 
7f93d6804000-7f93d6900000 rw-p 00000000 00:00 0 
7f93d6900000-7f93d6904000 ---p 00000000 00:00 0 
7f93d6904000-7f93d6a00000 rw-p 00000000 00:00 0 
7f93d6a00000-7f93d6a04000 ---p 00000000 00:00 0 
7f93d6a04000-7f93d6b00000 rw-p 00000000 00:00 0 
7f93d6b00000-7f93d6b04000 ---p 00000000 00:00 0 
7f93d6b04000-7f93d6c00000 rw-p 00000000 00:00 0 
7f93d6c00000-7f93d6c04000 ---p 00000000 00:00 0 
7f93d6c04000-7f93d6d00000 rw-p 00000000 00:00 0 
7f93d6d00000-7f93d6d04000 ---p 00000000 00:00 0 
7f93d6d04000-7f93d6e00000 rw-p 00000000 00:00 0 
7f93d6e00000-7f93d6e04000 ---p 00000000 00:00 0 
7f93d6e04000-7f93d6f00000 rw-p 00000000 00:00 0 
7f93d7000000-7f93d7004000 ---p 00000000 00:00 0 
7f93d7004000-7f93d7100000 rw-p 00000000 00:00 0 
7f93d7200000-7f93d7204000 ---p 00000000 00:00 0 
7f93d7204000-7f93d7300000 rw-p 00000000 00:00 0 
7f93d7400000-7f93d7404000 ---p 00000000 00:00 0 
7f93d7404000-7f93d7500000 rw-p 00000000 00:00 0 
7f93d7600000-7f93d7604000 ---p 00000000 00:00 0 
7f93d7604000-7f93d7700000 rw-p 00000000 00:00 0 
7f93d7800000-7f93d7804000 ---p 00000000 00:00 0 
7f93d7804000-7f93d7900000 rw-p 00000000 00:00 0 
7f93d7a00000-7f93d7a04000 ---p 00000000 00:00 0 
7f93d7a04000-7f93d7b00000 rw-p 00000000 00:00 0 
7f93d7c00000-7f93d7c04000 ---p 00000000 00:00 0 
7f93d7c04000-7f93d7d00000 rw-p 00000000 00:00 0 
7f93d7e00000-7f93d7e04000 ---p 00000000 00:00 0 
7f93d7e04000-7f93d7f00000 rw-p 00000000 00:00 0 
7f93d7f00000-7f93d7f04000 ---p 00000000 00:00 0 
7f93d7f04000-7f93d8000000 rw-p 00000000 00:00 0 
7f93d8000000-7f93d8021000 rw-p 00000000 00:00 0 
7f93d8021000-7f93dc000000 ---p 00000000 00:00 0 
7f93dc000000-7f93dc021000 rw-p 00000000 00:00 0 
7f93dc021000-7f93e0000000 ---p 00000000 00:00 0 
7f93e0000000-7f93e0021000 rw-p 00000000 00:00 0 
7f93e0021000-7f93e4000000 ---p 00000000 00:00 0 
7f93e4000000-7f93e4021000 rw-p 00000000 00:00 0 
7f93e4021000-7f93e8000000 ---p 00000000 00:00 0 
7f93e8000000-7f93e80e4000 rw-p 00000000 00:00 0 
7f93e80e4000-7f93ec000000 ---p 00000000 00:00 0 
7f93ec000000-7f93ecaa2000 rw-p 00000000 00:00 0 
7f93ecaa2000-7f93f0000000 ---p 00000000 00:00 0 
7f93f0000000-7f93f0021000 rw-p 00000000 00:00 0 
7f93f0021000-7f93f4000000 ---p 00000000 00:00 0 
7f93f4000000-7f93f4021000 rw-p 00000000 00:00 0 
7f93f4021000-7f93f8000000 ---p 00000000 00:00 0 
7f93f8000000-7f93f8021000 rw-p 00000000 00:00 0 
7f93f8021000-7f93fc000000 ---p 00000000 00:00 0 
7f93fc000000-7f93fc021000 rw-p 00000000 00:00 0 
7f93fc021000-7f9400000000 ---p 00000000 00:00 0 
7f9400000000-7f9400021000 rw-p 00000000 00:00 0 
7f9400021000-7f9404000000 ---p 00000000 00:00 0 
7f9404000000-7f9404021000 rw-p 00000000 00:00 0 
7f9404021000-7f9408000000 ---p 00000000 00:00 0 
7f9408000000-7f9408076000 rw-p 00000000 00:00 0 
7f9408076000-7f940c000000 ---p 00000000 00:00 0 
7f940c000000-7f940c004000 ---p 00000000 00:00 0 
7f940c004000-7f940c100000 rw-p 00000000 00:00 0 
7f940c100000-7f940c104000 ---p 00000000 00:00 0 
7f940c104000-7f940c200000 rw-p 00000000 00:00 0 
7f940c200000-7f940c204000 ---p 00000000 00:00 0 
7f940c204000-7f940c300000 rw-p 00000000 00:00 0 
7f940c300000-7f940c304000 ---p 00000000 00:00 0 
7f940c304000-7f940c400000 rw-p 00000000 00:00 0 
7f940c400000-7f940c404000 ---p 00000000 00:00 0 
7f940c404000-7f940c500000 rw-p 00000000 00:00 0 
7f940c500000-7f940c504000 ---p 00000000 00:00 0 
7f940c504000-7f940c600000 rw-p 00000000 00:00 0 
7f940c600000-7f940c604000 ---p 00000000 00:00 0 
7f940c604000-7f940c700000 rw-p 00000000 00:00 0 
7f940c700000-7f940c704000 ---p 00000000 00:00 0 
7f940c704000-7f940c800000 rw-p 00000000 00:00 0 
7f940c800000-7f940c804000 ---p 00000000 00:00 0 
7f940c804000-7f940c900000 rw-p 00000000 00:00 0 
7f940c900000-7f940c904000 ---p 00000000 00:00 0 
7f940c904000-7f940ca00000 rw-p 00000000 00:00 0 
7f940ca00000-7f940eb6a000 r-xp 00000000 00:1595 4611686019135190040      /nix/store/gpxl5qgg8kicmcvivwmybwjlpf7wh20l-graalvm17-ce-22.3.0/lib/libjvmcicompiler.so
7f940eb6a000-7f940ed69000 ---p 0216a000 00:1595 4611686019135190040      /nix/store/gpxl5qgg8kicmcvivwmybwjlpf7wh20l-graalvm17-ce-22.3.0/lib/libjvmcicompiler.so
7f940ed69000-7f940ed6a000 r--p 02169000 00:1595 4611686019135190040      /nix/store/gpxl5qgg8kicmcvivwmybwjlpf7wh20l-graalvm17-ce-22.3.0/lib/libjvmcicompiler.so
7f940ed6a000-7f940ed6c000 rw-p 0216a000 00:1595 4611686019135190040      /nix/store/gpxl5qgg8kicmcvivwmybwjlpf7wh20l-graalvm17-ce-22.3.0/lib/libjvmcicompiler.so
7f940ed6c000-7f940ed6d000 rw-p 00000000 00:00 0 
7f940ed6d000-7f940ed72000 rw-p 023c3000 00:1595 4611686019135190040      /nix/store/gpxl5qgg8kicmcvivwmybwjlpf7wh20l-graalvm17-ce-22.3.0/lib/libjvmcicompiler.so
7f940ed74000-7f940ed78000 ---p 00000000 00:00 0 
7f940ed78000-7f940ee74000 rw-p 00000000 00:00 0 
7f940ee74000-7f940ee78000 ---p 00000000 00:00 0 
7f940ee78000-7f940ee96000 rw-p 00000000 00:00 0 
7f940ee96000-7f940eeab000 r-xp 00000000 00:1595 4611686019135192570      /nix/store/gpxl5qgg8kicmcvivwmybwjlpf7wh20l-graalvm17-ce-22.3.0/lib/libnet.so
7f940eeab000-7f940eeac000 ---p 00015000 00:1595 4611686019135192570      /nix/store/gpxl5qgg8kicmcvivwmybwjlpf7wh20l-graalvm17-ce-22.3.0/lib/libnet.so
7f940eeac000-7f940eead000 r--p 00015000 00:1595 4611686019135192570      /nix/store/gpxl5qgg8kicmcvivwmybwjlpf7wh20l-graalvm17-ce-22.3.0/lib/libnet.so
7f940eead000-7f940eeae000 rw-p 00016000 00:1595 4611686019135192570      /nix/store/gpxl5qgg8kicmcvivwmybwjlpf7wh20l-graalvm17-ce-22.3.0/lib/libnet.so
7f940eeae000-7f940eeb1000 rw-p 0001b000 00:1595 4611686019135192570      /nix/store/gpxl5qgg8kicmcvivwmybwjlpf7wh20l-graalvm17-ce-22.3.0/lib/libnet.so
7f940eeb1000-7f940eeb2000 ---p 00000000 00:00 0 
7f940eeb2000-7f940efb3000 rw-p 00000000 00:00 0 
7f940efb3000-7f940efb7000 ---p 00000000 00:00 0 
7f940efb7000-7f940f0b3000 rw-p 00000000 00:00 0 
7f940f0b3000-7f940f0b7000 ---p 00000000 00:00 0 
7f940f0b7000-7f940f1b3000 rw-p 00000000 00:00 0 
7f940f1b3000-7f940f1b7000 ---p 00000000 00:00 0 
7f940f1b7000-7f940f2b3000 rw-p 00000000 00:00 0 
7f940f2b3000-7f940f2b7000 ---p 00000000 00:00 0 
7f940f2b7000-7f940f4b3000 rw-p 00000000 00:00 0 
7f940f4b3000-7f940f723000 rwxp 00000000 00:00 0 
7f940f723000-7f940fa42000 ---p 00000000 00:00 0 
7f940fa42000-7f9410a62000 rwxp 00000000 00:00 0 
7f9410a62000-7f9416f7a000 ---p 00000000 00:00 0 
7f9416f7a000-7f941726a000 rwxp 00000000 00:00 0 
7f941726a000-7f941e4b3000 ---p 00000000 00:00 0 
7f941e4b3000-7f9428000000 r--s 00000000 00:1595 4611686019135192581      /nix/store/gpxl5qgg8kicmcvivwmybwjlpf7wh20l-graalvm17-ce-22.3.0/lib/modules
7f9428000000-7f942840d000 rw-p 00000000 00:00 0 
7f942840d000-7f942c000000 ---p 00000000 00:00 0 
7f942c000000-7f942c013000 r-xp 00000000 00:1595 4611686019135192571      /nix/store/gpxl5qgg8kicmcvivwmybwjlpf7wh20l-graalvm17-ce-22.3.0/lib/libnio.so
7f942c013000-7f942c014000 r--p 00012000 00:1595 4611686019135192571      /nix/store/gpxl5qgg8kicmcvivwmybwjlpf7wh20l-graalvm17-ce-22.3.0/lib/libnio.so
7f942c014000-7f942c015000 rw-p 00013000 00:1595 4611686019135192571      /nix/store/gpxl5qgg8kicmcvivwmybwjlpf7wh20l-graalvm17-ce-22.3.0/lib/libnio.so
7f942c015000-7f942c01a000 rw-p 00019000 00:1595 4611686019135192571      /nix/store/gpxl5qgg8kicmcvivwmybwjlpf7wh20l-graalvm17-ce-22.3.0/lib/libnio.so
7f942c01a000-7f942c01e000 ---p 00000000 00:00 0 
7f942c01e000-7f942c21a000 rw-p 00000000 00:00 0 
7f942c21a000-7f942c21e000 ---p 00000000 00:00 0 
7f942c21e000-7f942c31a000 rw-p 00000000 00:00 0 
7f942c31a000-7f942c31e000 ---p 00000000 00:00 0 
7f942c31e000-7f942c41a000 rw-p 00000000 00:00 0 
7f942c41a000-7f942c41e000 ---p 00000000 00:00 0 
7f942c41e000-7f942c51a000 rw-p 00000000 00:00 0 
7f942c51a000-7f942c800000 r--p 00000000 00:157a 28444448                 /usr/lib/locale/locale-archive
7f942c800000-7f942cc00000 rw-p 00000000 00:00 0 
7f942cc00000-7f942cec0000 rw-p 00000000 00:00 0 
7f942cec0000-7f942cf00000 rw-p 00000000 00:00 0 
7f942cf00000-7f942d000000 rw-p 00000000 00:00 0 
7f942d003000-7f942d00a000 r-xp 00000000 00:1595 4611686019135192580      /nix/store/gpxl5qgg8kicmcvivwmybwjlpf7wh20l-graalvm17-ce-22.3.0/lib/libzip.so
7f942d00a000-7f942d00b000 ---p 00007000 00:1595 4611686019135192580      /nix/store/gpxl5qgg8kicmcvivwmybwjlpf7wh20l-graalvm17-ce-22.3.0/lib/libzip.so
7f942d00b000-7f942d00c000 r--p 00007000 00:1595 4611686019135192580      /nix/store/gpxl5qgg8kicmcvivwmybwjlpf7wh20l-graalvm17-ce-22.3.0/lib/libzip.so
7f942d00c000-7f942d00d000 rw-p 00008000 00:1595 4611686019135192580      /nix/store/gpxl5qgg8kicmcvivwmybwjlpf7wh20l-graalvm17-ce-22.3.0/lib/libzip.so
7f942d00d000-7f942d00f000 rw-p 0000b000 00:1595 4611686019135192580      /nix/store/gpxl5qgg8kicmcvivwmybwjlpf7wh20l-graalvm17-ce-22.3.0/lib/libzip.so
7f942d00f000-7f942d013000 ---p 00000000 00:00 0 
7f942d013000-7f942d10f000 rw-p 00000000 00:00 0 
7f942d10f000-7f942d113000 ---p 00000000 00:00 0 
7f942d113000-7f942d20f000 rw-p 00000000 00:00 0 
7f942d20f000-7f942d210000 ---p 00000000 00:00 0 
7f942d210000-7f942d311000 rw-p 00000000 00:00 0 
7f942d311000-7f942d3df000 r-xp 00000000 00:1595 4611686019135190036      /nix/store/gpxl5qgg8kicmcvivwmybwjlpf7wh20l-graalvm17-ce-22.3.0/lib/libjsvml.so
7f942d3df000-7f942d3e0000 r--p 000cd000 00:1595 4611686019135190036      /nix/store/gpxl5qgg8kicmcvivwmybwjlpf7wh20l-graalvm17-ce-22.3.0/lib/libjsvml.so
7f942d3e0000-7f942d3e1000 rw-p 000ce000 00:1595 4611686019135190036      /nix/store/gpxl5qgg8kicmcvivwmybwjlpf7wh20l-graalvm17-ce-22.3.0/lib/libjsvml.so
7f942d3e1000-7f942ecb9000 rw-p 00000000 00:00 0 
7f942ecb9000-7f942ecba000 ---p 00000000 00:00 0 
7f942ecba000-7f942ee65000 rw-p 00000000 00:00 0 
7f942ee65000-7f942ee81000 rw-p 00000000 00:00 0 
7f942ee81000-7f942eebb000 ---p 00000000 00:00 0 
7f942eebb000-7f942eec2000 rw-p 00000000 00:00 0 
7f942eec2000-7f942efa7000 ---p 00000000 00:00 0 
7f942efa7000-7f942efc8000 rw-p 00000000 00:00 0 
7f942efc8000-7f942f092000 ---p 00000000 00:00 0 
7f942f092000-7f942f097000 rw-p 00000000 00:00 0 
7f942f097000-7f942f09e000 ---p 00000000 00:00 0 
7f942f09e000-7f942f0c2000 r-xp 00000000 00:1595 4611686019135190028      /nix/store/gpxl5qgg8kicmcvivwmybwjlpf7wh20l-graalvm17-ce-22.3.0/lib/libjava.so
7f942f0c2000-7f942f0c3000 ---p 00024000 00:1595 4611686019135190028      /nix/store/gpxl5qgg8kicmcvivwmybwjlpf7wh20l-graalvm17-ce-22.3.0/lib/libjava.so
7f942f0c3000-7f942f0c4000 r--p 00024000 00:1595 4611686019135190028      /nix/store/gpxl5qgg8kicmcvivwmybwjlpf7wh20l-graalvm17-ce-22.3.0/lib/libjava.so
7f942f0c4000-7f942f0c5000 rw-p 00025000 00:1595 4611686019135190028      /nix/store/gpxl5qgg8kicmcvivwmybwjlpf7wh20l-graalvm17-ce-22.3.0/lib/libjava.so
7f942f0c5000-7f942f0c6000 rw-p 00000000 00:00 0 
7f942f0c6000-7f942f0cd000 rw-p 0002f000 00:1595 4611686019135190028      /nix/store/gpxl5qgg8kicmcvivwmybwjlpf7wh20l-graalvm17-ce-22.3.0/lib/libjava.so
7f942f0cd000-7f942f0d5000 rw-s 00000000 00:1a3 679                       /tmp/hsperfdata_runner/9354
7f942f0d5000-7f942f0d6000 ---p 00000000 00:00 0 
7f942f0d6000-7f942f0d7000 r--p 00000000 00:00 0 
7f942f0d7000-7f942f0d8000 rwxp 00000000 00:00 0 
7f942f0d8000-7f942f0f3000 r-xp 00000000 00:1595 4611686019135190032      /nix/store/gpxl5qgg8kicmcvivwmybwjlpf7wh20l-graalvm17-ce-22.3.0/lib/libjimage.so
7f942f0f3000-7f942f0f4000 ---p 0001b000 00:1595 4611686019135190032      /nix/store/gpxl5qgg8kicmcvivwmybwjlpf7wh20l-graalvm17-ce-22.3.0/lib/libjimage.so
7f942f0f4000-7f942f0f6000 r--p 0001b000 00:1595 4611686019135190032      /nix/store/gpxl5qgg8kicmcvivwmybwjlpf7wh20l-graalvm17-ce-22.3.0/lib/libjimage.so
7f942f0f6000-7f942f0f7000 rw-p 0001d000 00:1595 4611686019135190032      /nix/store/gpxl5qgg8kicmcvivwmybwjlpf7wh20l-graalvm17-ce-22.3.0/lib/libjimage.so
7f942f0f7000-7f942f0f8000 rw-p 00024000 00:1595 4611686019135190032      /nix/store/gpxl5qgg8kicmcvivwmybwjlpf7wh20l-graalvm17-ce-22.3.0/lib/libjimage.so
7f942f0f8000-7f942f0fc000 ---p 00000000 00:00 0 
7f942f0fc000-7f942f1f8000 rw-p 00000000 00:00 0 
7f942f1f8000-7f942f206000 r--p 00000000 00:1595 4611686019027979927      /nix/store/4nlgxhb09sdr51nc9hdm8az5b08vzkgx-glibc-2.35-163/lib/libm.so.6
7f942f206000-7f942f279000 r-xp 0000e000 00:1595 4611686019027979927      /nix/store/4nlgxhb09sdr51nc9hdm8az5b08vzkgx-glibc-2.35-163/lib/libm.so.6
7f942f279000-7f942f2d6000 r--p 00081000 00:1595 4611686019027979927      /nix/store/4nlgxhb09sdr51nc9hdm8az5b08vzkgx-glibc-2.35-163/lib/libm.so.6
7f942f2d6000-7f942f2d7000 r--p 000dd000 00:1595 4611686019027979927      /nix/store/4nlgxhb09sdr51nc9hdm8az5b08vzkgx-glibc-2.35-163/lib/libm.so.6
7f942f2d7000-7f942f2d8000 rw-p 000de000 00:1595 4611686019027979927      /nix/store/4nlgxhb09sdr51nc9hdm8az5b08vzkgx-glibc-2.35-163/lib/libm.so.6
7f942f2d8000-7f942f2d9000 r--p 00000000 00:1595 4611686019027979946      /nix/store/4nlgxhb09sdr51nc9hdm8az5b08vzkgx-glibc-2.35-163/lib/librt.so.1
7f942f2d9000-7f942f2da000 r-xp 00001000 00:1595 4611686019027979946      /nix/store/4nlgxhb09sdr51nc9hdm8az5b08vzkgx-glibc-2.35-163/lib/librt.so.1
7f942f2da000-7f942f2db000 r--p 00002000 00:1595 4611686019027979946      /nix/store/4nlgxhb09sdr51nc9hdm8az5b08vzkgx-glibc-2.35-163/lib/librt.so.1
7f942f2db000-7f942f2dc000 r--p 00002000 00:1595 4611686019027979946      /nix/store/4nlgxhb09sdr51nc9hdm8az5b08vzkgx-glibc-2.35-163/lib/librt.so.1
7f942f2dc000-7f942f2dd000 rw-p 00003000 00:1595 4611686019027979946      /nix/store/4nlgxhb09sdr51nc9hdm8az5b08vzkgx-glibc-2.35-163/lib/librt.so.1
7f942f2dd000-7f94303f0000 r-xp 00000000 00:1595 4611686019135360866      /nix/store/gpxl5qgg8kicmcvivwmybwjlpf7wh20l-graalvm17-ce-22.3.0/lib/server/libjvm.so
7f94303f0000-7f94303f1000 ---p 01113000 00:1595 4611686019135360866      /nix/store/gpxl5qgg8kicmcvivwmybwjlpf7wh20l-graalvm17-ce-22.3.0/lib/server/libjvm.so
7f94303f1000-7f94304a6000 r--p 01113000 00:1595 4611686019135360866      /nix/store/gpxl5qgg8kicmcvivwmybwjlpf7wh20l-graalvm17-ce-22.3.0/lib/server/libjvm.so
7f94304a6000-7f94304da000 rw-p 011c8000 00:1595 4611686019135360866      /nix/store/gpxl5qgg8kicmcvivwmybwjlpf7wh20l-graalvm17-ce-22.3.0/lib/server/libjvm.so
7f94304da000-7f9430536000 rw-p 00000000 00:00 0 
7f9430536000-7f943055e000 r--p 00000000 00:1595 4611686019027979918      /nix/store/4nlgxhb09sdr51nc9hdm8az5b08vzkgx-glibc-2.35-163/lib/libc.so.6
7f943055e000-7f94306d4000 r-xp 00028000 00:1595 4611686019027979918      /nix/store/4nlgxhb09sdr51nc9hdm8az5b08vzkgx-glibc-2.35-163/lib/libc.so.6
7f94306d4000-7f943072c000 r--p 0019e000 00:1595 4611686019027979918      /nix/store/4nlgxhb09sdr51nc9hdm8az5b08vzkgx-glibc-2.35-163/lib/libc.so.6
7f943072c000-7f9430730000 r--p 001f6000 00:1595 4611686019027979918      /nix/store/4nlgxhb09sdr51nc9hdm8az5b08vzkgx-glibc-2.35-163/lib/libc.so.6
7f9430730000-7f9430732000 rw-p 001fa000 00:1595 4611686019027979918      /nix/store/4nlgxhb09sdr51nc9hdm8az5b08vzkgx-glibc-2.35-163/lib/libc.so.6
7f9430732000-7f9430741000 rw-p 00000000 00:00 0 
7f9430741000-7f9430742000 r--p 00000000 00:1595 4611686019027979923      /nix/store/4nlgxhb09sdr51nc9hdm8az5b08vzkgx-glibc-2.35-163/lib/libdl.so.2
7f9430742000-7f9430743000 r-xp 00001000 00:1595 4611686019027979923      /nix/store/4nlgxhb09sdr51nc9hdm8az5b08vzkgx-glibc-2.35-163/lib/libdl.so.2
7f9430743000-7f9430744000 r--p 00002000 00:1595 4611686019027979923      /nix/store/4nlgxhb09sdr51nc9hdm8az5b08vzkgx-glibc-2.35-163/lib/libdl.so.2
7f9430744000-7f9430745000 r--p 00002000 00:1595 4611686019027979923      /nix/store/4nlgxhb09sdr51nc9hdm8az5b08vzkgx-glibc-2.35-163/lib/libdl.so.2
7f9430745000-7f9430746000 rw-p 00003000 00:1595 4611686019027979923      /nix/store/4nlgxhb09sdr51nc9hdm8az5b08vzkgx-glibc-2.35-163/lib/libdl.so.2
7f9430746000-7f9430747000 r--p 00000000 00:1595 4611686019027979942      /nix/store/4nlgxhb09sdr51nc9hdm8az5b08vzkgx-glibc-2.35-163/lib/libpthread.so.0
7f9430747000-7f9430748000 r-xp 00001000 00:1595 4611686019027979942      /nix/store/4nlgxhb09sdr51nc9hdm8az5b08vzkgx-glibc-2.35-163/lib/libpthread.so.0
7f9430748000-7f9430749000 r--p 00002000 00:1595 4611686019027979942      /nix/store/4nlgxhb09sdr51nc9hdm8az5b08vzkgx-glibc-2.35-163/lib/libpthread.so.0
7f9430749000-7f943074a000 r--p 00002000 00:1595 4611686019027979942      /nix/store/4nlgxhb09sdr51nc9hdm8az5b08vzkgx-glibc-2.35-163/lib/libpthread.so.0
7f943074a000-7f943074b000 rw-p 00003000 00:1595 4611686019027979942      /nix/store/4nlgxhb09sdr51nc9hdm8az5b08vzkgx-glibc-2.35-163/lib/libpthread.so.0
7f943074b000-7f9430759000 r-xp 00000000 00:1595 4611686019135190033      /nix/store/gpxl5qgg8kicmcvivwmybwjlpf7wh20l-graalvm17-ce-22.3.0/lib/libjli.so
7f9430759000-7f943075a000 ---p 0000e000 00:1595 4611686019135190033      /nix/store/gpxl5qgg8kicmcvivwmybwjlpf7wh20l-graalvm17-ce-22.3.0/lib/libjli.so
7f943075a000-7f943075b000 r--p 0000e000 00:1595 4611686019135190033      /nix/store/gpxl5qgg8kicmcvivwmybwjlpf7wh20l-graalvm17-ce-22.3.0/lib/libjli.so
7f943075b000-7f943075c000 rw-p 0000f000 00:1595 4611686019135190033      /nix/store/gpxl5qgg8kicmcvivwmybwjlpf7wh20l-graalvm17-ce-22.3.0/lib/libjli.so
7f943075c000-7f943075d000 rw-p 00012000 00:1595 4611686019135190033      /nix/store/gpxl5qgg8kicmcvivwmybwjlpf7wh20l-graalvm17-ce-22.3.0/lib/libjli.so
7f943075d000-7f9430760000 r--p 00000000 00:1595 4611686019106210071      /nix/store/026hln0aq1hyshaxsdvhg0kmcm6yf45r-zlib-1.2.13/lib/libz.so.1.2.13
7f9430760000-7f9430772000 r-xp 00003000 00:1595 4611686019106210071      /nix/store/026hln0aq1hyshaxsdvhg0kmcm6yf45r-zlib-1.2.13/lib/libz.so.1.2.13
7f9430772000-7f9430779000 r--p 00015000 00:1595 4611686019106210071      /nix/store/026hln0aq1hyshaxsdvhg0kmcm6yf45r-zlib-1.2.13/lib/libz.so.1.2.13
7f9430779000-7f943077a000 r--p 0001b000 00:1595 4611686019106210071      /nix/store/026hln0aq1hyshaxsdvhg0kmcm6yf45r-zlib-1.2.13/lib/libz.so.1.2.13
7f943077a000-7f943077b000 rw-p 0001c000 00:1595 4611686019106210071      /nix/store/026hln0aq1hyshaxsdvhg0kmcm6yf45r-zlib-1.2.13/lib/libz.so.1.2.13
7f943077b000-7f943077d000 rw-p 00000000 00:00 0 
7f943077d000-7f943077f000 r--p 00000000 00:1595 4611686019027979912      /nix/store/4nlgxhb09sdr51nc9hdm8az5b08vzkgx-glibc-2.35-163/lib/ld-linux-x86-64.so.2
7f943077f000-7f94307a6000 r-xp 00002000 00:1595 4611686019027979912      /nix/store/4nlgxhb09sdr51nc9hdm8az5b08vzkgx-glibc-2.35-163/lib/ld-linux-x86-64.so.2
7f94307a6000-7f94307b2000 r--p 00029000 00:1595 4611686019027979912      /nix/store/4nlgxhb09sdr51nc9hdm8az5b08vzkgx-glibc-2.35-163/lib/ld-linux-x86-64.so.2
7f94307b2000-7f94307b4000 r--p 00034000 00:1595 4611686019027979912      /nix/store/4nlgxhb09sdr51nc9hdm8az5b08vzkgx-glibc-2.35-163/lib/ld-linux-x86-64.so.2
7f94307b4000-7f94307b6000 rw-p 00036000 00:1595 4611686019027979912      /nix/store/4nlgxhb09sdr51nc9hdm8az5b08vzkgx-glibc-2.35-163/lib/ld-linux-x86-64.so.2
7ffc38eea000-7ffc38f0f000 rw-p 00000000 00:00 0                          [stack]
7ffc38f2f000-7ffc38f33000 r--p 00000000 00:00 0                          [vvar]
7ffc38f33000-7ffc38f35000 r-xp 00000000 00:00 0                          [vdso]
ffffffffff600000-ffffffffff601000 --xp 00000000 00:00 0                  [vsyscall]


VM Arguments:
jvm_args: -XX:ThreadPriorityPolicy=1 -XX:+UnlockExperimentalVMOptions -XX:+EnableJVMCIProduct -XX:JVMCIThreadsPerNativeLibraryRuntime=1 -XX:-UnlockExperimentalVMOptions -Declipse.application=org.eclipse.jdt.ls.core.id1 -Dosgi.bundles.defaultStartLevel=4 -Declipse.product=org.eclipse.jdt.ls.core.product -Dlog.level=ALL -Xverify:none -XX:+UseParallelGC -XX:GCTimeRatio=4 -XX:AdaptiveSizePolicyWeight=90 -Dsun.zip.disableMemoryMapping=true -Xmx512m -Xms100m 
java_command: /nix/store/m6gcpi1ii6rghy04cjwjddcavv7i90df-jdt-language-server-1.9.0/share/java/plugins/org.eclipse.equinox.launcher_1.6.400.v20210924-0641.jar --add-modules=ALL-SYSTEM --add-opens java.base/java.util=ALL-UNNAMED --add-opens java.base/java.lang=ALL-UNNAMED -configuration /home/runner/.cache/jdt-language-server/config -data /home/runner/.cache/jdt-language-server/data/home/runner/Grading-System
java_class_path (initial): /nix/store/m6gcpi1ii6rghy04cjwjddcavv7i90df-jdt-language-server-1.9.0/share/java/plugins/org.eclipse.equinox.launcher_1.6.400.v20210924-0641.jar
Launcher Type: SUN_STANDARD

[Global flags]
    uintx AdaptiveSizePolicyWeight                 = 90                                        {product} {command line}
     intx CICompilerCount                          = 2                                         {product} {ergonomic}
     bool EnableJVMCIProduct                       = true                                {JVMCI product} {jimage}
    uintx GCTimeRatio                              = 4                                         {product} {command line}
   size_t InitialHeapSize                          = 104857600                                 {product} {command line}
     uint JVMCIThreadsPerNativeLibraryRuntime      = 1                                   {JVMCI product} {jimage}
   size_t MaxHeapSize                              = 536870912                                 {product} {command line}
   size_t MaxNewSize                               = 178782208                                 {product} {ergonomic}
   size_t MinHeapDeltaBytes                        = 524288                                    {product} {ergonomic}
   size_t MinHeapSize                              = 104857600                                 {product} {command line}
   size_t NewSize                                  = 34603008                                  {product} {ergonomic}
    uintx NonNMethodCodeHeapSize                   = 5826188                                {pd product} {ergonomic}
    uintx NonProfiledCodeHeapSize                  = 122916026                              {pd product} {ergonomic}
   size_t OldSize                                  = 70254592                                  {product} {ergonomic}
    uintx ProfiledCodeHeapSize                     = 122916026                              {pd product} {ergonomic}
    uintx ReservedCodeCacheSize                    = 251658240                              {pd product} {ergonomic}
     bool SegmentedCodeCache                       = true                                      {product} {ergonomic}
   size_t SoftMaxHeapSize                          = 536870912                              {manageable} {ergonomic}
     intx ThreadPriorityPolicy                     = 1                                         {product} {jimage}
     bool UseCompressedClassPointers               = true                           {product lp64_product} {ergonomic}
     bool UseCompressedOops                        = true                           {product lp64_product} {ergonomic}
     bool UseParallelGC                            = true                                      {product} {command line}

Logging:
Log output configuration:
 #0: stdout all=warning uptime,level,tags
 #1: stderr all=off uptime,level,tags

Environment Variables:
JAVA_HOME=/nix/store/gpxl5qgg8kicmcvivwmybwjlpf7wh20l-graalvm17-ce-22.3.0
PATH=/nix/store/1d6ian3r8kdzspw8hacjhl3xkp40g1lj-binutils-wrapper-2.39/bin:/nix/store/dq0xwmsk1g0i2ayg6pb7y87na2knzylh-gcc-wrapper-11.3.0/bin:/nix/store/bap4d0lpcrhpwmpb8ayjcgkmvfj62lnq-bash-interactive-5.1-p16/bin:/nix/store/pr5n59mb4jzmfx6kanwxly0l07p861fg-patchelf-0.15.0/bin:/nix/store/1gf2flfqnpqbr1b4p4qz2f72y42bs56r-gcc-11.3.0/bin:/nix/store/57xv61c5zi8pphjbcwxxjlgc34p61ic9-glibc-2.35-163-bin/bin:/nix/store/a7gvj343m05j2s32xcnwr35v31ynlypr-coreutils-9.1/bin:/nix/store/039g378vc3pc3dvi9dzdlrd0i4q93qwf-binutils-2.39/bin:/nix/store/gpxl5qgg8kicmcvivwmybwjlpf7wh20l-graalvm17-ce-22.3.0/bin:/nix/store/6z9ag3ihc8mq2hzsw48lhbznvzny65nz-apache-maven-3.8.6/bin:/nix/store/m6gcpi1ii6rghy04cjwjddcavv7i90df-jdt-language-server-1.9.0/bin:/nix/store/84xs5alhs01zrbr4ywm05kxbjbp5590l-java-debug/bin:/nix/store/mydc6f4k2z73xlcz7ilif3v2lcaiqvza-findutils-4.9.0/bin:/nix/store/j9p3g8472iijd50vhdprx0nmk2fqn5gv-diffutils-3.8/bin:/nix/store/89zs7rms6x00xfq4dq6m7mjnhkr8a6r4-gnused-4.8/bin:/nix/store/86bp03jkmsl6f92w0yzg4s59g5mhxwmy-gnugrep-3.7/bin:/nix/store/hwcdqw4jrjnd37wxqgsd47hd0j8bnj09-gawk-5.1.1/bin:/nix/store/cfbhw8r8ags41vwqaz47r583d0p4h4a1-gnutar-1.34/bin:/nix/store/p3m1ndl1lapwrlh698bnb5lvvxh67378-gzip-1.12/bin:/nix/store/a8mhcagrsly7c7mpjrpsnaahk4aax056-bzip2-1.0.8-bin/bin:/nix/store/mblgz65m3zv9x548a3d5m96fj2pbwr09-gnumake-4.3/bin:/nix/store/dsd5gz46hdbdk2rfdimqddhq6m8m8fqs-bash-5.1-p16/bin:/nix/store/v7ljksji50mg3w61dykaa3n3y79n6nil-patch-2.7.6/bin:/nix/store/zlcnmqq14jz5x9439jf937mvayyl63da-xz-5.2.7-bin/bin:/nix/store/y6aj732zm9m87c82fpvf103a1xb22blp-file-5.43/bin:/nix/store/i4kzir3m7mrisxmf5xvlnkw01x4qaqr4-prybar-elisp-0.0.0-e0d9a52/bin:/nix/store/lwwivxf6h7x3cvxp9zv8sj0mv7dak99r-prybar-lua-0.0.0-e0d9a52/bin:/nix/store/gxj28g1cg4hq3qanmjv07156h800qr58-prybar-python3-0.0.0-e0d9a52/bin:/nix/store/hshkjnxrgidigf8x75vg6lqng2xlx9i3-prybar-sqlite-0.0.0-e0d9a52/bin:/nix/store/c4w01bpjgyy5ixmwdk8m1pw87zq4sl26-prybar-tcl-0.0.0-e0d9a52/bin:/nix/store/hpbvrlwd5viqmvcaisb3x0118i913a9n-st
LD_LIBRARY_PATH=/nix/store/a4pff549sk2idnkpzk5nsfps3mdkdnvm-cups-2.4.2-lib/lib:/nix/store/72mqxxhh3cy5yifh92wh2yb8cl2hikyy-cairo-1.16.0/lib:/nix/store/2k366jrbsra97gjfxwvrhvixjfxdach5-glib-2.74.1/lib:/nix/store/2j2znigd8ak37rlwh9khz0ry3clqlw1l-gtk+3-3.24.34/lib:/nix/store/hisqvx32cd57apbpcsnkpx6k3549wql1-libglvnd-1.4.0/lib:/nix/store/p36pgcv991mq5srvg765b78yqpxvk3qs-mesa-21.3.3-drivers/lib:/nix/store/mav4251if1ahjq5vkpwycyyvnmy459c4-pulseaudio-14.2/lib
DISPLAY=:0
LANG=en_US.UTF-8

Signal Handlers:
   SIGSEGV: crash_handler in libjvm.so, mask=11100100010111111101111111111110, flags=SA_RESTART|SA_SIGINFO
    SIGBUS: crash_handler in libjvm.so, mask=11100100010111111101111111111110, flags=SA_RESTART|SA_SIGINFO
    SIGFPE: crash_handler in libjvm.so, mask=11100100010111111101111111111110, flags=SA_RESTART|SA_SIGINFO
   SIGPIPE: IsolateEnterStub_IgnoreSIGPIPEStartupHook_noopSignalHandler_8f19bff2f35b5f630d83b364d6b2339320d4ec70_216e8361c6bc87a8f89f58cc10d3b2fd4415bf87 in libjvmcicompiler.so, mask=00000000000000000000000000000000, flags=SA_RESTART
  *** Handler was modified!
  *** Expected: javaSignalHandler in libjvm.so, mask=11100100110111111111111111111110, flags=SA_RESTART|SA_SIGINFO
   SIGXFSZ: javaSignalHandler in libjvm.so, mask=11100100010111111101111111111110, flags=SA_RESTART|SA_SIGINFO
    SIGILL: crash_handler in libjvm.so, mask=11100100010111111101111111111110, flags=SA_RESTART|SA_SIGINFO
   SIGUSR2: SR_handler in libjvm.so, mask=00000000000000000000000000000000, flags=SA_RESTART|SA_SIGINFO
    SIGHUP: UserHandler in libjvm.so, mask=11100100010111111101111111111110, flags=SA_RESTART|SA_SIGINFO
    SIGINT: UserHandler in libjvm.so, mask=11100100010111111101111111111110, flags=SA_RESTART|SA_SIGINFO
   SIGTERM: UserHandler in libjvm.so, mask=11100100010111111101111111111110, flags=SA_RESTART|SA_SIGINFO
   SIGQUIT: UserHandler in libjvm.so, mask=11100100010111111101111111111110, flags=SA_RESTART|SA_SIGINFO
  *** Handler was modified!
  *** Expected: javaSignalHandler in libjvm.so, mask=11100100110111111111111111111110, flags=SA_RESTART|SA_SIGINFO
   SIGTRAP: crash_handler in libjvm.so, mask=11100100010111111101111111111110, flags=SA_RESTART|SA_SIGINFO


---------------  S Y S T E M  ---------------

OS:
DISTRIB_ID=Ubuntu
DISTRIB_RELEASE=20.04
DISTRIB_CODENAME=focal
DISTRIB_DESCRIPTION="Ubuntu 20.04.2 LTS"
uname: Linux 5.15.0-1032-gcp #40~20.04.1-Ubuntu SMP Tue Apr 11 02:49:52 UTC 2023 x86_64
OS uptime: 0 days 5:49 hours
libc: glibc 2.35 NPTL 2.35 
rlimit (soft/hard): STACK 8192k/infinity , CORE infinity/infinity , NPROC infinity/infinity , NOFILE 5242/5242 , AS infinity/infinity , CPU infinity/infinity , DATA infinity/infinity , FSIZE infinity/infinity , MEMLOCK 64k/64k
load average: 30.25 27.76 21.94

/proc/meminfo:
MemTotal:       65852700 kB
MemFree:        22014904 kB
MemAvailable:   41092668 kB
Buffers:         2420520 kB
Cached:         15633848 kB
SwapCached:            0 kB
Active:          8147244 kB
Inactive:       30927248 kB
Active(anon):      15304 kB
Inactive(anon): 20880916 kB
Active(file):    8131940 kB
Inactive(file): 10046332 kB
Unevictable:       43192 kB
Mlocked:           43192 kB
SwapTotal:             0 kB
SwapFree:              0 kB
Dirty:              3540 kB
Writeback:             0 kB
AnonPages:      20341440 kB
Mapped:          2150240 kB
Shmem:             70876 kB
KReclaimable:    1626092 kB
Slab:            3691340 kB
SReclaimable:    1626092 kB
SUnreclaim:      2065248 kB
KernelStack:      409000 kB
PageTables:       178176 kB
NFS_Unstable:          0 kB
Bounce:                0 kB
WritebackTmp:          0 kB
CommitLimit:    32926348 kB
Committed_AS:   64777660 kB
VmallocTotal:   34359738367 kB
VmallocUsed:      459252 kB
VmallocChunk:          0 kB
Percpu:           105888 kB
HardwareCorrupted:     0 kB
AnonHugePages:   4149248 kB
ShmemHugePages:        0 kB
ShmemPmdMapped:        0 kB
FileHugePages:         0 kB
FilePmdMapped:         0 kB
HugePages_Total:       0
HugePages_Free:        0
HugePages_Rsvd:        0
HugePages_Surp:        0
Hugepagesize:       2048 kB
Hugetlb:               0 kB
DirectMap4k:     4272952 kB
DirectMap2M:    40812544 kB
DirectMap1G:    24117248 kB

/sys/kernel/mm/transparent_hugepage/enabled: always [madvise] never
/sys/kernel/mm/transparent_hugepage/defrag (defrag/compaction efforts parameter): always defer defer+madvise [madvise] never

Process Memory:
Virtual Size: 5462108K (peak: 5542700K)
Resident Set Size: 751872K (peak: 787820K) (anon: 554536K, file: 197336K, shmem: 0K)
Swapped out: 0K
C-Heap outstanding allocations: 41183K, retained: 16248K
glibc malloc tunables: (default)

/proc/sys/kernel/threads-max (system-wide limit on the number of threads): 514406
/proc/sys/vm/max_map_count (maximum number of memory map areas a process may have): 65530
/proc/sys/kernel/pid_max (system-wide limit on number of process identifiers): 4194304

container (cgroup) information:
container_type: cgroupv1
cpu_cpuset_cpus: 2-7
cpu_memory_nodes: 0
active_processor_count: 1
cpu_quota: 50000
cpu_period: 100000
cpu_shares: 512
memory_limit_in_bytes: 1048576 k
memory_and_swap_limit_in_bytes: 1048576 k
memory_soft_limit_in_bytes: 524288 k
memory_usage_in_bytes: 607816 k
memory_max_usage_in_bytes: 1048576 k
maximum number of tasks: 1000
current number of tasks: 64

KVM virtualization detected
Steal ticks since vm start: 0
Steal ticks percentage since vm start:  0.000

CPU: total 8 (initial active 1) (8 cores per cpu, 2 threads per core) family 23 model 49 stepping 0 microcode 0xffffffff, cx8, cmov, fxsr, ht, mmx, 3dnowpref, sse, sse2, sse3, ssse3, sse4a, sse4.1, sse4.2, popcnt, lzcnt, tsc, tscinvbit, avx, avx2, aes, clmul, bmi1, bmi2, adx, sha, fma, vzeroupper, clflush, clflushopt, hv
CPU Model and flags from /proc/cpuinfo:
model name	: AMD EPYC 7B12
flags		: fpu vme de pse tsc msr pae mce cx8 apic sep mtrr pge mca cmov pat pse36 clflush mmx fxsr sse sse2 ht syscall nx mmxext fxsr_opt pdpe1gb rdtscp lm constant_tsc rep_good nopl nonstop_tsc cpuid extd_apicid tsc_known_freq pni pclmulqdq ssse3 fma cx16 sse4_1 sse4_2 movbe popcnt aes xsave avx f16c rdrand hypervisor lahf_lm cmp_legacy cr8_legacy abm sse4a misalignsse 3dnowprefetch osvw topoext ssbd ibrs ibpb stibp vmmcall fsgsbase tsc_adjust bmi1 avx2 smep bmi2 rdseed adx smap clflushopt clwb sha_ni xsaveopt xsavec xgetbv1 clzero xsaveerptr arat npt nrip_save umip rdpid

Online cpus: 0-7
Offline cpus: 
BIOS frequency limitation: <Not Available>
Frequency switch latency (ns): <Not Available>
Available cpu frequencies: <Not Available>
Current governor: <Not Available>
Core performance/turbo boost: <Not Available>

Memory: 4k page, physical 1048576k(440748k free), swap 0k(0k free)
Page Sizes: 4k

vm_info: OpenJDK 64-Bit Server VM (17.0.5+8-jvmci-22.3-b08) for linux-amd64 JRE (17.0.5+8-jvmci-22.3-b08), built on Oct 19 2022 09:01:27 by "buildslave" with gcc 10.3.0

END.
