#
# A fatal error has been detected by the Java Runtime Environment:
#
#  Internal Error (jvmciRuntime.cpp:1609), pid=7163, tid=7177
#  fatal error: Fatal exception in JVMCI: Error calling jdk.vm.ci.services.Services.serializeSavedProperties
#
# JRE version: OpenJDK Runtime Environment GraalVM CE 22.3.0 (17.0.5+8) (build 17.0.5+8-jvmci-22.3-b08)
# Java VM: OpenJDK 64-Bit Server VM GraalVM CE 22.3.0 (17.0.5+8-jvmci-22.3-b08, mixed mode, sharing, tiered, jvmci, jvmci compiler, compressed oops, compressed class ptrs, parallel gc, linux-amd64)
# Problematic frame:
# V  [libjvm.so+0x972714]  JVMCIRuntime::fatal_exception(JVMCIEnv*, char const*)+0x74
#
# Core dump will be written. Default location: Core dumps may be processed with "/usr/share/apport/apport -p%p -s%s -c%c -d%d -P%P -u%u -g%g -- %E" (or dumping to /home/runner/Grading-System/core.7163)
#
# If you would like to submit a bug report, please visit:
#   https://github.com/oracle/graal/issues
#

---------------  S U M M A R Y ------------

Command Line: -XX:ThreadPriorityPolicy=1 -XX:+UnlockExperimentalVMOptions -XX:+EnableJVMCIProduct -XX:JVMCIThreadsPerNativeLibraryRuntime=1 -XX:-UnlockExperimentalVMOptions -Declipse.application=org.eclipse.jdt.ls.core.id1 -Dosgi.bundles.defaultStartLevel=4 -Declipse.product=org.eclipse.jdt.ls.core.product -Dlog.level=ALL -Xverify:none -XX:+UseParallelGC -XX:GCTimeRatio=4 -XX:AdaptiveSizePolicyWeight=90 -Dsun.zip.disableMemoryMapping=true -Xmx512m -Xms100m /nix/store/m6gcpi1ii6rghy04cjwjddcavv7i90df-jdt-language-server-1.9.0/share/java/plugins/org.eclipse.equinox.launcher_1.6.400.v20210924-0641.jar --add-modules=ALL-SYSTEM --add-opens java.base/java.util=ALL-UNNAMED --add-opens java.base/java.lang=ALL-UNNAMED -configuration /home/runner/.cache/jdt-language-server/config -data /home/runner/.cache/jdt-language-server/data/home/runner/Grading-System

Host: AMD EPYC 7B12, 8 cores, 1G, Ubuntu 20.04.2 LTS
Time: Sun Apr 23 20:43:17 2023 UTC elapsed time: 1546.587343 seconds (0d 0h 25m 46s)

---------------  T H R E A D  ---------------

Current thread (0x00007f57980b21e0):  JavaThread "JVMCI-native CompilerThread0" daemon [_thread_in_vm, id=7177, stack(0x00007f577e01a000,0x00007f577e21a000)]


Current CompileTask:
JVMCI-native:1546587 9880       4       org.eclipse.core.runtime.SubMonitor::isCanceled (20 bytes)

Stack: [0x00007f577e01a000,0x00007f577e21a000],  sp=0x00007f577e218380,  free space=2040k
Native frames: (J=compiled Java code, j=interpreted, Vv=VM code, C=native code)
V  [libjvm.so+0x972714]  JVMCIRuntime::fatal_exception(JVMCIEnv*, char const*)+0x74
V  [libjvm.so+0x93e2fe]  JVMCIEnv::copy_saved_properties()+0x14e
V  [libjvm.so+0x9732a9]  JVMCIRuntime::initialize(JVMCIEnv*)+0xb19
V  [libjvm.so+0x9738a2]  JVMCIRuntime::get_HotSpotJVMCIRuntime(JVMCIEnv*)+0x12
V  [libjvm.so+0x9749f2]  JVMCIRuntime::compile_method(JVMCIEnv*, JVMCICompiler*, methodHandle const&, int)+0xd2
V  [libjvm.so+0x5b0d20]  CompileBroker::invoke_compiler_on_method(CompileTask*)+0x1470
V  [libjvm.so+0x5b12e8]  CompileBroker::compiler_thread_loop()+0x528
V  [libjvm.so+0xd82460]  JavaThread::thread_main_inner()+0xd0
V  [libjvm.so+0xd85a40]  Thread::call_run()+0xc0
V  [libjvm.so+0xbdb1e1]  thread_native_entry(Thread*)+0xe1

Register to memory mapping:

RAX=0x00007f579dce4000 points into unknown readable memory: 0x0000000000000058 | 58 00 00 00 00 00 00 00
RBX=0x00007f579eddf398: <offset 0x0000000000ef5398> in /nix/store/gpxl5qgg8kicmcvivwmybwjlpf7wh20l-graalvm17-ce-22.3.0/lib/server/libjvm.so at 0x00007f579deea000
RCX=0x00007f579ed971e8: <offset 0x0000000000ead1e8> in /nix/store/gpxl5qgg8kicmcvivwmybwjlpf7wh20l-graalvm17-ce-22.3.0/lib/server/libjvm.so at 0x00007f579deea000
RDX=0x0000000000000649 is an unknown value
RSP=0x00007f577e218380 is pointing into the stack for thread: 0x00007f57980b21e0
RBP=0x00007f577e2183a0 is pointing into the stack for thread: 0x00007f57980b21e0
RSI=0x00007f579eddfc48: <offset 0x0000000000ef5c48> in /nix/store/gpxl5qgg8kicmcvivwmybwjlpf7wh20l-graalvm17-ce-22.3.0/lib/server/libjvm.so at 0x00007f579deea000
RDI=0x00000000e0000000 is an oop: java.util.jar.Attributes 
{0x00000000e0000000} - klass: 'java/util/jar/Attributes'
 - ---- fields (total size 2 words):
 - protected 'map' 'Ljava/util/Map;' @12  a 'java/util/LinkedHashMap'{0x00000000e0000010} (e0000010)
R8 =0x00007f579eddf398: <offset 0x0000000000ef5398> in /nix/store/gpxl5qgg8kicmcvivwmybwjlpf7wh20l-graalvm17-ce-22.3.0/lib/server/libjvm.so at 0x00007f579deea000
R9 =0x00007f577e218330 is pointing into the stack for thread: 0x00007f57980b21e0
R10=0x00007f577e219948 is pointing into the stack for thread: 0x00007f57980b21e0
R11=0x0000000000000293 is an unknown value
R12=0x0 is NULL
R13=0x00007f57980b21e0 is a thread
R14=0x00007f5798000b80 points into unknown readable memory: 0x00007f579f010a38 | 38 0a 01 9f 57 7f 00 00
R15=0x00007f579f11ee40: <offset 0x0000000001234e40> in /nix/store/gpxl5qgg8kicmcvivwmybwjlpf7wh20l-graalvm17-ce-22.3.0/lib/server/libjvm.so at 0x00007f579deea000


Registers:
RAX=0x00007f579dce4000, RBX=0x00007f579eddf398, RCX=0x00007f579ed971e8, RDX=0x0000000000000649
RSP=0x00007f577e218380, RBP=0x00007f577e2183a0, RSI=0x00007f579eddfc48, RDI=0x00000000e0000000
R8 =0x00007f579eddf398, R9 =0x00007f577e218330, R10=0x00007f577e219948, R11=0x0000000000000293
R12=0x0000000000000000, R13=0x00007f57980b21e0, R14=0x00007f5798000b80, R15=0x00007f579f11ee40
RIP=0x00007f579e85c714, EFLAGS=0x0000000000010206, CSGSFS=0x002b000000000033, ERR=0x0000000000000006
  TRAPNO=0x000000000000000e

Top of Stack: (sp=0x00007f577e218380)
0x00007f577e218380:   00007f577e218940 00007f57980b21e0
0x00007f577e218390:   00007f579c6758c8 0000000800c417a0
0x00007f577e2183a0:   00007f577e218500 00007f579e8282fe
0x00007f577e2183b0:   00007f577e2183e0 00007f577e218440 

Instructions: (pc=0x00007f579e85c714)
0x00007f579e85c614:   30 e8 f6 cf e8 ff 4c 89 e7 e8 2e 48 d1 ff 84 db
0x00007f579e85c624:   75 2a 4d 85 ed 74 04 4d 8b 6d 00 48 83 c4 08 44
0x00007f579e85c634:   89 f9 4c 89 f2 4c 89 ee 5b 4c 89 e7 41 5c 41 5d
0x00007f579e85c644:   41 5e 41 5f 5d e9 e2 47 d1 ff 66 90 48 83 c4 08
0x00007f579e85c654:   5b 41 5c 41 5d 41 5e 41 5f 5d c3 90 31 d2 be 08
0x00007f579e85c664:   00 00 00 4c 89 ff e8 b1 78 a3 ff 49 89 c5 e9 37
0x00007f579e85c674:   ff ff ff 66 0f 1f 84 00 00 00 00 00 48 8b 7a 08
0x00007f579e85c684:   e9 6d ff ff ff 0f 1f 80 00 00 00 00 e8 5b 48 0a
0x00007f579e85c694:   00 84 c0 75 89 e9 6a ff ff ff 66 90 55 48 89 e5
0x00007f579e85c6a4:   41 56 41 55 41 54 49 89 fc 53 48 89 f3 66 48 8d
0x00007f579e85c6b4:   3d 27 5e 85 00 66 66 48 e8 df 43 8d ff 4c 8b 28
0x00007f579e85c6c4:   8b 05 be 72 8a 00 85 c0 75 14 ba 01 00 00 00 48
0x00007f579e85c6d4:   8d 0d ae 72 8a 00 f0 0f b1 11 85 c0 74 4e be c8
0x00007f579e85c6e4:   00 00 00 4c 89 ef e8 01 0b 41 00 48 8d 05 12 ac
0x00007f579e85c6f4:   85 00 49 89 d8 48 8d 0d e8 aa 53 00 ba 49 06 00
0x00007f579e85c704:   00 48 8d 35 3c 35 58 00 bf 00 00 00 e0 48 8b 00
0x00007f579e85c714:   c6 00 58 31 c0 e8 e2 91 c6 ff 5b 41 5c 41 5d 41
0x00007f579e85c724:   5e 5d e9 55 34 26 00 0f 1f 44 00 00 48 8d 05 81
0x00007f579e85c734:   a3 8b 00 48 89 df 4c 8b 30 e8 9e 43 8d ff 48 89
0x00007f579e85c744:   de 48 89 c2 49 8b 06 4c 89 f7 ff 50 08 4c 89 f7
0x00007f579e85c754:   e8 a7 5c 27 00 4d 85 e4 74 12 be 01 00 00 00 4c
0x00007f579e85c764:   89 e7 e8 35 43 fc ff eb 82 0f 1f 00 be 01 00 00
0x00007f579e85c774:   00 4c 89 ef e8 d3 fd ff ff e9 6d ff ff ff 66 66
0x00007f579e85c784:   2e 0f 1f 84 00 00 00 00 00 0f 1f 00 55 48 89 e5
0x00007f579e85c794:   41 57 41 56 41 55 41 54 53 48 81 ec 08 02 00 00
0x00007f579e85c7a4:   64 48 8b 04 25 28 00 00 00 48 89 45 c8 8b 07 83
0x00007f579e85c7b4:   f8 02 0f 84 11 04 00 00 4c 8b 6f 18 49 89 ff 49
0x00007f579e85c7c4:   89 f4 4d 85 ed 74 14 4c 89 ef e8 5d 57 22 00 41
0x00007f579e85c7d4:   8b 07 83 f8 02 0f 84 19 04 00 00 48 8d 1d 9a 06
0x00007f579e85c7e4:   8a 00 4c 8d 35 0b 3c 58 00 eb 38 90 48 85 d2 7f
0x00007f579e85c7f4:   0d 48 8d 05 b4 c0 85 00 48 83 38 00 7e 0e 41 8b
0x00007f579e85c804:   77 2c 4c 89 f7 31 c0 e8 a0 b2 f7 ff 49 8b 7f 18 


Stack slot to memory mapping:
stack at sp + 0 slots: 0x00007f577e218940 is pointing into the stack for thread: 0x00007f57980b21e0
stack at sp + 1 slots: 0x00007f57980b21e0 is a thread
stack at sp + 2 slots: 0x00007f579c6758c8 points into unknown readable memory: 0x6573001880c9ffff | ff ff c9 80 18 00 73 65
stack at sp + 3 slots: 0x0000000800c417a0 is a pointer to class: 
jdk.vm.ci.services.Services {0x0000000800c417a0}
 - instance size:     2
 - klass size:        65
 - access:            public final synchronized 
 - state:             fully_initialized
 - name:              'jdk/vm/ci/services/Services'
 - super:             'java/lang/Object'
 - sub:               
 - arrays:            NULL
 - methods:           Array<T>(0x00007f577e83e750)
 - method ordering:   Array<T>(0x0000000800928960)
 - default_methods:   Array<T>(0x0000000000000000)
 - local interfaces:  Array<T>(0x00000008005ce810)
 - trans. interfaces: Array<T>(0x00000008005ce810)
 - constants:         constant pool [427] {0x00007f577e83d830} for 'jdk/vm/ci/services/Services' cache=0x00007f577e83fa20
 - class loader data:  loader data: 0x00007f57980283f0 of 'bootstrap'
 - source file:       'Services.java'
 - class annotations:       Array<T>(0x0000000000000000)
 - class type annotations:  Array<T>(0x0000000000000000)
 - field annotations:       Array<T>(0x0000000000000000)
 - field type annotations:  Array<T>(0x0000000000000000)
 - inner classes:     Array<T>(0x00007f577e83f9f0)
 - nest members:     Array<T>(0x00007f577e83fa10)
 - permitted subclasses:     Array<T>(0x00000008005ce7a0)
 - java mirror:       a 'java/lang/Class'{0x00000000e02a0f40} = 'jdk/vm/ci/services/Services'
 - vtable length      5  (start addr: 0x0000000800c41970)
 - itable length      2 (start addr: 0x0000000800c41998)
 - ---- static fields (3 words):
 - public static final 'IS_BUILDING_NATIVE_IMAGE' 'Z' @128 
 - public static final 'IS_IN_NATIVE_IMAGE' 'Z' @129 
 - private static volatile 'savedProperties' 'Ljava/util/Map;' @112 
 - static final 'JVMCI_ENABLED' 'Z' @130 
 - private static final 'servicesCache' 'Ljava/util/Map;' @116 
 - private static final 'MAX_UNICODE_IN_UTF8_LENGTH' 'I' @120 
 - private static final 'MAX_UTF8_PROPERTY_STRING_LENGTH' 'I' @124 
 - ---- non-static fields (0 words):
 - non-static oop maps: 
stack at sp + 4 slots: 0x00007f577e218500 is pointing into the stack for thread: 0x00007f57980b21e0
stack at sp + 5 slots: 0x00007f579e8282fe: <offset 0x000000000093e2fe> in /nix/store/gpxl5qgg8kicmcvivwmybwjlpf7wh20l-graalvm17-ce-22.3.0/lib/server/libjvm.so at 0x00007f579deea000
stack at sp + 6 slots: 0x00007f577e2183e0 is pointing into the stack for thread: 0x00007f57980b21e0
stack at sp + 7 slots: 0x00007f577e218440 is pointing into the stack for thread: 0x00007f57980b21e0


---------------  P R O C E S S  ---------------

Threads class SMR info:
_java_thread_list=0x00007f56c8000b70, length=43, elements={
0x00007f5798026690, 0x00007f57980a64d0, 0x00007f57980a7910, 0x00007f57980ae050,
0x00007f57980af400, 0x00007f57980b07f0, 0x00007f57980b21e0, 0x00007f57980b36f0,
0x00007f57980b4b40, 0x00007f57980d80f0, 0x00007f5798120170, 0x00007f57982c5c50,
0x00007f579830d850, 0x00007f57983108d0, 0x00007f572c02f470, 0x00007f572c42d9b0,
0x00007f572c4dd180, 0x00007f571c008380, 0x00007f572c684180, 0x00007f572c825b10,
0x00007f57983656b0, 0x00007f579842a990, 0x00007f570419de30, 0x00007f570419d0b0,
0x00007f57041a0e80, 0x00007f57041a1400, 0x00007f57041a1ec0, 0x00007f57041a2d70,
0x00007f57041a4590, 0x00007f5714015420, 0x00007f57041a57e0, 0x00007f5704140c30,
0x00007f5704141a90, 0x00007f5704143b80, 0x00007f5704144270, 0x00007f5704142ae0,
0x00007f570414eb10, 0x00007f5704150810, 0x00007f5704150f00, 0x00007f5704152000,
0x00007f5704153120, 0x00007f570414a0f0, 0x00007f56d4005c00
}

Java Threads: ( => current thread )
  0x00007f5798026690 JavaThread "main" [_thread_blocked, id=7169, stack(0x00007f579dd05000,0x00007f579de05000)]
  0x00007f57980a64d0 JavaThread "Reference Handler" daemon [_thread_blocked, id=7172, stack(0x00007f577f1b0000,0x00007f577f2b0000)]
  0x00007f57980a7910 JavaThread "Finalizer" daemon [_thread_blocked, id=7173, stack(0x00007f577f0b0000,0x00007f577f1b0000)]
  0x00007f57980ae050 JavaThread "Signal Dispatcher" daemon [_thread_blocked, id=7174, stack(0x00007f577e41a000,0x00007f577e51a000)]
  0x00007f57980af400 JavaThread "Service Thread" daemon [_thread_blocked, id=7175, stack(0x00007f577e31a000,0x00007f577e41a000)]
  0x00007f57980b07f0 JavaThread "Monitor Deflation Thread" daemon [_thread_blocked, id=7176, stack(0x00007f577e21a000,0x00007f577e31a000)]
=>0x00007f57980b21e0 JavaThread "JVMCI-native CompilerThread0" daemon [_thread_in_vm, id=7177, stack(0x00007f577e01a000,0x00007f577e21a000)]
  0x00007f57980b36f0 JavaThread "C1 CompilerThread0" daemon [_thread_blocked, id=7178, stack(0x00007f577de1a000,0x00007f577e01a000)]
  0x00007f57980b4b40 JavaThread "Sweeper thread" daemon [_thread_blocked, id=7179, stack(0x00007f577dd1a000,0x00007f577de1a000)]
  0x00007f57980d80f0 JavaThread "Common-Cleaner" daemon [_thread_blocked, id=7180, stack(0x00007f577dc1a000,0x00007f577dd1a000)]
  0x00007f5798120170 JavaThread "Notification Thread" daemon [_thread_blocked, id=7182, stack(0x00007f577db1a000,0x00007f577dc1a000)]
  0x00007f57982c5c50 JavaThread "Active Thread: Equinox Container: b99c8a86-2353-4709-a684-fd40812ecc35" [_thread_blocked, id=7194, stack(0x00007f577c700000,0x00007f577c800000)]
  0x00007f579830d850 JavaThread "Framework Event Dispatcher: Equinox Container: b99c8a86-2353-4709-a684-fd40812ecc35" daemon [_thread_blocked, id=7201, stack(0x00007f577c500000,0x00007f577c600000)]
  0x00007f57983108d0 JavaThread "Start Level: Equinox Container: b99c8a86-2353-4709-a684-fd40812ecc35" daemon [_thread_blocked, id=7202, stack(0x00007f577c300000,0x00007f577c400000)]
  0x00007f572c02f470 JavaThread "SCR Component Actor" daemon [_thread_blocked, id=7205, stack(0x00007f577c100000,0x00007f577c200000)]
  0x00007f572c42d9b0 JavaThread "Worker-JM" [_thread_blocked, id=7215, stack(0x00007f5745900000,0x00007f5745a00000)]
  0x00007f572c4dd180 JavaThread "Worker-0: Java indexing... " [_thread_blocked, id=7216, stack(0x00007f5745700000,0x00007f5745800000)]
  0x00007f571c008380 JavaThread "Worker-2" [_thread_blocked, id=7218, stack(0x00007f5745300000,0x00007f5745400000)]
  0x00007f572c684180 JavaThread "Java indexing" daemon [_thread_blocked, id=7219, stack(0x00007f5745100000,0x00007f5745200000)]
  0x00007f572c825b10 JavaThread "Bundle File Closer" daemon [_thread_blocked, id=7228, stack(0x00007f5744f00000,0x00007f5745000000)]
  0x00007f57983656b0 JavaThread "pool-3-thread-1" [_thread_blocked, id=7229, stack(0x00007f5744d00000,0x00007f5744e00000)]
  0x00007f579842a990 JavaThread "pool-2-thread-1" [_thread_blocked, id=7230, stack(0x00007f5744c00000,0x00007f5744d00000)]
  0x00007f570419de30 JavaThread "Thread-3" [_thread_blocked, id=7297, stack(0x00007f5745400000,0x00007f5745500000)]
  0x00007f570419d0b0 JavaThread "Thread-7" [_thread_blocked, id=7333, stack(0x00007f577c600000,0x00007f577c700000)]
  0x00007f57041a0e80 JavaThread "Thread-8" [_thread_blocked, id=7341, stack(0x00007f5744b00000,0x00007f5744c00000)]
  0x00007f57041a1400 JavaThread "Thread-11" [_thread_blocked, id=7345, stack(0x00007f577c000000,0x00007f577c100000)]
  0x00007f57041a1ec0 JavaThread "Thread-13" [_thread_blocked, id=7355, stack(0x00007f577c400000,0x00007f577c500000)]
  0x00007f57041a2d70 JavaThread "Thread-14" [_thread_blocked, id=7364, stack(0x00007f5745800000,0x00007f5745900000)]
  0x00007f57041a4590 JavaThread "Thread-15" [_thread_blocked, id=7373, stack(0x00007f5745600000,0x00007f5745700000)]
  0x00007f5714015420 JavaThread "Worker-4" [_thread_blocked, id=7374, stack(0x00007f5745200000,0x00007f5745300000)]
  0x00007f57041a57e0 JavaThread "Thread-18" [_thread_blocked, id=7385, stack(0x00007f5745000000,0x00007f5745100000)]
  0x00007f5704140c30 JavaThread "Thread-19" [_thread_blocked, id=7393, stack(0x00007f5744e00000,0x00007f5744f00000)]
  0x00007f5704141a90 JavaThread "Thread-20" [_thread_blocked, id=7403, stack(0x00007f5744a00000,0x00007f5744b00000)]
  0x00007f5704143b80 JavaThread "Thread-25" [_thread_blocked, id=7866, stack(0x00007f5745b00000,0x00007f5745c00000)]
  0x00007f5704144270 JavaThread "Thread-26" [_thread_blocked, id=7875, stack(0x00007f5745a00000,0x00007f5745b00000)]
  0x00007f5704142ae0 JavaThread "Thread-27" [_thread_blocked, id=7916, stack(0x00007f5745500000,0x00007f5745600000)]
  0x00007f570414eb10 JavaThread "Thread-30" [_thread_blocked, id=7943, stack(0x00007f577d400000,0x00007f577d500000)]
  0x00007f5704150810 JavaThread "Thread-31" [_thread_blocked, id=8024, stack(0x00007f577d800000,0x00007f577d900000)]
  0x00007f5704150f00 JavaThread "Thread-32" [_thread_blocked, id=8065, stack(0x00007f577d200000,0x00007f577d300000)]
  0x00007f5704152000 JavaThread "Thread-36" [_thread_blocked, id=8117, stack(0x00007f577d000000,0x00007f577d100000)]
  0x00007f5704153120 JavaThread "Thread-37" [_thread_blocked, id=8521, stack(0x00007f577cc00000,0x00007f577cd00000)]
  0x00007f570414a0f0 JavaThread "Thread-38" [_thread_blocked, id=10392, stack(0x00007f577ce00000,0x00007f577cf00000)]
  0x00007f56d4005c00 JavaThread "Worker-5: Periodic workspace save." [_thread_blocked, id=11329, stack(0x00007f577d918000,0x00007f577da18000)]

Other Threads:
  0x00007f57980a1c10 VMThread "VM Thread" [stack: 0x00007f577f2b2000,0x00007f577f3b2000] [id=7171] _threads_hazard_ptr=0x00007f56c8000b70
  0x00007f5798121b10 WatcherThread [stack: 0x00007f577da1a000,0x00007f577db1a000] [id=7183]
  0x00007f579803df30 GCTaskThread "GC Thread#0" [stack: 0x00007f579d8c8000,0x00007f579d9c8000] [id=7170]

Threads with active compile tasks:
JVMCI-native CompilerThread0  1546651 9880       4       org.eclipse.core.runtime.SubMonitor::isCanceled (20 bytes)

VM state: synchronizing (normal execution)

VM Mutex/Monitor currently owned by a thread:  ([mutex/lock_event])
[0x00007f5798023840] Threads_lock - owner thread: 0x00007f57980a1c10
[0x00007f5798023ff0] Heap_lock - owner thread: 0x00007f5704150810

OutOfMemory and StackOverflow Exception counts:
OutOfMemoryError java_heap_errors=16
LinkageErrors=61

Heap address: 0x00000000e0000000, size: 512 MB, Compressed Oops mode: 32-bit

CDS archive(s) mapped at: [0x0000000800000000-0x0000000800bc8000-0x0000000800bc8000), size 12353536, SharedBaseAddress: 0x0000000800000000, ArchiveRelocationMode: 0.
Compressed class space mapped at: 0x0000000800c00000-0x0000000840c00000, reserved size: 1073741824
Narrow klass base: 0x0000000800000000, Narrow klass shift: 0, Narrow klass range: 0x100000000

GC Precious Log:
 CPUs: 8 total, 1 available
 Memory: 1024M
 Large Page Support: Disabled
 NUMA Support: Disabled
 Compressed Oops: Enabled (32-bit)
 Alignments: Space 512K, Generation 512K, Heap 2M
 Heap Min Capacity: 100M
 Heap Initial Capacity: 100M
 Heap Max Capacity: 512M
 Pre-touch: Disabled
 Parallel Workers: 1

Heap:
 PSYoungGen      total 28672K, used 20479K [0x00000000f5580000, 0x00000000f8180000, 0x0000000100000000)
  eden space 20480K, 99% used [0x00000000f5580000,0x00000000f697fff0,0x00000000f6980000)
  from space 8192K, 0% used [0x00000000f6980000,0x00000000f6980000,0x00000000f7180000)
  to   space 10752K, 0% used [0x00000000f7700000,0x00000000f7700000,0x00000000f8180000)
 ParOldGen       total 349696K, used 349695K [0x00000000e0000000, 0x00000000f5580000, 0x00000000f5580000)
  object space 349696K, 99% used [0x00000000e0000000,0x00000000f557fff0,0x00000000f5580000)
 Metaspace       used 56479K, committed 57344K, reserved 1105920K
  class space    used 5350K, committed 5760K, reserved 1048576K

Card table byte_map: [0x00007f579d9c8000,0x00007f579dac9000] _byte_map_base: 0x00007f579d2c8000

Marking Bits: (ParMarkBitMap*) 0x00007f579f1184c0
 Begin Bits: [0x00007f579c81b000, 0x00007f579d01b000)
 End Bits:   [0x00007f579d01b000, 0x00007f579d81b000)

Polling page: 0x00007f579dce2000

Metaspace:

Usage:
  Non-class:     49.93 MB used.
      Class:      5.23 MB used.
       Both:     55.16 MB used.

Virtual space:
  Non-class space:       56.00 MB reserved,      50.38 MB ( 90%) committed,  7 nodes.
      Class space:        1.00 GB reserved,       5.62 MB ( <1%) committed,  1 nodes.
             Both:        1.05 GB reserved,      56.00 MB (  5%) committed. 

Chunk freelists:
   Non-Class:  1.45 MB
       Class:  2.37 MB
        Both:  3.82 MB

MaxMetaspaceSize: unlimited
CompressedClassSpaceSize: 1.00 GB
Initial GC threshold: 21.00 MB
Current GC threshold: 93.12 MB
CDS: on
MetaspaceReclaimPolicy: balanced
 - commit_granule_bytes: 65536.
 - commit_granule_words: 8192.
 - virtual_space_node_default_size: 1048576.
 - enlarge_chunks_in_place: 1.
 - new_chunks_are_fully_committed: 0.
 - uncommit_free_chunks: 1.
 - use_allocation_guard: 0.
 - handle_deallocations: 1.


Internal statistics:

num_allocs_failed_limit: 6.
num_arena_births: 500.
num_arena_deaths: 148.
num_vsnodes_births: 8.
num_vsnodes_deaths: 0.
num_space_committed: 895.
num_space_uncommitted: 0.
num_chunks_returned_to_freelist: 200.
num_chunks_taken_from_freelist: 2897.
num_chunk_merges: 79.
num_chunk_splits: 1859.
num_chunks_enlarged: 1155.
num_purges: 22.
num_inconsistent_stats: 0.

CodeHeap 'non-profiled nmethods': size=120036Kb used=2847Kb max_used=2847Kb free=117188Kb
 bounds [0x00007f5786f7a000, 0x00007f578724a000, 0x00007f578e4b3000]
CodeHeap 'profiled nmethods': size=120032Kb used=17631Kb max_used=17631Kb free=102400Kb
 bounds [0x00007f577fa42000, 0x00007f5780b82000, 0x00007f5786f7a000]
CodeHeap 'non-nmethods': size=5692Kb used=1367Kb max_used=1368Kb free=4324Kb
 bounds [0x00007f577f4b3000, 0x00007f577f723000, 0x00007f577fa42000]
 total_blobs=8126 nmethods=7421 adapters=589
 compilation: enabled
              stopped_count=0, restarted_count=0
 full_count=0

JVMCI Events (20 events):
Event: 1209.306 Thread 0x00007f57980b21e0 destroyed JavaVM[7]@0x00007f574449e340 for JVMCI runtime 0
Event: 1209.306 Thread 0x00007f57980b21e0 compacted oop handles in JVMCI runtime 0 from 113 to 113
Event: 1209.306 Thread 0x00007f57980b21e0 releasing handles for JVMCI runtime 0: oop handles=113, metadata handles={total=480, live=471, blocks=34}
Event: 1209.306 Thread 0x00007f57980b21e0 detached from JVMCI runtime 0
Event: 1268.455 Thread 0x00007f57980b21e0 attached to JVMCI runtime 0
Event: 1268.456 Thread 0x00007f57980b21e0 created JavaVM[8]@0x00007f574449e340 for JVMCI runtime 0
Event: 1269.602 Thread 0x00007f57980b21e0 initializing JVMCI runtime 0
Event: 1269.602 Thread 0x00007f57980b21e0 done waiting for JavaVM references initialization in JVMCI runtime 0
Event: 1296.564 Thread 0x00007f57980b21e0 initialized JVMCI runtime 0
Event: 1297.690 Thread 0x00007f57980b21e0 detaching from JVMCI runtime 0: releasing idle compiler thread (0 other threads still attached)
Event: 1297.690 Thread 0x00007f57980b21e0 shutting down HotSpotJVMCIRuntime for JVMCI runtime 0
Event: 1297.690 Thread 0x00007f57980b21e0 shut down JVMCI runtime 0
Event: 1297.692 Thread 0x00007f57980b21e0 destroyed JavaVM[8]@0x00007f574449e340 for JVMCI runtime 0
Event: 1297.692 Thread 0x00007f57980b21e0 compacted oop handles in JVMCI runtime 0 from 57 to 57
Event: 1297.692 Thread 0x00007f57980b21e0 releasing handles for JVMCI runtime 0: oop handles=57, metadata handles={total=96, live=90, blocks=34}
Event: 1297.692 Thread 0x00007f57980b21e0 detached from JVMCI runtime 0
Event: 1395.804 Thread 0x00007f57980b21e0 attached to JVMCI runtime 0
Event: 1395.806 Thread 0x00007f57980b21e0 created JavaVM[9]@0x00007f574449e340 for JVMCI runtime 0
Event: 1395.806 Thread 0x00007f57980b21e0 initializing JVMCI runtime 0
Event: 1395.806 Thread 0x00007f57980b21e0 done waiting for JavaVM references initialization in JVMCI runtime 0

Compilation events (20 events):
Event: 1207.988 Thread 0x00007f57980b21e0 nmethod 9835 0x00007f578723f190 code [0x00007f578723f3a0, 0x00007f578723fe20]
Event: 1207.988 Thread 0x00007f57980b21e0 9823       4       java.util.Collections$UnmodifiableMap$UnmodifiableEntrySet$1::hasNext (10 bytes)
Event: 1207.990 Thread 0x00007f57980b21e0 nmethod 9823 0x00007f5787240510 code [0x00007f5787240680, 0x00007f5787240730]
Event: 1263.370 Thread 0x00007f57980b36f0 9869       3       java.lang.invoke.MethodHandle::intrinsicName (4 bytes)
Event: 1264.780 Thread 0x00007f57980b36f0 nmethod 9869 0x00007f5780b6f790 code [0x00007f5780b6f920, 0x00007f5780b6fa30]
Event: 1268.455 Thread 0x00007f57980b21e0 9871 %     4       org.eclipse.jdt.internal.core.JavaElement::getAncestor @ 5 (30 bytes)
Event: 1269.602 Thread 0x00007f57980b36f0 9873       3       java.util.concurrent.ThreadPoolExecutor::workerCountOf (5 bytes)
Event: 1269.603 Thread 0x00007f57980b36f0 nmethod 9873 0x00007f5780b6fa90 code [0x00007f5780b6fc20, 0x00007f5780b6fd10]
Event: 1296.576 Thread 0x00007f57980b21e0 nmethod 9871% 0x00007f5787240c10 code [0x00007f5787240de0, 0x00007f5787241070]
Event: 1296.576 Thread 0x00007f57980b21e0 9872       4       org.eclipse.jdt.internal.core.Openable::getPackageFragmentRoot (9 bytes)
Event: 1296.579 Thread 0x00007f57980b21e0 nmethod 9872 0x00007f5787241210 code [0x00007f57872413e0, 0x00007f5787241590]
Event: 1330.969 Thread 0x00007f57980b36f0 9875       3       java.util.concurrent.ScheduledThreadPoolExecutor$DelayedWorkQueue::setIndex (16 bytes)
Event: 1330.970 Thread 0x00007f57980b36f0 nmethod 9875 0x00007f5780b6fd90 code [0x00007f5780b6ff40, 0x00007f5780b70510]
Event: 1330.970 Thread 0x00007f57980b36f0 9874       1       java.util.concurrent.ThreadPoolExecutor::getQueue (5 bytes)
Event: 1330.970 Thread 0x00007f57980b36f0 nmethod 9874 0x00007f5787241710 code [0x00007f57872418a0, 0x00007f5787241970]
Event: 1334.782 Thread 0x00007f57980b36f0 9877       3       org.eclipse.core.internal.jobs.JobQueue::isEmpty (18 bytes)
Event: 1335.970 Thread 0x00007f57980b36f0 nmethod 9877 0x00007f5780b70610 code [0x00007f5780b707c0, 0x00007f5780b70950]
Event: 1359.560 Thread 0x00007f57980b36f0 9879   !   3       org.eclipse.jdt.internal.core.ClassFile::getJarBinaryTypeInfo (336 bytes)
Event: 1359.564 Thread 0x00007f57980b36f0 nmethod 9879 0x00007f5780b70a10 code [0x00007f5780b710c0, 0x00007f5780b78890]
Event: 1395.804 Thread 0x00007f57980b21e0 9880       4       org.eclipse.core.runtime.SubMonitor::isCanceled (20 bytes)

GC Heap History (20 events):
Event: 1534.470 GC heap before
{Heap before GC invocations=1279 (full 1167):
 PSYoungGen      total 28672K, used 20479K [0x00000000f5580000, 0x00000000f8180000, 0x0000000100000000)
  eden space 20480K, 99% used [0x00000000f5580000,0x00000000f697fff8,0x00000000f6980000)
  from space 8192K, 0% used [0x00000000f6980000,0x00000000f6980000,0x00000000f7180000)
  to   space 10752K, 0% used [0x00000000f7700000,0x00000000f7700000,0x00000000f8180000)
 ParOldGen       total 349696K, used 349695K [0x00000000e0000000, 0x00000000f5580000, 0x00000000f5580000)
  object space 349696K, 99% used [0x00000000e0000000,0x00000000f557fff8,0x00000000f5580000)
 Metaspace       used 56479K, committed 57344K, reserved 1105920K
  class space    used 5350K, committed 5760K, reserved 1048576K
}
Event: 1535.650 GC heap after
{Heap after GC invocations=1279 (full 1167):
 PSYoungGen      total 31232K, used 20479K [0x00000000f5580000, 0x00000000f8180000, 0x0000000100000000)
  eden space 20480K, 99% used [0x00000000f5580000,0x00000000f697ff98,0x00000000f6980000)
  from space 10752K, 0% used [0x00000000f7700000,0x00000000f7700000,0x00000000f8180000)
  to   space 8192K, 0% used [0x00000000f6980000,0x00000000f6980000,0x00000000f7180000)
 ParOldGen       total 349696K, used 349695K [0x00000000e0000000, 0x00000000f5580000, 0x00000000f5580000)
  object space 349696K, 99% used [0x00000000e0000000,0x00000000f557fc88,0x00000000f5580000)
 Metaspace       used 56479K, committed 57344K, reserved 1105920K
  class space    used 5350K, committed 5760K, reserved 1048576K
}
Event: 1535.651 GC heap before
{Heap before GC invocations=1280 (full 1168):
 PSYoungGen      total 31232K, used 20479K [0x00000000f5580000, 0x00000000f8180000, 0x0000000100000000)
  eden space 20480K, 99% used [0x00000000f5580000,0x00000000f697ffe8,0x00000000f6980000)
  from space 10752K, 0% used [0x00000000f7700000,0x00000000f7700000,0x00000000f8180000)
  to   space 8192K, 0% used [0x00000000f6980000,0x00000000f6980000,0x00000000f7180000)
 ParOldGen       total 349696K, used 349695K [0x00000000e0000000, 0x00000000f5580000, 0x00000000f5580000)
  object space 349696K, 99% used [0x00000000e0000000,0x00000000f557fc88,0x00000000f5580000)
 Metaspace       used 56479K, committed 57344K, reserved 1105920K
  class space    used 5350K, committed 5760K, reserved 1048576K
}
Event: 1536.959 GC heap after
{Heap after GC invocations=1280 (full 1168):
 PSYoungGen      total 28672K, used 20479K [0x00000000f5580000, 0x00000000f8180000, 0x0000000100000000)
  eden space 20480K, 99% used [0x00000000f5580000,0x00000000f697ffb0,0x00000000f6980000)
  from space 8192K, 0% used [0x00000000f6980000,0x00000000f6980000,0x00000000f7180000)
  to   space 10752K, 0% used [0x00000000f7700000,0x00000000f7700000,0x00000000f8180000)
 ParOldGen       total 349696K, used 349695K [0x00000000e0000000, 0x00000000f5580000, 0x00000000f5580000)
  object space 349696K, 99% used [0x00000000e0000000,0x00000000f557fc88,0x00000000f5580000)
 Metaspace       used 56479K, committed 57344K, reserved 1105920K
  class space    used 5350K, committed 5760K, reserved 1048576K
}
Event: 1536.960 GC heap before
{Heap before GC invocations=1281 (full 1169):
 PSYoungGen      total 28672K, used 20479K [0x00000000f5580000, 0x00000000f8180000, 0x0000000100000000)
  eden space 20480K, 99% used [0x00000000f5580000,0x00000000f697fff0,0x00000000f6980000)
  from space 8192K, 0% used [0x00000000f6980000,0x00000000f6980000,0x00000000f7180000)
  to   space 10752K, 0% used [0x00000000f7700000,0x00000000f7700000,0x00000000f8180000)
 ParOldGen       total 349696K, used 349695K [0x00000000e0000000, 0x00000000f5580000, 0x00000000f5580000)
  object space 349696K, 99% used [0x00000000e0000000,0x00000000f557fc88,0x00000000f5580000)
 Metaspace       used 56479K, committed 57344K, reserved 1105920K
  class space    used 5350K, committed 5760K, reserved 1048576K
}
Event: 1538.233 GC heap after
{Heap after GC invocations=1281 (full 1169):
 PSYoungGen      total 31232K, used 20479K [0x00000000f5580000, 0x00000000f8180000, 0x0000000100000000)
  eden space 20480K, 99% used [0x00000000f5580000,0x00000000f697ffd8,0x00000000f6980000)
  from space 10752K, 0% used [0x00000000f7700000,0x00000000f7700000,0x00000000f8180000)
  to   space 8192K, 0% used [0x00000000f6980000,0x00000000f6980000,0x00000000f7180000)
 ParOldGen       total 349696K, used 349695K [0x00000000e0000000, 0x00000000f5580000, 0x00000000f5580000)
  object space 349696K, 99% used [0x00000000e0000000,0x00000000f557fc40,0x00000000f5580000)
 Metaspace       used 56479K, committed 57344K, reserved 1105920K
  class space    used 5350K, committed 5760K, reserved 1048576K
}
Event: 1538.233 GC heap before
{Heap before GC invocations=1282 (full 1170):
 PSYoungGen      total 31232K, used 20479K [0x00000000f5580000, 0x00000000f8180000, 0x0000000100000000)
  eden space 20480K, 99% used [0x00000000f5580000,0x00000000f697fff0,0x00000000f6980000)
  from space 10752K, 0% used [0x00000000f7700000,0x00000000f7700000,0x00000000f8180000)
  to   space 8192K, 0% used [0x00000000f6980000,0x00000000f6980000,0x00000000f7180000)
 ParOldGen       total 349696K, used 349695K [0x00000000e0000000, 0x00000000f5580000, 0x00000000f5580000)
  object space 349696K, 99% used [0x00000000e0000000,0x00000000f557fc40,0x00000000f5580000)
 Metaspace       used 56479K, committed 57344K, reserved 1105920K
  class space    used 5350K, committed 5760K, reserved 1048576K
}
Event: 1539.390 GC heap after
{Heap after GC invocations=1282 (full 1170):
 PSYoungGen      total 28672K, used 20479K [0x00000000f5580000, 0x00000000f8180000, 0x0000000100000000)
  eden space 20480K, 99% used [0x00000000f5580000,0x00000000f697ff98,0x00000000f6980000)
  from space 8192K, 0% used [0x00000000f6980000,0x00000000f6980000,0x00000000f7180000)
  to   space 10752K, 0% used [0x00000000f7700000,0x00000000f7700000,0x00000000f8180000)
 ParOldGen       total 349696K, used 349695K [0x00000000e0000000, 0x00000000f5580000, 0x00000000f5580000)
  object space 349696K, 99% used [0x00000000e0000000,0x00000000f557fc40,0x00000000f5580000)
 Metaspace       used 56479K, committed 57344K, reserved 1105920K
  class space    used 5350K, committed 5760K, reserved 1048576K
}
Event: 1539.395 GC heap before
{Heap before GC invocations=1283 (full 1171):
 PSYoungGen      total 28672K, used 20479K [0x00000000f5580000, 0x00000000f8180000, 0x0000000100000000)
  eden space 20480K, 99% used [0x00000000f5580000,0x00000000f697fff8,0x00000000f6980000)
  from space 8192K, 0% used [0x00000000f6980000,0x00000000f6980000,0x00000000f7180000)
  to   space 10752K, 0% used [0x00000000f7700000,0x00000000f7700000,0x00000000f8180000)
 ParOldGen       total 349696K, used 349695K [0x00000000e0000000, 0x00000000f5580000, 0x00000000f5580000)
  object space 349696K, 99% used [0x00000000e0000000,0x00000000f557fc40,0x00000000f5580000)
 Metaspace       used 56479K, committed 57344K, reserved 1105920K
  class space    used 5350K, committed 5760K, reserved 1048576K
}
Event: 1540.573 GC heap after
{Heap after GC invocations=1283 (full 1171):
 PSYoungGen      total 31232K, used 20479K [0x00000000f5580000, 0x00000000f8180000, 0x0000000100000000)
  eden space 20480K, 99% used [0x00000000f5580000,0x00000000f697fff8,0x00000000f6980000)
  from space 10752K, 0% used [0x00000000f7700000,0x00000000f7700000,0x00000000f8180000)
  to   space 8192K, 0% used [0x00000000f6980000,0x00000000f6980000,0x00000000f7180000)
 ParOldGen       total 349696K, used 349695K [0x00000000e0000000, 0x00000000f5580000, 0x00000000f5580000)
  object space 349696K, 99% used [0x00000000e0000000,0x00000000f557fc40,0x00000000f5580000)
 Metaspace       used 56479K, committed 57344K, reserved 1105920K
  class space    used 5350K, committed 5760K, reserved 1048576K
}
Event: 1540.574 GC heap before
{Heap before GC invocations=1284 (full 1172):
 PSYoungGen      total 31232K, used 20479K [0x00000000f5580000, 0x00000000f8180000, 0x0000000100000000)
  eden space 20480K, 99% used [0x00000000f5580000,0x00000000f697fff8,0x00000000f6980000)
  from space 10752K, 0% used [0x00000000f7700000,0x00000000f7700000,0x00000000f8180000)
  to   space 8192K, 0% used [0x00000000f6980000,0x00000000f6980000,0x00000000f7180000)
 ParOldGen       total 349696K, used 349695K [0x00000000e0000000, 0x00000000f5580000, 0x00000000f5580000)
  object space 349696K, 99% used [0x00000000e0000000,0x00000000f557fff8,0x00000000f5580000)
 Metaspace       used 56479K, committed 57344K, reserved 1105920K
  class space    used 5350K, committed 5760K, reserved 1048576K
}
Event: 1541.780 GC heap after
{Heap after GC invocations=1284 (full 1172):
 PSYoungGen      total 28672K, used 20479K [0x00000000f5580000, 0x00000000f8180000, 0x0000000100000000)
  eden space 20480K, 99% used [0x00000000f5580000,0x00000000f697ff98,0x00000000f6980000)
  from space 8192K, 0% used [0x00000000f6980000,0x00000000f6980000,0x00000000f7180000)
  to   space 10752K, 0% used [0x00000000f7700000,0x00000000f7700000,0x00000000f8180000)
 ParOldGen       total 349696K, used 349695K [0x00000000e0000000, 0x00000000f5580000, 0x00000000f5580000)
  object space 349696K, 99% used [0x00000000e0000000,0x00000000f557fca0,0x00000000f5580000)
 Metaspace       used 56479K, committed 57344K, reserved 1105920K
  class space    used 5350K, committed 5760K, reserved 1048576K
}
Event: 1541.781 GC heap before
{Heap before GC invocations=1285 (full 1173):
 PSYoungGen      total 28672K, used 20479K [0x00000000f5580000, 0x00000000f8180000, 0x0000000100000000)
  eden space 20480K, 99% used [0x00000000f5580000,0x00000000f697fff0,0x00000000f6980000)
  from space 8192K, 0% used [0x00000000f6980000,0x00000000f6980000,0x00000000f7180000)
  to   space 10752K, 0% used [0x00000000f7700000,0x00000000f7700000,0x00000000f8180000)
 ParOldGen       total 349696K, used 349695K [0x00000000e0000000, 0x00000000f5580000, 0x00000000f5580000)
  object space 349696K, 99% used [0x00000000e0000000,0x00000000f557fca0,0x00000000f5580000)
 Metaspace       used 56479K, committed 57344K, reserved 1105920K
  class space    used 5350K, committed 5760K, reserved 1048576K
}
Event: 1543.054 GC heap after
{Heap after GC invocations=1285 (full 1173):
 PSYoungGen      total 31232K, used 20479K [0x00000000f5580000, 0x00000000f8180000, 0x0000000100000000)
  eden space 20480K, 99% used [0x00000000f5580000,0x00000000f697ff98,0x00000000f6980000)
  from space 10752K, 0% used [0x00000000f7700000,0x00000000f7700000,0x00000000f8180000)
  to   space 8192K, 0% used [0x00000000f6980000,0x00000000f6980000,0x00000000f7180000)
 ParOldGen       total 349696K, used 349695K [0x00000000e0000000, 0x00000000f5580000, 0x00000000f5580000)
  object space 349696K, 99% used [0x00000000e0000000,0x00000000f557fc40,0x00000000f5580000)
 Metaspace       used 56479K, committed 57344K, reserved 1105920K
  class space    used 5350K, committed 5760K, reserved 1048576K
}
Event: 1543.055 GC heap before
{Heap before GC invocations=1286 (full 1174):
 PSYoungGen      total 31232K, used 20479K [0x00000000f5580000, 0x00000000f8180000, 0x0000000100000000)
  eden space 20480K, 99% used [0x00000000f5580000,0x00000000f697fff8,0x00000000f6980000)
  from space 10752K, 0% used [0x00000000f7700000,0x00000000f7700000,0x00000000f8180000)
  to   space 8192K, 0% used [0x00000000f6980000,0x00000000f6980000,0x00000000f7180000)
 ParOldGen       total 349696K, used 349695K [0x00000000e0000000, 0x00000000f5580000, 0x00000000f5580000)
  object space 349696K, 99% used [0x00000000e0000000,0x00000000f557fc40,0x00000000f5580000)
 Metaspace       used 56479K, committed 57344K, reserved 1105920K
  class space    used 5350K, committed 5760K, reserved 1048576K
}
Event: 1544.164 GC heap after
{Heap after GC invocations=1286 (full 1174):
 PSYoungGen      total 28672K, used 20479K [0x00000000f5580000, 0x00000000f8180000, 0x0000000100000000)
  eden space 20480K, 99% used [0x00000000f5580000,0x00000000f697fff8,0x00000000f6980000)
  from space 8192K, 0% used [0x00000000f6980000,0x00000000f6980000,0x00000000f7180000)
  to   space 10752K, 0% used [0x00000000f7700000,0x00000000f7700000,0x00000000f8180000)
 ParOldGen       total 349696K, used 349695K [0x00000000e0000000, 0x00000000f5580000, 0x00000000f5580000)
  object space 349696K, 99% used [0x00000000e0000000,0x00000000f557fc40,0x00000000f5580000)
 Metaspace       used 56479K, committed 57344K, reserved 1105920K
  class space    used 5350K, committed 5760K, reserved 1048576K
}
Event: 1544.164 GC heap before
{Heap before GC invocations=1287 (full 1175):
 PSYoungGen      total 28672K, used 20479K [0x00000000f5580000, 0x00000000f8180000, 0x0000000100000000)
  eden space 20480K, 99% used [0x00000000f5580000,0x00000000f697fff8,0x00000000f6980000)
  from space 8192K, 0% used [0x00000000f6980000,0x00000000f6980000,0x00000000f7180000)
  to   space 10752K, 0% used [0x00000000f7700000,0x00000000f7700000,0x00000000f8180000)
 ParOldGen       total 349696K, used 349695K [0x00000000e0000000, 0x00000000f5580000, 0x00000000f5580000)
  object space 349696K, 99% used [0x00000000e0000000,0x00000000f557fff0,0x00000000f5580000)
 Metaspace       used 56479K, committed 57344K, reserved 1105920K
  class space    used 5350K, committed 5760K, reserved 1048576K
}
Event: 1545.306 GC heap after
{Heap after GC invocations=1287 (full 1175):
 PSYoungGen      total 31232K, used 20479K [0x00000000f5580000, 0x00000000f8180000, 0x0000000100000000)
  eden space 20480K, 99% used [0x00000000f5580000,0x00000000f697ffb0,0x00000000f6980000)
  from space 10752K, 0% used [0x00000000f7700000,0x00000000f7700000,0x00000000f8180000)
  to   space 8192K, 0% used [0x00000000f6980000,0x00000000f6980000,0x00000000f7180000)
 ParOldGen       total 349696K, used 349695K [0x00000000e0000000, 0x00000000f5580000, 0x00000000f5580000)
  object space 349696K, 99% used [0x00000000e0000000,0x00000000f557fee8,0x00000000f5580000)
 Metaspace       used 56479K, committed 57344K, reserved 1105920K
  class space    used 5350K, committed 5760K, reserved 1048576K
}
Event: 1545.306 GC heap before
{Heap before GC invocations=1288 (full 1176):
 PSYoungGen      total 31232K, used 20479K [0x00000000f5580000, 0x00000000f8180000, 0x0000000100000000)
  eden space 20480K, 99% used [0x00000000f5580000,0x00000000f697ffb0,0x00000000f6980000)
  from space 10752K, 0% used [0x00000000f7700000,0x00000000f7700000,0x00000000f8180000)
  to   space 8192K, 0% used [0x00000000f6980000,0x00000000f6980000,0x00000000f7180000)
 ParOldGen       total 349696K, used 349695K [0x00000000e0000000, 0x00000000f5580000, 0x00000000f5580000)
  object space 349696K, 99% used [0x00000000e0000000,0x00000000f557fee8,0x00000000f5580000)
 Metaspace       used 56479K, committed 57344K, reserved 1105920K
  class space    used 5350K, committed 5760K, reserved 1048576K
}
Event: 1546.566 GC heap after
{Heap after GC invocations=1288 (full 1176):
 PSYoungGen      total 28672K, used 20479K [0x00000000f5580000, 0x00000000f8180000, 0x0000000100000000)
  eden space 20480K, 99% used [0x00000000f5580000,0x00000000f697ffb0,0x00000000f6980000)
  from space 8192K, 0% used [0x00000000f6980000,0x00000000f6980000,0x00000000f7180000)
  to   space 10752K, 0% used [0x00000000f7700000,0x00000000f7700000,0x00000000f8180000)
 ParOldGen       total 349696K, used 349695K [0x00000000e0000000, 0x00000000f5580000, 0x00000000f5580000)
  object space 349696K, 99% used [0x00000000e0000000,0x00000000f557fee8,0x00000000f5580000)
 Metaspace       used 56479K, committed 57344K, reserved 1105920K
  class space    used 5350K, committed 5760K, reserved 1048576K
}

Dll operation events (8 events):
Event: 0.003 Loaded shared library /nix/store/gpxl5qgg8kicmcvivwmybwjlpf7wh20l-graalvm17-ce-22.3.0/lib/libjava.so
Event: 0.012 Loaded shared library /nix/store/gpxl5qgg8kicmcvivwmybwjlpf7wh20l-graalvm17-ce-22.3.0/lib/libjsvml.so
Event: 0.203 Loaded shared library /nix/store/gpxl5qgg8kicmcvivwmybwjlpf7wh20l-graalvm17-ce-22.3.0/lib/libnio.so
Event: 0.251 Loaded shared library /nix/store/gpxl5qgg8kicmcvivwmybwjlpf7wh20l-graalvm17-ce-22.3.0/lib/libzip.so
Event: 0.253 Loaded shared library /nix/store/gpxl5qgg8kicmcvivwmybwjlpf7wh20l-graalvm17-ce-22.3.0/lib/libjvmcicompiler.so
Event: 0.567 Loaded shared library /nix/store/gpxl5qgg8kicmcvivwmybwjlpf7wh20l-graalvm17-ce-22.3.0/lib/libjimage.so
Event: 2.377 Loaded shared library /nix/store/gpxl5qgg8kicmcvivwmybwjlpf7wh20l-graalvm17-ce-22.3.0/lib/libnet.so
Event: 3.672 Loaded shared library /home/runner/.cache/jdt-language-server/config/org.eclipse.equinox.launcher/org.eclipse.equinox.launcher.gtk.linux.x86_64_1.2.400.v20211117-0650/eclipse_11600.so

Deoptimization events (20 events):
Event: 1472.094 Thread 0x00007f5704152000 DEOPT PACKING pc=0x00007f5786fec50d sp=0x00007f577d0fd430
Event: 1472.094 Thread 0x00007f5704152000 DEOPT UNPACKING pc=0x00007f577f505325 sp=0x00007f577d0fc8a8 mode 3
Event: 1476.863 Thread 0x00007f570414eb10 Uncommon trap: trap_request=0xffffff8f fr.pc=0x00007f5787198409 relative=0x0000000000000829
Event: 1476.863 Thread 0x00007f570414eb10 Uncommon trap: reason=constraint action=none pc=0x00007f5787198409 method=java.lang.AbstractStringBuilder.ensureCapacityInternal(I)V @ 38 jvmci
Event: 1490.080 Thread 0x00007f5704150810 Uncommon trap: trap_request=0xffffff8f fr.pc=0x00007f57871772f4 relative=0x0000000000000454
Event: 1490.080 Thread 0x00007f5704150810 Uncommon trap: reason=constraint action=none pc=0x00007f57871772f4 method=org.eclipse.jdt.core.compiler.CharOperation.replaceOnCopy([CCC)[C @ 63 jvmci
Event: 1491.349 Thread 0x00007f5704150810 DEOPT PACKING pc=0x00007f57871772f4 sp=0x00007f577d8fcfc0
Event: 1491.350 Thread 0x00007f5704150810 DEOPT UNPACKING pc=0x00007f577f505325 sp=0x00007f577d8fc478 mode 3
Event: 1496.087 Thread 0x00007f570414eb10 DEOPT PACKING pc=0x00007f5787198409 sp=0x00007f577d4fdb40
Event: 1496.087 Thread 0x00007f570414eb10 DEOPT UNPACKING pc=0x00007f577f505325 sp=0x00007f577d4fceb8 mode 3
Event: 1500.686 Thread 0x00007f572c4dd180 Uncommon trap: trap_request=0xffffff8f fr.pc=0x00007f578700af65 relative=0x0000000000000145
Event: 1500.686 Thread 0x00007f572c4dd180 Uncommon trap: reason=constraint action=none pc=0x00007f578700af65 method=java.lang.AbstractStringBuilder.<init>(I)V @ 0 jvmci
Event: 1503.152 Thread 0x00007f572c4dd180 DEOPT PACKING pc=0x00007f578700af65 sp=0x00007f57457fe720
Event: 1503.152 Thread 0x00007f572c4dd180 DEOPT UNPACKING pc=0x00007f577f505325 sp=0x00007f57457fdbb8 mode 3
Event: 1503.152 Thread 0x00007f5704152000 DEOPT PACKING pc=0x00007f57871b17e0 sp=0x00007f577d0fd460
Event: 1503.152 Thread 0x00007f5704152000 DEOPT UNPACKING pc=0x00007f577f505325 sp=0x00007f577d0fc918 mode 1
Event: 1531.777 Thread 0x00007f5704153120 Uncommon trap: trap_request=0xffffff8f fr.pc=0x00007f5786fa8b98 relative=0x0000000000000278
Event: 1531.777 Thread 0x00007f5704153120 Uncommon trap: reason=constraint action=none pc=0x00007f5786fa8b98 method=java.lang.AbstractStringBuilder.ensureCapacityInternal(I)V @ 0 jvmci
Event: 1531.777 Thread 0x00007f5704153120 DEOPT PACKING pc=0x00007f5786fa8b98 sp=0x00007f577ccfdbf0
Event: 1531.777 Thread 0x00007f5704153120 DEOPT UNPACKING pc=0x00007f577f505325 sp=0x00007f577ccfd090 mode 3

Classes unloaded (20 events):
Event: 158.750 Thread 0x00007f57980a1c10 Unloading class 0x0000000800cb0000 'java/lang/invoke/LambdaForm$MH+0x0000000800cb0000'
Event: 172.351 Thread 0x00007f57980a1c10 Unloading class 0x0000000800ffc400 'jdk/internal/reflect/GeneratedSerializationConstructorAccessor33'
Event: 172.351 Thread 0x00007f57980a1c10 Unloading class 0x0000000800ffc000 'jdk/internal/reflect/GeneratedSerializationConstructorAccessor32'
Event: 172.351 Thread 0x00007f57980a1c10 Unloading class 0x0000000800ff7400 'jdk/internal/reflect/GeneratedSerializationConstructorAccessor31'
Event: 172.351 Thread 0x00007f57980a1c10 Unloading class 0x0000000800ff7000 'jdk/internal/reflect/GeneratedSerializationConstructorAccessor30'
Event: 175.463 Thread 0x00007f57980a1c10 Unloading class 0x0000000801089400 'jdk/internal/reflect/GeneratedMethodAccessor12'
Event: 175.463 Thread 0x00007f57980a1c10 Unloading class 0x0000000801089000 'jdk/internal/reflect/GeneratedMethodAccessor11'
Event: 175.463 Thread 0x00007f57980a1c10 Unloading class 0x0000000801080000 'jdk/internal/reflect/GeneratedMethodAccessor9'
Event: 175.463 Thread 0x00007f57980a1c10 Unloading class 0x0000000800e05c00 'jdk/internal/reflect/GeneratedMethodAccessor8'
Event: 185.375 Thread 0x00007f57980a1c10 Unloading class 0x0000000800e04c00 'jdk/internal/reflect/GeneratedMethodAccessor7'
Event: 191.398 Thread 0x00007f57980a1c10 Unloading class 0x000000080118c000 'jdk/internal/reflect/GeneratedConstructorAccessor29'
Event: 208.178 Thread 0x00007f57980a1c10 Unloading class 0x00000008011ac400 'jdk/internal/reflect/GeneratedMethodAccessor15'
Event: 208.178 Thread 0x00007f57980a1c10 Unloading class 0x0000000801080400 'jdk/internal/reflect/GeneratedMethodAccessor10'
Event: 555.469 Thread 0x00007f57980a1c10 Unloading class 0x0000000800ffc800 'jdk/internal/reflect/GeneratedConstructorAccessor14'
Event: 1249.799 Thread 0x00007f57980a1c10 Unloading class 0x0000000800c01c00 'java/lang/invoke/LambdaForm$MH+0x0000000800c01c00'
Event: 1249.799 Thread 0x00007f57980a1c10 Unloading class 0x0000000800c85000 'java/lang/invoke/LambdaForm$MH+0x0000000800c85000'
Event: 1249.799 Thread 0x00007f57980a1c10 Unloading class 0x0000000800cb0000 'java/lang/invoke/LambdaForm$MH+0x0000000800cb0000'
Event: 1249.799 Thread 0x00007f57980a1c10 Unloading class 0x0000000800cb1000 'java/lang/invoke/LambdaForm$MH+0x0000000800cb1000'
Event: 1249.799 Thread 0x00007f57980a1c10 Unloading class 0x0000000800cb2000 'java/lang/invoke/LambdaForm$MH+0x0000000800cb2000'
Event: 1265.562 Thread 0x00007f57980a1c10 Unloading class 0x0000000801089000 'java/lang/invoke/LambdaForm$MH+0x0000000801089000'

Classes redefined (0 events):
No events

Internal exceptions (20 events):
Event: 1080.982 Thread 0x00007f570414eb10 Implicit null exception at 0x00007f578721fd64 to 0x00007f5787220268
Event: 1083.493 Thread 0x00007f5704150810 Exception <a 'java/lang/OutOfMemoryError'{0x00000000e00bdc58}> (0x00000000e00bdc58) 
thrown [src/hotspot/share/gc/shared/memAllocator.cpp, line 138]
Event: 1083.493 Thread 0x00007f5704150810 Implicit null exception at 0x00007f57871980fc to 0x00007f578719840a
Event: 1085.986 Thread 0x00007f5714015420 Exception <a 'java/lang/OutOfMemoryError'{0x00000000e00bdf78}> (0x00000000e00bdf78) 
thrown [src/hotspot/share/gc/shared/memAllocator.cpp, line 136]
Event: 1469.688 Thread 0x00007f5704152000 Exception <a 'java/lang/OutOfMemoryError'{0x00000000e00bdc58}> (0x00000000e00bdc58) 
thrown [src/hotspot/share/gc/shared/memAllocator.cpp, line 138]
Event: 1469.688 Thread 0x00007f5704152000 Implicit null exception at 0x00007f5786fec2e9 to 0x00007f5786fec4f2
Event: 1472.146 Thread 0x00007f57983656b0 Exception <a 'java/lang/OutOfMemoryError'{0x00000000e00bdf78}> (0x00000000e00bdf78) 
thrown [src/hotspot/share/gc/shared/memAllocator.cpp, line 136]
Event: 1476.863 Thread 0x00007f570414eb10 Exception <a 'java/lang/OutOfMemoryError'{0x00000000e00bdc58}> (0x00000000e00bdc58) 
thrown [src/hotspot/share/gc/shared/memAllocator.cpp, line 138]
Event: 1476.863 Thread 0x00007f570414eb10 Implicit null exception at 0x00007f57871980dd to 0x00007f57871983ee
Event: 1483.377 Thread 0x00007f572c4dd180 Exception <a 'java/lang/OutOfMemoryError'{0x00000000e00bdf78}> (0x00000000e00bdf78) 
thrown [src/hotspot/share/gc/shared/memAllocator.cpp, line 136]
Event: 1490.080 Thread 0x00007f5704150810 Exception <a 'java/lang/OutOfMemoryError'{0x00000000e00bdc58}> (0x00000000e00bdc58) 
thrown [src/hotspot/share/gc/shared/memAllocator.cpp, line 138]
Event: 1490.080 Thread 0x00007f5704150810 Implicit null exception at 0x00007f57871770ad to 0x00007f57871772d9
Event: 1500.686 Thread 0x00007f572c4dd180 Exception <a 'java/lang/OutOfMemoryError'{0x00000000e00bdc58}> (0x00000000e00bdc58) 
thrown [src/hotspot/share/gc/shared/memAllocator.cpp, line 138]
Event: 1500.686 Thread 0x00007f572c4dd180 Implicit null exception at 0x00007f578700af37 to 0x00007f578700af4a
Event: 1503.152 Thread 0x00007f5704152000 Exception <a 'java/lang/OutOfMemoryError'{0x00000000e00bdf78}> (0x00000000e00bdf78) 
thrown [src/hotspot/share/gc/shared/memAllocator.cpp, line 136]
Event: 1508.454 Thread 0x00007f5704152000 Exception <a 'java/lang/OutOfMemoryError'{0x00000000e00bdf78}> (0x00000000e00bdf78) 
thrown [src/hotspot/share/gc/shared/memAllocator.cpp, line 136]
Event: 1531.776 Thread 0x00007f5704153120 Exception <a 'java/lang/OutOfMemoryError'{0x00000000e00bdc58}> (0x00000000e00bdc58) 
thrown [src/hotspot/share/gc/shared/memAllocator.cpp, line 138]
Event: 1531.777 Thread 0x00007f5704153120 Implicit null exception at 0x00007f5786fa8af1 to 0x00007f5786fa8b7d
Event: 1534.470 Thread 0x00007f5704153120 Exception <a 'java/lang/OutOfMemoryError'{0x00000000e00bdf78}> (0x00000000e00bdf78) 
thrown [src/hotspot/share/gc/shared/memAllocator.cpp, line 136]
Event: 1546.566 Thread 0x00007f57980b21e0 Exception <a 'java/lang/OutOfMemoryError'{0x00000000e00bdf78}> (0x00000000e00bdf78) 
thrown [src/hotspot/share/gc/shared/memAllocator.cpp, line 136]

VM Operations (20 events):
Event: 1534.470 Executing VM operation: ParallelGCFailedAllocation done
Event: 1534.470 Executing VM operation: ParallelGCFailedAllocation
Event: 1535.650 Executing VM operation: ParallelGCFailedAllocation done
Event: 1535.650 Executing VM operation: ParallelGCFailedAllocation
Event: 1536.960 Executing VM operation: ParallelGCFailedAllocation done
Event: 1536.960 Executing VM operation: ParallelGCFailedAllocation
Event: 1538.233 Executing VM operation: ParallelGCFailedAllocation done
Event: 1538.233 Executing VM operation: ParallelGCFailedAllocation
Event: 1539.390 Executing VM operation: ParallelGCFailedAllocation done
Event: 1539.391 Executing VM operation: ParallelGCFailedAllocation
Event: 1540.574 Executing VM operation: ParallelGCFailedAllocation done
Event: 1540.574 Executing VM operation: ParallelGCFailedAllocation
Event: 1541.780 Executing VM operation: ParallelGCFailedAllocation done
Event: 1541.781 Executing VM operation: ParallelGCFailedAllocation
Event: 1543.054 Executing VM operation: ParallelGCFailedAllocation done
Event: 1543.054 Executing VM operation: ParallelGCFailedAllocation
Event: 1544.164 Executing VM operation: ParallelGCFailedAllocation done
Event: 1544.164 Executing VM operation: ParallelGCFailedAllocation
Event: 1546.566 Executing VM operation: ParallelGCFailedAllocation done
Event: 1546.566 Executing VM operation: ParallelGCFailedAllocation

Events (20 events):
Event: 1093.100 loading class java/util/logging/LogRecord$CallerFinder done
Event: 1093.147 loading class java/lang/AssertionError done
Event: 1094.458 loading class java/lang/StackStreamFactory
Event: 1094.458 loading class java/lang/StackStreamFactory done
Event: 1094.458 loading class java/lang/StackWalker$ExtendedOption
Event: 1094.458 loading class java/lang/StackWalker$ExtendedOption done
Event: 1094.458 loading class java/lang/StackStreamFactory$StackFrameTraverser
Event: 1094.459 loading class java/lang/StackStreamFactory$StackFrameTraverser done
Event: 1094.459 loading class java/lang/StackStreamFactory$WalkerState
Event: 1094.459 loading class java/lang/StackStreamFactory$WalkerState done
Event: 1094.459 loading class java/lang/StackStreamFactory$1
Event: 1094.459 loading class java/lang/StackStreamFactory$1 done
Event: 1094.459 loading class java/lang/StackStreamFactory$StackFrameTraverser$StackFrameBuffer
Event: 1094.459 loading class java/lang/StackStreamFactory$FrameBuffer
Event: 1094.459 loading class java/lang/StackStreamFactory$FrameBuffer done
Event: 1094.459 loading class java/lang/StackStreamFactory$StackFrameTraverser$StackFrameBuffer done
Event: 1094.460 Thread 0x00007f56d4005c00 Thread added: 0x00007f56d4005c00
Event: 1094.460 Protecting memory [0x00007f577d918000,0x00007f577d91c000] with protection modes 0
Event: 1099.476 Thread 0x00007f570414da00 Thread exited: 0x00007f570414da00
Event: 1534.470 loading class java/io/InterruptedIOException


Dynamic libraries:
e0000000-f5580000 rw-p 00000000 00:00 0 
f5580000-f8180000 rw-p 00000000 00:00 0 
f8180000-100000000 ---p 00000000 00:00 0 
800000000-800449000 rw-p 00001000 00:1fae 4611686019135357769            /nix/store/gpxl5qgg8kicmcvivwmybwjlpf7wh20l-graalvm17-ce-22.3.0/lib/server/classes.jsa
800449000-800bc8000 r--p 0044a000 00:1fae 4611686019135357769            /nix/store/gpxl5qgg8kicmcvivwmybwjlpf7wh20l-graalvm17-ce-22.3.0/lib/server/classes.jsa
800bc8000-800c00000 ---p 00000000 00:00 0 
800c00000-800c20000 rw-p 00000000 00:00 0 
800c20000-800c40000 rw-p 00000000 00:00 0 
800c40000-800cc0000 rw-p 00000000 00:00 0 
800cc0000-800d00000 rw-p 00000000 00:00 0 
800d00000-800dc0000 rw-p 00000000 00:00 0 
800dc0000-800e00000 rw-p 00000000 00:00 0 
800e00000-801160000 rw-p 00000000 00:00 0 
801160000-801170000 rw-p 00000000 00:00 0 
801170000-801180000 ---p 00000000 00:00 0 
801180000-8011b0000 rw-p 00000000 00:00 0 
8011b0000-840c00000 ---p 00000000 00:00 0 
559c894d1000-559c894d2000 r-xp 00000000 00:1fae 4611686019099417844      /nix/store/gpxl5qgg8kicmcvivwmybwjlpf7wh20l-graalvm17-ce-22.3.0/bin/.java-wrapped
559c894d3000-559c894d4000 r--p 00001000 00:1fae 4611686019099417844      /nix/store/gpxl5qgg8kicmcvivwmybwjlpf7wh20l-graalvm17-ce-22.3.0/bin/.java-wrapped
559c894d4000-559c894d5000 rw-p 00002000 00:1fae 4611686019099417844      /nix/store/gpxl5qgg8kicmcvivwmybwjlpf7wh20l-graalvm17-ce-22.3.0/bin/.java-wrapped
559c894d5000-559c894d6000 rw-p 00004000 00:1fae 4611686019099417844      /nix/store/gpxl5qgg8kicmcvivwmybwjlpf7wh20l-graalvm17-ce-22.3.0/bin/.java-wrapped
559c894d6000-559c894d7000 rw-p 00005000 00:1fae 4611686019099417844      /nix/store/gpxl5qgg8kicmcvivwmybwjlpf7wh20l-graalvm17-ce-22.3.0/bin/.java-wrapped
559c896db000-559c89723000 rw-p 00000000 00:00 0                          [heap]
7f56ac000000-7f56ac021000 rw-p 00000000 00:00 0 
7f56ac021000-7f56b0000000 ---p 00000000 00:00 0 
7f56b0000000-7f56b0021000 rw-p 00000000 00:00 0 
7f56b0021000-7f56b4000000 ---p 00000000 00:00 0 
7f56b4000000-7f56b4021000 rw-p 00000000 00:00 0 
7f56b4021000-7f56b8000000 ---p 00000000 00:00 0 
7f56b8000000-7f56b8021000 rw-p 00000000 00:00 0 
7f56b8021000-7f56bc000000 ---p 00000000 00:00 0 
7f56bc000000-7f56bc021000 rw-p 00000000 00:00 0 
7f56bc021000-7f56c0000000 ---p 00000000 00:00 0 
7f56c0000000-7f56c0021000 rw-p 00000000 00:00 0 
7f56c0021000-7f56c4000000 ---p 00000000 00:00 0 
7f56c4000000-7f56c4021000 rw-p 00000000 00:00 0 
7f56c4021000-7f56c8000000 ---p 00000000 00:00 0 
7f56c8000000-7f56c8021000 rw-p 00000000 00:00 0 
7f56c8021000-7f56cc000000 ---p 00000000 00:00 0 
7f56cc000000-7f56cc021000 rw-p 00000000 00:00 0 
7f56cc021000-7f56d0000000 ---p 00000000 00:00 0 
7f56d0000000-7f56d0021000 rw-p 00000000 00:00 0 
7f56d0021000-7f56d4000000 ---p 00000000 00:00 0 
7f56d4000000-7f56d4021000 rw-p 00000000 00:00 0 
7f56d4021000-7f56d8000000 ---p 00000000 00:00 0 
7f56d8000000-7f56d8021000 rw-p 00000000 00:00 0 
7f56d8021000-7f56dc000000 ---p 00000000 00:00 0 
7f56dc000000-7f56dc021000 rw-p 00000000 00:00 0 
7f56dc021000-7f56e0000000 ---p 00000000 00:00 0 
7f56e0000000-7f56e0021000 rw-p 00000000 00:00 0 
7f56e0021000-7f56e4000000 ---p 00000000 00:00 0 
7f56e4000000-7f56e4021000 rw-p 00000000 00:00 0 
7f56e4021000-7f56e8000000 ---p 00000000 00:00 0 
7f56e8000000-7f56e8021000 rw-p 00000000 00:00 0 
7f56e8021000-7f56ec000000 ---p 00000000 00:00 0 
7f56ec000000-7f56ec08e000 rw-p 00000000 00:00 0 
7f56ec08e000-7f56f0000000 ---p 00000000 00:00 0 
7f56f0000000-7f56f00b4000 rw-p 00000000 00:00 0 
7f56f00b4000-7f56f4000000 ---p 00000000 00:00 0 
7f56f4000000-7f56f410b000 rw-p 00000000 00:00 0 
7f56f410b000-7f56f8000000 ---p 00000000 00:00 0 
7f56f8400000-7f56f8690000 rw-p 00000000 00:00 0 
7f56f8690000-7f56f8c00000 ---p 00000000 00:00 0 
7f56fa4b3000-7f5704000000 r--s 00000000 00:1fae 4611686019135192581      /nix/store/gpxl5qgg8kicmcvivwmybwjlpf7wh20l-graalvm17-ce-22.3.0/lib/modules
7f5704000000-7f57041b9000 rw-p 00000000 00:00 0 
7f57041b9000-7f5708000000 ---p 00000000 00:00 0 
7f570a000000-7f570a800000 rw-p 00000000 00:00 0 
7f570a800000-7f570aa60000 rw-p 00000000 00:00 0 
7f570aa60000-7f570ad00000 rw-p 00000000 00:00 0 
7f570ad00000-7f570add0000 rw-p 00000000 00:00 0 
7f570add0000-7f570ae00000 ---p 00000000 00:00 0 
7f570ae00000-7f570b000000 rw-p 00000000 00:00 0 
7f570b400000-7f570bbc0000 rw-p 00000000 00:00 0 
7f570bbc0000-7f570bc00000 rw-p 00000000 00:00 0 
7f570c000000-7f570c021000 rw-p 00000000 00:00 0 
7f570c021000-7f5710000000 ---p 00000000 00:00 0 
7f5710000000-7f5710021000 rw-p 00000000 00:00 0 
7f5710021000-7f5714000000 ---p 00000000 00:00 0 
7f5714000000-7f571403d000 rw-p 00000000 00:00 0 
7f571403d000-7f5718000000 ---p 00000000 00:00 0 
7f5718000000-7f5718021000 rw-p 00000000 00:00 0 
7f5718021000-7f571c000000 ---p 00000000 00:00 0 
7f571c000000-7f571c2e5000 rw-p 00000000 00:00 0 
7f571c2e5000-7f5720000000 ---p 00000000 00:00 0 
7f5720000000-7f57203b4000 rw-p 00000000 00:00 0 
7f57203b4000-7f5724000000 ---p 00000000 00:00 0 
7f5724000000-7f5724161000 rw-p 00000000 00:00 0 
7f5724161000-7f5728000000 ---p 00000000 00:00 0 
7f5728000000-7f5728021000 rw-p 00000000 00:00 0 
7f5728021000-7f572c000000 ---p 00000000 00:00 0 
7f572c000000-7f572c930000 rw-p 00000000 00:00 0 
7f572c930000-7f5730000000 ---p 00000000 00:00 0 
7f5730000000-7f5730021000 rw-p 00000000 00:00 0 
7f5730021000-7f5734000000 ---p 00000000 00:00 0 
7f5734000000-7f5734021000 rw-p 00000000 00:00 0 
7f5734021000-7f5738000000 ---p 00000000 00:00 0 
7f5738000000-7f5738021000 rw-p 00000000 00:00 0 
7f5738021000-7f573c000000 ---p 00000000 00:00 0 
7f573c000000-7f573c021000 rw-p 00000000 00:00 0 
7f573c021000-7f5740000000 ---p 00000000 00:00 0 
7f5741800000-7f5741900000 rw-p 00000000 00:00 0 
7f5741900000-7f5741d00000 rw-p 00000000 00:00 0 
7f5741d00000-7f5741e00000 rw-p 00000000 00:00 0 
7f5741e00000-7f5742000000 rw-p 00000000 00:00 0 
7f5742400000-7f5742500000 rw-p 00000000 00:00 0 
7f5742500000-7f5742600000 rw-p 00000000 00:00 0 
7f5742600000-7f5742b80000 rw-p 00000000 00:00 0 
7f5742b80000-7f5742c00000 rw-p 00000000 00:00 0 
7f5742c00000-7f5742c10000 r-xp 00000000 00:1fab 356                      /home/runner/.cache/jdt-language-server/config/org.eclipse.equinox.launcher/org.eclipse.equinox.launcher.gtk.linux.x86_64_1.2.400.v20211117-0650/eclipse_11600.so
7f5742c10000-7f5742e0f000 ---p 00010000 00:1fab 356                      /home/runner/.cache/jdt-language-server/config/org.eclipse.equinox.launcher/org.eclipse.equinox.launcher.gtk.linux.x86_64_1.2.400.v20211117-0650/eclipse_11600.so
7f5742e0f000-7f5742e10000 r--p 0000f000 00:1fab 356                      /home/runner/.cache/jdt-language-server/config/org.eclipse.equinox.launcher/org.eclipse.equinox.launcher.gtk.linux.x86_64_1.2.400.v20211117-0650/eclipse_11600.so
7f5742e10000-7f5742e11000 rw-p 00010000 00:1fab 356                      /home/runner/.cache/jdt-language-server/config/org.eclipse.equinox.launcher/org.eclipse.equinox.launcher.gtk.linux.x86_64_1.2.400.v20211117-0650/eclipse_11600.so
7f57435a9000-7f5743800000 rw-p 00000000 00:00 0 
7f5743800000-7f5743900000 ---p 00000000 00:00 0 
7f5743900000-7f5743eaf000 r--p 01122000 00:1fae 4611686019135190040      /nix/store/gpxl5qgg8kicmcvivwmybwjlpf7wh20l-graalvm17-ce-22.3.0/lib/libjvmcicompiler.so
7f5743eaf000-7f5744000000 r--p 00000000 00:00 0 
7f5744000000-7f574403d000 rw-p 00000000 00:00 0 
7f574403d000-7f574455d000 rw-p 0185f000 00:1fae 4611686019135190040      /nix/store/gpxl5qgg8kicmcvivwmybwjlpf7wh20l-graalvm17-ce-22.3.0/lib/libjvmcicompiler.so
7f574455d000-7f5744944000 r--p 01d7f000 00:1fae 4611686019135190040      /nix/store/gpxl5qgg8kicmcvivwmybwjlpf7wh20l-graalvm17-ce-22.3.0/lib/libjvmcicompiler.so
7f5744a00000-7f5744a04000 ---p 00000000 00:00 0 
7f5744a04000-7f5744b00000 rw-p 00000000 00:00 0 
7f5744b00000-7f5744b04000 ---p 00000000 00:00 0 
7f5744b04000-7f5744c00000 rw-p 00000000 00:00 0 
7f5744c00000-7f5744c04000 ---p 00000000 00:00 0 
7f5744c04000-7f5744d00000 rw-p 00000000 00:00 0 
7f5744d00000-7f5744d04000 ---p 00000000 00:00 0 
7f5744d04000-7f5744e00000 rw-p 00000000 00:00 0 
7f5744e00000-7f5744e04000 ---p 00000000 00:00 0 
7f5744e04000-7f5744f00000 rw-p 00000000 00:00 0 
7f5744f00000-7f5744f04000 ---p 00000000 00:00 0 
7f5744f04000-7f5745000000 rw-p 00000000 00:00 0 
7f5745000000-7f5745004000 ---p 00000000 00:00 0 
7f5745004000-7f5745100000 rw-p 00000000 00:00 0 
7f5745100000-7f5745104000 ---p 00000000 00:00 0 
7f5745104000-7f5745200000 rw-p 00000000 00:00 0 
7f5745200000-7f5745204000 ---p 00000000 00:00 0 
7f5745204000-7f5745300000 rw-p 00000000 00:00 0 
7f5745300000-7f5745304000 ---p 00000000 00:00 0 
7f5745304000-7f5745400000 rw-p 00000000 00:00 0 
7f5745400000-7f5745404000 ---p 00000000 00:00 0 
7f5745404000-7f5745500000 rw-p 00000000 00:00 0 
7f5745500000-7f5745504000 ---p 00000000 00:00 0 
7f5745504000-7f5745600000 rw-p 00000000 00:00 0 
7f5745600000-7f5745604000 ---p 00000000 00:00 0 
7f5745604000-7f5745700000 rw-p 00000000 00:00 0 
7f5745700000-7f5745704000 ---p 00000000 00:00 0 
7f5745704000-7f5745800000 rw-p 00000000 00:00 0 
7f5745800000-7f5745804000 ---p 00000000 00:00 0 
7f5745804000-7f5745900000 rw-p 00000000 00:00 0 
7f5745900000-7f5745904000 ---p 00000000 00:00 0 
7f5745904000-7f5745a00000 rw-p 00000000 00:00 0 
7f5745a00000-7f5745a04000 ---p 00000000 00:00 0 
7f5745a04000-7f5745b00000 rw-p 00000000 00:00 0 
7f5745b00000-7f5745b04000 ---p 00000000 00:00 0 
7f5745b04000-7f5745c00000 rw-p 00000000 00:00 0 
7f5745c00000-7f5747d6a000 r-xp 00000000 00:1fae 4611686019135190040      /nix/store/gpxl5qgg8kicmcvivwmybwjlpf7wh20l-graalvm17-ce-22.3.0/lib/libjvmcicompiler.so
7f5747d6a000-7f5747f69000 ---p 0216a000 00:1fae 4611686019135190040      /nix/store/gpxl5qgg8kicmcvivwmybwjlpf7wh20l-graalvm17-ce-22.3.0/lib/libjvmcicompiler.so
7f5747f69000-7f5747f6a000 r--p 02169000 00:1fae 4611686019135190040      /nix/store/gpxl5qgg8kicmcvivwmybwjlpf7wh20l-graalvm17-ce-22.3.0/lib/libjvmcicompiler.so
7f5747f6a000-7f5747f6c000 rw-p 0216a000 00:1fae 4611686019135190040      /nix/store/gpxl5qgg8kicmcvivwmybwjlpf7wh20l-graalvm17-ce-22.3.0/lib/libjvmcicompiler.so
7f5747f6c000-7f5747f6d000 rw-p 00000000 00:00 0 
7f5747f6d000-7f5747f72000 rw-p 023c3000 00:1fae 4611686019135190040      /nix/store/gpxl5qgg8kicmcvivwmybwjlpf7wh20l-graalvm17-ce-22.3.0/lib/libjvmcicompiler.so
7f5748000000-7f5748021000 rw-p 00000000 00:00 0 
7f5748021000-7f574c000000 ---p 00000000 00:00 0 
7f574c000000-7f574c021000 rw-p 00000000 00:00 0 
7f574c021000-7f5750000000 ---p 00000000 00:00 0 
7f5750000000-7f5750021000 rw-p 00000000 00:00 0 
7f5750021000-7f5754000000 ---p 00000000 00:00 0 
7f5754000000-7f5754021000 rw-p 00000000 00:00 0 
7f5754021000-7f5758000000 ---p 00000000 00:00 0 
7f5758000000-7f57580df000 rw-p 00000000 00:00 0 
7f57580df000-7f575c000000 ---p 00000000 00:00 0 
7f575c000000-7f575ca96000 rw-p 00000000 00:00 0 
7f575ca96000-7f5760000000 ---p 00000000 00:00 0 
7f5760000000-7f5760021000 rw-p 00000000 00:00 0 
7f5760021000-7f5764000000 ---p 00000000 00:00 0 
7f5764000000-7f5764021000 rw-p 00000000 00:00 0 
7f5764021000-7f5768000000 ---p 00000000 00:00 0 
7f5768000000-7f5768021000 rw-p 00000000 00:00 0 
7f5768021000-7f576c000000 ---p 00000000 00:00 0 
7f576c000000-7f576c021000 rw-p 00000000 00:00 0 
7f576c021000-7f5770000000 ---p 00000000 00:00 0 
7f5770000000-7f5770021000 rw-p 00000000 00:00 0 
7f5770021000-7f5774000000 ---p 00000000 00:00 0 
7f5774000000-7f5774021000 rw-p 00000000 00:00 0 
7f5774021000-7f5778000000 ---p 00000000 00:00 0 
7f5778000000-7f5778064000 rw-p 00000000 00:00 0 
7f5778064000-7f577c000000 ---p 00000000 00:00 0 
7f577c000000-7f577c004000 ---p 00000000 00:00 0 
7f577c004000-7f577c100000 rw-p 00000000 00:00 0 
7f577c100000-7f577c104000 ---p 00000000 00:00 0 
7f577c104000-7f577c200000 rw-p 00000000 00:00 0 
7f577c300000-7f577c304000 ---p 00000000 00:00 0 
7f577c304000-7f577c400000 rw-p 00000000 00:00 0 
7f577c400000-7f577c404000 ---p 00000000 00:00 0 
7f577c404000-7f577c500000 rw-p 00000000 00:00 0 
7f577c500000-7f577c504000 ---p 00000000 00:00 0 
7f577c504000-7f577c600000 rw-p 00000000 00:00 0 
7f577c600000-7f577c604000 ---p 00000000 00:00 0 
7f577c604000-7f577c700000 rw-p 00000000 00:00 0 
7f577c700000-7f577c704000 ---p 00000000 00:00 0 
7f577c704000-7f577c800000 rw-p 00000000 00:00 0 
7f577c8bf000-7f577cb00000 rw-p 00000000 00:00 0 
7f577cc00000-7f577cc04000 ---p 00000000 00:00 0 
7f577cc04000-7f577cd00000 rw-p 00000000 00:00 0 
7f577ce00000-7f577ce04000 ---p 00000000 00:00 0 
7f577ce04000-7f577cf00000 rw-p 00000000 00:00 0 
7f577d000000-7f577d004000 ---p 00000000 00:00 0 
7f577d004000-7f577d100000 rw-p 00000000 00:00 0 
7f577d200000-7f577d204000 ---p 00000000 00:00 0 
7f577d204000-7f577d300000 rw-p 00000000 00:00 0 
7f577d400000-7f577d404000 ---p 00000000 00:00 0 
7f577d404000-7f577d500000 rw-p 00000000 00:00 0 
7f577d600000-7f577d604000 ---p 00000000 00:00 0 
7f577d604000-7f577d700000 rw-p 00000000 00:00 0 
7f577d800000-7f577d804000 ---p 00000000 00:00 0 
7f577d804000-7f577d900000 rw-p 00000000 00:00 0 
7f577d918000-7f577d91c000 ---p 00000000 00:00 0 
7f577d91c000-7f577da18000 rw-p 00000000 00:00 0 
7f577da18000-7f577da19000 ---p 00000000 00:00 0 
7f577da19000-7f577db1a000 rw-p 00000000 00:00 0 
7f577db1a000-7f577db1e000 ---p 00000000 00:00 0 
7f577db1e000-7f577dc1a000 rw-p 00000000 00:00 0 
7f577dc1a000-7f577dc1e000 ---p 00000000 00:00 0 
7f577dc1e000-7f577dd1a000 rw-p 00000000 00:00 0 
7f577dd1a000-7f577dd1e000 ---p 00000000 00:00 0 
7f577dd1e000-7f577de1a000 rw-p 00000000 00:00 0 
7f577de1a000-7f577de1e000 ---p 00000000 00:00 0 
7f577de1e000-7f577e01a000 rw-p 00000000 00:00 0 
7f577e01a000-7f577e01e000 ---p 00000000 00:00 0 
7f577e01e000-7f577e21a000 rw-p 00000000 00:00 0 
7f577e21a000-7f577e21e000 ---p 00000000 00:00 0 
7f577e21e000-7f577e31a000 rw-p 00000000 00:00 0 
7f577e31a000-7f577e31e000 ---p 00000000 00:00 0 
7f577e31e000-7f577e41a000 rw-p 00000000 00:00 0 
7f577e41a000-7f577e41e000 ---p 00000000 00:00 0 
7f577e41e000-7f577e51a000 rw-p 00000000 00:00 0 
7f577e51a000-7f577e800000 r--p 00000000 00:1518 28444448                 /usr/lib/locale/locale-archive
7f577e800000-7f577ec00000 rw-p 00000000 00:00 0 
7f577ec00000-7f577ef00000 rw-p 00000000 00:00 0 
7f577ef00000-7f577f000000 rw-p 00000000 00:00 0 
7f577f067000-7f577f06b000 ---p 00000000 00:00 0 
7f577f06b000-7f577f089000 rw-p 00000000 00:00 0 
7f577f089000-7f577f090000 r-xp 00000000 00:1fae 4611686019135192580      /nix/store/gpxl5qgg8kicmcvivwmybwjlpf7wh20l-graalvm17-ce-22.3.0/lib/libzip.so
7f577f090000-7f577f091000 ---p 00007000 00:1fae 4611686019135192580      /nix/store/gpxl5qgg8kicmcvivwmybwjlpf7wh20l-graalvm17-ce-22.3.0/lib/libzip.so
7f577f091000-7f577f092000 r--p 00007000 00:1fae 4611686019135192580      /nix/store/gpxl5qgg8kicmcvivwmybwjlpf7wh20l-graalvm17-ce-22.3.0/lib/libzip.so
7f577f092000-7f577f093000 rw-p 00008000 00:1fae 4611686019135192580      /nix/store/gpxl5qgg8kicmcvivwmybwjlpf7wh20l-graalvm17-ce-22.3.0/lib/libzip.so
7f577f093000-7f577f095000 rw-p 0000b000 00:1fae 4611686019135192580      /nix/store/gpxl5qgg8kicmcvivwmybwjlpf7wh20l-graalvm17-ce-22.3.0/lib/libzip.so
7f577f095000-7f577f0aa000 r-xp 00000000 00:1fae 4611686019135192570      /nix/store/gpxl5qgg8kicmcvivwmybwjlpf7wh20l-graalvm17-ce-22.3.0/lib/libnet.so
7f577f0aa000-7f577f0ab000 ---p 00015000 00:1fae 4611686019135192570      /nix/store/gpxl5qgg8kicmcvivwmybwjlpf7wh20l-graalvm17-ce-22.3.0/lib/libnet.so
7f577f0ab000-7f577f0ac000 r--p 00015000 00:1fae 4611686019135192570      /nix/store/gpxl5qgg8kicmcvivwmybwjlpf7wh20l-graalvm17-ce-22.3.0/lib/libnet.so
7f577f0ac000-7f577f0ad000 rw-p 00016000 00:1fae 4611686019135192570      /nix/store/gpxl5qgg8kicmcvivwmybwjlpf7wh20l-graalvm17-ce-22.3.0/lib/libnet.so
7f577f0ad000-7f577f0b0000 rw-p 0001b000 00:1fae 4611686019135192570      /nix/store/gpxl5qgg8kicmcvivwmybwjlpf7wh20l-graalvm17-ce-22.3.0/lib/libnet.so
7f577f0b0000-7f577f0b4000 ---p 00000000 00:00 0 
7f577f0b4000-7f577f1b0000 rw-p 00000000 00:00 0 
7f577f1b0000-7f577f1b4000 ---p 00000000 00:00 0 
7f577f1b4000-7f577f2b0000 rw-p 00000000 00:00 0 
7f577f2b0000-7f577f2b1000 ---p 00000000 00:00 0 
7f577f2b1000-7f577f4b3000 rw-p 00000000 00:00 0 
7f577f4b3000-7f577f723000 rwxp 00000000 00:00 0 
7f577f723000-7f577fa42000 ---p 00000000 00:00 0 
7f577fa42000-7f5780b82000 rwxp 00000000 00:00 0 
7f5780b82000-7f5786f7a000 ---p 00000000 00:00 0 
7f5786f7a000-7f578724a000 rwxp 00000000 00:00 0 
7f578724a000-7f578e4b3000 ---p 00000000 00:00 0 
7f578e4b3000-7f5798000000 r--s 00000000 00:1fae 4611686019135192581      /nix/store/gpxl5qgg8kicmcvivwmybwjlpf7wh20l-graalvm17-ce-22.3.0/lib/modules
7f5798000000-7f5798450000 rw-p 00000000 00:00 0 
7f5798450000-7f579c000000 ---p 00000000 00:00 0 
7f579c005000-7f579c018000 r-xp 00000000 00:1fae 4611686019135192571      /nix/store/gpxl5qgg8kicmcvivwmybwjlpf7wh20l-graalvm17-ce-22.3.0/lib/libnio.so
7f579c018000-7f579c019000 r--p 00012000 00:1fae 4611686019135192571      /nix/store/gpxl5qgg8kicmcvivwmybwjlpf7wh20l-graalvm17-ce-22.3.0/lib/libnio.so
7f579c019000-7f579c01a000 rw-p 00013000 00:1fae 4611686019135192571      /nix/store/gpxl5qgg8kicmcvivwmybwjlpf7wh20l-graalvm17-ce-22.3.0/lib/libnio.so
7f579c01a000-7f579c01f000 rw-p 00019000 00:1fae 4611686019135192571      /nix/store/gpxl5qgg8kicmcvivwmybwjlpf7wh20l-graalvm17-ce-22.3.0/lib/libnio.so
7f579c01f000-7f579c0ed000 r-xp 00000000 00:1fae 4611686019135190036      /nix/store/gpxl5qgg8kicmcvivwmybwjlpf7wh20l-graalvm17-ce-22.3.0/lib/libjsvml.so
7f579c0ed000-7f579c0ee000 r--p 000cd000 00:1fae 4611686019135190036      /nix/store/gpxl5qgg8kicmcvivwmybwjlpf7wh20l-graalvm17-ce-22.3.0/lib/libjsvml.so
7f579c0ee000-7f579c0ef000 rw-p 000ce000 00:1fae 4611686019135190036      /nix/store/gpxl5qgg8kicmcvivwmybwjlpf7wh20l-graalvm17-ce-22.3.0/lib/libjsvml.so
7f579c0ef000-7f579d8c6000 rw-p 00000000 00:00 0 
7f579d8c6000-7f579d8c7000 ---p 00000000 00:00 0 
7f579d8c7000-7f579da72000 rw-p 00000000 00:00 0 
7f579da72000-7f579da89000 rw-p 00000000 00:00 0 
7f579da89000-7f579dac8000 ---p 00000000 00:00 0 
7f579dac8000-7f579dacf000 rw-p 00000000 00:00 0 
7f579dacf000-7f579dbb4000 ---p 00000000 00:00 0 
7f579dbb4000-7f579dbd7000 rw-p 00000000 00:00 0 
7f579dbd7000-7f579dc9f000 ---p 00000000 00:00 0 
7f579dc9f000-7f579dca4000 rw-p 00000000 00:00 0 
7f579dca4000-7f579dcab000 ---p 00000000 00:00 0 
7f579dcab000-7f579dccf000 r-xp 00000000 00:1fae 4611686019135190028      /nix/store/gpxl5qgg8kicmcvivwmybwjlpf7wh20l-graalvm17-ce-22.3.0/lib/libjava.so
7f579dccf000-7f579dcd0000 ---p 00024000 00:1fae 4611686019135190028      /nix/store/gpxl5qgg8kicmcvivwmybwjlpf7wh20l-graalvm17-ce-22.3.0/lib/libjava.so
7f579dcd0000-7f579dcd1000 r--p 00024000 00:1fae 4611686019135190028      /nix/store/gpxl5qgg8kicmcvivwmybwjlpf7wh20l-graalvm17-ce-22.3.0/lib/libjava.so
7f579dcd1000-7f579dcd2000 rw-p 00025000 00:1fae 4611686019135190028      /nix/store/gpxl5qgg8kicmcvivwmybwjlpf7wh20l-graalvm17-ce-22.3.0/lib/libjava.so
7f579dcd2000-7f579dcd3000 rw-p 00000000 00:00 0 
7f579dcd3000-7f579dcda000 rw-p 0002f000 00:1fae 4611686019135190028      /nix/store/gpxl5qgg8kicmcvivwmybwjlpf7wh20l-graalvm17-ce-22.3.0/lib/libjava.so
7f579dcda000-7f579dce2000 rw-s 00000000 00:e7f 673                       /tmp/hsperfdata_runner/7163
7f579dce2000-7f579dce3000 ---p 00000000 00:00 0 
7f579dce3000-7f579dce4000 r--p 00000000 00:00 0 
7f579dce4000-7f579dce5000 rwxp 00000000 00:00 0 
7f579dce5000-7f579dd00000 r-xp 00000000 00:1fae 4611686019135190032      /nix/store/gpxl5qgg8kicmcvivwmybwjlpf7wh20l-graalvm17-ce-22.3.0/lib/libjimage.so
7f579dd00000-7f579dd01000 ---p 0001b000 00:1fae 4611686019135190032      /nix/store/gpxl5qgg8kicmcvivwmybwjlpf7wh20l-graalvm17-ce-22.3.0/lib/libjimage.so
7f579dd01000-7f579dd03000 r--p 0001b000 00:1fae 4611686019135190032      /nix/store/gpxl5qgg8kicmcvivwmybwjlpf7wh20l-graalvm17-ce-22.3.0/lib/libjimage.so
7f579dd03000-7f579dd04000 rw-p 0001d000 00:1fae 4611686019135190032      /nix/store/gpxl5qgg8kicmcvivwmybwjlpf7wh20l-graalvm17-ce-22.3.0/lib/libjimage.so
7f579dd04000-7f579dd05000 rw-p 00024000 00:1fae 4611686019135190032      /nix/store/gpxl5qgg8kicmcvivwmybwjlpf7wh20l-graalvm17-ce-22.3.0/lib/libjimage.so
7f579dd05000-7f579dd09000 ---p 00000000 00:00 0 
7f579dd09000-7f579de05000 rw-p 00000000 00:00 0 
7f579de05000-7f579de13000 r--p 00000000 00:1fae 4611686019027979927      /nix/store/4nlgxhb09sdr51nc9hdm8az5b08vzkgx-glibc-2.35-163/lib/libm.so.6
7f579de13000-7f579de86000 r-xp 0000e000 00:1fae 4611686019027979927      /nix/store/4nlgxhb09sdr51nc9hdm8az5b08vzkgx-glibc-2.35-163/lib/libm.so.6
7f579de86000-7f579dee3000 r--p 00081000 00:1fae 4611686019027979927      /nix/store/4nlgxhb09sdr51nc9hdm8az5b08vzkgx-glibc-2.35-163/lib/libm.so.6
7f579dee3000-7f579dee4000 r--p 000dd000 00:1fae 4611686019027979927      /nix/store/4nlgxhb09sdr51nc9hdm8az5b08vzkgx-glibc-2.35-163/lib/libm.so.6
7f579dee4000-7f579dee5000 rw-p 000de000 00:1fae 4611686019027979927      /nix/store/4nlgxhb09sdr51nc9hdm8az5b08vzkgx-glibc-2.35-163/lib/libm.so.6
7f579dee5000-7f579dee6000 r--p 00000000 00:1fae 4611686019027979946      /nix/store/4nlgxhb09sdr51nc9hdm8az5b08vzkgx-glibc-2.35-163/lib/librt.so.1
7f579dee6000-7f579dee7000 r-xp 00001000 00:1fae 4611686019027979946      /nix/store/4nlgxhb09sdr51nc9hdm8az5b08vzkgx-glibc-2.35-163/lib/librt.so.1
7f579dee7000-7f579dee8000 r--p 00002000 00:1fae 4611686019027979946      /nix/store/4nlgxhb09sdr51nc9hdm8az5b08vzkgx-glibc-2.35-163/lib/librt.so.1
7f579dee8000-7f579dee9000 r--p 00002000 00:1fae 4611686019027979946      /nix/store/4nlgxhb09sdr51nc9hdm8az5b08vzkgx-glibc-2.35-163/lib/librt.so.1
7f579dee9000-7f579deea000 rw-p 00003000 00:1fae 4611686019027979946      /nix/store/4nlgxhb09sdr51nc9hdm8az5b08vzkgx-glibc-2.35-163/lib/librt.so.1
7f579deea000-7f579effd000 r-xp 00000000 00:1fae 4611686019135360866      /nix/store/gpxl5qgg8kicmcvivwmybwjlpf7wh20l-graalvm17-ce-22.3.0/lib/server/libjvm.so
7f579effd000-7f579effe000 ---p 01113000 00:1fae 4611686019135360866      /nix/store/gpxl5qgg8kicmcvivwmybwjlpf7wh20l-graalvm17-ce-22.3.0/lib/server/libjvm.so
7f579effe000-7f579f0b3000 r--p 01113000 00:1fae 4611686019135360866      /nix/store/gpxl5qgg8kicmcvivwmybwjlpf7wh20l-graalvm17-ce-22.3.0/lib/server/libjvm.so
7f579f0b3000-7f579f0e7000 rw-p 011c8000 00:1fae 4611686019135360866      /nix/store/gpxl5qgg8kicmcvivwmybwjlpf7wh20l-graalvm17-ce-22.3.0/lib/server/libjvm.so
7f579f0e7000-7f579f143000 rw-p 00000000 00:00 0 
7f579f143000-7f579f16b000 r--p 00000000 00:1fae 4611686019027979918      /nix/store/4nlgxhb09sdr51nc9hdm8az5b08vzkgx-glibc-2.35-163/lib/libc.so.6
7f579f16b000-7f579f2e1000 r-xp 00028000 00:1fae 4611686019027979918      /nix/store/4nlgxhb09sdr51nc9hdm8az5b08vzkgx-glibc-2.35-163/lib/libc.so.6
7f579f2e1000-7f579f339000 r--p 0019e000 00:1fae 4611686019027979918      /nix/store/4nlgxhb09sdr51nc9hdm8az5b08vzkgx-glibc-2.35-163/lib/libc.so.6
7f579f339000-7f579f33d000 r--p 001f6000 00:1fae 4611686019027979918      /nix/store/4nlgxhb09sdr51nc9hdm8az5b08vzkgx-glibc-2.35-163/lib/libc.so.6
7f579f33d000-7f579f33f000 rw-p 001fa000 00:1fae 4611686019027979918      /nix/store/4nlgxhb09sdr51nc9hdm8az5b08vzkgx-glibc-2.35-163/lib/libc.so.6
7f579f33f000-7f579f34e000 rw-p 00000000 00:00 0 
7f579f34e000-7f579f34f000 r--p 00000000 00:1fae 4611686019027979923      /nix/store/4nlgxhb09sdr51nc9hdm8az5b08vzkgx-glibc-2.35-163/lib/libdl.so.2
7f579f34f000-7f579f350000 r-xp 00001000 00:1fae 4611686019027979923      /nix/store/4nlgxhb09sdr51nc9hdm8az5b08vzkgx-glibc-2.35-163/lib/libdl.so.2
7f579f350000-7f579f351000 r--p 00002000 00:1fae 4611686019027979923      /nix/store/4nlgxhb09sdr51nc9hdm8az5b08vzkgx-glibc-2.35-163/lib/libdl.so.2
7f579f351000-7f579f352000 r--p 00002000 00:1fae 4611686019027979923      /nix/store/4nlgxhb09sdr51nc9hdm8az5b08vzkgx-glibc-2.35-163/lib/libdl.so.2
7f579f352000-7f579f353000 rw-p 00003000 00:1fae 4611686019027979923      /nix/store/4nlgxhb09sdr51nc9hdm8az5b08vzkgx-glibc-2.35-163/lib/libdl.so.2
7f579f353000-7f579f354000 r--p 00000000 00:1fae 4611686019027979942      /nix/store/4nlgxhb09sdr51nc9hdm8az5b08vzkgx-glibc-2.35-163/lib/libpthread.so.0
7f579f354000-7f579f355000 r-xp 00001000 00:1fae 4611686019027979942      /nix/store/4nlgxhb09sdr51nc9hdm8az5b08vzkgx-glibc-2.35-163/lib/libpthread.so.0
7f579f355000-7f579f356000 r--p 00002000 00:1fae 4611686019027979942      /nix/store/4nlgxhb09sdr51nc9hdm8az5b08vzkgx-glibc-2.35-163/lib/libpthread.so.0
7f579f356000-7f579f357000 r--p 00002000 00:1fae 4611686019027979942      /nix/store/4nlgxhb09sdr51nc9hdm8az5b08vzkgx-glibc-2.35-163/lib/libpthread.so.0
7f579f357000-7f579f358000 rw-p 00003000 00:1fae 4611686019027979942      /nix/store/4nlgxhb09sdr51nc9hdm8az5b08vzkgx-glibc-2.35-163/lib/libpthread.so.0
7f579f358000-7f579f366000 r-xp 00000000 00:1fae 4611686019135190033      /nix/store/gpxl5qgg8kicmcvivwmybwjlpf7wh20l-graalvm17-ce-22.3.0/lib/libjli.so
7f579f366000-7f579f367000 ---p 0000e000 00:1fae 4611686019135190033      /nix/store/gpxl5qgg8kicmcvivwmybwjlpf7wh20l-graalvm17-ce-22.3.0/lib/libjli.so
7f579f367000-7f579f368000 r--p 0000e000 00:1fae 4611686019135190033      /nix/store/gpxl5qgg8kicmcvivwmybwjlpf7wh20l-graalvm17-ce-22.3.0/lib/libjli.so
7f579f368000-7f579f369000 rw-p 0000f000 00:1fae 4611686019135190033      /nix/store/gpxl5qgg8kicmcvivwmybwjlpf7wh20l-graalvm17-ce-22.3.0/lib/libjli.so
7f579f369000-7f579f36a000 rw-p 00012000 00:1fae 4611686019135190033      /nix/store/gpxl5qgg8kicmcvivwmybwjlpf7wh20l-graalvm17-ce-22.3.0/lib/libjli.so
7f579f36a000-7f579f36d000 r--p 00000000 00:1fae 4611686019106210071      /nix/store/026hln0aq1hyshaxsdvhg0kmcm6yf45r-zlib-1.2.13/lib/libz.so.1.2.13
7f579f36d000-7f579f37f000 r-xp 00003000 00:1fae 4611686019106210071      /nix/store/026hln0aq1hyshaxsdvhg0kmcm6yf45r-zlib-1.2.13/lib/libz.so.1.2.13
7f579f37f000-7f579f386000 r--p 00015000 00:1fae 4611686019106210071      /nix/store/026hln0aq1hyshaxsdvhg0kmcm6yf45r-zlib-1.2.13/lib/libz.so.1.2.13
7f579f386000-7f579f387000 r--p 0001b000 00:1fae 4611686019106210071      /nix/store/026hln0aq1hyshaxsdvhg0kmcm6yf45r-zlib-1.2.13/lib/libz.so.1.2.13
7f579f387000-7f579f388000 rw-p 0001c000 00:1fae 4611686019106210071      /nix/store/026hln0aq1hyshaxsdvhg0kmcm6yf45r-zlib-1.2.13/lib/libz.so.1.2.13
7f579f388000-7f579f38a000 rw-p 00000000 00:00 0 
7f579f38a000-7f579f38c000 r--p 00000000 00:1fae 4611686019027979912      /nix/store/4nlgxhb09sdr51nc9hdm8az5b08vzkgx-glibc-2.35-163/lib/ld-linux-x86-64.so.2
7f579f38c000-7f579f3b3000 r-xp 00002000 00:1fae 4611686019027979912      /nix/store/4nlgxhb09sdr51nc9hdm8az5b08vzkgx-glibc-2.35-163/lib/ld-linux-x86-64.so.2
7f579f3b3000-7f579f3bf000 r--p 00029000 00:1fae 4611686019027979912      /nix/store/4nlgxhb09sdr51nc9hdm8az5b08vzkgx-glibc-2.35-163/lib/ld-linux-x86-64.so.2
7f579f3bf000-7f579f3c1000 r--p 00034000 00:1fae 4611686019027979912      /nix/store/4nlgxhb09sdr51nc9hdm8az5b08vzkgx-glibc-2.35-163/lib/ld-linux-x86-64.so.2
7f579f3c1000-7f579f3c3000 rw-p 00036000 00:1fae 4611686019027979912      /nix/store/4nlgxhb09sdr51nc9hdm8az5b08vzkgx-glibc-2.35-163/lib/ld-linux-x86-64.so.2
7fff77984000-7fff779a9000 rw-p 00000000 00:00 0                          [stack]
7fff779ee000-7fff779f2000 r--p 00000000 00:00 0                          [vvar]
7fff779f2000-7fff779f4000 r-xp 00000000 00:00 0                          [vdso]
ffffffffff600000-ffffffffff601000 --xp 00000000 00:00 0                  [vsyscall]


VM Arguments:
jvm_args: -XX:ThreadPriorityPolicy=1 -XX:+UnlockExperimentalVMOptions -XX:+EnableJVMCIProduct -XX:JVMCIThreadsPerNativeLibraryRuntime=1 -XX:-UnlockExperimentalVMOptions -Declipse.application=org.eclipse.jdt.ls.core.id1 -Dosgi.bundles.defaultStartLevel=4 -Declipse.product=org.eclipse.jdt.ls.core.product -Dlog.level=ALL -Xverify:none -XX:+UseParallelGC -XX:GCTimeRatio=4 -XX:AdaptiveSizePolicyWeight=90 -Dsun.zip.disableMemoryMapping=true -Xmx512m -Xms100m 
java_command: /nix/store/m6gcpi1ii6rghy04cjwjddcavv7i90df-jdt-language-server-1.9.0/share/java/plugins/org.eclipse.equinox.launcher_1.6.400.v20210924-0641.jar --add-modules=ALL-SYSTEM --add-opens java.base/java.util=ALL-UNNAMED --add-opens java.base/java.lang=ALL-UNNAMED -configuration /home/runner/.cache/jdt-language-server/config -data /home/runner/.cache/jdt-language-server/data/home/runner/Grading-System
java_class_path (initial): /nix/store/m6gcpi1ii6rghy04cjwjddcavv7i90df-jdt-language-server-1.9.0/share/java/plugins/org.eclipse.equinox.launcher_1.6.400.v20210924-0641.jar
Launcher Type: SUN_STANDARD

[Global flags]
    uintx AdaptiveSizePolicyWeight                 = 90                                        {product} {command line}
     intx CICompilerCount                          = 2                                         {product} {ergonomic}
     bool EnableJVMCIProduct                       = true                                {JVMCI product} {jimage}
    uintx GCTimeRatio                              = 4                                         {product} {command line}
   size_t InitialHeapSize                          = 104857600                                 {product} {command line}
     uint JVMCIThreadsPerNativeLibraryRuntime      = 1                                   {JVMCI product} {jimage}
   size_t MaxHeapSize                              = 536870912                                 {product} {command line}
   size_t MaxNewSize                               = 178782208                                 {product} {ergonomic}
   size_t MinHeapDeltaBytes                        = 524288                                    {product} {ergonomic}
   size_t MinHeapSize                              = 104857600                                 {product} {command line}
   size_t NewSize                                  = 34603008                                  {product} {ergonomic}
    uintx NonNMethodCodeHeapSize                   = 5826188                                {pd product} {ergonomic}
    uintx NonProfiledCodeHeapSize                  = 122916026                              {pd product} {ergonomic}
   size_t OldSize                                  = 70254592                                  {product} {ergonomic}
    uintx ProfiledCodeHeapSize                     = 122916026                              {pd product} {ergonomic}
    uintx ReservedCodeCacheSize                    = 251658240                              {pd product} {ergonomic}
     bool SegmentedCodeCache                       = true                                      {product} {ergonomic}
   size_t SoftMaxHeapSize                          = 536870912                              {manageable} {ergonomic}
     intx ThreadPriorityPolicy                     = 1                                         {product} {jimage}
     bool UseCompressedClassPointers               = true                           {product lp64_product} {ergonomic}
     bool UseCompressedOops                        = true                           {product lp64_product} {ergonomic}
     bool UseParallelGC                            = true                                      {product} {command line}

Logging:
Log output configuration:
 #0: stdout all=warning uptime,level,tags
 #1: stderr all=off uptime,level,tags

Environment Variables:
JAVA_HOME=/nix/store/gpxl5qgg8kicmcvivwmybwjlpf7wh20l-graalvm17-ce-22.3.0
PATH=/nix/store/1d6ian3r8kdzspw8hacjhl3xkp40g1lj-binutils-wrapper-2.39/bin:/nix/store/dq0xwmsk1g0i2ayg6pb7y87na2knzylh-gcc-wrapper-11.3.0/bin:/nix/store/bap4d0lpcrhpwmpb8ayjcgkmvfj62lnq-bash-interactive-5.1-p16/bin:/nix/store/pr5n59mb4jzmfx6kanwxly0l07p861fg-patchelf-0.15.0/bin:/nix/store/1gf2flfqnpqbr1b4p4qz2f72y42bs56r-gcc-11.3.0/bin:/nix/store/57xv61c5zi8pphjbcwxxjlgc34p61ic9-glibc-2.35-163-bin/bin:/nix/store/a7gvj343m05j2s32xcnwr35v31ynlypr-coreutils-9.1/bin:/nix/store/039g378vc3pc3dvi9dzdlrd0i4q93qwf-binutils-2.39/bin:/nix/store/gpxl5qgg8kicmcvivwmybwjlpf7wh20l-graalvm17-ce-22.3.0/bin:/nix/store/6z9ag3ihc8mq2hzsw48lhbznvzny65nz-apache-maven-3.8.6/bin:/nix/store/m6gcpi1ii6rghy04cjwjddcavv7i90df-jdt-language-server-1.9.0/bin:/nix/store/84xs5alhs01zrbr4ywm05kxbjbp5590l-java-debug/bin:/nix/store/mydc6f4k2z73xlcz7ilif3v2lcaiqvza-findutils-4.9.0/bin:/nix/store/j9p3g8472iijd50vhdprx0nmk2fqn5gv-diffutils-3.8/bin:/nix/store/89zs7rms6x00xfq4dq6m7mjnhkr8a6r4-gnused-4.8/bin:/nix/store/86bp03jkmsl6f92w0yzg4s59g5mhxwmy-gnugrep-3.7/bin:/nix/store/hwcdqw4jrjnd37wxqgsd47hd0j8bnj09-gawk-5.1.1/bin:/nix/store/cfbhw8r8ags41vwqaz47r583d0p4h4a1-gnutar-1.34/bin:/nix/store/p3m1ndl1lapwrlh698bnb5lvvxh67378-gzip-1.12/bin:/nix/store/a8mhcagrsly7c7mpjrpsnaahk4aax056-bzip2-1.0.8-bin/bin:/nix/store/mblgz65m3zv9x548a3d5m96fj2pbwr09-gnumake-4.3/bin:/nix/store/dsd5gz46hdbdk2rfdimqddhq6m8m8fqs-bash-5.1-p16/bin:/nix/store/v7ljksji50mg3w61dykaa3n3y79n6nil-patch-2.7.6/bin:/nix/store/zlcnmqq14jz5x9439jf937mvayyl63da-xz-5.2.7-bin/bin:/nix/store/y6aj732zm9m87c82fpvf103a1xb22blp-file-5.43/bin:/nix/store/i4kzir3m7mrisxmf5xvlnkw01x4qaqr4-prybar-elisp-0.0.0-e0d9a52/bin:/nix/store/lwwivxf6h7x3cvxp9zv8sj0mv7dak99r-prybar-lua-0.0.0-e0d9a52/bin:/nix/store/gxj28g1cg4hq3qanmjv07156h800qr58-prybar-python3-0.0.0-e0d9a52/bin:/nix/store/hshkjnxrgidigf8x75vg6lqng2xlx9i3-prybar-sqlite-0.0.0-e0d9a52/bin:/nix/store/c4w01bpjgyy5ixmwdk8m1pw87zq4sl26-prybar-tcl-0.0.0-e0d9a52/bin:/nix/store/hpbvrlwd5viqmvcaisb3x0118i913a9n-st
LD_LIBRARY_PATH=/nix/store/a4pff549sk2idnkpzk5nsfps3mdkdnvm-cups-2.4.2-lib/lib:/nix/store/72mqxxhh3cy5yifh92wh2yb8cl2hikyy-cairo-1.16.0/lib:/nix/store/2k366jrbsra97gjfxwvrhvixjfxdach5-glib-2.74.1/lib:/nix/store/2j2znigd8ak37rlwh9khz0ry3clqlw1l-gtk+3-3.24.34/lib:/nix/store/hisqvx32cd57apbpcsnkpx6k3549wql1-libglvnd-1.4.0/lib:/nix/store/p36pgcv991mq5srvg765b78yqpxvk3qs-mesa-21.3.3-drivers/lib:/nix/store/mav4251if1ahjq5vkpwycyyvnmy459c4-pulseaudio-14.2/lib
DISPLAY=:0
LANG=en_US.UTF-8

Signal Handlers:
   SIGSEGV: crash_handler in libjvm.so, mask=11100100010111111101111111111110, flags=SA_RESTART|SA_SIGINFO
    SIGBUS: crash_handler in libjvm.so, mask=11100100010111111101111111111110, flags=SA_RESTART|SA_SIGINFO
    SIGFPE: crash_handler in libjvm.so, mask=11100100010111111101111111111110, flags=SA_RESTART|SA_SIGINFO
   SIGPIPE: IsolateEnterStub_IgnoreSIGPIPEStartupHook_noopSignalHandler_8f19bff2f35b5f630d83b364d6b2339320d4ec70_216e8361c6bc87a8f89f58cc10d3b2fd4415bf87 in libjvmcicompiler.so, mask=00000000000000000000000000000000, flags=SA_RESTART
  *** Handler was modified!
  *** Expected: javaSignalHandler in libjvm.so, mask=11100100110111111111111111111110, flags=SA_RESTART|SA_SIGINFO
   SIGXFSZ: javaSignalHandler in libjvm.so, mask=11100100010111111101111111111110, flags=SA_RESTART|SA_SIGINFO
    SIGILL: crash_handler in libjvm.so, mask=11100100010111111101111111111110, flags=SA_RESTART|SA_SIGINFO
   SIGUSR2: SR_handler in libjvm.so, mask=00000000000000000000000000000000, flags=SA_RESTART|SA_SIGINFO
    SIGHUP: UserHandler in libjvm.so, mask=11100100010111111101111111111110, flags=SA_RESTART|SA_SIGINFO
    SIGINT: UserHandler in libjvm.so, mask=11100100010111111101111111111110, flags=SA_RESTART|SA_SIGINFO
   SIGTERM: UserHandler in libjvm.so, mask=11100100010111111101111111111110, flags=SA_RESTART|SA_SIGINFO
   SIGQUIT: UserHandler in libjvm.so, mask=11100100010111111101111111111110, flags=SA_RESTART|SA_SIGINFO
  *** Handler was modified!
  *** Expected: javaSignalHandler in libjvm.so, mask=11100100110111111111111111111110, flags=SA_RESTART|SA_SIGINFO
   SIGTRAP: crash_handler in libjvm.so, mask=11100100010111111101111111111110, flags=SA_RESTART|SA_SIGINFO


---------------  S Y S T E M  ---------------

OS:
DISTRIB_ID=Ubuntu
DISTRIB_RELEASE=20.04
DISTRIB_CODENAME=focal
DISTRIB_DESCRIPTION="Ubuntu 20.04.2 LTS"
uname: Linux 5.15.0-1032-gcp #40~20.04.1-Ubuntu SMP Tue Apr 11 02:49:52 UTC 2023 x86_64
OS uptime: 0 days 7:05 hours
libc: glibc 2.35 NPTL 2.35 
rlimit (soft/hard): STACK 8192k/infinity , CORE infinity/infinity , NPROC infinity/infinity , NOFILE 5242/5242 , AS infinity/infinity , CPU infinity/infinity , DATA infinity/infinity , FSIZE infinity/infinity , MEMLOCK 64k/64k
load average: 19.89 15.21 14.80

/proc/meminfo:
MemTotal:       65852700 kB
MemFree:         5740612 kB
MemAvailable:   41770096 kB
Buffers:         3331240 kB
Cached:         31002136 kB
SwapCached:            0 kB
Active:         11674156 kB
Inactive:       43624228 kB
Active(anon):      22128 kB
Inactive(anon): 20725456 kB
Active(file):   11652028 kB
Inactive(file): 22898772 kB
Unevictable:       43416 kB
Mlocked:           43416 kB
SwapTotal:             0 kB
SwapFree:              0 kB
Dirty:             38148 kB
Writeback:             0 kB
AnonPages:      20232656 kB
Mapped:          1937920 kB
Shmem:             26080 kB
KReclaimable:    2205284 kB
Slab:            3621468 kB
SReclaimable:    2205284 kB
SUnreclaim:      1416184 kB
KernelStack:      481776 kB
PageTables:       204760 kB
NFS_Unstable:          0 kB
Bounce:                0 kB
WritebackTmp:          0 kB
CommitLimit:    32926348 kB
Committed_AS:   81127548 kB
VmallocTotal:   34359738367 kB
VmallocUsed:      525948 kB
VmallocChunk:          0 kB
Percpu:            69984 kB
HardwareCorrupted:     0 kB
AnonHugePages:   2936832 kB
ShmemHugePages:        0 kB
ShmemPmdMapped:        0 kB
FileHugePages:         0 kB
FilePmdMapped:         0 kB
HugePages_Total:       0
HugePages_Free:        0
HugePages_Rsvd:        0
HugePages_Surp:        0
Hugepagesize:       2048 kB
Hugetlb:               0 kB
DirectMap4k:     5419832 kB
DirectMap2M:    53297152 kB
DirectMap1G:    10485760 kB

/sys/kernel/mm/transparent_hugepage/enabled: always [madvise] never
/sys/kernel/mm/transparent_hugepage/defrag (defrag/compaction efforts parameter): always defer defer+madvise [madvise] never

Process Memory:
Virtual Size: 5454920K (peak: 5484332K)
Resident Set Size: 734596K (peak: 772296K) (anon: 541984K, file: 192612K, shmem: 0K)
Swapped out: 0K
C-Heap outstanding allocations: 39935K, retained: 16584K
glibc malloc tunables: (default)

/proc/sys/kernel/threads-max (system-wide limit on the number of threads): 514406
/proc/sys/vm/max_map_count (maximum number of memory map areas a process may have): 65530
/proc/sys/kernel/pid_max (system-wide limit on number of process identifiers): 4194304

container (cgroup) information:
container_type: cgroupv1
cpu_cpuset_cpus: 2-7
cpu_memory_nodes: 0
active_processor_count: 1
cpu_quota: 50000
cpu_period: 100000
cpu_shares: 512
memory_limit_in_bytes: 1048576 k
memory_and_swap_limit_in_bytes: 1048576 k
memory_soft_limit_in_bytes: 524288 k
memory_usage_in_bytes: 638792 k
memory_max_usage_in_bytes: 1048576 k
maximum number of tasks: 1000
current number of tasks: 63

KVM virtualization detected
Steal ticks since vm start: 0
Steal ticks percentage since vm start:  0.000

CPU: total 8 (initial active 1) (8 cores per cpu, 2 threads per core) family 23 model 49 stepping 0 microcode 0xffffffff, cx8, cmov, fxsr, ht, mmx, 3dnowpref, sse, sse2, sse3, ssse3, sse4a, sse4.1, sse4.2, popcnt, lzcnt, tsc, tscinvbit, avx, avx2, aes, clmul, bmi1, bmi2, adx, sha, fma, vzeroupper, clflush, clflushopt, hv
CPU Model and flags from /proc/cpuinfo:
model name	: AMD EPYC 7B12
flags		: fpu vme de pse tsc msr pae mce cx8 apic sep mtrr pge mca cmov pat pse36 clflush mmx fxsr sse sse2 ht syscall nx mmxext fxsr_opt pdpe1gb rdtscp lm constant_tsc rep_good nopl nonstop_tsc cpuid extd_apicid tsc_known_freq pni pclmulqdq ssse3 fma cx16 sse4_1 sse4_2 movbe popcnt aes xsave avx f16c rdrand hypervisor lahf_lm cmp_legacy cr8_legacy abm sse4a misalignsse 3dnowprefetch osvw topoext ssbd ibrs ibpb stibp vmmcall fsgsbase tsc_adjust bmi1 avx2 smep bmi2 rdseed adx smap clflushopt clwb sha_ni xsaveopt xsavec xgetbv1 clzero xsaveerptr arat npt nrip_save umip rdpid

Online cpus: 0-7
Offline cpus: 
BIOS frequency limitation: <Not Available>
Frequency switch latency (ns): <Not Available>
Available cpu frequencies: <Not Available>
Current governor: <Not Available>
Core performance/turbo boost: <Not Available>

Memory: 4k page, physical 1048576k(409776k free), swap 0k(0k free)
Page Sizes: 4k

vm_info: OpenJDK 64-Bit Server VM (17.0.5+8-jvmci-22.3-b08) for linux-amd64 JRE (17.0.5+8-jvmci-22.3-b08), built on Oct 19 2022 09:01:27 by "buildslave" with gcc 10.3.0

END.
