#
# A fatal error has been detected by the Java Runtime Environment:
#
#  Internal Error (jvmciRuntime.cpp:1609), pid=41, tid=55
#  fatal error: Fatal exception in JVMCI: Error calling jdk.vm.ci.services.Services.serializeSavedProperties
#
# JRE version: OpenJDK Runtime Environment GraalVM CE 22.3.0 (17.0.5+8) (build 17.0.5+8-jvmci-22.3-b08)
# Java VM: OpenJDK 64-Bit Server VM GraalVM CE 22.3.0 (17.0.5+8-jvmci-22.3-b08, mixed mode, sharing, tiered, jvmci, jvmci compiler, compressed oops, compressed class ptrs, parallel gc, linux-amd64)
# Problematic frame:
# V  [libjvm.so+0x972714]  JVMCIRuntime::fatal_exception(JVMCIEnv*, char const*)+0x74
#
# Core dump will be written. Default location: Core dumps may be processed with "/usr/share/apport/apport -p%p -s%s -c%c -d%d -P%P -u%u -g%g -- %E" (or dumping to /home/runner/Grading-System/core.41)
#
# If you would like to submit a bug report, please visit:
#   https://github.com/oracle/graal/issues
#

---------------  S U M M A R Y ------------

Command Line: -XX:ThreadPriorityPolicy=1 -XX:+UnlockExperimentalVMOptions -XX:+EnableJVMCIProduct -XX:JVMCIThreadsPerNativeLibraryRuntime=1 -XX:-UnlockExperimentalVMOptions -Declipse.application=org.eclipse.jdt.ls.core.id1 -Dosgi.bundles.defaultStartLevel=4 -Declipse.product=org.eclipse.jdt.ls.core.product -Dlog.level=ALL -Xverify:none -XX:+UseParallelGC -XX:GCTimeRatio=4 -XX:AdaptiveSizePolicyWeight=90 -Dsun.zip.disableMemoryMapping=true -Xmx512m -Xms100m /nix/store/m6gcpi1ii6rghy04cjwjddcavv7i90df-jdt-language-server-1.9.0/share/java/plugins/org.eclipse.equinox.launcher_1.6.400.v20210924-0641.jar --add-modules=ALL-SYSTEM --add-opens java.base/java.util=ALL-UNNAMED --add-opens java.base/java.lang=ALL-UNNAMED -configuration /home/runner/.cache/jdt-language-server/config -data /home/runner/.cache/jdt-language-server/data/home/runner/Grading-System

Host: AMD EPYC 7B12, 8 cores, 1G, Ubuntu 20.04.2 LTS
Time: Sun Apr 23 19:54:14 2023 UTC elapsed time: 629.321458 seconds (0d 0h 10m 29s)

---------------  T H R E A D  ---------------

Current thread (0x00007fac4c0b2210):  JavaThread "JVMCI-native CompilerThread0" daemon [_thread_in_vm, id=55, stack(0x00007fac330b3000,0x00007fac332b3000)]


Current CompileTask:
JVMCI-native: 629321 10160       4       org.eclipse.jdt.internal.core.ClassFile::getTypeName (38 bytes)

Stack: [0x00007fac330b3000,0x00007fac332b3000],  sp=0x00007fac332b1380,  free space=2040k
Native frames: (J=compiled Java code, j=interpreted, Vv=VM code, C=native code)
V  [libjvm.so+0x972714]  JVMCIRuntime::fatal_exception(JVMCIEnv*, char const*)+0x74
V  [libjvm.so+0x93e2fe]  JVMCIEnv::copy_saved_properties()+0x14e
V  [libjvm.so+0x9732a9]  JVMCIRuntime::initialize(JVMCIEnv*)+0xb19
V  [libjvm.so+0x9738a2]  JVMCIRuntime::get_HotSpotJVMCIRuntime(JVMCIEnv*)+0x12
V  [libjvm.so+0x9749f2]  JVMCIRuntime::compile_method(JVMCIEnv*, JVMCICompiler*, methodHandle const&, int)+0xd2
V  [libjvm.so+0x5b0d20]  CompileBroker::invoke_compiler_on_method(CompileTask*)+0x1470
V  [libjvm.so+0x5b12e8]  CompileBroker::compiler_thread_loop()+0x528
V  [libjvm.so+0xd82460]  JavaThread::thread_main_inner()+0xd0
V  [libjvm.so+0xd85a40]  Thread::call_run()+0xc0
V  [libjvm.so+0xbdb1e1]  thread_native_entry(Thread*)+0xe1

Register to memory mapping:

RAX=0x00007fac52d98000 points into unknown readable memory: 0x0000000000000058 | 58 00 00 00 00 00 00 00
RBX=0x00007fac53e93398: <offset 0x0000000000ef5398> in /nix/store/gpxl5qgg8kicmcvivwmybwjlpf7wh20l-graalvm17-ce-22.3.0/lib/server/libjvm.so at 0x00007fac52f9e000
RCX=0x00007fac53e4b1e8: <offset 0x0000000000ead1e8> in /nix/store/gpxl5qgg8kicmcvivwmybwjlpf7wh20l-graalvm17-ce-22.3.0/lib/server/libjvm.so at 0x00007fac52f9e000
RDX=0x0000000000000649 is an unknown value
RSP=0x00007fac332b1380 is pointing into the stack for thread: 0x00007fac4c0b2210
RBP=0x00007fac332b13a0 is pointing into the stack for thread: 0x00007fac4c0b2210
RSI=0x00007fac53e93c48: <offset 0x0000000000ef5c48> in /nix/store/gpxl5qgg8kicmcvivwmybwjlpf7wh20l-graalvm17-ce-22.3.0/lib/server/libjvm.so at 0x00007fac52f9e000
RDI=0x00000000e0000000 is an oop: java.security.AccessControlContext 
{0x00000000e0000000} - klass: 'java/security/AccessControlContext'
 - ---- fields (total size 5 words):
 - private 'isPrivileged' 'Z' @12  true
 - private 'isAuthorized' 'Z' @13  true
 - private 'isWrapped' 'Z' @14  false
 - private 'isLimited' 'Z' @15  false
 - private 'context' '[Ljava/security/ProtectionDomain;' @16  a 'java/security/ProtectionDomain'[1] {0x00000000e0000028} (e0000028)
 - private 'privilegedContext' 'Ljava/security/AccessControlContext;' @20  NULL (0)
 - private 'combiner' 'Ljava/security/DomainCombiner;' @24  NULL (0)
 - private 'permissions' '[Ljava/security/Permission;' @28  NULL (0)
 - private 'parent' 'Ljava/security/AccessControlContext;' @32  NULL (0)
 - private 'limitedContext' '[Ljava/security/ProtectionDomain;' @36  NULL (0)
R8 =0x00007fac53e93398: <offset 0x0000000000ef5398> in /nix/store/gpxl5qgg8kicmcvivwmybwjlpf7wh20l-graalvm17-ce-22.3.0/lib/server/libjvm.so at 0x00007fac52f9e000
R9 =0x00007fac332b1330 is pointing into the stack for thread: 0x00007fac4c0b2210
R10=0x00007fac332b2948 is pointing into the stack for thread: 0x00007fac4c0b2210
R11=0x0000000000000293 is an unknown value
R12=0x0 is NULL
R13=0x00007fac4c0b2210 is a thread
R14=0x00007fac4c000b80 points into unknown readable memory: 0x00007fac540c4a38 | 38 4a 0c 54 ac 7f 00 00
R15=0x00007fac541d2e40: <offset 0x0000000001234e40> in /nix/store/gpxl5qgg8kicmcvivwmybwjlpf7wh20l-graalvm17-ce-22.3.0/lib/server/libjvm.so at 0x00007fac52f9e000


Registers:
RAX=0x00007fac52d98000, RBX=0x00007fac53e93398, RCX=0x00007fac53e4b1e8, RDX=0x0000000000000649
RSP=0x00007fac332b1380, RBP=0x00007fac332b13a0, RSI=0x00007fac53e93c48, RDI=0x00000000e0000000
R8 =0x00007fac53e93398, R9 =0x00007fac332b1330, R10=0x00007fac332b2948, R11=0x0000000000000293
R12=0x0000000000000000, R13=0x00007fac4c0b2210, R14=0x00007fac4c000b80, R15=0x00007fac541d2e40
RIP=0x00007fac53910714, EFLAGS=0x0000000000010206, CSGSFS=0x002b000000000033, ERR=0x0000000000000006
  TRAPNO=0x000000000000000e

Top of Stack: (sp=0x00007fac332b1380)
0x00007fac332b1380:   00007fac332b1940 00007fac4c0b2210
0x00007fac332b1390:   00007fac517298c8 0000000800c417a0
0x00007fac332b13a0:   00007fac332b1500 00007fac538dc2fe
0x00007fac332b13b0:   00007fac332b13e0 00007fac332b1440 

Instructions: (pc=0x00007fac53910714)
0x00007fac53910614:   30 e8 f6 cf e8 ff 4c 89 e7 e8 2e 48 d1 ff 84 db
0x00007fac53910624:   75 2a 4d 85 ed 74 04 4d 8b 6d 00 48 83 c4 08 44
0x00007fac53910634:   89 f9 4c 89 f2 4c 89 ee 5b 4c 89 e7 41 5c 41 5d
0x00007fac53910644:   41 5e 41 5f 5d e9 e2 47 d1 ff 66 90 48 83 c4 08
0x00007fac53910654:   5b 41 5c 41 5d 41 5e 41 5f 5d c3 90 31 d2 be 08
0x00007fac53910664:   00 00 00 4c 89 ff e8 b1 78 a3 ff 49 89 c5 e9 37
0x00007fac53910674:   ff ff ff 66 0f 1f 84 00 00 00 00 00 48 8b 7a 08
0x00007fac53910684:   e9 6d ff ff ff 0f 1f 80 00 00 00 00 e8 5b 48 0a
0x00007fac53910694:   00 84 c0 75 89 e9 6a ff ff ff 66 90 55 48 89 e5
0x00007fac539106a4:   41 56 41 55 41 54 49 89 fc 53 48 89 f3 66 48 8d
0x00007fac539106b4:   3d 27 5e 85 00 66 66 48 e8 df 43 8d ff 4c 8b 28
0x00007fac539106c4:   8b 05 be 72 8a 00 85 c0 75 14 ba 01 00 00 00 48
0x00007fac539106d4:   8d 0d ae 72 8a 00 f0 0f b1 11 85 c0 74 4e be c8
0x00007fac539106e4:   00 00 00 4c 89 ef e8 01 0b 41 00 48 8d 05 12 ac
0x00007fac539106f4:   85 00 49 89 d8 48 8d 0d e8 aa 53 00 ba 49 06 00
0x00007fac53910704:   00 48 8d 35 3c 35 58 00 bf 00 00 00 e0 48 8b 00
0x00007fac53910714:   c6 00 58 31 c0 e8 e2 91 c6 ff 5b 41 5c 41 5d 41
0x00007fac53910724:   5e 5d e9 55 34 26 00 0f 1f 44 00 00 48 8d 05 81
0x00007fac53910734:   a3 8b 00 48 89 df 4c 8b 30 e8 9e 43 8d ff 48 89
0x00007fac53910744:   de 48 89 c2 49 8b 06 4c 89 f7 ff 50 08 4c 89 f7
0x00007fac53910754:   e8 a7 5c 27 00 4d 85 e4 74 12 be 01 00 00 00 4c
0x00007fac53910764:   89 e7 e8 35 43 fc ff eb 82 0f 1f 00 be 01 00 00
0x00007fac53910774:   00 4c 89 ef e8 d3 fd ff ff e9 6d ff ff ff 66 66
0x00007fac53910784:   2e 0f 1f 84 00 00 00 00 00 0f 1f 00 55 48 89 e5
0x00007fac53910794:   41 57 41 56 41 55 41 54 53 48 81 ec 08 02 00 00
0x00007fac539107a4:   64 48 8b 04 25 28 00 00 00 48 89 45 c8 8b 07 83
0x00007fac539107b4:   f8 02 0f 84 11 04 00 00 4c 8b 6f 18 49 89 ff 49
0x00007fac539107c4:   89 f4 4d 85 ed 74 14 4c 89 ef e8 5d 57 22 00 41
0x00007fac539107d4:   8b 07 83 f8 02 0f 84 19 04 00 00 48 8d 1d 9a 06
0x00007fac539107e4:   8a 00 4c 8d 35 0b 3c 58 00 eb 38 90 48 85 d2 7f
0x00007fac539107f4:   0d 48 8d 05 b4 c0 85 00 48 83 38 00 7e 0e 41 8b
0x00007fac53910804:   77 2c 4c 89 f7 31 c0 e8 a0 b2 f7 ff 49 8b 7f 18 


Stack slot to memory mapping:
stack at sp + 0 slots: 0x00007fac332b1940 is pointing into the stack for thread: 0x00007fac4c0b2210
stack at sp + 1 slots: 0x00007fac4c0b2210 is a thread
stack at sp + 2 slots: 0x00007fac517298c8 points into unknown readable memory: 0x65730018052dffff | ff ff 2d 05 18 00 73 65
stack at sp + 3 slots: 0x0000000800c417a0 is a pointer to class: 
jdk.vm.ci.services.Services {0x0000000800c417a0}
 - instance size:     2
 - klass size:        65
 - access:            public final synchronized 
 - state:             fully_initialized
 - name:              'jdk/vm/ci/services/Services'
 - super:             'java/lang/Object'
 - sub:               
 - arrays:            NULL
 - methods:           Array<T>(0x00007fac50843b70)
 - method ordering:   Array<T>(0x0000000800928960)
 - default_methods:   Array<T>(0x0000000000000000)
 - local interfaces:  Array<T>(0x00000008005ce810)
 - trans. interfaces: Array<T>(0x00000008005ce810)
 - constants:         constant pool [427] {0x00007fac50842978} for 'jdk/vm/ci/services/Services' cache=0x00007fac50844e40
 - class loader data:  loader data: 0x00007fac4c0283f0 of 'bootstrap'
 - source file:       'Services.java'
 - class annotations:       Array<T>(0x0000000000000000)
 - class type annotations:  Array<T>(0x0000000000000000)
 - field annotations:       Array<T>(0x0000000000000000)
 - field type annotations:  Array<T>(0x0000000000000000)
 - inner classes:     Array<T>(0x00007fac50844e10)
 - nest members:     Array<T>(0x00007fac50844e30)
 - permitted subclasses:     Array<T>(0x00000008005ce7a0)
 - java mirror:       a 'java/lang/Class'{0x00000000e017c2e0} = 'jdk/vm/ci/services/Services'
 - vtable length      5  (start addr: 0x0000000800c41970)
 - itable length      2 (start addr: 0x0000000800c41998)
 - ---- static fields (3 words):
 - public static final 'IS_BUILDING_NATIVE_IMAGE' 'Z' @128 
 - public static final 'IS_IN_NATIVE_IMAGE' 'Z' @129 
 - private static volatile 'savedProperties' 'Ljava/util/Map;' @112 
 - static final 'JVMCI_ENABLED' 'Z' @130 
 - private static final 'servicesCache' 'Ljava/util/Map;' @116 
 - private static final 'MAX_UNICODE_IN_UTF8_LENGTH' 'I' @120 
 - private static final 'MAX_UTF8_PROPERTY_STRING_LENGTH' 'I' @124 
 - ---- non-static fields (0 words):
 - non-static oop maps: 
stack at sp + 4 slots: 0x00007fac332b1500 is pointing into the stack for thread: 0x00007fac4c0b2210
stack at sp + 5 slots: 0x00007fac538dc2fe: <offset 0x000000000093e2fe> in /nix/store/gpxl5qgg8kicmcvivwmybwjlpf7wh20l-graalvm17-ce-22.3.0/lib/server/libjvm.so at 0x00007fac52f9e000
stack at sp + 6 slots: 0x00007fac332b13e0 is pointing into the stack for thread: 0x00007fac4c0b2210
stack at sp + 7 slots: 0x00007fac332b1440 is pointing into the stack for thread: 0x00007fac4c0b2210


---------------  P R O C E S S  ---------------

Threads class SMR info:
_java_thread_list=0x00007fab9c000b70, length=33, elements={
0x00007fac4c026690, 0x00007fac4c0a64d0, 0x00007fac4c0a7910, 0x00007fac4c0ae080,
0x00007fac4c0af430, 0x00007fac4c0b0820, 0x00007fac4c0b2210, 0x00007fac4c0b3720,
0x00007fac4c0b4780, 0x00007fac4c0d7530, 0x00007fac4c12f9a0, 0x00007fac4c353e50,
0x00007fac4c204ca0, 0x00007fac4c209eb0, 0x00007fac4c1f3a90, 0x00007fabe4016f00,
0x00007fabe42ba840, 0x00007fabd40010d0, 0x00007fabe44946a0, 0x00007fabe4688d80,
0x00007fac4c4a6e30, 0x00007fac4c61a2c0, 0x00007fabc4001130, 0x00007fabbc002280,
0x00007fabb04573a0, 0x00007fabdc1212d0, 0x00007fabdc1655f0, 0x00007fabdc11c040,
0x00007fabdc11c7e0, 0x00007fabdc190af0, 0x00007fabdc1911e0, 0x00007fabdc191de0,
0x00007fabdc192d20
}

Java Threads: ( => current thread )
  0x00007fac4c026690 JavaThread "main" [_thread_blocked, id=47, stack(0x00007fac52db9000,0x00007fac52eb9000)]
  0x00007fac4c0a64d0 JavaThread "Reference Handler" daemon [_thread_blocked, id=50, stack(0x00007fac5052e000,0x00007fac5062e000)]
  0x00007fac4c0a7910 JavaThread "Finalizer" daemon [_thread_blocked, id=51, stack(0x00007fac5042e000,0x00007fac5052e000)]
  0x00007fac4c0ae080 JavaThread "Signal Dispatcher" daemon [_thread_blocked, id=52, stack(0x00007fac50048000,0x00007fac50148000)]
  0x00007fac4c0af430 JavaThread "Service Thread" daemon [_thread_blocked, id=53, stack(0x00007fac333b3000,0x00007fac334b3000)]
  0x00007fac4c0b0820 JavaThread "Monitor Deflation Thread" daemon [_thread_blocked, id=54, stack(0x00007fac332b3000,0x00007fac333b3000)]
=>0x00007fac4c0b2210 JavaThread "JVMCI-native CompilerThread0" daemon [_thread_in_vm, id=55, stack(0x00007fac330b3000,0x00007fac332b3000)]
  0x00007fac4c0b3720 JavaThread "C1 CompilerThread0" daemon [_thread_blocked, id=56, stack(0x00007fac32eb3000,0x00007fac330b3000)]
  0x00007fac4c0b4780 JavaThread "Sweeper thread" daemon [_thread_blocked, id=57, stack(0x00007fac32db3000,0x00007fac32eb3000)]
  0x00007fac4c0d7530 JavaThread "Common-Cleaner" daemon [_thread_blocked, id=59, stack(0x00007fac32cb3000,0x00007fac32db3000)]
  0x00007fac4c12f9a0 JavaThread "Notification Thread" daemon [_thread_blocked, id=60, stack(0x00007fac32bb3000,0x00007fac32cb3000)]
  0x00007fac4c353e50 JavaThread "Active Thread: Equinox Container: a69b81f2-b3c2-430e-954d-3342c00c68b7" [_thread_blocked, id=79, stack(0x00007fac329b1000,0x00007fac32ab1000)]
  0x00007fac4c204ca0 JavaThread "Framework Event Dispatcher: Equinox Container: a69b81f2-b3c2-430e-954d-3342c00c68b7" daemon [_thread_blocked, id=81, stack(0x00007fac30500000,0x00007fac30600000)]
  0x00007fac4c209eb0 JavaThread "Start Level: Equinox Container: a69b81f2-b3c2-430e-954d-3342c00c68b7" daemon [_thread_blocked, id=82, stack(0x00007fac30300000,0x00007fac30400000)]
  0x00007fac4c1f3a90 JavaThread "Refresh Thread: Equinox Container: a69b81f2-b3c2-430e-954d-3342c00c68b7" daemon [_thread_blocked, id=92, stack(0x00007fac30100000,0x00007fac30200000)]
  0x00007fabe4016f00 JavaThread "SCR Component Actor" daemon [_thread_blocked, id=102, stack(0x00007fabfad00000,0x00007fabfae00000)]
  0x00007fabe42ba840 JavaThread "Worker-JM" [_thread_blocked, id=112, stack(0x00007fabfab00000,0x00007fabfac00000)]
  0x00007fabd40010d0 JavaThread "Worker-1" [_thread_blocked, id=114, stack(0x00007fabfa700000,0x00007fabfa800000)]
  0x00007fabe44946a0 JavaThread "Java indexing" daemon [_thread_blocked, id=118, stack(0x00007fabfa500000,0x00007fabfa600000)]
  0x00007fabe4688d80 JavaThread "Bundle File Closer" daemon [_thread_blocked, id=124, stack(0x00007fabfa300000,0x00007fabfa400000)]
  0x00007fac4c4a6e30 JavaThread "pool-3-thread-1" [_thread_blocked, id=129, stack(0x00007fabf9f00000,0x00007fabfa000000)]
  0x00007fac4c61a2c0 JavaThread "pool-2-thread-1" [_thread_blocked, id=135, stack(0x00007fabfac00000,0x00007fabfad00000)]
  0x00007fabc4001130 JavaThread "Worker-3" [_thread_blocked, id=136, stack(0x00007fabf9d00000,0x00007fabf9e00000)]
  0x00007fabbc002280 JavaThread "Worker-5: Java indexing... " [_thread_blocked, id=160, stack(0x00007fabf9900000,0x00007fabf9a00000)]
  0x00007fabb04573a0 JavaThread "Okio Watchdog" daemon [_thread_blocked, id=261, stack(0x00007fabf9800000,0x00007fabf9900000)]
  0x00007fabdc1212d0 JavaThread "Thread-5" [_thread_blocked, id=657, stack(0x00007fabf9b00000,0x00007fabf9c00000)]
  0x00007fabdc1655f0 JavaThread "Thread-6" [_thread_blocked, id=699, stack(0x00007fabfa100000,0x00007fabfa200000)]
  0x00007fabdc11c040 JavaThread "Thread-7" [_thread_blocked, id=700, stack(0x00007fabfa900000,0x00007fabfaa00000)]
  0x00007fabdc11c7e0 JavaThread "Thread-8" [_thread_blocked, id=701, stack(0x00007fabfa800000,0x00007fabfa900000)]
  0x00007fabdc190af0 JavaThread "Thread-9" [_thread_blocked, id=710, stack(0x00007fac30000000,0x00007fac30100000)]
  0x00007fabdc1911e0 JavaThread "Thread-10" [_thread_blocked, id=711, stack(0x00007fabfa400000,0x00007fabfa500000)]
  0x00007fabdc191de0 JavaThread "Thread-11" [_thread_blocked, id=731, stack(0x00007fabfbf00000,0x00007fabfc000000)]
  0x00007fabdc192d20 JavaThread "Thread-12" [_thread_blocked, id=1166, stack(0x00007fabfbd00000,0x00007fabfbe00000)]

Other Threads:
  0x00007fac4c0a1c10 VMThread "VM Thread" [stack: 0x00007fac50630000,0x00007fac50730000] [id=49] _threads_hazard_ptr=0x00007fab9c000b70
  0x00007fac4c131340 WatcherThread [stack: 0x00007fac32ab3000,0x00007fac32bb3000] [id=61]
  0x00007fac4c03df30 GCTaskThread "GC Thread#0" [stack: 0x00007fac5297c000,0x00007fac52a7c000] [id=48]

Threads with active compile tasks:
JVMCI-native CompilerThread0   629398 10160       4       org.eclipse.jdt.internal.core.ClassFile::getTypeName (38 bytes)

VM state: synchronizing (normal execution)

VM Mutex/Monitor currently owned by a thread:  ([mutex/lock_event])
[0x00007fac4c023840] Threads_lock - owner thread: 0x00007fac4c0a1c10
[0x00007fac4c023ff0] Heap_lock - owner thread: 0x00007fabdc1655f0

OutOfMemory and StackOverflow Exception counts:
OutOfMemoryError java_heap_errors=7
LinkageErrors=73

Heap address: 0x00000000e0000000, size: 512 MB, Compressed Oops mode: 32-bit

CDS archive(s) mapped at: [0x0000000800000000-0x0000000800bc8000-0x0000000800bc8000), size 12353536, SharedBaseAddress: 0x0000000800000000, ArchiveRelocationMode: 0.
Compressed class space mapped at: 0x0000000800c00000-0x0000000840c00000, reserved size: 1073741824
Narrow klass base: 0x0000000800000000, Narrow klass shift: 0, Narrow klass range: 0x100000000

GC Precious Log:
 CPUs: 8 total, 1 available
 Memory: 1024M
 Large Page Support: Disabled
 NUMA Support: Disabled
 Compressed Oops: Enabled (32-bit)
 Alignments: Space 512K, Generation 512K, Heap 2M
 Heap Min Capacity: 100M
 Heap Initial Capacity: 100M
 Heap Max Capacity: 512M
 Pre-touch: Disabled
 Parallel Workers: 1

Heap:
 PSYoungGen      total 38912K, used 28672K [0x00000000f5580000, 0x00000000f8780000, 0x0000000100000000)
  eden space 28672K, 100% used [0x00000000f5580000,0x00000000f7180000,0x00000000f7180000)
  from space 10240K, 0% used [0x00000000f7c00000,0x00000000f7c00000,0x00000000f8600000)
  to   space 10752K, 0% used [0x00000000f7180000,0x00000000f7180000,0x00000000f7c00000)
 ParOldGen       total 349696K, used 349695K [0x00000000e0000000, 0x00000000f5580000, 0x00000000f5580000)
  object space 349696K, 99% used [0x00000000e0000000,0x00000000f557fff8,0x00000000f5580000)
 Metaspace       used 61447K, committed 62400K, reserved 1105920K
  class space    used 6000K, committed 6400K, reserved 1048576K

Card table byte_map: [0x00007fac52a7c000,0x00007fac52b7d000] _byte_map_base: 0x00007fac5237c000

Marking Bits: (ParMarkBitMap*) 0x00007fac541cc4c0
 Begin Bits: [0x00007fac518cf000, 0x00007fac520cf000)
 End Bits:   [0x00007fac520cf000, 0x00007fac528cf000)

Polling page: 0x00007fac52d96000

Metaspace:

Usage:
  Non-class:     54.15 MB used.
      Class:      5.86 MB used.
       Both:     60.01 MB used.

Virtual space:
  Non-class space:       56.00 MB reserved,      54.69 MB ( 98%) committed,  7 nodes.
      Class space:        1.00 GB reserved,       6.25 MB ( <1%) committed,  1 nodes.
             Both:        1.05 GB reserved,      60.94 MB (  6%) committed. 

Chunk freelists:
   Non-Class:  464.00 KB
       Class:  1.63 MB
        Both:  2.08 MB

MaxMetaspaceSize: unlimited
CompressedClassSpaceSize: 1.00 GB
Initial GC threshold: 21.00 MB
Current GC threshold: 101.38 MB
CDS: on
MetaspaceReclaimPolicy: balanced
 - commit_granule_bytes: 65536.
 - commit_granule_words: 8192.
 - virtual_space_node_default_size: 1048576.
 - enlarge_chunks_in_place: 1.
 - new_chunks_are_fully_committed: 0.
 - uncommit_free_chunks: 1.
 - use_allocation_guard: 0.
 - handle_deallocations: 1.


Internal statistics:

num_allocs_failed_limit: 6.
num_arena_births: 526.
num_arena_deaths: 154.
num_vsnodes_births: 8.
num_vsnodes_deaths: 0.
num_space_committed: 973.
num_space_uncommitted: 0.
num_chunks_returned_to_freelist: 219.
num_chunks_taken_from_freelist: 2973.
num_chunk_merges: 93.
num_chunk_splits: 1898.
num_chunks_enlarged: 1190.
num_purges: 8.
num_inconsistent_stats: 0.

CodeHeap 'non-profiled nmethods': size=120036Kb used=2756Kb max_used=2756Kb free=117279Kb
 bounds [0x00007fac3af7a000, 0x00007fac3b23a000, 0x00007fac424b3000]
CodeHeap 'profiled nmethods': size=120032Kb used=16997Kb max_used=17519Kb free=103034Kb
 bounds [0x00007fac33a42000, 0x00007fac34b72000, 0x00007fac3af7a000]
CodeHeap 'non-nmethods': size=5692Kb used=1399Kb max_used=1413Kb free=4293Kb
 bounds [0x00007fac334b3000, 0x00007fac33723000, 0x00007fac33a42000]
 total_blobs=8413 nmethods=7671 adapters=637
 compilation: enabled
              stopped_count=0, restarted_count=0
 full_count=0

JVMCI Events (20 events):
Event: 380.012 Thread 0x00007fac4c0b2210 created JavaVM[3]@0x00007fabf929e340 for JVMCI runtime 0
Event: 381.298 Thread 0x00007fac4c0b2210 initializing JVMCI runtime 0
Event: 381.298 Thread 0x00007fac4c0b2210 done waiting for JavaVM references initialization in JVMCI runtime 0
Event: 408.052 Thread 0x00007fac4c0b2210 initialized JVMCI runtime 0
Event: 495.327 Thread 0x00007fac4c0b2210 compacted oop handles in JVMCI runtime 0 from 243 to 149
Event: 495.327 Thread 0x00007fac4c0b2210 compacted oop handles in JVMCI runtime 0 from 149 to 112
Event: 496.690 Thread 0x00007fac4c0b2210 compacted oop handles in JVMCI runtime 0 from 119 to 116
Event: 496.690 Thread 0x00007fac4c0b2210 compacted oop handles in JVMCI runtime 0 from 117 to 70
Event: 498.011 Thread 0x00007fac4c0b2210 compacted oop handles in JVMCI runtime 0 from 76 to 74
Event: 524.600 Thread 0x00007fac4c0b2210 detaching from JVMCI runtime 0: releasing idle compiler thread (0 other threads still attached)
Event: 524.600 Thread 0x00007fac4c0b2210 shutting down HotSpotJVMCIRuntime for JVMCI runtime 0
Event: 524.600 Thread 0x00007fac4c0b2210 shut down JVMCI runtime 0
Event: 525.886 Thread 0x00007fac4c0b2210 destroyed JavaVM[3]@0x00007fabf929e340 for JVMCI runtime 0
Event: 525.886 Thread 0x00007fac4c0b2210 compacted oop handles in JVMCI runtime 0 from 113 to 113
Event: 525.886 Thread 0x00007fac4c0b2210 releasing handles for JVMCI runtime 0: oop handles=113, metadata handles={total=352, live=338, blocks=38}
Event: 525.886 Thread 0x00007fac4c0b2210 detached from JVMCI runtime 0
Event: 527.199 Thread 0x00007fac4c0b2210 attached to JVMCI runtime 0
Event: 527.200 Thread 0x00007fac4c0b2210 created JavaVM[4]@0x00007fabf929e340 for JVMCI runtime 0
Event: 527.200 Thread 0x00007fac4c0b2210 initializing JVMCI runtime 0
Event: 527.200 Thread 0x00007fac4c0b2210 done waiting for JavaVM references initialization in JVMCI runtime 0

Compilation events (20 events):
Event: 523.221 Thread 0x00007fac4c0b2210 nmethod 10157 0x00007fac3b22a990 code [0x00007fac3b22ab20, 0x00007fac3b22aea8]
Event: 527.199 Thread 0x00007fac4c0b2210 10160       4       org.eclipse.jdt.internal.core.ClassFile::getTypeName (38 bytes)
Event: 544.097 Thread 0x00007fac4c0b3720 10163       3       org.eclipse.jdt.internal.compiler.lookup.ModuleBinding::createDeclaredPackage (32 bytes)
Event: 545.214 Thread 0x00007fac4c0b3720 nmethod 10163 0x00007fac34835090 code [0x00007fac34835260, 0x00007fac348356a0]
Event: 545.214 Thread 0x00007fac4c0b3720 10164       3       java.lang.invoke.LambdaForm::prepare (112 bytes)
Event: 549.115 Thread 0x00007fac4c0b3720 nmethod 10164 0x00007fac34842390 code [0x00007fac348425c0, 0x00007fac34843050]
Event: 549.115 Thread 0x00007fac4c0b3720 10165       3       java.lang.invoke.MethodHandle::<init> (37 bytes)
Event: 549.115 Thread 0x00007fac4c0b3720 nmethod 10165 0x00007fac344cc590 code [0x00007fac344cc7a0, 0x00007fac344ccc90]
Event: 549.116 Thread 0x00007fac4c0b3720 10167       3       org.eclipse.jdt.internal.compiler.lookup.SignatureWrapper::skipAngleContents (87 bytes)
Event: 550.328 Thread 0x00007fac4c0b3720 nmethod 10167 0x00007fac344cbf10 code [0x00007fac344cc0e0, 0x00007fac344cc450]
Event: 550.331 Thread 0x00007fac4c0b3720 10168       3       org.eclipse.jdt.internal.compiler.lookup.PackageBinding::addPackage (40 bytes)
Event: 550.332 Thread 0x00007fac4c0b3720 nmethod 10168 0x00007fac346b4e90 code [0x00007fac346b5040, 0x00007fac346b5610]
Event: 559.598 Thread 0x00007fac4c0b3720 10169       3       java.util.stream.Nodes$FixedNodeBuilder::accept (61 bytes)
Event: 559.600 Thread 0x00007fac4c0b3720 nmethod 10169 0x00007fac343dde90 code [0x00007fac343de140, 0x00007fac343df3f0]
Event: 565.599 Thread 0x00007fac4c0b3720 10170       3       org.eclipse.jdt.internal.core.JarPackageFragmentRoot::getPackageFragment (10 bytes)
Event: 569.101 Thread 0x00007fac4c0b3720 nmethod 10170 0x00007fac346b4310 code [0x00007fac346b4500, 0x00007fac346b4b60]
Event: 579.125 Thread 0x00007fac4c0b3720 10172       3       org.eclipse.jdt.internal.compiler.lookup.TypeSystem::fixTypeVariableDeclaringElement (83 bytes)
Event: 579.126 Thread 0x00007fac4c0b3720 nmethod 10172 0x00007fac3486db10 code [0x00007fac3486dce0, 0x00007fac3486e4d0]
Event: 617.121 Thread 0x00007fac4c0b3720 10175       1       org.eclipse.osgi.internal.framework.EquinoxContainer::getStorage (5 bytes)
Event: 618.299 Thread 0x00007fac4c0b3720 nmethod 10175 0x00007fac3b22b090 code [0x00007fac3b22b220, 0x00007fac3b22b2f0]

GC Heap History (20 events):
Event: 617.122 GC heap before
{Heap before GC invocations=510 (full 413):
 PSYoungGen      total 38912K, used 28671K [0x00000000f5580000, 0x00000000f8780000, 0x0000000100000000)
  eden space 28672K, 99% used [0x00000000f5580000,0x00000000f717fff8,0x00000000f7180000)
  from space 10240K, 0% used [0x00000000f7c00000,0x00000000f7c00000,0x00000000f8600000)
  to   space 10752K, 0% used [0x00000000f7180000,0x00000000f7180000,0x00000000f7c00000)
 ParOldGen       total 349696K, used 349691K [0x00000000e0000000, 0x00000000f5580000, 0x00000000f5580000)
  object space 349696K, 99% used [0x00000000e0000000,0x00000000f557ed20,0x00000000f5580000)
 Metaspace       used 61447K, committed 62400K, reserved 1105920K
  class space    used 6000K, committed 6400K, reserved 1048576K
}
Event: 618.299 GC heap after
{Heap after GC invocations=510 (full 413):
 PSYoungGen      total 39424K, used 28669K [0x00000000f5580000, 0x00000000f8780000, 0x0000000100000000)
  eden space 28672K, 99% used [0x00000000f5580000,0x00000000f717f640,0x00000000f7180000)
  from space 10752K, 0% used [0x00000000f7180000,0x00000000f7180000,0x00000000f7c00000)
  to   space 10240K, 0% used [0x00000000f7c00000,0x00000000f7c00000,0x00000000f8600000)
 ParOldGen       total 349696K, used 349691K [0x00000000e0000000, 0x00000000f5580000, 0x00000000f5580000)
  object space 349696K, 99% used [0x00000000e0000000,0x00000000f557ed20,0x00000000f5580000)
 Metaspace       used 61447K, committed 62400K, reserved 1105920K
  class space    used 6000K, committed 6400K, reserved 1048576K
}
Event: 618.300 GC heap before
{Heap before GC invocations=511 (full 414):
 PSYoungGen      total 39424K, used 28671K [0x00000000f5580000, 0x00000000f8780000, 0x0000000100000000)
  eden space 28672K, 99% used [0x00000000f5580000,0x00000000f717fff0,0x00000000f7180000)
  from space 10752K, 0% used [0x00000000f7180000,0x00000000f7180000,0x00000000f7c00000)
  to   space 10240K, 0% used [0x00000000f7c00000,0x00000000f7c00000,0x00000000f8600000)
 ParOldGen       total 349696K, used 349691K [0x00000000e0000000, 0x00000000f5580000, 0x00000000f5580000)
  object space 349696K, 99% used [0x00000000e0000000,0x00000000f557ed20,0x00000000f5580000)
 Metaspace       used 61447K, committed 62400K, reserved 1105920K
  class space    used 6000K, committed 6400K, reserved 1048576K
}
Event: 619.512 GC heap after
{Heap after GC invocations=511 (full 414):
 PSYoungGen      total 38912K, used 28671K [0x00000000f5580000, 0x00000000f8780000, 0x0000000100000000)
  eden space 28672K, 99% used [0x00000000f5580000,0x00000000f717fd80,0x00000000f7180000)
  from space 10240K, 0% used [0x00000000f7c00000,0x00000000f7c00000,0x00000000f8600000)
  to   space 10752K, 0% used [0x00000000f7180000,0x00000000f7180000,0x00000000f7c00000)
 ParOldGen       total 349696K, used 349691K [0x00000000e0000000, 0x00000000f5580000, 0x00000000f5580000)
  object space 349696K, 99% used [0x00000000e0000000,0x00000000f557ed20,0x00000000f5580000)
 Metaspace       used 61447K, committed 62400K, reserved 1105920K
  class space    used 6000K, committed 6400K, reserved 1048576K
}
Event: 619.512 GC heap before
{Heap before GC invocations=512 (full 415):
 PSYoungGen      total 38912K, used 28672K [0x00000000f5580000, 0x00000000f8780000, 0x0000000100000000)
  eden space 28672K, 100% used [0x00000000f5580000,0x00000000f7180000,0x00000000f7180000)
  from space 10240K, 0% used [0x00000000f7c00000,0x00000000f7c00000,0x00000000f8600000)
  to   space 10752K, 0% used [0x00000000f7180000,0x00000000f7180000,0x00000000f7c00000)
 ParOldGen       total 349696K, used 349691K [0x00000000e0000000, 0x00000000f5580000, 0x00000000f5580000)
  object space 349696K, 99% used [0x00000000e0000000,0x00000000f557ed20,0x00000000f5580000)
 Metaspace       used 61447K, committed 62400K, reserved 1105920K
  class space    used 6000K, committed 6400K, reserved 1048576K
}
Event: 620.830 GC heap after
{Heap after GC invocations=512 (full 415):
 PSYoungGen      total 39424K, used 28671K [0x00000000f5580000, 0x00000000f8780000, 0x0000000100000000)
  eden space 28672K, 99% used [0x00000000f5580000,0x00000000f717feb8,0x00000000f7180000)
  from space 10752K, 0% used [0x00000000f7180000,0x00000000f7180000,0x00000000f7c00000)
  to   space 10240K, 0% used [0x00000000f7c00000,0x00000000f7c00000,0x00000000f8600000)
 ParOldGen       total 349696K, used 349691K [0x00000000e0000000, 0x00000000f5580000, 0x00000000f5580000)
  object space 349696K, 99% used [0x00000000e0000000,0x00000000f557ed00,0x00000000f5580000)
 Metaspace       used 61447K, committed 62400K, reserved 1105920K
  class space    used 6000K, committed 6400K, reserved 1048576K
}
Event: 620.830 GC heap before
{Heap before GC invocations=513 (full 416):
 PSYoungGen      total 39424K, used 28672K [0x00000000f5580000, 0x00000000f8780000, 0x0000000100000000)
  eden space 28672K, 100% used [0x00000000f5580000,0x00000000f7180000,0x00000000f7180000)
  from space 10752K, 0% used [0x00000000f7180000,0x00000000f7180000,0x00000000f7c00000)
  to   space 10240K, 0% used [0x00000000f7c00000,0x00000000f7c00000,0x00000000f8600000)
 ParOldGen       total 349696K, used 349691K [0x00000000e0000000, 0x00000000f5580000, 0x00000000f5580000)
  object space 349696K, 99% used [0x00000000e0000000,0x00000000f557ed00,0x00000000f5580000)
 Metaspace       used 61447K, committed 62400K, reserved 1105920K
  class space    used 6000K, committed 6400K, reserved 1048576K
}
Event: 622.003 GC heap after
{Heap after GC invocations=513 (full 416):
 PSYoungGen      total 38912K, used 28671K [0x00000000f5580000, 0x00000000f8780000, 0x0000000100000000)
  eden space 28672K, 99% used [0x00000000f5580000,0x00000000f717ff90,0x00000000f7180000)
  from space 10240K, 0% used [0x00000000f7c00000,0x00000000f7c00000,0x00000000f8600000)
  to   space 10752K, 0% used [0x00000000f7180000,0x00000000f7180000,0x00000000f7c00000)
 ParOldGen       total 349696K, used 349691K [0x00000000e0000000, 0x00000000f5580000, 0x00000000f5580000)
  object space 349696K, 99% used [0x00000000e0000000,0x00000000f557ed00,0x00000000f5580000)
 Metaspace       used 61447K, committed 62400K, reserved 1105920K
  class space    used 6000K, committed 6400K, reserved 1048576K
}
Event: 622.013 GC heap before
{Heap before GC invocations=514 (full 417):
 PSYoungGen      total 38912K, used 28672K [0x00000000f5580000, 0x00000000f8780000, 0x0000000100000000)
  eden space 28672K, 100% used [0x00000000f5580000,0x00000000f7180000,0x00000000f7180000)
  from space 10240K, 0% used [0x00000000f7c00000,0x00000000f7c00000,0x00000000f8600000)
  to   space 10752K, 0% used [0x00000000f7180000,0x00000000f7180000,0x00000000f7c00000)
 ParOldGen       total 349696K, used 349694K [0x00000000e0000000, 0x00000000f5580000, 0x00000000f5580000)
  object space 349696K, 99% used [0x00000000e0000000,0x00000000f557f8a8,0x00000000f5580000)
 Metaspace       used 61447K, committed 62400K, reserved 1105920K
  class space    used 6000K, committed 6400K, reserved 1048576K
}
Event: 623.391 GC heap after
{Heap after GC invocations=514 (full 417):
 PSYoungGen      total 39424K, used 28671K [0x00000000f5580000, 0x00000000f8780000, 0x0000000100000000)
  eden space 28672K, 99% used [0x00000000f5580000,0x00000000f717fe30,0x00000000f7180000)
  from space 10752K, 0% used [0x00000000f7180000,0x00000000f7180000,0x00000000f7c00000)
  to   space 10240K, 0% used [0x00000000f7c00000,0x00000000f7c00000,0x00000000f8600000)
 ParOldGen       total 349696K, used 349692K [0x00000000e0000000, 0x00000000f5580000, 0x00000000f5580000)
  object space 349696K, 99% used [0x00000000e0000000,0x00000000f557f250,0x00000000f5580000)
 Metaspace       used 61447K, committed 62400K, reserved 1105920K
  class space    used 6000K, committed 6400K, reserved 1048576K
}
Event: 623.392 GC heap before
{Heap before GC invocations=515 (full 418):
 PSYoungGen      total 39424K, used 28671K [0x00000000f5580000, 0x00000000f8780000, 0x0000000100000000)
  eden space 28672K, 99% used [0x00000000f5580000,0x00000000f717ffe8,0x00000000f7180000)
  from space 10752K, 0% used [0x00000000f7180000,0x00000000f7180000,0x00000000f7c00000)
  to   space 10240K, 0% used [0x00000000f7c00000,0x00000000f7c00000,0x00000000f8600000)
 ParOldGen       total 349696K, used 349692K [0x00000000e0000000, 0x00000000f5580000, 0x00000000f5580000)
  object space 349696K, 99% used [0x00000000e0000000,0x00000000f557f250,0x00000000f5580000)
 Metaspace       used 61447K, committed 62400K, reserved 1105920K
  class space    used 6000K, committed 6400K, reserved 1048576K
}
Event: 624.524 GC heap after
{Heap after GC invocations=515 (full 418):
 PSYoungGen      total 38912K, used 28671K [0x00000000f5580000, 0x00000000f8780000, 0x0000000100000000)
  eden space 28672K, 99% used [0x00000000f5580000,0x00000000f717ffe8,0x00000000f7180000)
  from space 10240K, 0% used [0x00000000f7c00000,0x00000000f7c00000,0x00000000f8600000)
  to   space 10752K, 0% used [0x00000000f7180000,0x00000000f7180000,0x00000000f7c00000)
 ParOldGen       total 349696K, used 349692K [0x00000000e0000000, 0x00000000f5580000, 0x00000000f5580000)
  object space 349696K, 99% used [0x00000000e0000000,0x00000000f557f250,0x00000000f5580000)
 Metaspace       used 61447K, committed 62400K, reserved 1105920K
  class space    used 6000K, committed 6400K, reserved 1048576K
}
Event: 624.525 GC heap before
{Heap before GC invocations=516 (full 419):
 PSYoungGen      total 38912K, used 28672K [0x00000000f5580000, 0x00000000f8780000, 0x0000000100000000)
  eden space 28672K, 100% used [0x00000000f5580000,0x00000000f7180000,0x00000000f7180000)
  from space 10240K, 0% used [0x00000000f7c00000,0x00000000f7c00000,0x00000000f8600000)
  to   space 10752K, 0% used [0x00000000f7180000,0x00000000f7180000,0x00000000f7c00000)
 ParOldGen       total 349696K, used 349696K [0x00000000e0000000, 0x00000000f5580000, 0x00000000f5580000)
  object space 349696K, 100% used [0x00000000e0000000,0x00000000f5580000,0x00000000f5580000)
 Metaspace       used 61447K, committed 62400K, reserved 1105920K
  class space    used 6000K, committed 6400K, reserved 1048576K
}
Event: 625.784 GC heap after
{Heap after GC invocations=516 (full 419):
 PSYoungGen      total 39424K, used 28671K [0x00000000f5580000, 0x00000000f8780000, 0x0000000100000000)
  eden space 28672K, 99% used [0x00000000f5580000,0x00000000f717ffe8,0x00000000f7180000)
  from space 10752K, 0% used [0x00000000f7180000,0x00000000f7180000,0x00000000f7c00000)
  to   space 10240K, 0% used [0x00000000f7c00000,0x00000000f7c00000,0x00000000f8600000)
 ParOldGen       total 349696K, used 349693K [0x00000000e0000000, 0x00000000f5580000, 0x00000000f5580000)
  object space 349696K, 99% used [0x00000000e0000000,0x00000000f557f7d0,0x00000000f5580000)
 Metaspace       used 61447K, committed 62400K, reserved 1105920K
  class space    used 6000K, committed 6400K, reserved 1048576K
}
Event: 625.785 GC heap before
{Heap before GC invocations=517 (full 420):
 PSYoungGen      total 39424K, used 28672K [0x00000000f5580000, 0x00000000f8780000, 0x0000000100000000)
  eden space 28672K, 100% used [0x00000000f5580000,0x00000000f7180000,0x00000000f7180000)
  from space 10752K, 0% used [0x00000000f7180000,0x00000000f7180000,0x00000000f7c00000)
  to   space 10240K, 0% used [0x00000000f7c00000,0x00000000f7c00000,0x00000000f8600000)
 ParOldGen       total 349696K, used 349693K [0x00000000e0000000, 0x00000000f5580000, 0x00000000f5580000)
  object space 349696K, 99% used [0x00000000e0000000,0x00000000f557f7d0,0x00000000f5580000)
 Metaspace       used 61447K, committed 62400K, reserved 1105920K
  class space    used 6000K, committed 6400K, reserved 1048576K
}
Event: 626.899 GC heap after
{Heap after GC invocations=517 (full 420):
 PSYoungGen      total 38912K, used 28672K [0x00000000f5580000, 0x00000000f8780000, 0x0000000100000000)
  eden space 28672K, 100% used [0x00000000f5580000,0x00000000f7180000,0x00000000f7180000)
  from space 10240K, 0% used [0x00000000f7c00000,0x00000000f7c00000,0x00000000f8600000)
  to   space 10752K, 0% used [0x00000000f7180000,0x00000000f7180000,0x00000000f7c00000)
 ParOldGen       total 349696K, used 349693K [0x00000000e0000000, 0x00000000f5580000, 0x00000000f5580000)
  object space 349696K, 99% used [0x00000000e0000000,0x00000000f557f7d0,0x00000000f5580000)
 Metaspace       used 61447K, committed 62400K, reserved 1105920K
  class space    used 6000K, committed 6400K, reserved 1048576K
}
Event: 626.899 GC heap before
{Heap before GC invocations=518 (full 421):
 PSYoungGen      total 38912K, used 28672K [0x00000000f5580000, 0x00000000f8780000, 0x0000000100000000)
  eden space 28672K, 100% used [0x00000000f5580000,0x00000000f7180000,0x00000000f7180000)
  from space 10240K, 0% used [0x00000000f7c00000,0x00000000f7c00000,0x00000000f8600000)
  to   space 10752K, 0% used [0x00000000f7180000,0x00000000f7180000,0x00000000f7c00000)
 ParOldGen       total 349696K, used 349694K [0x00000000e0000000, 0x00000000f5580000, 0x00000000f5580000)
  object space 349696K, 99% used [0x00000000e0000000,0x00000000f557f858,0x00000000f5580000)
 Metaspace       used 61447K, committed 62400K, reserved 1105920K
  class space    used 6000K, committed 6400K, reserved 1048576K
}
Event: 628.033 GC heap after
{Heap after GC invocations=518 (full 421):
 PSYoungGen      total 39424K, used 28672K [0x00000000f5580000, 0x00000000f8780000, 0x0000000100000000)
  eden space 28672K, 100% used [0x00000000f5580000,0x00000000f7180000,0x00000000f7180000)
  from space 10752K, 0% used [0x00000000f7180000,0x00000000f7180000,0x00000000f7c00000)
  to   space 10240K, 0% used [0x00000000f7c00000,0x00000000f7c00000,0x00000000f8600000)
 ParOldGen       total 349696K, used 349694K [0x00000000e0000000, 0x00000000f5580000, 0x00000000f5580000)
  object space 349696K, 99% used [0x00000000e0000000,0x00000000f557f808,0x00000000f5580000)
 Metaspace       used 61447K, committed 62400K, reserved 1105920K
  class space    used 6000K, committed 6400K, reserved 1048576K
}
Event: 628.033 GC heap before
{Heap before GC invocations=519 (full 422):
 PSYoungGen      total 39424K, used 28672K [0x00000000f5580000, 0x00000000f8780000, 0x0000000100000000)
  eden space 28672K, 100% used [0x00000000f5580000,0x00000000f7180000,0x00000000f7180000)
  from space 10752K, 0% used [0x00000000f7180000,0x00000000f7180000,0x00000000f7c00000)
  to   space 10240K, 0% used [0x00000000f7c00000,0x00000000f7c00000,0x00000000f8600000)
 ParOldGen       total 349696K, used 349694K [0x00000000e0000000, 0x00000000f5580000, 0x00000000f5580000)
  object space 349696K, 99% used [0x00000000e0000000,0x00000000f557f808,0x00000000f5580000)
 Metaspace       used 61447K, committed 62400K, reserved 1105920K
  class space    used 6000K, committed 6400K, reserved 1048576K
}
Event: 629.304 GC heap after
{Heap after GC invocations=519 (full 422):
 PSYoungGen      total 38912K, used 28672K [0x00000000f5580000, 0x00000000f8780000, 0x0000000100000000)
  eden space 28672K, 100% used [0x00000000f5580000,0x00000000f7180000,0x00000000f7180000)
  from space 10240K, 0% used [0x00000000f7c00000,0x00000000f7c00000,0x00000000f8600000)
  to   space 10752K, 0% used [0x00000000f7180000,0x00000000f7180000,0x00000000f7c00000)
 ParOldGen       total 349696K, used 349694K [0x00000000e0000000, 0x00000000f5580000, 0x00000000f5580000)
  object space 349696K, 99% used [0x00000000e0000000,0x00000000f557f808,0x00000000f5580000)
 Metaspace       used 61447K, committed 62400K, reserved 1105920K
  class space    used 6000K, committed 6400K, reserved 1048576K
}

Dll operation events (9 events):
Event: 0.002 Loaded shared library /nix/store/gpxl5qgg8kicmcvivwmybwjlpf7wh20l-graalvm17-ce-22.3.0/lib/libjava.so
Event: 0.009 Loaded shared library /nix/store/gpxl5qgg8kicmcvivwmybwjlpf7wh20l-graalvm17-ce-22.3.0/lib/libjsvml.so
Event: 0.411 Loaded shared library /nix/store/gpxl5qgg8kicmcvivwmybwjlpf7wh20l-graalvm17-ce-22.3.0/lib/libnio.so
Event: 0.415 Loaded shared library /nix/store/gpxl5qgg8kicmcvivwmybwjlpf7wh20l-graalvm17-ce-22.3.0/lib/libzip.so
Event: 0.418 Loaded shared library /nix/store/gpxl5qgg8kicmcvivwmybwjlpf7wh20l-graalvm17-ce-22.3.0/lib/libjvmcicompiler.so
Event: 0.987 Loaded shared library /nix/store/gpxl5qgg8kicmcvivwmybwjlpf7wh20l-graalvm17-ce-22.3.0/lib/libjimage.so
Event: 1.709 Loaded shared library /nix/store/gpxl5qgg8kicmcvivwmybwjlpf7wh20l-graalvm17-ce-22.3.0/lib/libnet.so
Event: 7.315 Loaded shared library /home/runner/.cache/jdt-language-server/config/org.eclipse.equinox.launcher/org.eclipse.equinox.launcher.gtk.linux.x86_64_1.2.400.v20211117-0650/eclipse_11600.so
Event: 19.704 Loaded shared library /nix/store/gpxl5qgg8kicmcvivwmybwjlpf7wh20l-graalvm17-ce-22.3.0/lib/libextnet.so

Deoptimization events (20 events):
Event: 150.520 Thread 0x00007fabdc1212d0 DEOPT PACKING pc=0x00007fac3b152b42 sp=0x00007fabf9bfe040
Event: 150.520 Thread 0x00007fabdc1212d0 DEOPT UNPACKING pc=0x00007fac33505325 sp=0x00007fabf9bfd4d8 mode 3
Event: 150.532 Thread 0x00007fabdc1212d0 Uncommon trap: trap_request=0xffffffed fr.pc=0x00007fac3b1caa63 relative=0x0000000000001823
Event: 150.532 Thread 0x00007fabdc1212d0 Uncommon trap: reason=null_assert_or_unreached0 action=reinterpret pc=0x00007fac3b1caa63 method=org.eclipse.jdt.internal.compiler.parser.Parser.consumeRule(I)V @ 0 jvmci
Event: 150.532 Thread 0x00007fabdc1212d0 DEOPT PACKING pc=0x00007fac3b1caa63 sp=0x00007fabf9bfd230
Event: 150.532 Thread 0x00007fabdc1212d0 DEOPT UNPACKING pc=0x00007fac33505325 sp=0x00007fabf9bfc6c8 mode 3
Event: 155.987 Thread 0x00007fabdc1655f0 DEOPT PACKING pc=0x00007fac34a62bc0 sp=0x00007fabfa1fde60
Event: 155.987 Thread 0x00007fabdc1655f0 DEOPT UNPACKING pc=0x00007fac33505325 sp=0x00007fabfa1fd410 mode 0
Event: 165.291 Thread 0x00007fabdc190af0 DEOPT PACKING pc=0x00007fac344e5698 sp=0x00007fac300fdb90
Event: 165.291 Thread 0x00007fabdc190af0 DEOPT UNPACKING pc=0x00007fac33505325 sp=0x00007fac300fd0a8 mode 0
Event: 190.702 Thread 0x00007fabdc1655f0 DEOPT PACKING pc=0x00007fac3488765d sp=0x00007fabfa1fceb0
Event: 190.702 Thread 0x00007fabdc1655f0 DEOPT UNPACKING pc=0x00007fac33505325 sp=0x00007fabfa1fc358 mode 0
Event: 607.388 Thread 0x00007fabdc1212d0 Uncommon trap: trap_request=0xffffff8f fr.pc=0x00007fac3affe397 relative=0x00000000000000f7
Event: 607.388 Thread 0x00007fabdc1212d0 Uncommon trap: reason=constraint action=none pc=0x00007fac3affe397 method=java.lang.StringBuilder.<init>()V @ 0 jvmci
Event: 608.617 Thread 0x00007fabdc1212d0 DEOPT PACKING pc=0x00007fac3affe397 sp=0x00007fabf9bfd4c0
Event: 608.617 Thread 0x00007fabdc1212d0 DEOPT UNPACKING pc=0x00007fac33505325 sp=0x00007fabf9bfc968 mode 3
Event: 611.044 Thread 0x00007fabe44946a0 Uncommon trap: trap_request=0xffffff8f fr.pc=0x00007fac3b1f1e44 relative=0x0000000000001204
Event: 611.044 Thread 0x00007fabe44946a0 Uncommon trap: reason=constraint action=none pc=0x00007fac3b1f1e44 method=org.eclipse.jdt.internal.core.index.DiskIndex.copyQueryResults(Lorg/eclipse/jdt/internal/compiler/util/HashtableOfObject;I)V @ 123 jvmci
Event: 611.044 Thread 0x00007fabe44946a0 DEOPT PACKING pc=0x00007fac3b1f1e44 sp=0x00007fabfa5fe530
Event: 611.044 Thread 0x00007fabe44946a0 DEOPT UNPACKING pc=0x00007fac33505325 sp=0x00007fabfa5fda28 mode 3

Classes unloaded (20 events):
Event: 146.333 Thread 0x00007fac4c0a1c10 Unloading class 0x0000000801068000 'java/lang/invoke/LambdaForm$MH+0x0000000801068000'
Event: 146.333 Thread 0x00007fac4c0a1c10 Unloading class 0x0000000800f14000 'jdk/internal/reflect/GeneratedConstructorAccessor14'
Event: 146.333 Thread 0x00007fac4c0a1c10 Unloading class 0x0000000800f09000 'jdk/internal/reflect/GeneratedConstructorAccessor12'
Event: 146.333 Thread 0x00007fac4c0a1c10 Unloading class 0x0000000800f08c00 'jdk/internal/reflect/GeneratedConstructorAccessor11'
Event: 146.333 Thread 0x00007fac4c0a1c10 Unloading class 0x0000000800f08800 'jdk/internal/reflect/GeneratedConstructorAccessor10'
Event: 146.333 Thread 0x00007fac4c0a1c10 Unloading class 0x0000000800d99000 'java/lang/invoke/LambdaForm$MH+0x0000000800d99000'
Event: 146.333 Thread 0x00007fac4c0a1c10 Unloading class 0x0000000800d98c00 'java/lang/invoke/LambdaForm$MH+0x0000000800d98c00'
Event: 146.333 Thread 0x00007fac4c0a1c10 Unloading class 0x0000000800d98800 'java/lang/invoke/LambdaForm$MH+0x0000000800d98800'
Event: 146.333 Thread 0x00007fac4c0a1c10 Unloading class 0x0000000800d98400 'java/lang/invoke/LambdaForm$MH+0x0000000800d98400'
Event: 146.333 Thread 0x00007fac4c0a1c10 Unloading class 0x0000000800d98000 'jdk/internal/reflect/GeneratedConstructorAccessor3'
Event: 146.333 Thread 0x00007fac4c0a1c10 Unloading class 0x0000000800d06800 'java/lang/invoke/LambdaForm$MH+0x0000000800d06800'
Event: 146.333 Thread 0x00007fac4c0a1c10 Unloading class 0x0000000800d06000 'java/lang/invoke/LambdaForm$MH+0x0000000800d06000'
Event: 146.333 Thread 0x00007fac4c0a1c10 Unloading class 0x0000000800d05c00 'java/lang/invoke/LambdaForm$MH+0x0000000800d05c00'
Event: 146.333 Thread 0x00007fac4c0a1c10 Unloading class 0x0000000800d05800 'java/lang/invoke/LambdaForm$MH+0x0000000800d05800'
Event: 146.333 Thread 0x00007fac4c0a1c10 Unloading class 0x0000000800d05000 'java/lang/invoke/LambdaForm$MH+0x0000000800d05000'
Event: 146.333 Thread 0x00007fac4c0a1c10 Unloading class 0x0000000800d04c00 'java/lang/invoke/LambdaForm$MH+0x0000000800d04c00'
Event: 146.333 Thread 0x00007fac4c0a1c10 Unloading class 0x0000000800d04800 'java/lang/invoke/LambdaForm$MH+0x0000000800d04800'
Event: 146.333 Thread 0x00007fac4c0a1c10 Unloading class 0x0000000800d04000 'java/lang/invoke/LambdaForm$MH+0x0000000800d04000'
Event: 302.390 Thread 0x00007fac4c0a1c10 Unloading class 0x0000000801124800 'jdk/internal/reflect/GeneratedConstructorAccessor45'
Event: 390.722 Thread 0x00007fac4c0a1c10 Unloading class 0x000000080111a400 'jdk/internal/reflect/GeneratedConstructorAccessor46'

Classes redefined (0 events):
No events

Internal exceptions (20 events):
Event: 52.808 Thread 0x00007fabc4001130 Exception <a 'java/lang/NoSuchMethodError'{0x00000000f56dd4e8}: 'java.lang.Object java.lang.invoke.DirectMethodHandle$Holder.invokeSpecial(java.lang.Object, java.lang.Object, java.lang.Object, int, java.lang.Object, java.lang.Object)'> (0x00000000f56dd4e8) 
thrown [src/hotspot/share/interpreter/linkResolver.cpp, line 758]
Event: 53.095 Thread 0x00007fabc4001130 Exception <a 'java/lang/NoSuchMethodError'{0x00000000f63a6788}: 'java.lang.Object java.lang.invoke.DirectMethodHandle$Holder.newInvokeSpecial(java.lang.Object, java.lang.Object, java.lang.Object, int, java.lang.Object)'> (0x00000000f63a6788) 
thrown [src/hotspot/share/interpreter/linkResolver.cpp, line 758]
Event: 53.096 Thread 0x00007fabc4001130 Exception <a 'java/lang/NoSuchMethodError'{0x00000000f64043d0}: 'java.lang.Object java.lang.invoke.DirectMethodHandle$Holder.invokeSpecial(java.lang.Object, java.lang.Object, java.lang.Object, java.lang.Object, int, java.lang.Object)'> (0x00000000f64043d0) 
thrown [src/hotspot/share/interpreter/linkResolver.cpp, line 758]
Event: 53.097 Thread 0x00007fabc4001130 Exception <a 'java/lang/NoSuchMethodError'{0x00000000f64638f0}: 'java.lang.Object java.lang.invoke.Invokers$Holder.linkToTargetMethod(java.lang.Object, java.lang.Object, int, java.lang.Object, java.lang.Object)'> (0x00000000f64638f0) 
thrown [src/hotspot/share/interpreter/linkResolver.cpp, line 758]
Event: 54.696 Thread 0x00007fabc4001130 Implicit null exception at 0x00007fac3b0cfae9 to 0x00007fac3b0cfc9b
Event: 66.988 Thread 0x00007fabdc1212d0 Exception <a 'java/lang/NoSuchMethodError'{0x00000000f618a4a8}: 'java.lang.Object java.lang.invoke.DirectMethodHandle$Holder.invokeStatic(java.lang.Object, int, java.lang.Object, java.lang.Object, java.lang.Object, java.lang.Object)'> (0x00000000f618a4a8) 
thrown [src/hotspot/share/interpreter/linkResolver.cpp, line 758]
Event: 66.989 Thread 0x00007fabdc1212d0 Exception <a 'java/lang/NoSuchMethodError'{0x00000000f6237968}: 'java.lang.Object java.lang.invoke.DirectMethodHandle$Holder.newInvokeSpecial(java.lang.Object, int, java.lang.Object, java.lang.Object, java.lang.Object)'> (0x00000000f6237968) 
thrown [src/hotspot/share/interpreter/linkResolver.cpp, line 758]
Event: 67.285 Thread 0x00007fabdc121b30 Exception <a 'java/lang/NoSuchMethodError'{0x00000000f6a7d1a0}: 'java.lang.Object java.lang.invoke.DirectMethodHandle$Holder.newInvokeSpecial(java.lang.Object, java.lang.Object, int, java.lang.Object, java.lang.Object, java.lang.Object, java.lang.Object)'> (0x00000000f6a7d1a0) 
thrown [src/hotspot/share/interpreter/linkResolver.cpp, line 758]
Event: 67.489 Thread 0x00007fabdc121b30 Exception <a 'java/lang/NoSuchMethodError'{0x00000000f70fafd0}: 'void java.lang.invoke.DirectMethodHandle$Holder.invokeSpecial(java.lang.Object, java.lang.Object, int)'> (0x00000000f70fafd0) 
thrown [src/hotspot/share/interpreter/linkResolver.cpp, line 758]
Event: 68.583 Thread 0x00007fabdc1212d0 Exception <a 'java/lang/NoSuchMethodError'{0x00000000f5813f50}: 'int java.lang.invoke.DirectMethodHandle$Holder.invokeSpecialIFC(java.lang.Object, java.lang.Object, java.lang.Object, java.lang.Object)'> (0x00000000f5813f50) 
thrown [src/hotspot/share/interpreter/linkResolver.cpp, line 758]
Event: 391.188 Thread 0x00007fabdc192d20 Exception <a 'java/lang/OutOfMemoryError'{0x00000000e0011740}> (0x00000000e0011740) 
thrown [src/hotspot/share/gc/shared/memAllocator.cpp, line 136]
Event: 400.043 Thread 0x00007fabdc1212d0 Exception <a 'java/lang/OutOfMemoryError'{0x00000000e0011a10}> (0x00000000e0011a10) 
thrown [src/hotspot/share/gc/shared/memAllocator.cpp, line 136]
Event: 473.722 Thread 0x00007fac4c61a2c0 Exception <a 'java/lang/OutOfMemoryError'{0x00000000e0012000}> (0x00000000e0012000) 
thrown [src/hotspot/share/gc/shared/memAllocator.cpp, line 136]
Event: 473.722 Thread 0x00007fac4c61a2c0 Exception <a 'java/lang/reflect/InvocationTargetException'{0x00000000f717d728}> (0x00000000f717d728) 
thrown [src/hotspot/share/runtime/reflection.cpp, line 1119]
Event: 607.388 Thread 0x00007fabdc1212d0 Exception <a 'java/lang/OutOfMemoryError'{0x00000000e0011ce0}> (0x00000000e0011ce0) 
thrown [src/hotspot/share/gc/shared/memAllocator.cpp, line 138]
Event: 607.388 Thread 0x00007fabdc1212d0 Implicit null exception at 0x00007fac3affe375 to 0x00007fac3affe37c
Event: 611.044 Thread 0x00007fabe44946a0 Exception <a 'java/lang/OutOfMemoryError'{0x00000000e0011ce0}> (0x00000000e0011ce0) 
thrown [src/hotspot/share/gc/shared/memAllocator.cpp, line 138]
Event: 611.044 Thread 0x00007fabe44946a0 Implicit null exception at 0x00007fac3b1f18c2 to 0x00007fac3b1f1e29
Event: 613.401 Thread 0x00007fabdc1911e0 Exception <a 'java/lang/OutOfMemoryError'{0x00000000e0012000}> (0x00000000e0012000) 
thrown [src/hotspot/share/gc/shared/memAllocator.cpp, line 136]
Event: 629.304 Thread 0x00007fac4c0b2210 Exception <a 'java/lang/OutOfMemoryError'{0x00000000e0012000}> (0x00000000e0012000) 
thrown [src/hotspot/share/gc/shared/memAllocator.cpp, line 136]

VM Operations (20 events):
Event: 615.896 Executing VM operation: ParallelGCFailedAllocation
Event: 617.121 Executing VM operation: ParallelGCFailedAllocation done
Event: 617.121 Executing VM operation: ParallelGCFailedAllocation
Event: 618.299 Executing VM operation: ParallelGCFailedAllocation done
Event: 618.299 Executing VM operation: ParallelGCFailedAllocation
Event: 619.512 Executing VM operation: ParallelGCFailedAllocation done
Event: 619.512 Executing VM operation: ParallelGCFailedAllocation
Event: 620.830 Executing VM operation: ParallelGCFailedAllocation done
Event: 620.830 Executing VM operation: ParallelGCFailedAllocation
Event: 622.003 Executing VM operation: ParallelGCFailedAllocation done
Event: 622.003 Executing VM operation: ParallelGCFailedAllocation
Event: 623.391 Executing VM operation: ParallelGCFailedAllocation done
Event: 623.392 Executing VM operation: ParallelGCFailedAllocation
Event: 624.524 Executing VM operation: ParallelGCFailedAllocation done
Event: 624.524 Executing VM operation: ParallelGCFailedAllocation
Event: 625.785 Executing VM operation: ParallelGCFailedAllocation done
Event: 625.785 Executing VM operation: ParallelGCFailedAllocation
Event: 626.899 Executing VM operation: ParallelGCFailedAllocation done
Event: 626.899 Executing VM operation: ParallelGCFailedAllocation
Event: 629.304 Executing VM operation: ParallelGCFailedAllocation done

Events (20 events):
Event: 404.790 loading class java/lang/StackWalker$ExtendedOption done
Event: 404.790 loading class java/lang/StackStreamFactory$StackFrameTraverser
Event: 404.790 loading class java/lang/StackStreamFactory$StackFrameTraverser done
Event: 404.790 loading class java/lang/StackStreamFactory$WalkerState
Event: 404.790 loading class java/lang/StackStreamFactory$WalkerState done
Event: 404.790 loading class java/lang/StackStreamFactory$1
Event: 404.790 loading class java/lang/StackStreamFactory$1 done
Event: 404.790 loading class java/lang/StackStreamFactory$StackFrameTraverser$StackFrameBuffer
Event: 404.790 loading class java/lang/StackStreamFactory$FrameBuffer
Event: 404.790 loading class java/lang/StackStreamFactory$FrameBuffer done
Event: 404.790 loading class java/lang/StackStreamFactory$StackFrameTraverser$StackFrameBuffer done
Event: 409.551 loading class java/io/InterruptedIOException
Event: 409.551 loading class java/io/InterruptedIOException done
Event: 409.584 loading class javax/net/ssl/SSLException
Event: 409.584 loading class javax/net/ssl/SSLException done
Event: 463.812 loading class java/lang/AssertionError
Event: 463.812 loading class java/lang/AssertionError done
Event: 468.897 Thread 0x00007fabb038fa10 Thread exited: 0x00007fabb038fa10
Event: 499.313 Thread 0x00007fabb045de10 Thread exited: 0x00007fabb045de10
Event: 519.400 Thread 0x00007fabb40056e0 Thread exited: 0x00007fabb40056e0


Dynamic libraries:
e0000000-f5580000 rw-p 00000000 00:00 0 
f5580000-f8780000 rw-p 00000000 00:00 0 
f8780000-100000000 ---p 00000000 00:00 0 
800000000-800449000 rw-p 00001000 00:1fae 4611686019135357769            /nix/store/gpxl5qgg8kicmcvivwmybwjlpf7wh20l-graalvm17-ce-22.3.0/lib/server/classes.jsa
800449000-800bc8000 r--p 0044a000 00:1fae 4611686019135357769            /nix/store/gpxl5qgg8kicmcvivwmybwjlpf7wh20l-graalvm17-ce-22.3.0/lib/server/classes.jsa
800bc8000-800c00000 ---p 00000000 00:00 0 
800c00000-800c20000 rw-p 00000000 00:00 0 
800c20000-800c40000 rw-p 00000000 00:00 0 
800c40000-800cc0000 rw-p 00000000 00:00 0 
800cc0000-800d00000 rw-p 00000000 00:00 0 
800d00000-800dc0000 rw-p 00000000 00:00 0 
800dc0000-800e00000 rw-p 00000000 00:00 0 
800e00000-800f40000 rw-p 00000000 00:00 0 
800f40000-800fc0000 rw-p 00000000 00:00 0 
800fc0000-8011c0000 rw-p 00000000 00:00 0 
8011c0000-8011d0000 rw-p 00000000 00:00 0 
8011d0000-801200000 ---p 00000000 00:00 0 
801200000-801270000 rw-p 00000000 00:00 0 
801270000-840c00000 ---p 00000000 00:00 0 
55d51927b000-55d51927c000 r-xp 00000000 00:1fae 4611686019099417844      /nix/store/gpxl5qgg8kicmcvivwmybwjlpf7wh20l-graalvm17-ce-22.3.0/bin/.java-wrapped
55d51927d000-55d51927e000 r--p 00001000 00:1fae 4611686019099417844      /nix/store/gpxl5qgg8kicmcvivwmybwjlpf7wh20l-graalvm17-ce-22.3.0/bin/.java-wrapped
55d51927e000-55d51927f000 rw-p 00002000 00:1fae 4611686019099417844      /nix/store/gpxl5qgg8kicmcvivwmybwjlpf7wh20l-graalvm17-ce-22.3.0/bin/.java-wrapped
55d51927f000-55d519280000 rw-p 00004000 00:1fae 4611686019099417844      /nix/store/gpxl5qgg8kicmcvivwmybwjlpf7wh20l-graalvm17-ce-22.3.0/bin/.java-wrapped
55d519280000-55d519281000 rw-p 00005000 00:1fae 4611686019099417844      /nix/store/gpxl5qgg8kicmcvivwmybwjlpf7wh20l-graalvm17-ce-22.3.0/bin/.java-wrapped
55d51a511000-55d51a559000 rw-p 00000000 00:00 0                          [heap]
7fab80000000-7fab80021000 rw-p 00000000 00:00 0 
7fab80021000-7fab84000000 ---p 00000000 00:00 0 
7fab88000000-7fab880fe000 rw-p 00000000 00:00 0 
7fab880fe000-7fab8c000000 ---p 00000000 00:00 0 
7fab8c000000-7fab8c021000 rw-p 00000000 00:00 0 
7fab8c021000-7fab90000000 ---p 00000000 00:00 0 
7fab90000000-7fab90021000 rw-p 00000000 00:00 0 
7fab90021000-7fab94000000 ---p 00000000 00:00 0 
7fab94000000-7fab94021000 rw-p 00000000 00:00 0 
7fab94021000-7fab98000000 ---p 00000000 00:00 0 
7fab98000000-7fab98021000 rw-p 00000000 00:00 0 
7fab98021000-7fab9c000000 ---p 00000000 00:00 0 
7fab9c000000-7fab9c021000 rw-p 00000000 00:00 0 
7fab9c021000-7faba0000000 ---p 00000000 00:00 0 
7faba0000000-7faba0021000 rw-p 00000000 00:00 0 
7faba0021000-7faba4000000 ---p 00000000 00:00 0 
7faba5c00000-7faba6290000 rw-p 00000000 00:00 0 
7faba6290000-7faba6300000 ---p 00000000 00:00 0 
7faba6300000-7faba6320000 rw-p 00000000 00:00 0 
7faba6320000-7faba6400000 ---p 00000000 00:00 0 
7faba64b3000-7fabb0000000 r--s 00000000 00:1fae 4611686019135192581      /nix/store/gpxl5qgg8kicmcvivwmybwjlpf7wh20l-graalvm17-ce-22.3.0/lib/modules
7fabb0000000-7fabb0526000 rw-p 00000000 00:00 0 
7fabb0526000-7fabb4000000 ---p 00000000 00:00 0 
7fabb4000000-7fabb4021000 rw-p 00000000 00:00 0 
7fabb4021000-7fabb8000000 ---p 00000000 00:00 0 
7fabb8000000-7fabb8021000 rw-p 00000000 00:00 0 
7fabb8021000-7fabbc000000 ---p 00000000 00:00 0 
7fabbc000000-7fabbc150000 rw-p 00000000 00:00 0 
7fabbc150000-7fabc0000000 ---p 00000000 00:00 0 
7fabc0000000-7fabc0021000 rw-p 00000000 00:00 0 
7fabc0021000-7fabc4000000 ---p 00000000 00:00 0 
7fabc4000000-7fabc410c000 rw-p 00000000 00:00 0 
7fabc410c000-7fabc8000000 ---p 00000000 00:00 0 
7fabc8000000-7fabc8060000 rw-p 00000000 00:00 0 
7fabc8060000-7fabcc000000 ---p 00000000 00:00 0 
7fabcc000000-7fabcc059000 rw-p 00000000 00:00 0 
7fabcc059000-7fabd0000000 ---p 00000000 00:00 0 
7fabd0000000-7fabd0021000 rw-p 00000000 00:00 0 
7fabd0021000-7fabd4000000 ---p 00000000 00:00 0 
7fabd4000000-7fabd42ff000 rw-p 00000000 00:00 0 
7fabd42ff000-7fabd8000000 ---p 00000000 00:00 0 
7fabd8000000-7fabd8021000 rw-p 00000000 00:00 0 
7fabd8021000-7fabdc000000 ---p 00000000 00:00 0 
7fabdc000000-7fabdc19a000 rw-p 00000000 00:00 0 
7fabdc19a000-7fabe0000000 ---p 00000000 00:00 0 
7fabe0000000-7fabe0025000 rw-p 00000000 00:00 0 
7fabe0025000-7fabe4000000 ---p 00000000 00:00 0 
7fabe4000000-7fabe48ca000 rw-p 00000000 00:00 0 
7fabe48ca000-7fabe8000000 ---p 00000000 00:00 0 
7fabe8000000-7fabe8380000 rw-p 00000000 00:00 0 
7fabe8380000-7fabe8400000 rw-p 00000000 00:00 0 
7fabe8400000-7fabe8500000 rw-p 00000000 00:00 0 
7fabe8500000-7fabe8800000 rw-p 00000000 00:00 0 
7fabe8800000-7fabe8a00000 rw-p 00000000 00:00 0 
7fabe8a00000-7fabe8d00000 rw-p 00000000 00:00 0 
7fabe8d00000-7fabe8e00000 rw-p 00000000 00:00 0 
7fabe8e00000-7fabe9000000 rw-p 00000000 00:00 0 
7fabe9000000-7fabe90c0000 rw-p 00000000 00:00 0 
7fabe90c0000-7fabe9100000 rw-p 00000000 00:00 0 
7fabe9100000-7fabe9300000 rw-p 00000000 00:00 0 
7fabe9300000-7fabe9500000 rw-p 00000000 00:00 0 
7fabe9500000-7fabe9600000 rw-p 00000000 00:00 0 
7fabe9600000-7fabe97c0000 rw-p 00000000 00:00 0 
7fabe97c0000-7fabe9800000 rw-p 00000000 00:00 0 
7fabe9800000-7fabe9900000 rw-p 00000000 00:00 0 
7fabe9900000-7fabe9a00000 rw-p 00000000 00:00 0 
7fabe9a00000-7fabea000000 rw-p 00000000 00:00 0 
7fabea000000-7fabea100000 rw-p 00000000 00:00 0 
7fabea100000-7fabea200000 rw-p 00000000 00:00 0 
7fabea200000-7fabea500000 rw-p 00000000 00:00 0 
7fabea500000-7fabea600000 rw-p 00000000 00:00 0 
7fabea600000-7fabea800000 rw-p 00000000 00:00 0 
7fabeb600000-7fabeb610000 r-xp 00000000 00:1fab 356                      /home/runner/.cache/jdt-language-server/config/org.eclipse.equinox.launcher/org.eclipse.equinox.launcher.gtk.linux.x86_64_1.2.400.v20211117-0650/eclipse_11600.so
7fabeb610000-7fabeb80f000 ---p 00010000 00:1fab 356                      /home/runner/.cache/jdt-language-server/config/org.eclipse.equinox.launcher/org.eclipse.equinox.launcher.gtk.linux.x86_64_1.2.400.v20211117-0650/eclipse_11600.so
7fabeb80f000-7fabeb810000 r--p 0000f000 00:1fab 356                      /home/runner/.cache/jdt-language-server/config/org.eclipse.equinox.launcher/org.eclipse.equinox.launcher.gtk.linux.x86_64_1.2.400.v20211117-0650/eclipse_11600.so
7fabeb810000-7fabeb811000 rw-p 00010000 00:1fab 356                      /home/runner/.cache/jdt-language-server/config/org.eclipse.equinox.launcher/org.eclipse.equinox.launcher.gtk.linux.x86_64_1.2.400.v20211117-0650/eclipse_11600.so
7fabec000000-7fabec021000 rw-p 00000000 00:00 0 
7fabec021000-7fabf0000000 ---p 00000000 00:00 0 
7fabf0000000-7fabf0021000 rw-p 00000000 00:00 0 
7fabf0021000-7fabf4000000 ---p 00000000 00:00 0 
7fabf4000000-7fabf40e6000 rw-p 00000000 00:00 0 
7fabf40e6000-7fabf8000000 ---p 00000000 00:00 0 
7fabf8600000-7fabf8700000 ---p 00000000 00:00 0 
7fabf8700000-7fabf8caf000 r--p 01122000 00:1fae 4611686019135190040      /nix/store/gpxl5qgg8kicmcvivwmybwjlpf7wh20l-graalvm17-ce-22.3.0/lib/libjvmcicompiler.so
7fabf8caf000-7fabf8e00000 r--p 00000000 00:00 0 
7fabf8e00000-7fabf8e3d000 rw-p 00000000 00:00 0 
7fabf8e3d000-7fabf935d000 rw-p 0185f000 00:1fae 4611686019135190040      /nix/store/gpxl5qgg8kicmcvivwmybwjlpf7wh20l-graalvm17-ce-22.3.0/lib/libjvmcicompiler.so
7fabf935d000-7fabf9744000 r--p 01d7f000 00:1fae 4611686019135190040      /nix/store/gpxl5qgg8kicmcvivwmybwjlpf7wh20l-graalvm17-ce-22.3.0/lib/libjvmcicompiler.so
7fabf9800000-7fabf9804000 ---p 00000000 00:00 0 
7fabf9804000-7fabf9900000 rw-p 00000000 00:00 0 
7fabf9900000-7fabf9904000 ---p 00000000 00:00 0 
7fabf9904000-7fabf9a00000 rw-p 00000000 00:00 0 
7fabf9a00000-7fabf9a04000 ---p 00000000 00:00 0 
7fabf9a04000-7fabf9b00000 rw-p 00000000 00:00 0 
7fabf9b00000-7fabf9b04000 ---p 00000000 00:00 0 
7fabf9b04000-7fabf9c00000 rw-p 00000000 00:00 0 
7fabf9d00000-7fabf9d04000 ---p 00000000 00:00 0 
7fabf9d04000-7fabf9e00000 rw-p 00000000 00:00 0 
7fabf9f00000-7fabf9f04000 ---p 00000000 00:00 0 
7fabf9f04000-7fabfa000000 rw-p 00000000 00:00 0 
7fabfa100000-7fabfa104000 ---p 00000000 00:00 0 
7fabfa104000-7fabfa200000 rw-p 00000000 00:00 0 
7fabfa300000-7fabfa304000 ---p 00000000 00:00 0 
7fabfa304000-7fabfa400000 rw-p 00000000 00:00 0 
7fabfa400000-7fabfa404000 ---p 00000000 00:00 0 
7fabfa404000-7fabfa500000 rw-p 00000000 00:00 0 
7fabfa500000-7fabfa504000 ---p 00000000 00:00 0 
7fabfa504000-7fabfa600000 rw-p 00000000 00:00 0 
7fabfa700000-7fabfa704000 ---p 00000000 00:00 0 
7fabfa704000-7fabfa800000 rw-p 00000000 00:00 0 
7fabfa800000-7fabfa804000 ---p 00000000 00:00 0 
7fabfa804000-7fabfa900000 rw-p 00000000 00:00 0 
7fabfa900000-7fabfa904000 ---p 00000000 00:00 0 
7fabfa904000-7fabfaa00000 rw-p 00000000 00:00 0 
7fabfab00000-7fabfab04000 ---p 00000000 00:00 0 
7fabfab04000-7fabfac00000 rw-p 00000000 00:00 0 
7fabfac00000-7fabfac04000 ---p 00000000 00:00 0 
7fabfac04000-7fabfad00000 rw-p 00000000 00:00 0 
7fabfad00000-7fabfad04000 ---p 00000000 00:00 0 
7fabfad04000-7fabfae00000 rw-p 00000000 00:00 0 
7fabfb768000-7fabfbc00000 rw-p 00000000 00:00 0 
7fabfbd00000-7fabfbd04000 ---p 00000000 00:00 0 
7fabfbd04000-7fabfbe00000 rw-p 00000000 00:00 0 
7fabfbf00000-7fabfbf04000 ---p 00000000 00:00 0 
7fabfbf04000-7fabfc000000 rw-p 00000000 00:00 0 
7fabfc000000-7fabfc021000 rw-p 00000000 00:00 0 
7fabfc021000-7fac00000000 ---p 00000000 00:00 0 
7fac00000000-7fac00021000 rw-p 00000000 00:00 0 
7fac00021000-7fac04000000 ---p 00000000 00:00 0 
7fac04000000-7fac04021000 rw-p 00000000 00:00 0 
7fac04021000-7fac08000000 ---p 00000000 00:00 0 
7fac08000000-7fac08021000 rw-p 00000000 00:00 0 
7fac08021000-7fac0c000000 ---p 00000000 00:00 0 
7fac0c000000-7fac0c0cd000 rw-p 00000000 00:00 0 
7fac0c0cd000-7fac10000000 ---p 00000000 00:00 0 
7fac10000000-7fac10c33000 rw-p 00000000 00:00 0 
7fac10c33000-7fac14000000 ---p 00000000 00:00 0 
7fac14000000-7fac14021000 rw-p 00000000 00:00 0 
7fac14021000-7fac18000000 ---p 00000000 00:00 0 
7fac18000000-7fac18021000 rw-p 00000000 00:00 0 
7fac18021000-7fac1c000000 ---p 00000000 00:00 0 
7fac1c000000-7fac1c021000 rw-p 00000000 00:00 0 
7fac1c021000-7fac20000000 ---p 00000000 00:00 0 
7fac20000000-7fac20021000 rw-p 00000000 00:00 0 
7fac20021000-7fac24000000 ---p 00000000 00:00 0 
7fac24000000-7fac24021000 rw-p 00000000 00:00 0 
7fac24021000-7fac28000000 ---p 00000000 00:00 0 
7fac28000000-7fac28021000 rw-p 00000000 00:00 0 
7fac28021000-7fac2c000000 ---p 00000000 00:00 0 
7fac2c000000-7fac2c12c000 rw-p 00000000 00:00 0 
7fac2c12c000-7fac30000000 ---p 00000000 00:00 0 
7fac30000000-7fac30004000 ---p 00000000 00:00 0 
7fac30004000-7fac30100000 rw-p 00000000 00:00 0 
7fac30100000-7fac30104000 ---p 00000000 00:00 0 
7fac30104000-7fac30200000 rw-p 00000000 00:00 0 
7fac30200000-7fac30204000 ---p 00000000 00:00 0 
7fac30204000-7fac30300000 rw-p 00000000 00:00 0 
7fac30300000-7fac30304000 ---p 00000000 00:00 0 
7fac30304000-7fac30400000 rw-p 00000000 00:00 0 
7fac30400000-7fac30404000 ---p 00000000 00:00 0 
7fac30404000-7fac30500000 rw-p 00000000 00:00 0 
7fac30500000-7fac30504000 ---p 00000000 00:00 0 
7fac30504000-7fac30600000 rw-p 00000000 00:00 0 
7fac30600000-7fac3276a000 r-xp 00000000 00:1fae 4611686019135190040      /nix/store/gpxl5qgg8kicmcvivwmybwjlpf7wh20l-graalvm17-ce-22.3.0/lib/libjvmcicompiler.so
7fac3276a000-7fac32969000 ---p 0216a000 00:1fae 4611686019135190040      /nix/store/gpxl5qgg8kicmcvivwmybwjlpf7wh20l-graalvm17-ce-22.3.0/lib/libjvmcicompiler.so
7fac32969000-7fac3296a000 r--p 02169000 00:1fae 4611686019135190040      /nix/store/gpxl5qgg8kicmcvivwmybwjlpf7wh20l-graalvm17-ce-22.3.0/lib/libjvmcicompiler.so
7fac3296a000-7fac3296c000 rw-p 0216a000 00:1fae 4611686019135190040      /nix/store/gpxl5qgg8kicmcvivwmybwjlpf7wh20l-graalvm17-ce-22.3.0/lib/libjvmcicompiler.so
7fac3296c000-7fac3296d000 rw-p 00000000 00:00 0 
7fac3296d000-7fac32972000 rw-p 023c3000 00:1fae 4611686019135190040      /nix/store/gpxl5qgg8kicmcvivwmybwjlpf7wh20l-graalvm17-ce-22.3.0/lib/libjvmcicompiler.so
7fac329b1000-7fac329b5000 ---p 00000000 00:00 0 
7fac329b5000-7fac32ab1000 rw-p 00000000 00:00 0 
7fac32ab1000-7fac32ab2000 ---p 00000000 00:00 0 
7fac32ab2000-7fac32bb3000 rw-p 00000000 00:00 0 
7fac32bb3000-7fac32bb7000 ---p 00000000 00:00 0 
7fac32bb7000-7fac32cb3000 rw-p 00000000 00:00 0 
7fac32cb3000-7fac32cb7000 ---p 00000000 00:00 0 
7fac32cb7000-7fac32db3000 rw-p 00000000 00:00 0 
7fac32db3000-7fac32db7000 ---p 00000000 00:00 0 
7fac32db7000-7fac32eb3000 rw-p 00000000 00:00 0 
7fac32eb3000-7fac32eb7000 ---p 00000000 00:00 0 
7fac32eb7000-7fac330b3000 rw-p 00000000 00:00 0 
7fac330b3000-7fac330b7000 ---p 00000000 00:00 0 
7fac330b7000-7fac332b3000 rw-p 00000000 00:00 0 
7fac332b3000-7fac332b7000 ---p 00000000 00:00 0 
7fac332b7000-7fac333b3000 rw-p 00000000 00:00 0 
7fac333b3000-7fac333b7000 ---p 00000000 00:00 0 
7fac333b7000-7fac334b3000 rw-p 00000000 00:00 0 
7fac334b3000-7fac33723000 rwxp 00000000 00:00 0 
7fac33723000-7fac33a42000 ---p 00000000 00:00 0 
7fac33a42000-7fac34b72000 rwxp 00000000 00:00 0 
7fac34b72000-7fac3af7a000 ---p 00000000 00:00 0 
7fac3af7a000-7fac3b23a000 rwxp 00000000 00:00 0 
7fac3b23a000-7fac424b3000 ---p 00000000 00:00 0 
7fac424b3000-7fac4c000000 r--s 00000000 00:1fae 4611686019135192581      /nix/store/gpxl5qgg8kicmcvivwmybwjlpf7wh20l-graalvm17-ce-22.3.0/lib/modules
7fac4c000000-7fac4c61f000 rw-p 00000000 00:00 0 
7fac4c61f000-7fac50000000 ---p 00000000 00:00 0 
7fac50048000-7fac5004c000 ---p 00000000 00:00 0 
7fac5004c000-7fac50148000 rw-p 00000000 00:00 0 
7fac50148000-7fac5042e000 r--p 00000000 00:1518 28444448                 /usr/lib/locale/locale-archive
7fac5042e000-7fac50432000 ---p 00000000 00:00 0 
7fac50432000-7fac5052e000 rw-p 00000000 00:00 0 
7fac5052e000-7fac50532000 ---p 00000000 00:00 0 
7fac50532000-7fac5062e000 rw-p 00000000 00:00 0 
7fac5062e000-7fac5062f000 ---p 00000000 00:00 0 
7fac5062f000-7fac50730000 rw-p 00000000 00:00 0 
7fac50730000-7fac507fe000 r-xp 00000000 00:1fae 4611686019135190036      /nix/store/gpxl5qgg8kicmcvivwmybwjlpf7wh20l-graalvm17-ce-22.3.0/lib/libjsvml.so
7fac507fe000-7fac507ff000 r--p 000cd000 00:1fae 4611686019135190036      /nix/store/gpxl5qgg8kicmcvivwmybwjlpf7wh20l-graalvm17-ce-22.3.0/lib/libjsvml.so
7fac507ff000-7fac50800000 rw-p 000ce000 00:1fae 4611686019135190036      /nix/store/gpxl5qgg8kicmcvivwmybwjlpf7wh20l-graalvm17-ce-22.3.0/lib/libjsvml.so
7fac50800000-7fac50c00000 rw-p 00000000 00:00 0 
7fac50c00000-7fac50f00000 rw-p 00000000 00:00 0 
7fac50f00000-7fac51000000 rw-p 00000000 00:00 0 
7fac5103a000-7fac5103c000 r-xp 00000000 00:1fae 4611686019135190017      /nix/store/gpxl5qgg8kicmcvivwmybwjlpf7wh20l-graalvm17-ce-22.3.0/lib/libextnet.so
7fac5103c000-7fac5103d000 r--p 00001000 00:1fae 4611686019135190017      /nix/store/gpxl5qgg8kicmcvivwmybwjlpf7wh20l-graalvm17-ce-22.3.0/lib/libextnet.so
7fac5103d000-7fac5103e000 rw-p 00002000 00:1fae 4611686019135190017      /nix/store/gpxl5qgg8kicmcvivwmybwjlpf7wh20l-graalvm17-ce-22.3.0/lib/libextnet.so
7fac5103e000-7fac5103f000 rw-p 00004000 00:1fae 4611686019135190017      /nix/store/gpxl5qgg8kicmcvivwmybwjlpf7wh20l-graalvm17-ce-22.3.0/lib/libextnet.so
7fac5103f000-7fac51043000 ---p 00000000 00:00 0 
7fac51043000-7fac51061000 rw-p 00000000 00:00 0 
7fac51061000-7fac51068000 r-xp 00000000 00:1fae 4611686019135192580      /nix/store/gpxl5qgg8kicmcvivwmybwjlpf7wh20l-graalvm17-ce-22.3.0/lib/libzip.so
7fac51068000-7fac51069000 ---p 00007000 00:1fae 4611686019135192580      /nix/store/gpxl5qgg8kicmcvivwmybwjlpf7wh20l-graalvm17-ce-22.3.0/lib/libzip.so
7fac51069000-7fac5106a000 r--p 00007000 00:1fae 4611686019135192580      /nix/store/gpxl5qgg8kicmcvivwmybwjlpf7wh20l-graalvm17-ce-22.3.0/lib/libzip.so
7fac5106a000-7fac5106b000 rw-p 00008000 00:1fae 4611686019135192580      /nix/store/gpxl5qgg8kicmcvivwmybwjlpf7wh20l-graalvm17-ce-22.3.0/lib/libzip.so
7fac5106b000-7fac5106d000 rw-p 0000b000 00:1fae 4611686019135192580      /nix/store/gpxl5qgg8kicmcvivwmybwjlpf7wh20l-graalvm17-ce-22.3.0/lib/libzip.so
7fac5106d000-7fac51082000 r-xp 00000000 00:1fae 4611686019135192570      /nix/store/gpxl5qgg8kicmcvivwmybwjlpf7wh20l-graalvm17-ce-22.3.0/lib/libnet.so
7fac51082000-7fac51083000 ---p 00015000 00:1fae 4611686019135192570      /nix/store/gpxl5qgg8kicmcvivwmybwjlpf7wh20l-graalvm17-ce-22.3.0/lib/libnet.so
7fac51083000-7fac51084000 r--p 00015000 00:1fae 4611686019135192570      /nix/store/gpxl5qgg8kicmcvivwmybwjlpf7wh20l-graalvm17-ce-22.3.0/lib/libnet.so
7fac51084000-7fac51085000 rw-p 00016000 00:1fae 4611686019135192570      /nix/store/gpxl5qgg8kicmcvivwmybwjlpf7wh20l-graalvm17-ce-22.3.0/lib/libnet.so
7fac51085000-7fac51088000 rw-p 0001b000 00:1fae 4611686019135192570      /nix/store/gpxl5qgg8kicmcvivwmybwjlpf7wh20l-graalvm17-ce-22.3.0/lib/libnet.so
7fac51088000-7fac5109b000 r-xp 00000000 00:1fae 4611686019135192571      /nix/store/gpxl5qgg8kicmcvivwmybwjlpf7wh20l-graalvm17-ce-22.3.0/lib/libnio.so
7fac5109b000-7fac5109c000 r--p 00012000 00:1fae 4611686019135192571      /nix/store/gpxl5qgg8kicmcvivwmybwjlpf7wh20l-graalvm17-ce-22.3.0/lib/libnio.so
7fac5109c000-7fac5109d000 rw-p 00013000 00:1fae 4611686019135192571      /nix/store/gpxl5qgg8kicmcvivwmybwjlpf7wh20l-graalvm17-ce-22.3.0/lib/libnio.so
7fac5109d000-7fac510a2000 rw-p 00019000 00:1fae 4611686019135192571      /nix/store/gpxl5qgg8kicmcvivwmybwjlpf7wh20l-graalvm17-ce-22.3.0/lib/libnio.so
7fac510a2000-7fac5297a000 rw-p 00000000 00:00 0 
7fac5297a000-7fac5297b000 ---p 00000000 00:00 0 
7fac5297b000-7fac52b26000 rw-p 00000000 00:00 0 
7fac52b26000-7fac52b40000 rw-p 00000000 00:00 0 
7fac52b40000-7fac52b7c000 ---p 00000000 00:00 0 
7fac52b7c000-7fac52b83000 rw-p 00000000 00:00 0 
7fac52b83000-7fac52c68000 ---p 00000000 00:00 0 
7fac52c68000-7fac52c8b000 rw-p 00000000 00:00 0 
7fac52c8b000-7fac52d53000 ---p 00000000 00:00 0 
7fac52d53000-7fac52d58000 rw-p 00000000 00:00 0 
7fac52d58000-7fac52d5f000 ---p 00000000 00:00 0 
7fac52d5f000-7fac52d83000 r-xp 00000000 00:1fae 4611686019135190028      /nix/store/gpxl5qgg8kicmcvivwmybwjlpf7wh20l-graalvm17-ce-22.3.0/lib/libjava.so
7fac52d83000-7fac52d84000 ---p 00024000 00:1fae 4611686019135190028      /nix/store/gpxl5qgg8kicmcvivwmybwjlpf7wh20l-graalvm17-ce-22.3.0/lib/libjava.so
7fac52d84000-7fac52d85000 r--p 00024000 00:1fae 4611686019135190028      /nix/store/gpxl5qgg8kicmcvivwmybwjlpf7wh20l-graalvm17-ce-22.3.0/lib/libjava.so
7fac52d85000-7fac52d86000 rw-p 00025000 00:1fae 4611686019135190028      /nix/store/gpxl5qgg8kicmcvivwmybwjlpf7wh20l-graalvm17-ce-22.3.0/lib/libjava.so
7fac52d86000-7fac52d87000 rw-p 00000000 00:00 0 
7fac52d87000-7fac52d8e000 rw-p 0002f000 00:1fae 4611686019135190028      /nix/store/gpxl5qgg8kicmcvivwmybwjlpf7wh20l-graalvm17-ce-22.3.0/lib/libjava.so
7fac52d8e000-7fac52d96000 rw-s 00000000 00:e7f 353                       /tmp/hsperfdata_runner/41
7fac52d96000-7fac52d97000 ---p 00000000 00:00 0 
7fac52d97000-7fac52d98000 r--p 00000000 00:00 0 
7fac52d98000-7fac52d99000 rwxp 00000000 00:00 0 
7fac52d99000-7fac52db4000 r-xp 00000000 00:1fae 4611686019135190032      /nix/store/gpxl5qgg8kicmcvivwmybwjlpf7wh20l-graalvm17-ce-22.3.0/lib/libjimage.so
7fac52db4000-7fac52db5000 ---p 0001b000 00:1fae 4611686019135190032      /nix/store/gpxl5qgg8kicmcvivwmybwjlpf7wh20l-graalvm17-ce-22.3.0/lib/libjimage.so
7fac52db5000-7fac52db7000 r--p 0001b000 00:1fae 4611686019135190032      /nix/store/gpxl5qgg8kicmcvivwmybwjlpf7wh20l-graalvm17-ce-22.3.0/lib/libjimage.so
7fac52db7000-7fac52db8000 rw-p 0001d000 00:1fae 4611686019135190032      /nix/store/gpxl5qgg8kicmcvivwmybwjlpf7wh20l-graalvm17-ce-22.3.0/lib/libjimage.so
7fac52db8000-7fac52db9000 rw-p 00024000 00:1fae 4611686019135190032      /nix/store/gpxl5qgg8kicmcvivwmybwjlpf7wh20l-graalvm17-ce-22.3.0/lib/libjimage.so
7fac52db9000-7fac52dbd000 ---p 00000000 00:00 0 
7fac52dbd000-7fac52eb9000 rw-p 00000000 00:00 0 
7fac52eb9000-7fac52ec7000 r--p 00000000 00:1fae 4611686019027979927      /nix/store/4nlgxhb09sdr51nc9hdm8az5b08vzkgx-glibc-2.35-163/lib/libm.so.6
7fac52ec7000-7fac52f3a000 r-xp 0000e000 00:1fae 4611686019027979927      /nix/store/4nlgxhb09sdr51nc9hdm8az5b08vzkgx-glibc-2.35-163/lib/libm.so.6
7fac52f3a000-7fac52f97000 r--p 00081000 00:1fae 4611686019027979927      /nix/store/4nlgxhb09sdr51nc9hdm8az5b08vzkgx-glibc-2.35-163/lib/libm.so.6
7fac52f97000-7fac52f98000 r--p 000dd000 00:1fae 4611686019027979927      /nix/store/4nlgxhb09sdr51nc9hdm8az5b08vzkgx-glibc-2.35-163/lib/libm.so.6
7fac52f98000-7fac52f99000 rw-p 000de000 00:1fae 4611686019027979927      /nix/store/4nlgxhb09sdr51nc9hdm8az5b08vzkgx-glibc-2.35-163/lib/libm.so.6
7fac52f99000-7fac52f9a000 r--p 00000000 00:1fae 4611686019027979946      /nix/store/4nlgxhb09sdr51nc9hdm8az5b08vzkgx-glibc-2.35-163/lib/librt.so.1
7fac52f9a000-7fac52f9b000 r-xp 00001000 00:1fae 4611686019027979946      /nix/store/4nlgxhb09sdr51nc9hdm8az5b08vzkgx-glibc-2.35-163/lib/librt.so.1
7fac52f9b000-7fac52f9c000 r--p 00002000 00:1fae 4611686019027979946      /nix/store/4nlgxhb09sdr51nc9hdm8az5b08vzkgx-glibc-2.35-163/lib/librt.so.1
7fac52f9c000-7fac52f9d000 r--p 00002000 00:1fae 4611686019027979946      /nix/store/4nlgxhb09sdr51nc9hdm8az5b08vzkgx-glibc-2.35-163/lib/librt.so.1
7fac52f9d000-7fac52f9e000 rw-p 00003000 00:1fae 4611686019027979946      /nix/store/4nlgxhb09sdr51nc9hdm8az5b08vzkgx-glibc-2.35-163/lib/librt.so.1
7fac52f9e000-7fac540b1000 r-xp 00000000 00:1fae 4611686019135360866      /nix/store/gpxl5qgg8kicmcvivwmybwjlpf7wh20l-graalvm17-ce-22.3.0/lib/server/libjvm.so
7fac540b1000-7fac540b2000 ---p 01113000 00:1fae 4611686019135360866      /nix/store/gpxl5qgg8kicmcvivwmybwjlpf7wh20l-graalvm17-ce-22.3.0/lib/server/libjvm.so
7fac540b2000-7fac54167000 r--p 01113000 00:1fae 4611686019135360866      /nix/store/gpxl5qgg8kicmcvivwmybwjlpf7wh20l-graalvm17-ce-22.3.0/lib/server/libjvm.so
7fac54167000-7fac5419b000 rw-p 011c8000 00:1fae 4611686019135360866      /nix/store/gpxl5qgg8kicmcvivwmybwjlpf7wh20l-graalvm17-ce-22.3.0/lib/server/libjvm.so
7fac5419b000-7fac541f7000 rw-p 00000000 00:00 0 
7fac541f7000-7fac5421f000 r--p 00000000 00:1fae 4611686019027979918      /nix/store/4nlgxhb09sdr51nc9hdm8az5b08vzkgx-glibc-2.35-163/lib/libc.so.6
7fac5421f000-7fac54395000 r-xp 00028000 00:1fae 4611686019027979918      /nix/store/4nlgxhb09sdr51nc9hdm8az5b08vzkgx-glibc-2.35-163/lib/libc.so.6
7fac54395000-7fac543ed000 r--p 0019e000 00:1fae 4611686019027979918      /nix/store/4nlgxhb09sdr51nc9hdm8az5b08vzkgx-glibc-2.35-163/lib/libc.so.6
7fac543ed000-7fac543f1000 r--p 001f6000 00:1fae 4611686019027979918      /nix/store/4nlgxhb09sdr51nc9hdm8az5b08vzkgx-glibc-2.35-163/lib/libc.so.6
7fac543f1000-7fac543f3000 rw-p 001fa000 00:1fae 4611686019027979918      /nix/store/4nlgxhb09sdr51nc9hdm8az5b08vzkgx-glibc-2.35-163/lib/libc.so.6
7fac543f3000-7fac54402000 rw-p 00000000 00:00 0 
7fac54402000-7fac54403000 r--p 00000000 00:1fae 4611686019027979923      /nix/store/4nlgxhb09sdr51nc9hdm8az5b08vzkgx-glibc-2.35-163/lib/libdl.so.2
7fac54403000-7fac54404000 r-xp 00001000 00:1fae 4611686019027979923      /nix/store/4nlgxhb09sdr51nc9hdm8az5b08vzkgx-glibc-2.35-163/lib/libdl.so.2
7fac54404000-7fac54405000 r--p 00002000 00:1fae 4611686019027979923      /nix/store/4nlgxhb09sdr51nc9hdm8az5b08vzkgx-glibc-2.35-163/lib/libdl.so.2
7fac54405000-7fac54406000 r--p 00002000 00:1fae 4611686019027979923      /nix/store/4nlgxhb09sdr51nc9hdm8az5b08vzkgx-glibc-2.35-163/lib/libdl.so.2
7fac54406000-7fac54407000 rw-p 00003000 00:1fae 4611686019027979923      /nix/store/4nlgxhb09sdr51nc9hdm8az5b08vzkgx-glibc-2.35-163/lib/libdl.so.2
7fac54407000-7fac54408000 r--p 00000000 00:1fae 4611686019027979942      /nix/store/4nlgxhb09sdr51nc9hdm8az5b08vzkgx-glibc-2.35-163/lib/libpthread.so.0
7fac54408000-7fac54409000 r-xp 00001000 00:1fae 4611686019027979942      /nix/store/4nlgxhb09sdr51nc9hdm8az5b08vzkgx-glibc-2.35-163/lib/libpthread.so.0
7fac54409000-7fac5440a000 r--p 00002000 00:1fae 4611686019027979942      /nix/store/4nlgxhb09sdr51nc9hdm8az5b08vzkgx-glibc-2.35-163/lib/libpthread.so.0
7fac5440a000-7fac5440b000 r--p 00002000 00:1fae 4611686019027979942      /nix/store/4nlgxhb09sdr51nc9hdm8az5b08vzkgx-glibc-2.35-163/lib/libpthread.so.0
7fac5440b000-7fac5440c000 rw-p 00003000 00:1fae 4611686019027979942      /nix/store/4nlgxhb09sdr51nc9hdm8az5b08vzkgx-glibc-2.35-163/lib/libpthread.so.0
7fac5440c000-7fac5441a000 r-xp 00000000 00:1fae 4611686019135190033      /nix/store/gpxl5qgg8kicmcvivwmybwjlpf7wh20l-graalvm17-ce-22.3.0/lib/libjli.so
7fac5441a000-7fac5441b000 ---p 0000e000 00:1fae 4611686019135190033      /nix/store/gpxl5qgg8kicmcvivwmybwjlpf7wh20l-graalvm17-ce-22.3.0/lib/libjli.so
7fac5441b000-7fac5441c000 r--p 0000e000 00:1fae 4611686019135190033      /nix/store/gpxl5qgg8kicmcvivwmybwjlpf7wh20l-graalvm17-ce-22.3.0/lib/libjli.so
7fac5441c000-7fac5441d000 rw-p 0000f000 00:1fae 4611686019135190033      /nix/store/gpxl5qgg8kicmcvivwmybwjlpf7wh20l-graalvm17-ce-22.3.0/lib/libjli.so
7fac5441d000-7fac5441e000 rw-p 00012000 00:1fae 4611686019135190033      /nix/store/gpxl5qgg8kicmcvivwmybwjlpf7wh20l-graalvm17-ce-22.3.0/lib/libjli.so
7fac5441e000-7fac54421000 r--p 00000000 00:1fae 4611686019106210071      /nix/store/026hln0aq1hyshaxsdvhg0kmcm6yf45r-zlib-1.2.13/lib/libz.so.1.2.13
7fac54421000-7fac54433000 r-xp 00003000 00:1fae 4611686019106210071      /nix/store/026hln0aq1hyshaxsdvhg0kmcm6yf45r-zlib-1.2.13/lib/libz.so.1.2.13
7fac54433000-7fac5443a000 r--p 00015000 00:1fae 4611686019106210071      /nix/store/026hln0aq1hyshaxsdvhg0kmcm6yf45r-zlib-1.2.13/lib/libz.so.1.2.13
7fac5443a000-7fac5443b000 r--p 0001b000 00:1fae 4611686019106210071      /nix/store/026hln0aq1hyshaxsdvhg0kmcm6yf45r-zlib-1.2.13/lib/libz.so.1.2.13
7fac5443b000-7fac5443c000 rw-p 0001c000 00:1fae 4611686019106210071      /nix/store/026hln0aq1hyshaxsdvhg0kmcm6yf45r-zlib-1.2.13/lib/libz.so.1.2.13
7fac5443c000-7fac5443e000 rw-p 00000000 00:00 0 
7fac5443e000-7fac54440000 r--p 00000000 00:1fae 4611686019027979912      /nix/store/4nlgxhb09sdr51nc9hdm8az5b08vzkgx-glibc-2.35-163/lib/ld-linux-x86-64.so.2
7fac54440000-7fac54467000 r-xp 00002000 00:1fae 4611686019027979912      /nix/store/4nlgxhb09sdr51nc9hdm8az5b08vzkgx-glibc-2.35-163/lib/ld-linux-x86-64.so.2
7fac54467000-7fac54473000 r--p 00029000 00:1fae 4611686019027979912      /nix/store/4nlgxhb09sdr51nc9hdm8az5b08vzkgx-glibc-2.35-163/lib/ld-linux-x86-64.so.2
7fac54473000-7fac54475000 r--p 00034000 00:1fae 4611686019027979912      /nix/store/4nlgxhb09sdr51nc9hdm8az5b08vzkgx-glibc-2.35-163/lib/ld-linux-x86-64.so.2
7fac54475000-7fac54477000 rw-p 00036000 00:1fae 4611686019027979912      /nix/store/4nlgxhb09sdr51nc9hdm8az5b08vzkgx-glibc-2.35-163/lib/ld-linux-x86-64.so.2
7ffd04e5e000-7ffd04e83000 rw-p 00000000 00:00 0                          [stack]
7ffd04f52000-7ffd04f56000 r--p 00000000 00:00 0                          [vvar]
7ffd04f56000-7ffd04f58000 r-xp 00000000 00:00 0                          [vdso]
ffffffffff600000-ffffffffff601000 --xp 00000000 00:00 0                  [vsyscall]


VM Arguments:
jvm_args: -XX:ThreadPriorityPolicy=1 -XX:+UnlockExperimentalVMOptions -XX:+EnableJVMCIProduct -XX:JVMCIThreadsPerNativeLibraryRuntime=1 -XX:-UnlockExperimentalVMOptions -Declipse.application=org.eclipse.jdt.ls.core.id1 -Dosgi.bundles.defaultStartLevel=4 -Declipse.product=org.eclipse.jdt.ls.core.product -Dlog.level=ALL -Xverify:none -XX:+UseParallelGC -XX:GCTimeRatio=4 -XX:AdaptiveSizePolicyWeight=90 -Dsun.zip.disableMemoryMapping=true -Xmx512m -Xms100m 
java_command: /nix/store/m6gcpi1ii6rghy04cjwjddcavv7i90df-jdt-language-server-1.9.0/share/java/plugins/org.eclipse.equinox.launcher_1.6.400.v20210924-0641.jar --add-modules=ALL-SYSTEM --add-opens java.base/java.util=ALL-UNNAMED --add-opens java.base/java.lang=ALL-UNNAMED -configuration /home/runner/.cache/jdt-language-server/config -data /home/runner/.cache/jdt-language-server/data/home/runner/Grading-System
java_class_path (initial): /nix/store/m6gcpi1ii6rghy04cjwjddcavv7i90df-jdt-language-server-1.9.0/share/java/plugins/org.eclipse.equinox.launcher_1.6.400.v20210924-0641.jar
Launcher Type: SUN_STANDARD

[Global flags]
    uintx AdaptiveSizePolicyWeight                 = 90                                        {product} {command line}
     intx CICompilerCount                          = 2                                         {product} {ergonomic}
     bool EnableJVMCIProduct                       = true                                {JVMCI product} {jimage}
    uintx GCTimeRatio                              = 4                                         {product} {command line}
   size_t InitialHeapSize                          = 104857600                                 {product} {command line}
     uint JVMCIThreadsPerNativeLibraryRuntime      = 1                                   {JVMCI product} {jimage}
   size_t MaxHeapSize                              = 536870912                                 {product} {command line}
   size_t MaxNewSize                               = 178782208                                 {product} {ergonomic}
   size_t MinHeapDeltaBytes                        = 524288                                    {product} {ergonomic}
   size_t MinHeapSize                              = 104857600                                 {product} {command line}
   size_t NewSize                                  = 34603008                                  {product} {ergonomic}
    uintx NonNMethodCodeHeapSize                   = 5826188                                {pd product} {ergonomic}
    uintx NonProfiledCodeHeapSize                  = 122916026                              {pd product} {ergonomic}
   size_t OldSize                                  = 70254592                                  {product} {ergonomic}
    uintx ProfiledCodeHeapSize                     = 122916026                              {pd product} {ergonomic}
    uintx ReservedCodeCacheSize                    = 251658240                              {pd product} {ergonomic}
     bool SegmentedCodeCache                       = true                                      {product} {ergonomic}
   size_t SoftMaxHeapSize                          = 536870912                              {manageable} {ergonomic}
     intx ThreadPriorityPolicy                     = 1                                         {product} {jimage}
     bool UseCompressedClassPointers               = true                           {product lp64_product} {ergonomic}
     bool UseCompressedOops                        = true                           {product lp64_product} {ergonomic}
     bool UseParallelGC                            = true                                      {product} {command line}

Logging:
Log output configuration:
 #0: stdout all=warning uptime,level,tags
 #1: stderr all=off uptime,level,tags

Environment Variables:
JAVA_HOME=/nix/store/gpxl5qgg8kicmcvivwmybwjlpf7wh20l-graalvm17-ce-22.3.0
PATH=/nix/store/1d6ian3r8kdzspw8hacjhl3xkp40g1lj-binutils-wrapper-2.39/bin:/nix/store/dq0xwmsk1g0i2ayg6pb7y87na2knzylh-gcc-wrapper-11.3.0/bin:/nix/store/bap4d0lpcrhpwmpb8ayjcgkmvfj62lnq-bash-interactive-5.1-p16/bin:/nix/store/pr5n59mb4jzmfx6kanwxly0l07p861fg-patchelf-0.15.0/bin:/nix/store/1gf2flfqnpqbr1b4p4qz2f72y42bs56r-gcc-11.3.0/bin:/nix/store/57xv61c5zi8pphjbcwxxjlgc34p61ic9-glibc-2.35-163-bin/bin:/nix/store/a7gvj343m05j2s32xcnwr35v31ynlypr-coreutils-9.1/bin:/nix/store/039g378vc3pc3dvi9dzdlrd0i4q93qwf-binutils-2.39/bin:/nix/store/gpxl5qgg8kicmcvivwmybwjlpf7wh20l-graalvm17-ce-22.3.0/bin:/nix/store/6z9ag3ihc8mq2hzsw48lhbznvzny65nz-apache-maven-3.8.6/bin:/nix/store/m6gcpi1ii6rghy04cjwjddcavv7i90df-jdt-language-server-1.9.0/bin:/nix/store/84xs5alhs01zrbr4ywm05kxbjbp5590l-java-debug/bin:/nix/store/mydc6f4k2z73xlcz7ilif3v2lcaiqvza-findutils-4.9.0/bin:/nix/store/j9p3g8472iijd50vhdprx0nmk2fqn5gv-diffutils-3.8/bin:/nix/store/89zs7rms6x00xfq4dq6m7mjnhkr8a6r4-gnused-4.8/bin:/nix/store/86bp03jkmsl6f92w0yzg4s59g5mhxwmy-gnugrep-3.7/bin:/nix/store/hwcdqw4jrjnd37wxqgsd47hd0j8bnj09-gawk-5.1.1/bin:/nix/store/cfbhw8r8ags41vwqaz47r583d0p4h4a1-gnutar-1.34/bin:/nix/store/p3m1ndl1lapwrlh698bnb5lvvxh67378-gzip-1.12/bin:/nix/store/a8mhcagrsly7c7mpjrpsnaahk4aax056-bzip2-1.0.8-bin/bin:/nix/store/mblgz65m3zv9x548a3d5m96fj2pbwr09-gnumake-4.3/bin:/nix/store/dsd5gz46hdbdk2rfdimqddhq6m8m8fqs-bash-5.1-p16/bin:/nix/store/v7ljksji50mg3w61dykaa3n3y79n6nil-patch-2.7.6/bin:/nix/store/zlcnmqq14jz5x9439jf937mvayyl63da-xz-5.2.7-bin/bin:/nix/store/y6aj732zm9m87c82fpvf103a1xb22blp-file-5.43/bin:/nix/store/i4kzir3m7mrisxmf5xvlnkw01x4qaqr4-prybar-elisp-0.0.0-e0d9a52/bin:/nix/store/lwwivxf6h7x3cvxp9zv8sj0mv7dak99r-prybar-lua-0.0.0-e0d9a52/bin:/nix/store/gxj28g1cg4hq3qanmjv07156h800qr58-prybar-python3-0.0.0-e0d9a52/bin:/nix/store/hshkjnxrgidigf8x75vg6lqng2xlx9i3-prybar-sqlite-0.0.0-e0d9a52/bin:/nix/store/c4w01bpjgyy5ixmwdk8m1pw87zq4sl26-prybar-tcl-0.0.0-e0d9a52/bin:/nix/store/hpbvrlwd5viqmvcaisb3x0118i913a9n-st
LD_LIBRARY_PATH=/nix/store/a4pff549sk2idnkpzk5nsfps3mdkdnvm-cups-2.4.2-lib/lib:/nix/store/72mqxxhh3cy5yifh92wh2yb8cl2hikyy-cairo-1.16.0/lib:/nix/store/2k366jrbsra97gjfxwvrhvixjfxdach5-glib-2.74.1/lib:/nix/store/2j2znigd8ak37rlwh9khz0ry3clqlw1l-gtk+3-3.24.34/lib:/nix/store/hisqvx32cd57apbpcsnkpx6k3549wql1-libglvnd-1.4.0/lib:/nix/store/p36pgcv991mq5srvg765b78yqpxvk3qs-mesa-21.3.3-drivers/lib:/nix/store/mav4251if1ahjq5vkpwycyyvnmy459c4-pulseaudio-14.2/lib
DISPLAY=:0
LANG=en_US.UTF-8

Signal Handlers:
   SIGSEGV: crash_handler in libjvm.so, mask=11100100010111111101111111111110, flags=SA_RESTART|SA_SIGINFO
    SIGBUS: crash_handler in libjvm.so, mask=11100100010111111101111111111110, flags=SA_RESTART|SA_SIGINFO
    SIGFPE: crash_handler in libjvm.so, mask=11100100010111111101111111111110, flags=SA_RESTART|SA_SIGINFO
   SIGPIPE: IsolateEnterStub_IgnoreSIGPIPEStartupHook_noopSignalHandler_8f19bff2f35b5f630d83b364d6b2339320d4ec70_216e8361c6bc87a8f89f58cc10d3b2fd4415bf87 in libjvmcicompiler.so, mask=00000000000000000000000000000000, flags=SA_RESTART
  *** Handler was modified!
  *** Expected: javaSignalHandler in libjvm.so, mask=11100100110111111111111111111110, flags=SA_RESTART|SA_SIGINFO
   SIGXFSZ: javaSignalHandler in libjvm.so, mask=11100100010111111101111111111110, flags=SA_RESTART|SA_SIGINFO
    SIGILL: crash_handler in libjvm.so, mask=11100100010111111101111111111110, flags=SA_RESTART|SA_SIGINFO
   SIGUSR2: SR_handler in libjvm.so, mask=00000000000000000000000000000000, flags=SA_RESTART|SA_SIGINFO
    SIGHUP: UserHandler in libjvm.so, mask=11100100010111111101111111111110, flags=SA_RESTART|SA_SIGINFO
    SIGINT: UserHandler in libjvm.so, mask=11100100010111111101111111111110, flags=SA_RESTART|SA_SIGINFO
   SIGTERM: UserHandler in libjvm.so, mask=11100100010111111101111111111110, flags=SA_RESTART|SA_SIGINFO
   SIGQUIT: UserHandler in libjvm.so, mask=11100100010111111101111111111110, flags=SA_RESTART|SA_SIGINFO
  *** Handler was modified!
  *** Expected: javaSignalHandler in libjvm.so, mask=11100100110111111111111111111110, flags=SA_RESTART|SA_SIGINFO
   SIGTRAP: crash_handler in libjvm.so, mask=11100100010111111101111111111110, flags=SA_RESTART|SA_SIGINFO


---------------  S Y S T E M  ---------------

OS:
DISTRIB_ID=Ubuntu
DISTRIB_RELEASE=20.04
DISTRIB_CODENAME=focal
DISTRIB_DESCRIPTION="Ubuntu 20.04.2 LTS"
uname: Linux 5.15.0-1032-gcp #40~20.04.1-Ubuntu SMP Tue Apr 11 02:49:52 UTC 2023 x86_64
OS uptime: 0 days 6:16 hours
libc: glibc 2.35 NPTL 2.35 
rlimit (soft/hard): STACK 8192k/infinity , CORE infinity/infinity , NPROC infinity/infinity , NOFILE 5242/5242 , AS infinity/infinity , CPU infinity/infinity , DATA infinity/infinity , FSIZE infinity/infinity , MEMLOCK 64k/64k
load average: 14.75 17.26 16.07

/proc/meminfo:
MemTotal:       65852700 kB
MemFree:         6430792 kB
MemAvailable:   39980860 kB
Buffers:         3276700 kB
Cached:         28465772 kB
SwapCached:            0 kB
Active:         11277156 kB
Inactive:       43175960 kB
Active(anon):      20244 kB
Inactive(anon): 22436740 kB
Active(file):   11256912 kB
Inactive(file): 20739220 kB
Unevictable:       43416 kB
Mlocked:           43416 kB
SwapTotal:             0 kB
SwapFree:              0 kB
Dirty:              3280 kB
Writeback:             0 kB
AnonPages:      21977968 kB
Mapped:          2334280 kB
Shmem:             53356 kB
KReclaimable:    2280536 kB
Slab:            3709680 kB
SReclaimable:    2280536 kB
SUnreclaim:      1429144 kB
KernelStack:      494440 kB
PageTables:       259980 kB
NFS_Unstable:          0 kB
Bounce:                0 kB
WritebackTmp:          0 kB
CommitLimit:    32926348 kB
Committed_AS:   84290216 kB
VmallocTotal:   34359738367 kB
VmallocUsed:      539552 kB
VmallocChunk:          0 kB
Percpu:            70720 kB
HardwareCorrupted:     0 kB
AnonHugePages:   2963456 kB
ShmemHugePages:        0 kB
ShmemPmdMapped:        0 kB
FileHugePages:         0 kB
FilePmdMapped:         0 kB
HugePages_Total:       0
HugePages_Free:        0
HugePages_Rsvd:        0
HugePages_Surp:        0
Hugepagesize:       2048 kB
Hugetlb:               0 kB
DirectMap4k:     5290808 kB
DirectMap2M:    53426176 kB
DirectMap1G:    10485760 kB

/sys/kernel/mm/transparent_hugepage/enabled: always [madvise] never
/sys/kernel/mm/transparent_hugepage/defrag (defrag/compaction efforts parameter): always defer defer+madvise [madvise] never

Process Memory:
Virtual Size: 4922460K (peak: 5011264K)
Resident Set Size: 753844K (peak: 790456K) (anon: 556600K, file: 197244K, shmem: 0K)
Swapped out: 0K
C-Heap outstanding allocations: 44303K, retained: 16676K
glibc malloc tunables: (default)

/proc/sys/kernel/threads-max (system-wide limit on the number of threads): 514406
/proc/sys/vm/max_map_count (maximum number of memory map areas a process may have): 65530
/proc/sys/kernel/pid_max (system-wide limit on number of process identifiers): 4194304

container (cgroup) information:
container_type: cgroupv1
cpu_cpuset_cpus: 2-7
cpu_memory_nodes: 0
active_processor_count: 1
cpu_quota: 50000
cpu_period: 100000
cpu_shares: 512
memory_limit_in_bytes: 1048576 k
memory_and_swap_limit_in_bytes: 1048576 k
memory_soft_limit_in_bytes: 524288 k
memory_usage_in_bytes: 654776 k
memory_max_usage_in_bytes: 748948 k
maximum number of tasks: 1000
current number of tasks: 53

KVM virtualization detected
Steal ticks since vm start: 0
Steal ticks percentage since vm start:  0.000

CPU: total 8 (initial active 1) (8 cores per cpu, 2 threads per core) family 23 model 49 stepping 0 microcode 0xffffffff, cx8, cmov, fxsr, ht, mmx, 3dnowpref, sse, sse2, sse3, ssse3, sse4a, sse4.1, sse4.2, popcnt, lzcnt, tsc, tscinvbit, avx, avx2, aes, clmul, bmi1, bmi2, adx, sha, fma, vzeroupper, clflush, clflushopt, hv
CPU Model and flags from /proc/cpuinfo:
model name	: AMD EPYC 7B12
flags		: fpu vme de pse tsc msr pae mce cx8 apic sep mtrr pge mca cmov pat pse36 clflush mmx fxsr sse sse2 ht syscall nx mmxext fxsr_opt pdpe1gb rdtscp lm constant_tsc rep_good nopl nonstop_tsc cpuid extd_apicid tsc_known_freq pni pclmulqdq ssse3 fma cx16 sse4_1 sse4_2 movbe popcnt aes xsave avx f16c rdrand hypervisor lahf_lm cmp_legacy cr8_legacy abm sse4a misalignsse 3dnowprefetch osvw topoext ssbd ibrs ibpb stibp vmmcall fsgsbase tsc_adjust bmi1 avx2 smep bmi2 rdseed adx smap clflushopt clwb sha_ni xsaveopt xsavec xgetbv1 clzero xsaveerptr arat npt nrip_save umip rdpid

Online cpus: 0-7
Offline cpus: 
BIOS frequency limitation: <Not Available>
Frequency switch latency (ns): <Not Available>
Available cpu frequencies: <Not Available>
Current governor: <Not Available>
Core performance/turbo boost: <Not Available>

Memory: 4k page, physical 1048576k(393784k free), swap 0k(0k free)
Page Sizes: 4k

vm_info: OpenJDK 64-Bit Server VM (17.0.5+8-jvmci-22.3-b08) for linux-amd64 JRE (17.0.5+8-jvmci-22.3-b08), built on Oct 19 2022 09:01:27 by "buildslave" with gcc 10.3.0

END.
