#
# A fatal error has been detected by the Java Runtime Environment:
#
#  Internal Error (jvmciRuntime.cpp:1609), pid=31, tid=45
#  fatal error: Fatal exception in JVMCI: Error calling jdk.vm.ci.services.Services.serializeSavedProperties
#
# JRE version: OpenJDK Runtime Environment GraalVM CE 22.3.0 (17.0.5+8) (build 17.0.5+8-jvmci-22.3-b08)
# Java VM: OpenJDK 64-Bit Server VM GraalVM CE 22.3.0 (17.0.5+8-jvmci-22.3-b08, mixed mode, sharing, tiered, jvmci, jvmci compiler, compressed oops, compressed class ptrs, parallel gc, linux-amd64)
# Problematic frame:
# V  [libjvm.so+0x972714]  JVMCIRuntime::fatal_exception(JVMCIEnv*, char const*)+0x74
#
# Core dump will be written. Default location: Core dumps may be processed with "/usr/share/apport/apport -p%p -s%s -c%c -d%d -P%P -u%u -g%g -- %E" (or dumping to /home/runner/Grading-System-V2/core.31)
#
# If you would like to submit a bug report, please visit:
#   https://github.com/oracle/graal/issues
#

---------------  S U M M A R Y ------------

Command Line: -XX:ThreadPriorityPolicy=1 -XX:+UnlockExperimentalVMOptions -XX:+EnableJVMCIProduct -XX:JVMCIThreadsPerNativeLibraryRuntime=1 -XX:-UnlockExperimentalVMOptions -Declipse.application=org.eclipse.jdt.ls.core.id1 -Dosgi.bundles.defaultStartLevel=4 -Declipse.product=org.eclipse.jdt.ls.core.product -Dlog.level=ALL -Xverify:none -XX:+UseParallelGC -XX:GCTimeRatio=4 -XX:AdaptiveSizePolicyWeight=90 -Dsun.zip.disableMemoryMapping=true -Xmx512m -Xms100m /nix/store/m6gcpi1ii6rghy04cjwjddcavv7i90df-jdt-language-server-1.9.0/share/java/plugins/org.eclipse.equinox.launcher_1.6.400.v20210924-0641.jar --add-modules=ALL-SYSTEM --add-opens java.base/java.util=ALL-UNNAMED --add-opens java.base/java.lang=ALL-UNNAMED -configuration /home/runner/.cache/jdt-language-server/config -data /home/runner/.cache/jdt-language-server/data/home/runner/Grading-System-V2

Host: AMD EPYC 7B12, 8 cores, 1G, Ubuntu 20.04.2 LTS
Time: Thu Apr 27 06:12:57 2023 UTC elapsed time: 1327.361565 seconds (0d 0h 22m 7s)

---------------  T H R E A D  ---------------

Current thread (0x00007fc63c0b21e0):  JavaThread "JVMCI-native CompilerThread0" daemon [_thread_in_vm, id=45, stack(0x00007fc620a18000,0x00007fc620c18000)]


Current CompileTask:
JVMCI-native:1327361 9516       4       org.eclipse.jdt.internal.core.JavaElement::hashCode (30 bytes)

Stack: [0x00007fc620a18000,0x00007fc620c18000],  sp=0x00007fc620c16380,  free space=2040k
Native frames: (J=compiled Java code, j=interpreted, Vv=VM code, C=native code)
V  [libjvm.so+0x972714]  JVMCIRuntime::fatal_exception(JVMCIEnv*, char const*)+0x74
V  [libjvm.so+0x93e2fe]  JVMCIEnv::copy_saved_properties()+0x14e
V  [libjvm.so+0x9732a9]  JVMCIRuntime::initialize(JVMCIEnv*)+0xb19
V  [libjvm.so+0x9738a2]  JVMCIRuntime::get_HotSpotJVMCIRuntime(JVMCIEnv*)+0x12
V  [libjvm.so+0x9749f2]  JVMCIRuntime::compile_method(JVMCIEnv*, JVMCICompiler*, methodHandle const&, int)+0xd2
V  [libjvm.so+0x5b0d20]  CompileBroker::invoke_compiler_on_method(CompileTask*)+0x1470
V  [libjvm.so+0x5b12e8]  CompileBroker::compiler_thread_loop()+0x528
V  [libjvm.so+0xd82460]  JavaThread::thread_main_inner()+0xd0
V  [libjvm.so+0xd85a40]  Thread::call_run()+0xc0
V  [libjvm.so+0xbdb1e1]  thread_native_entry(Thread*)+0xe1

Register to memory mapping:

RAX=0x00007fc640630000 points into unknown readable memory: 0x0000000000000058 | 58 00 00 00 00 00 00 00
RBX=0x00007fc64172b398: <offset 0x0000000000ef5398> in /nix/store/gpxl5qgg8kicmcvivwmybwjlpf7wh20l-graalvm17-ce-22.3.0/lib/server/libjvm.so at 0x00007fc640836000
RCX=0x00007fc6416e31e8: <offset 0x0000000000ead1e8> in /nix/store/gpxl5qgg8kicmcvivwmybwjlpf7wh20l-graalvm17-ce-22.3.0/lib/server/libjvm.so at 0x00007fc640836000
RDX=0x0000000000000649 is an unknown value
RSP=0x00007fc620c16380 is pointing into the stack for thread: 0x00007fc63c0b21e0
RBP=0x00007fc620c163a0 is pointing into the stack for thread: 0x00007fc63c0b21e0
RSI=0x00007fc64172bc48: <offset 0x0000000000ef5c48> in /nix/store/gpxl5qgg8kicmcvivwmybwjlpf7wh20l-graalvm17-ce-22.3.0/lib/server/libjvm.so at 0x00007fc640836000
RDI=0x00000000e0000000 is an oop: java.lang.String 
{0x00000000e0000000} - klass: 'java/lang/String'
 - string: "resolution"
R8 =0x00007fc64172b398: <offset 0x0000000000ef5398> in /nix/store/gpxl5qgg8kicmcvivwmybwjlpf7wh20l-graalvm17-ce-22.3.0/lib/server/libjvm.so at 0x00007fc640836000
R9 =0x00007fc620c16330 is pointing into the stack for thread: 0x00007fc63c0b21e0
R10=0x00007fc620c17948 is pointing into the stack for thread: 0x00007fc63c0b21e0
R11=0x0000000000000293 is an unknown value
R12=0x0 is NULL
R13=0x00007fc63c0b21e0 is a thread
R14=0x00007fc63c000b80 points into unknown readable memory: 0x00007fc64195ca38 | 38 ca 95 41 c6 7f 00 00
R15=0x00007fc641a6ae40: <offset 0x0000000001234e40> in /nix/store/gpxl5qgg8kicmcvivwmybwjlpf7wh20l-graalvm17-ce-22.3.0/lib/server/libjvm.so at 0x00007fc640836000


Registers:
RAX=0x00007fc640630000, RBX=0x00007fc64172b398, RCX=0x00007fc6416e31e8, RDX=0x0000000000000649
RSP=0x00007fc620c16380, RBP=0x00007fc620c163a0, RSI=0x00007fc64172bc48, RDI=0x00000000e0000000
R8 =0x00007fc64172b398, R9 =0x00007fc620c16330, R10=0x00007fc620c17948, R11=0x0000000000000293
R12=0x0000000000000000, R13=0x00007fc63c0b21e0, R14=0x00007fc63c000b80, R15=0x00007fc641a6ae40
RIP=0x00007fc6411a8714, EFLAGS=0x0000000000010206, CSGSFS=0x002b000000000033, ERR=0x0000000000000006
  TRAPNO=0x000000000000000e

Top of Stack: (sp=0x00007fc620c16380)
0x00007fc620c16380:   00007fc620c16940 00007fc63c0b21e0
0x00007fc620c16390:   00007fc6224588c8 0000000800c417a0
0x00007fc620c163a0:   00007fc620c16500 00007fc6411742fe
0x00007fc620c163b0:   00007fc620c163e0 00007fc620c16440 

Instructions: (pc=0x00007fc6411a8714)
0x00007fc6411a8614:   30 e8 f6 cf e8 ff 4c 89 e7 e8 2e 48 d1 ff 84 db
0x00007fc6411a8624:   75 2a 4d 85 ed 74 04 4d 8b 6d 00 48 83 c4 08 44
0x00007fc6411a8634:   89 f9 4c 89 f2 4c 89 ee 5b 4c 89 e7 41 5c 41 5d
0x00007fc6411a8644:   41 5e 41 5f 5d e9 e2 47 d1 ff 66 90 48 83 c4 08
0x00007fc6411a8654:   5b 41 5c 41 5d 41 5e 41 5f 5d c3 90 31 d2 be 08
0x00007fc6411a8664:   00 00 00 4c 89 ff e8 b1 78 a3 ff 49 89 c5 e9 37
0x00007fc6411a8674:   ff ff ff 66 0f 1f 84 00 00 00 00 00 48 8b 7a 08
0x00007fc6411a8684:   e9 6d ff ff ff 0f 1f 80 00 00 00 00 e8 5b 48 0a
0x00007fc6411a8694:   00 84 c0 75 89 e9 6a ff ff ff 66 90 55 48 89 e5
0x00007fc6411a86a4:   41 56 41 55 41 54 49 89 fc 53 48 89 f3 66 48 8d
0x00007fc6411a86b4:   3d 27 5e 85 00 66 66 48 e8 df 43 8d ff 4c 8b 28
0x00007fc6411a86c4:   8b 05 be 72 8a 00 85 c0 75 14 ba 01 00 00 00 48
0x00007fc6411a86d4:   8d 0d ae 72 8a 00 f0 0f b1 11 85 c0 74 4e be c8
0x00007fc6411a86e4:   00 00 00 4c 89 ef e8 01 0b 41 00 48 8d 05 12 ac
0x00007fc6411a86f4:   85 00 49 89 d8 48 8d 0d e8 aa 53 00 ba 49 06 00
0x00007fc6411a8704:   00 48 8d 35 3c 35 58 00 bf 00 00 00 e0 48 8b 00
0x00007fc6411a8714:   c6 00 58 31 c0 e8 e2 91 c6 ff 5b 41 5c 41 5d 41
0x00007fc6411a8724:   5e 5d e9 55 34 26 00 0f 1f 44 00 00 48 8d 05 81
0x00007fc6411a8734:   a3 8b 00 48 89 df 4c 8b 30 e8 9e 43 8d ff 48 89
0x00007fc6411a8744:   de 48 89 c2 49 8b 06 4c 89 f7 ff 50 08 4c 89 f7
0x00007fc6411a8754:   e8 a7 5c 27 00 4d 85 e4 74 12 be 01 00 00 00 4c
0x00007fc6411a8764:   89 e7 e8 35 43 fc ff eb 82 0f 1f 00 be 01 00 00
0x00007fc6411a8774:   00 4c 89 ef e8 d3 fd ff ff e9 6d ff ff ff 66 66
0x00007fc6411a8784:   2e 0f 1f 84 00 00 00 00 00 0f 1f 00 55 48 89 e5
0x00007fc6411a8794:   41 57 41 56 41 55 41 54 53 48 81 ec 08 02 00 00
0x00007fc6411a87a4:   64 48 8b 04 25 28 00 00 00 48 89 45 c8 8b 07 83
0x00007fc6411a87b4:   f8 02 0f 84 11 04 00 00 4c 8b 6f 18 49 89 ff 49
0x00007fc6411a87c4:   89 f4 4d 85 ed 74 14 4c 89 ef e8 5d 57 22 00 41
0x00007fc6411a87d4:   8b 07 83 f8 02 0f 84 19 04 00 00 48 8d 1d 9a 06
0x00007fc6411a87e4:   8a 00 4c 8d 35 0b 3c 58 00 eb 38 90 48 85 d2 7f
0x00007fc6411a87f4:   0d 48 8d 05 b4 c0 85 00 48 83 38 00 7e 0e 41 8b
0x00007fc6411a8804:   77 2c 4c 89 f7 31 c0 e8 a0 b2 f7 ff 49 8b 7f 18 


Stack slot to memory mapping:
stack at sp + 0 slots: 0x00007fc620c16940 is pointing into the stack for thread: 0x00007fc63c0b21e0
stack at sp + 1 slots: 0x00007fc63c0b21e0 is a thread
stack at sp + 2 slots: 0x00007fc6224588c8 points into unknown readable memory: 0x65730018052dffff | ff ff 2d 05 18 00 73 65
stack at sp + 3 slots: 0x0000000800c417a0 is a pointer to class: 
jdk.vm.ci.services.Services {0x0000000800c417a0}
 - instance size:     2
 - klass size:        65
 - access:            public final synchronized 
 - state:             fully_initialized
 - name:              'jdk/vm/ci/services/Services'
 - super:             'java/lang/Object'
 - sub:               
 - arrays:            NULL
 - methods:           Array<T>(0x00007fc621443148)
 - method ordering:   Array<T>(0x0000000800928960)
 - default_methods:   Array<T>(0x0000000000000000)
 - local interfaces:  Array<T>(0x00000008005ce810)
 - trans. interfaces: Array<T>(0x00000008005ce810)
 - constants:         constant pool [427] {0x00007fc621441f88} for 'jdk/vm/ci/services/Services' cache=0x00007fc6214444f8
 - class loader data:  loader data: 0x00007fc63c0283f0 of 'bootstrap'
 - source file:       'Services.java'
 - class annotations:       Array<T>(0x0000000000000000)
 - class type annotations:  Array<T>(0x0000000000000000)
 - field annotations:       Array<T>(0x0000000000000000)
 - field type annotations:  Array<T>(0x0000000000000000)
 - inner classes:     Array<T>(0x00007fc621444420)
 - nest members:     Array<T>(0x00007fc621444440)
 - permitted subclasses:     Array<T>(0x00000008005ce7a0)
 - java mirror:       a 'java/lang/Class'{0x00000000e01474f0} = 'jdk/vm/ci/services/Services'
 - vtable length      5  (start addr: 0x0000000800c41970)
 - itable length      2 (start addr: 0x0000000800c41998)
 - ---- static fields (3 words):
 - public static final 'IS_BUILDING_NATIVE_IMAGE' 'Z' @128 
 - public static final 'IS_IN_NATIVE_IMAGE' 'Z' @129 
 - private static volatile 'savedProperties' 'Ljava/util/Map;' @112 
 - static final 'JVMCI_ENABLED' 'Z' @130 
 - private static final 'servicesCache' 'Ljava/util/Map;' @116 
 - private static final 'MAX_UNICODE_IN_UTF8_LENGTH' 'I' @120 
 - private static final 'MAX_UTF8_PROPERTY_STRING_LENGTH' 'I' @124 
 - ---- non-static fields (0 words):
 - non-static oop maps: 
stack at sp + 4 slots: 0x00007fc620c16500 is pointing into the stack for thread: 0x00007fc63c0b21e0
stack at sp + 5 slots: 0x00007fc6411742fe: <offset 0x000000000093e2fe> in /nix/store/gpxl5qgg8kicmcvivwmybwjlpf7wh20l-graalvm17-ce-22.3.0/lib/server/libjvm.so at 0x00007fc640836000
stack at sp + 6 slots: 0x00007fc620c163e0 is pointing into the stack for thread: 0x00007fc63c0b21e0
stack at sp + 7 slots: 0x00007fc620c16440 is pointing into the stack for thread: 0x00007fc63c0b21e0


---------------  P R O C E S S  ---------------

Threads class SMR info:
_java_thread_list=0x00007fc58c066b70, length=28, elements={
0x00007fc63c026690, 0x00007fc63c0a64d0, 0x00007fc63c0a7910, 0x00007fc63c0ae050,
0x00007fc63c0af400, 0x00007fc63c0b07f0, 0x00007fc63c0b21e0, 0x00007fc63c0b36f0,
0x00007fc63c0b4b40, 0x00007fc63c0e87f0, 0x00007fc63c1301a0, 0x00007fc63c3242c0,
0x00007fc63c358290, 0x00007fc63c35a140, 0x00007fc63c399e70, 0x00007fc5d0017040,
0x00007fc5d02a1870, 0x00007fc5d04824d0, 0x00007fc5d06dffe0, 0x00007fc63c3a0fc0,
0x00007fc5c0007900, 0x00007fc63c4bd880, 0x00007fc5a4001130, 0x00007fc5c003d590,
0x00007fc5a814b060, 0x00007fc5a814a430, 0x00007fc5a814ccd0, 0x00007fc58c034b60
}

Java Threads: ( => current thread )
  0x00007fc63c026690 JavaThread "main" [_thread_blocked, id=37, stack(0x00007fc640651000,0x00007fc640751000)]
  0x00007fc63c0a64d0 JavaThread "Reference Handler" daemon [_thread_blocked, id=40, stack(0x00007fc621c01000,0x00007fc621d01000)]
  0x00007fc63c0a7910 JavaThread "Finalizer" daemon [_thread_blocked, id=41, stack(0x00007fc6211fe000,0x00007fc6212fe000)]
  0x00007fc63c0ae050 JavaThread "Signal Dispatcher" daemon [_thread_blocked, id=42, stack(0x00007fc620e18000,0x00007fc620f18000)]
  0x00007fc63c0af400 JavaThread "Service Thread" daemon [_thread_blocked, id=43, stack(0x00007fc620d18000,0x00007fc620e18000)]
  0x00007fc63c0b07f0 JavaThread "Monitor Deflation Thread" daemon [_thread_blocked, id=44, stack(0x00007fc620c18000,0x00007fc620d18000)]
=>0x00007fc63c0b21e0 JavaThread "JVMCI-native CompilerThread0" daemon [_thread_in_vm, id=45, stack(0x00007fc620a18000,0x00007fc620c18000)]
  0x00007fc63c0b36f0 JavaThread "C1 CompilerThread0" daemon [_thread_blocked, id=46, stack(0x00007fc620818000,0x00007fc620a18000)]
  0x00007fc63c0b4b40 JavaThread "Sweeper thread" daemon [_thread_blocked, id=47, stack(0x00007fc620718000,0x00007fc620818000)]
  0x00007fc63c0e87f0 JavaThread "Common-Cleaner" daemon [_thread_blocked, id=49, stack(0x00007fc620618000,0x00007fc620718000)]
  0x00007fc63c1301a0 JavaThread "Notification Thread" daemon [_thread_blocked, id=50, stack(0x00007fc620518000,0x00007fc620618000)]
  0x00007fc63c3242c0 JavaThread "Active Thread: Equinox Container: a4b5b344-e392-4ff7-8eec-c76cd6953677" [_thread_blocked, id=64, stack(0x00007fc620100000,0x00007fc620200000)]
  0x00007fc63c358290 JavaThread "Framework Event Dispatcher: Equinox Container: a4b5b344-e392-4ff7-8eec-c76cd6953677" daemon [_thread_blocked, id=65, stack(0x00007fc5e8900000,0x00007fc5e8a00000)]
  0x00007fc63c35a140 JavaThread "Start Level: Equinox Container: a4b5b344-e392-4ff7-8eec-c76cd6953677" daemon [_thread_blocked, id=66, stack(0x00007fc5e8700000,0x00007fc5e8800000)]
  0x00007fc63c399e70 JavaThread "Refresh Thread: Equinox Container: a4b5b344-e392-4ff7-8eec-c76cd6953677" daemon [_thread_blocked, id=75, stack(0x00007fc6202cd000,0x00007fc6203cd000)]
  0x00007fc5d0017040 JavaThread "SCR Component Actor" daemon [_thread_blocked, id=76, stack(0x00007fc5e8500000,0x00007fc5e8600000)]
  0x00007fc5d02a1870 JavaThread "Worker-JM" [_thread_blocked, id=89, stack(0x00007fc5e8100000,0x00007fc5e8200000)]
  0x00007fc5d04824d0 JavaThread "Java indexing" daemon [_thread_blocked, id=96, stack(0x00007fc5e7b00000,0x00007fc5e7c00000)]
  0x00007fc5d06dffe0 JavaThread "Bundle File Closer" daemon [_thread_blocked, id=101, stack(0x00007fc5e7900000,0x00007fc5e7a00000)]
  0x00007fc63c3a0fc0 JavaThread "pool-3-thread-1" [_thread_blocked, id=106, stack(0x00007fc5e7700000,0x00007fc5e7800000)]
  0x00007fc5c0007900 JavaThread "Worker-2: Java indexing... " [_thread_blocked, id=107, stack(0x00007fc5e7500000,0x00007fc5e7600000)]
  0x00007fc63c4bd880 JavaThread "pool-2-thread-1" [_thread_blocked, id=112, stack(0x00007fc5e7300000,0x00007fc5e7400000)]
  0x00007fc5a4001130 JavaThread "Worker-3" [_thread_blocked, id=113, stack(0x00007fc5e7100000,0x00007fc5e7200000)]
  0x00007fc5c003d590 JavaThread "Worker-5: Validate documents" [_thread_blocked, id=141, stack(0x00007fc5e6d00000,0x00007fc5e6e00000)]
  0x00007fc5a814b060 JavaThread "Thread-5" [_thread_blocked, id=663, stack(0x00007fc5e7d00000,0x00007fc5e7e00000)]
  0x00007fc5a814a430 JavaThread "Thread-6" [_thread_blocked, id=1139, stack(0x00007fc5e8300000,0x00007fc5e8400000)]
  0x00007fc5a814ccd0 JavaThread "Thread-7" [_thread_blocked, id=1372, stack(0x00007fc5e7f00000,0x00007fc5e8000000)]
  0x00007fc58c034b60 JavaThread "Worker-6" [_thread_blocked, id=4144, stack(0x00007fc5e8800000,0x00007fc5e8900000)]

Other Threads:
  0x00007fc63c0a1c10 VMThread "VM Thread" [stack: 0x00007fc621300000,0x00007fc621400000] [id=39] _threads_hazard_ptr=0x00007fc58c066b70
  0x00007fc63c131b40 WatcherThread [stack: 0x00007fc620418000,0x00007fc620518000] [id=51]
  0x00007fc63c03df30 GCTaskThread "GC Thread#0" [stack: 0x00007fc640214000,0x00007fc640314000] [id=38]

Threads with active compile tasks:
JVMCI-native CompilerThread0  1327444 9516       4       org.eclipse.jdt.internal.core.JavaElement::hashCode (30 bytes)

VM state: synchronizing (normal execution)

VM Mutex/Monitor currently owned by a thread:  ([mutex/lock_event])
[0x00007fc63c023840] Threads_lock - owner thread: 0x00007fc63c0a1c10
[0x00007fc63c023ff0] Heap_lock - owner thread: 0x00007fc5c0007900

OutOfMemory and StackOverflow Exception counts:
OutOfMemoryError java_heap_errors=3
LinkageErrors=64

Heap address: 0x00000000e0000000, size: 512 MB, Compressed Oops mode: 32-bit

CDS archive(s) mapped at: [0x0000000800000000-0x0000000800bc8000-0x0000000800bc8000), size 12353536, SharedBaseAddress: 0x0000000800000000, ArchiveRelocationMode: 0.
Compressed class space mapped at: 0x0000000800c00000-0x0000000840c00000, reserved size: 1073741824
Narrow klass base: 0x0000000800000000, Narrow klass shift: 0, Narrow klass range: 0x100000000

GC Precious Log:
 CPUs: 8 total, 1 available
 Memory: 1024M
 Large Page Support: Disabled
 NUMA Support: Disabled
 Compressed Oops: Enabled (32-bit)
 Alignments: Space 512K, Generation 512K, Heap 2M
 Heap Min Capacity: 100M
 Heap Initial Capacity: 100M
 Heap Max Capacity: 512M
 Pre-touch: Disabled
 Parallel Workers: 1

Heap:
 PSYoungGen      total 53248K, used 40448K [0x00000000f5580000, 0x00000000fa000000, 0x0000000100000000)
  eden space 40448K, 100% used [0x00000000f5580000,0x00000000f7d00000,0x00000000f7d00000)
  from space 12800K, 0% used [0x00000000f8e00000,0x00000000f8e00000,0x00000000f9a80000)
  to   space 17408K, 0% used [0x00000000f7d00000,0x00000000f7d00000,0x00000000f8e00000)
 ParOldGen       total 349696K, used 349694K [0x00000000e0000000, 0x00000000f5580000, 0x00000000f5580000)
  object space 349696K, 99% used [0x00000000e0000000,0x00000000f557f948,0x00000000f5580000)
 Metaspace       used 60726K, committed 61760K, reserved 1105920K
  class space    used 6016K, committed 6464K, reserved 1048576K

Card table byte_map: [0x00007fc640314000,0x00007fc640415000] _byte_map_base: 0x00007fc63fc14000

Marking Bits: (ParMarkBitMap*) 0x00007fc641a644c0
 Begin Bits: [0x00007fc6224b3000, 0x00007fc622cb3000)
 End Bits:   [0x00007fc622cb3000, 0x00007fc6234b3000)

Polling page: 0x00007fc64062e000

Metaspace:

Usage:
  Non-class:     53.43 MB used.
      Class:      5.88 MB used.
       Both:     59.30 MB used.

Virtual space:
  Non-class space:       56.00 MB reserved,      54.00 MB ( 96%) committed,  7 nodes.
      Class space:        1.00 GB reserved,       6.31 MB ( <1%) committed,  1 nodes.
             Both:        1.05 GB reserved,      60.31 MB (  6%) committed. 

Chunk freelists:
   Non-Class:  1.94 MB
       Class:  1.77 MB
        Both:  3.72 MB

MaxMetaspaceSize: unlimited
CompressedClassSpaceSize: 1.00 GB
Initial GC threshold: 21.00 MB
Current GC threshold: 100.44 MB
CDS: on
MetaspaceReclaimPolicy: balanced
 - commit_granule_bytes: 65536.
 - commit_granule_words: 8192.
 - virtual_space_node_default_size: 1048576.
 - enlarge_chunks_in_place: 1.
 - new_chunks_are_fully_committed: 0.
 - uncommit_free_chunks: 1.
 - use_allocation_guard: 0.
 - handle_deallocations: 1.


Internal statistics:

num_allocs_failed_limit: 6.
num_arena_births: 512.
num_arena_deaths: 152.
num_vsnodes_births: 8.
num_vsnodes_deaths: 0.
num_space_committed: 964.
num_space_uncommitted: 0.
num_chunks_returned_to_freelist: 214.
num_chunks_taken_from_freelist: 2902.
num_chunk_merges: 86.
num_chunk_splits: 1887.
num_chunks_enlarged: 1194.
num_purges: 10.
num_inconsistent_stats: 0.

CodeHeap 'non-profiled nmethods': size=120036Kb used=2777Kb max_used=2777Kb free=117258Kb
 bounds [0x00007fc62af7a000, 0x00007fc62b23a000, 0x00007fc6324b3000]
CodeHeap 'profiled nmethods': size=120032Kb used=15431Kb max_used=16884Kb free=104600Kb
 bounds [0x00007fc623a42000, 0x00007fc624ac2000, 0x00007fc62af7a000]
CodeHeap 'non-nmethods': size=5692Kb used=1404Kb max_used=1407Kb free=4287Kb
 bounds [0x00007fc6234b3000, 0x00007fc623723000, 0x00007fc623a42000]
 total_blobs=7962 nmethods=7217 adapters=632
 compilation: enabled
              stopped_count=0, restarted_count=0
 full_count=0

JVMCI Events (20 events):
Event: 1052.979 Thread 0x00007fc63c0b21e0 compacted oop handles in JVMCI runtime 0 from 65 to 65
Event: 1052.979 Thread 0x00007fc63c0b21e0 releasing handles for JVMCI runtime 0: oop handles=65, metadata handles={total=118, live=116, blocks=46}
Event: 1052.979 Thread 0x00007fc63c0b21e0 detached from JVMCI runtime 0
Event: 1185.125 Thread 0x00007fc63c0b21e0 attached to JVMCI runtime 0
Event: 1185.126 Thread 0x00007fc63c0b21e0 created JavaVM[12]@0x00007fc5e639e340 for JVMCI runtime 0
Event: 1186.521 Thread 0x00007fc63c0b21e0 initializing JVMCI runtime 0
Event: 1186.521 Thread 0x00007fc63c0b21e0 done waiting for JavaVM references initialization in JVMCI runtime 0
Event: 1232.161 Thread 0x00007fc63c0b21e0 initialized JVMCI runtime 0
Event: 1248.662 Thread 0x00007fc63c0b21e0 compacted oop handles in JVMCI runtime 0 from 68 to 65
Event: 1250.179 Thread 0x00007fc63c0b21e0 detaching from JVMCI runtime 0: releasing idle compiler thread (0 other threads still attached)
Event: 1250.179 Thread 0x00007fc63c0b21e0 shutting down HotSpotJVMCIRuntime for JVMCI runtime 0
Event: 1254.632 Thread 0x00007fc63c0b21e0 shut down JVMCI runtime 0
Event: 1256.106 Thread 0x00007fc63c0b21e0 destroyed JavaVM[12]@0x00007fc5e639e340 for JVMCI runtime 0
Event: 1256.106 Thread 0x00007fc63c0b21e0 compacted oop handles in JVMCI runtime 0 from 65 to 65
Event: 1256.106 Thread 0x00007fc63c0b21e0 releasing handles for JVMCI runtime 0: oop handles=65, metadata handles={total=99, live=98, blocks=46}
Event: 1256.106 Thread 0x00007fc63c0b21e0 detached from JVMCI runtime 0
Event: 1256.106 Thread 0x00007fc63c0b21e0 attached to JVMCI runtime 0
Event: 1256.114 Thread 0x00007fc63c0b21e0 created JavaVM[13]@0x00007fc5e639e340 for JVMCI runtime 0
Event: 1257.605 Thread 0x00007fc63c0b21e0 initializing JVMCI runtime 0
Event: 1257.605 Thread 0x00007fc63c0b21e0 done waiting for JavaVM references initialization in JVMCI runtime 0

Compilation events (20 events):
Event: 1093.434 Thread 0x00007fc63c0b36f0 nmethod 9506 0x00007fc624465e90 code [0x00007fc6244663e0, 0x00007fc62446b280]
Event: 1100.071 Thread 0x00007fc63c0b36f0 9507       3       org.eclipse.jface.text.GapTextStore::gapSize (10 bytes)
Event: 1100.071 Thread 0x00007fc63c0b36f0 nmethod 9507 0x00007fc624a6e310 code [0x00007fc624a6e4a0, 0x00007fc624a6e5b0]
Event: 1111.688 Thread 0x00007fc63c0b36f0 9508       3       org.eclipse.jface.text.AbstractLineTracker::hasActiveRewriteSession (11 bytes)
Event: 1113.380 Thread 0x00007fc63c0b36f0 nmethod 9508 0x00007fc624a6de90 code [0x00007fc624a6e040, 0x00007fc624a6e1b0]
Event: 1128.217 Thread 0x00007fc63c0b36f0 9509       3       org.eclipse.jdt.internal.compiler.util.Util::effectivelyEqual (73 bytes)
Event: 1128.218 Thread 0x00007fc63c0b36f0 nmethod 9509 0x00007fc6248dc890 code [0x00007fc6248dca60, 0x00007fc6248dceb0]
Event: 1130.803 Thread 0x00007fc63c0b36f0 9510       3       org.eclipse.jdt.internal.compiler.lookup.TypeSystem::getParameterizedType (258 bytes)
Event: 1130.804 Thread 0x00007fc63c0b36f0 nmethod 9510 0x00007fc624128d90 code [0x00007fc624129060, 0x00007fc62412ae60]
Event: 1176.120 Thread 0x00007fc63c0b36f0 9511       3       java.util.concurrent.ThreadPoolExecutor::workerCountOf (5 bytes)
Event: 1176.120 Thread 0x00007fc63c0b36f0 nmethod 9511 0x00007fc62406c610 code [0x00007fc62406c7a0, 0x00007fc62406c890]
Event: 1183.745 Thread 0x00007fc63c0b36f0 9512   !   3       org.eclipse.core.internal.jobs.LockManager::removeLockThread (53 bytes)
Event: 1185.125 Thread 0x00007fc63c0b21e0 9513       4       org.eclipse.jdt.internal.compiler.lookup.BinaryTypeBinding::createAnnotations (59 bytes)
Event: 1186.521 Thread 0x00007fc63c0b36f0 nmethod 9512 0x00007fc624911990 code [0x00007fc624911b80, 0x00007fc624911fc0]
Event: 1236.525 Thread 0x00007fc63c0b36f0 9515       1       java.lang.ThreadGroup::getMaxPriority (5 bytes)
Event: 1236.526 Thread 0x00007fc63c0b36f0 nmethod 9515 0x00007fc62b22fb10 code [0x00007fc62b22fca0, 0x00007fc62b22fd70]
Event: 1248.662 Thread 0x00007fc63c0b21e0 nmethod 9513 0x00007fc62b22fe10 code [0x00007fc62b22ffc0, 0x00007fc62b230300]
Event: 1256.106 Thread 0x00007fc63c0b21e0 9516       4       org.eclipse.jdt.internal.core.JavaElement::hashCode (30 bytes)
Event: 1288.726 Thread 0x00007fc63c0b36f0 9517       3       java.util.concurrent.ScheduledThreadPoolExecutor$DelayedWorkQueue::setIndex (16 bytes)
Event: 1288.726 Thread 0x00007fc63c0b36f0 nmethod 9517 0x00007fc624458590 code [0x00007fc624458740, 0x00007fc624458d10]

GC Heap History (20 events):
Event: 1311.035 GC heap before
{Heap before GC invocations=906 (full 789):
 PSYoungGen      total 53248K, used 40448K [0x00000000f5580000, 0x00000000fa000000, 0x0000000100000000)
  eden space 40448K, 100% used [0x00000000f5580000,0x00000000f7d00000,0x00000000f7d00000)
  from space 12800K, 0% used [0x00000000f8e00000,0x00000000f8e00000,0x00000000f9a80000)
  to   space 17408K, 0% used [0x00000000f7d00000,0x00000000f7d00000,0x00000000f8e00000)
 ParOldGen       total 349696K, used 349695K [0x00000000e0000000, 0x00000000f5580000, 0x00000000f5580000)
  object space 349696K, 99% used [0x00000000e0000000,0x00000000f557fd80,0x00000000f5580000)
 Metaspace       used 60726K, committed 61760K, reserved 1105920K
  class space    used 6016K, committed 6464K, reserved 1048576K
}
Event: 1312.504 GC heap after
{Heap after GC invocations=906 (full 789):
 PSYoungGen      total 57856K, used 40447K [0x00000000f5580000, 0x00000000fa000000, 0x0000000100000000)
  eden space 40448K, 99% used [0x00000000f5580000,0x00000000f7cfffe0,0x00000000f7d00000)
  from space 17408K, 0% used [0x00000000f7d00000,0x00000000f7d00000,0x00000000f8e00000)
  to   space 12800K, 0% used [0x00000000f8e00000,0x00000000f8e00000,0x00000000f9a80000)
 ParOldGen       total 349696K, used 349695K [0x00000000e0000000, 0x00000000f5580000, 0x00000000f5580000)
  object space 349696K, 99% used [0x00000000e0000000,0x00000000f557fd80,0x00000000f5580000)
 Metaspace       used 60726K, committed 61760K, reserved 1105920K
  class space    used 6016K, committed 6464K, reserved 1048576K
}
Event: 1312.504 GC heap before
{Heap before GC invocations=907 (full 790):
 PSYoungGen      total 57856K, used 40447K [0x00000000f5580000, 0x00000000fa000000, 0x0000000100000000)
  eden space 40448K, 99% used [0x00000000f5580000,0x00000000f7cfffe0,0x00000000f7d00000)
  from space 17408K, 0% used [0x00000000f7d00000,0x00000000f7d00000,0x00000000f8e00000)
  to   space 12800K, 0% used [0x00000000f8e00000,0x00000000f8e00000,0x00000000f9a80000)
 ParOldGen       total 349696K, used 349695K [0x00000000e0000000, 0x00000000f5580000, 0x00000000f5580000)
  object space 349696K, 99% used [0x00000000e0000000,0x00000000f557fd80,0x00000000f5580000)
 Metaspace       used 60726K, committed 61760K, reserved 1105920K
  class space    used 6016K, committed 6464K, reserved 1048576K
}
Event: 1314.164 GC heap after
{Heap after GC invocations=907 (full 790):
 PSYoungGen      total 53248K, used 40447K [0x00000000f5580000, 0x00000000fa000000, 0x0000000100000000)
  eden space 40448K, 99% used [0x00000000f5580000,0x00000000f7cfffe0,0x00000000f7d00000)
  from space 12800K, 0% used [0x00000000f8e00000,0x00000000f8e00000,0x00000000f9a80000)
  to   space 17408K, 0% used [0x00000000f7d00000,0x00000000f7d00000,0x00000000f8e00000)
 ParOldGen       total 349696K, used 349695K [0x00000000e0000000, 0x00000000f5580000, 0x00000000f5580000)
  object space 349696K, 99% used [0x00000000e0000000,0x00000000f557fd80,0x00000000f5580000)
 Metaspace       used 60726K, committed 61760K, reserved 1105920K
  class space    used 6016K, committed 6464K, reserved 1048576K
}
Event: 1314.164 GC heap before
{Heap before GC invocations=908 (full 791):
 PSYoungGen      total 53248K, used 40448K [0x00000000f5580000, 0x00000000fa000000, 0x0000000100000000)
  eden space 40448K, 100% used [0x00000000f5580000,0x00000000f7d00000,0x00000000f7d00000)
  from space 12800K, 0% used [0x00000000f8e00000,0x00000000f8e00000,0x00000000f9a80000)
  to   space 17408K, 0% used [0x00000000f7d00000,0x00000000f7d00000,0x00000000f8e00000)
 ParOldGen       total 349696K, used 349695K [0x00000000e0000000, 0x00000000f5580000, 0x00000000f5580000)
  object space 349696K, 99% used [0x00000000e0000000,0x00000000f557ffe0,0x00000000f5580000)
 Metaspace       used 60726K, committed 61760K, reserved 1105920K
  class space    used 6016K, committed 6464K, reserved 1048576K
}
Event: 1316.047 GC heap after
{Heap after GC invocations=908 (full 791):
 PSYoungGen      total 57856K, used 40447K [0x00000000f5580000, 0x00000000fa000000, 0x0000000100000000)
  eden space 40448K, 99% used [0x00000000f5580000,0x00000000f7cfffe0,0x00000000f7d00000)
  from space 17408K, 0% used [0x00000000f7d00000,0x00000000f7d00000,0x00000000f8e00000)
  to   space 12800K, 0% used [0x00000000f8e00000,0x00000000f8e00000,0x00000000f9a80000)
 ParOldGen       total 349696K, used 349694K [0x00000000e0000000, 0x00000000f5580000, 0x00000000f5580000)
  object space 349696K, 99% used [0x00000000e0000000,0x00000000f557f828,0x00000000f5580000)
 Metaspace       used 60726K, committed 61760K, reserved 1105920K
  class space    used 6016K, committed 6464K, reserved 1048576K
}
Event: 1316.048 GC heap before
{Heap before GC invocations=909 (full 792):
 PSYoungGen      total 57856K, used 40448K [0x00000000f5580000, 0x00000000fa000000, 0x0000000100000000)
  eden space 40448K, 100% used [0x00000000f5580000,0x00000000f7d00000,0x00000000f7d00000)
  from space 17408K, 0% used [0x00000000f7d00000,0x00000000f7d00000,0x00000000f8e00000)
  to   space 12800K, 0% used [0x00000000f8e00000,0x00000000f8e00000,0x00000000f9a80000)
 ParOldGen       total 349696K, used 349695K [0x00000000e0000000, 0x00000000f5580000, 0x00000000f5580000)
  object space 349696K, 99% used [0x00000000e0000000,0x00000000f557ffb0,0x00000000f5580000)
 Metaspace       used 60726K, committed 61760K, reserved 1105920K
  class space    used 6016K, committed 6464K, reserved 1048576K
}
Event: 1317.613 GC heap after
{Heap after GC invocations=909 (full 792):
 PSYoungGen      total 53248K, used 40447K [0x00000000f5580000, 0x00000000fa000000, 0x0000000100000000)
  eden space 40448K, 99% used [0x00000000f5580000,0x00000000f7cfff98,0x00000000f7d00000)
  from space 12800K, 0% used [0x00000000f8e00000,0x00000000f8e00000,0x00000000f9a80000)
  to   space 17408K, 0% used [0x00000000f7d00000,0x00000000f7d00000,0x00000000f8e00000)
 ParOldGen       total 349696K, used 349694K [0x00000000e0000000, 0x00000000f5580000, 0x00000000f5580000)
  object space 349696K, 99% used [0x00000000e0000000,0x00000000f557f848,0x00000000f5580000)
 Metaspace       used 60726K, committed 61760K, reserved 1105920K
  class space    used 6016K, committed 6464K, reserved 1048576K
}
Event: 1317.613 GC heap before
{Heap before GC invocations=910 (full 793):
 PSYoungGen      total 53248K, used 40448K [0x00000000f5580000, 0x00000000fa000000, 0x0000000100000000)
  eden space 40448K, 100% used [0x00000000f5580000,0x00000000f7d00000,0x00000000f7d00000)
  from space 12800K, 0% used [0x00000000f8e00000,0x00000000f8e00000,0x00000000f9a80000)
  to   space 17408K, 0% used [0x00000000f7d00000,0x00000000f7d00000,0x00000000f8e00000)
 ParOldGen       total 349696K, used 349694K [0x00000000e0000000, 0x00000000f5580000, 0x00000000f5580000)
  object space 349696K, 99% used [0x00000000e0000000,0x00000000f557f848,0x00000000f5580000)
 Metaspace       used 60726K, committed 61760K, reserved 1105920K
  class space    used 6016K, committed 6464K, reserved 1048576K
}
Event: 1319.157 GC heap after
{Heap after GC invocations=910 (full 793):
 PSYoungGen      total 57856K, used 40448K [0x00000000f5580000, 0x00000000fa000000, 0x0000000100000000)
  eden space 40448K, 100% used [0x00000000f5580000,0x00000000f7d00000,0x00000000f7d00000)
  from space 17408K, 0% used [0x00000000f7d00000,0x00000000f7d00000,0x00000000f8e00000)
  to   space 12800K, 0% used [0x00000000f8e00000,0x00000000f8e00000,0x00000000f9a80000)
 ParOldGen       total 349696K, used 349694K [0x00000000e0000000, 0x00000000f5580000, 0x00000000f5580000)
  object space 349696K, 99% used [0x00000000e0000000,0x00000000f557f818,0x00000000f5580000)
 Metaspace       used 60726K, committed 61760K, reserved 1105920K
  class space    used 6016K, committed 6464K, reserved 1048576K
}
Event: 1319.167 GC heap before
{Heap before GC invocations=911 (full 794):
 PSYoungGen      total 57856K, used 40448K [0x00000000f5580000, 0x00000000fa000000, 0x0000000100000000)
  eden space 40448K, 100% used [0x00000000f5580000,0x00000000f7d00000,0x00000000f7d00000)
  from space 17408K, 0% used [0x00000000f7d00000,0x00000000f7d00000,0x00000000f8e00000)
  to   space 12800K, 0% used [0x00000000f8e00000,0x00000000f8e00000,0x00000000f9a80000)
 ParOldGen       total 349696K, used 349695K [0x00000000e0000000, 0x00000000f5580000, 0x00000000f5580000)
  object space 349696K, 99% used [0x00000000e0000000,0x00000000f557fff8,0x00000000f5580000)
 Metaspace       used 60726K, committed 61760K, reserved 1105920K
  class space    used 6016K, committed 6464K, reserved 1048576K
}
Event: 1320.771 GC heap after
{Heap after GC invocations=911 (full 794):
 PSYoungGen      total 53248K, used 40448K [0x00000000f5580000, 0x00000000fa000000, 0x0000000100000000)
  eden space 40448K, 100% used [0x00000000f5580000,0x00000000f7d00000,0x00000000f7d00000)
  from space 12800K, 0% used [0x00000000f8e00000,0x00000000f8e00000,0x00000000f9a80000)
  to   space 17408K, 0% used [0x00000000f7d00000,0x00000000f7d00000,0x00000000f8e00000)
 ParOldGen       total 349696K, used 349695K [0x00000000e0000000, 0x00000000f5580000, 0x00000000f5580000)
  object space 349696K, 99% used [0x00000000e0000000,0x00000000f557fdb8,0x00000000f5580000)
 Metaspace       used 60726K, committed 61760K, reserved 1105920K
  class space    used 6016K, committed 6464K, reserved 1048576K
}
Event: 1320.772 GC heap before
{Heap before GC invocations=912 (full 795):
 PSYoungGen      total 53248K, used 40448K [0x00000000f5580000, 0x00000000fa000000, 0x0000000100000000)
  eden space 40448K, 100% used [0x00000000f5580000,0x00000000f7d00000,0x00000000f7d00000)
  from space 12800K, 0% used [0x00000000f8e00000,0x00000000f8e00000,0x00000000f9a80000)
  to   space 17408K, 0% used [0x00000000f7d00000,0x00000000f7d00000,0x00000000f8e00000)
 ParOldGen       total 349696K, used 349695K [0x00000000e0000000, 0x00000000f5580000, 0x00000000f5580000)
  object space 349696K, 99% used [0x00000000e0000000,0x00000000f557ffe8,0x00000000f5580000)
 Metaspace       used 60726K, committed 61760K, reserved 1105920K
  class space    used 6016K, committed 6464K, reserved 1048576K
}
Event: 1322.271 GC heap after
{Heap after GC invocations=912 (full 795):
 PSYoungGen      total 57856K, used 40448K [0x00000000f5580000, 0x00000000fa000000, 0x0000000100000000)
  eden space 40448K, 100% used [0x00000000f5580000,0x00000000f7d00000,0x00000000f7d00000)
  from space 17408K, 0% used [0x00000000f7d00000,0x00000000f7d00000,0x00000000f8e00000)
  to   space 12800K, 0% used [0x00000000f8e00000,0x00000000f8e00000,0x00000000f9a80000)
 ParOldGen       total 349696K, used 349692K [0x00000000e0000000, 0x00000000f5580000, 0x00000000f5580000)
  object space 349696K, 99% used [0x00000000e0000000,0x00000000f557f360,0x00000000f5580000)
 Metaspace       used 60726K, committed 61760K, reserved 1105920K
  class space    used 6016K, committed 6464K, reserved 1048576K
}
Event: 1322.274 GC heap before
{Heap before GC invocations=913 (full 796):
 PSYoungGen      total 57856K, used 40448K [0x00000000f5580000, 0x00000000fa000000, 0x0000000100000000)
  eden space 40448K, 100% used [0x00000000f5580000,0x00000000f7d00000,0x00000000f7d00000)
  from space 17408K, 0% used [0x00000000f7d00000,0x00000000f7d00000,0x00000000f8e00000)
  to   space 12800K, 0% used [0x00000000f8e00000,0x00000000f8e00000,0x00000000f9a80000)
 ParOldGen       total 349696K, used 349693K [0x00000000e0000000, 0x00000000f5580000, 0x00000000f5580000)
  object space 349696K, 99% used [0x00000000e0000000,0x00000000f557f510,0x00000000f5580000)
 Metaspace       used 60726K, committed 61760K, reserved 1105920K
  class space    used 6016K, committed 6464K, reserved 1048576K
}
Event: 1323.849 GC heap after
{Heap after GC invocations=913 (full 796):
 PSYoungGen      total 53248K, used 40448K [0x00000000f5580000, 0x00000000fa000000, 0x0000000100000000)
  eden space 40448K, 100% used [0x00000000f5580000,0x00000000f7d00000,0x00000000f7d00000)
  from space 12800K, 0% used [0x00000000f8e00000,0x00000000f8e00000,0x00000000f9a80000)
  to   space 17408K, 0% used [0x00000000f7d00000,0x00000000f7d00000,0x00000000f8e00000)
 ParOldGen       total 349696K, used 349693K [0x00000000e0000000, 0x00000000f5580000, 0x00000000f5580000)
  object space 349696K, 99% used [0x00000000e0000000,0x00000000f557f4e0,0x00000000f5580000)
 Metaspace       used 60726K, committed 61760K, reserved 1105920K
  class space    used 6016K, committed 6464K, reserved 1048576K
}
Event: 1323.850 GC heap before
{Heap before GC invocations=914 (full 797):
 PSYoungGen      total 53248K, used 40448K [0x00000000f5580000, 0x00000000fa000000, 0x0000000100000000)
  eden space 40448K, 100% used [0x00000000f5580000,0x00000000f7d00000,0x00000000f7d00000)
  from space 12800K, 0% used [0x00000000f8e00000,0x00000000f8e00000,0x00000000f9a80000)
  to   space 17408K, 0% used [0x00000000f7d00000,0x00000000f7d00000,0x00000000f8e00000)
 ParOldGen       total 349696K, used 349695K [0x00000000e0000000, 0x00000000f5580000, 0x00000000f5580000)
  object space 349696K, 99% used [0x00000000e0000000,0x00000000f557fd40,0x00000000f5580000)
 Metaspace       used 60726K, committed 61760K, reserved 1105920K
  class space    used 6016K, committed 6464K, reserved 1048576K
}
Event: 1325.858 GC heap after
{Heap after GC invocations=914 (full 797):
 PSYoungGen      total 57856K, used 40448K [0x00000000f5580000, 0x00000000fa000000, 0x0000000100000000)
  eden space 40448K, 100% used [0x00000000f5580000,0x00000000f7d00000,0x00000000f7d00000)
  from space 17408K, 0% used [0x00000000f7d00000,0x00000000f7d00000,0x00000000f8e00000)
  to   space 12800K, 0% used [0x00000000f8e00000,0x00000000f8e00000,0x00000000f9a80000)
 ParOldGen       total 349696K, used 349694K [0x00000000e0000000, 0x00000000f5580000, 0x00000000f5580000)
  object space 349696K, 99% used [0x00000000e0000000,0x00000000f557f840,0x00000000f5580000)
 Metaspace       used 60726K, committed 61760K, reserved 1105920K
  class space    used 6016K, committed 6464K, reserved 1048576K
}
Event: 1325.858 GC heap before
{Heap before GC invocations=915 (full 798):
 PSYoungGen      total 57856K, used 40448K [0x00000000f5580000, 0x00000000fa000000, 0x0000000100000000)
  eden space 40448K, 100% used [0x00000000f5580000,0x00000000f7d00000,0x00000000f7d00000)
  from space 17408K, 0% used [0x00000000f7d00000,0x00000000f7d00000,0x00000000f8e00000)
  to   space 12800K, 0% used [0x00000000f8e00000,0x00000000f8e00000,0x00000000f9a80000)
 ParOldGen       total 349696K, used 349694K [0x00000000e0000000, 0x00000000f5580000, 0x00000000f5580000)
  object space 349696K, 99% used [0x00000000e0000000,0x00000000f557f840,0x00000000f5580000)
 Metaspace       used 60726K, committed 61760K, reserved 1105920K
  class space    used 6016K, committed 6464K, reserved 1048576K
}
Event: 1327.351 GC heap after
{Heap after GC invocations=915 (full 798):
 PSYoungGen      total 53248K, used 40448K [0x00000000f5580000, 0x00000000fa000000, 0x0000000100000000)
  eden space 40448K, 100% used [0x00000000f5580000,0x00000000f7d00000,0x00000000f7d00000)
  from space 12800K, 0% used [0x00000000f8e00000,0x00000000f8e00000,0x00000000f9a80000)
  to   space 17408K, 0% used [0x00000000f7d00000,0x00000000f7d00000,0x00000000f8e00000)
 ParOldGen       total 349696K, used 349694K [0x00000000e0000000, 0x00000000f5580000, 0x00000000f5580000)
  object space 349696K, 99% used [0x00000000e0000000,0x00000000f557f840,0x00000000f5580000)
 Metaspace       used 60726K, committed 61760K, reserved 1105920K
  class space    used 6016K, committed 6464K, reserved 1048576K
}

Dll operation events (9 events):
Event: 0.002 Loaded shared library /nix/store/gpxl5qgg8kicmcvivwmybwjlpf7wh20l-graalvm17-ce-22.3.0/lib/libjava.so
Event: 0.009 Loaded shared library /nix/store/gpxl5qgg8kicmcvivwmybwjlpf7wh20l-graalvm17-ce-22.3.0/lib/libjsvml.so
Event: 0.407 Loaded shared library /nix/store/gpxl5qgg8kicmcvivwmybwjlpf7wh20l-graalvm17-ce-22.3.0/lib/libnio.so
Event: 0.411 Loaded shared library /nix/store/gpxl5qgg8kicmcvivwmybwjlpf7wh20l-graalvm17-ce-22.3.0/lib/libzip.so
Event: 0.415 Loaded shared library /nix/store/gpxl5qgg8kicmcvivwmybwjlpf7wh20l-graalvm17-ce-22.3.0/lib/libjvmcicompiler.so
Event: 1.003 Loaded shared library /nix/store/gpxl5qgg8kicmcvivwmybwjlpf7wh20l-graalvm17-ce-22.3.0/lib/libjimage.so
Event: 1.714 Loaded shared library /nix/store/gpxl5qgg8kicmcvivwmybwjlpf7wh20l-graalvm17-ce-22.3.0/lib/libnet.so
Event: 5.217 Loaded shared library /home/runner/.cache/jdt-language-server/config/org.eclipse.equinox.launcher/org.eclipse.equinox.launcher.gtk.linux.x86_64_1.2.400.v20211117-0650/eclipse_11600.so
Event: 14.506 Loaded shared library /nix/store/gpxl5qgg8kicmcvivwmybwjlpf7wh20l-graalvm17-ce-22.3.0/lib/libextnet.so

Deoptimization events (20 events):
Event: 169.347 Thread 0x00007fc5a814b060 Uncommon trap: trap_request=0xffffffcd fr.pc=0x00007fc62b0c0c6e relative=0x000000000000006e
Event: 169.347 Thread 0x00007fc5a814b060 Uncommon trap: reason=intrinsic_or_type_checked_inlining action=reinterpret pc=0x00007fc62b0c0c6e method=org.eclipse.jdt.internal.core.JavaElement.getJavaProject()Lorg/eclipse/jdt/core/IJavaProject; @ 0 jvmci
Event: 169.347 Thread 0x00007fc5a814b060 DEOPT PACKING pc=0x00007fc62b0c0c6e sp=0x00007fc5e7dfe460
Event: 169.347 Thread 0x00007fc5a814b060 DEOPT UNPACKING pc=0x00007fc623505325 sp=0x00007fc5e7dfd908 mode 3
Event: 173.827 Thread 0x00007fc5a814b060 Uncommon trap: trap_request=0xffffffcd fr.pc=0x00007fc62b18dca8 relative=0x00000000000003e8
Event: 173.827 Thread 0x00007fc5a814b060 Uncommon trap: reason=intrinsic_or_type_checked_inlining action=reinterpret pc=0x00007fc62b18dca8 method=java.util.stream.ReferencePipeline$2$1.accept(Ljava/lang/Object;)V @ 13 jvmci
Event: 173.827 Thread 0x00007fc5a814b060 DEOPT PACKING pc=0x00007fc62b18dca8 sp=0x00007fc5e7dfd570
Event: 173.827 Thread 0x00007fc5a814b060 DEOPT UNPACKING pc=0x00007fc623505325 sp=0x00007fc5e7dfca20 mode 3
Event: 347.606 Thread 0x00007fc63c0b21e0 DEOPT PACKING pc=0x00007fc623f456f0 sp=0x00007fc620c15ef0
Event: 347.606 Thread 0x00007fc63c0b21e0 DEOPT UNPACKING pc=0x00007fc623505325 sp=0x00007fc620c15458 mode 0
Event: 695.561 Thread 0x00007fc5a814a430 Uncommon trap: trap_request=0xffffffcd fr.pc=0x00007fc62b1bca0e relative=0x0000000000000e4e
Event: 695.561 Thread 0x00007fc5a814a430 Uncommon trap: reason=intrinsic_or_type_checked_inlining action=reinterpret pc=0x00007fc62b1bca0e method=org.eclipse.jdt.internal.compiler.parser.Scanner.getNextToken0()I @ 2842 jvmci
Event: 695.561 Thread 0x00007fc5a814a430 DEOPT PACKING pc=0x00007fc62b1bca0e sp=0x00007fc5e83fddd0
Event: 695.561 Thread 0x00007fc5a814a430 DEOPT UNPACKING pc=0x00007fc623505325 sp=0x00007fc5e83fd210 mode 3
Event: 976.427 Thread 0x00007fc63c0b21e0 Uncommon trap: trap_request=0xffffffcd fr.pc=0x00007fc62b22d4da relative=0x0000000000000bba
Event: 976.427 Thread 0x00007fc63c0b21e0 Uncommon trap: reason=intrinsic_or_type_checked_inlining action=reinterpret pc=0x00007fc62b22d4da method=java.io.DataOutputStream.write([BII)V @ 0 jvmci
Event: 976.427 Thread 0x00007fc63c0b21e0 DEOPT PACKING pc=0x00007fc62b22d4da sp=0x00007fc620c15fa0
Event: 976.427 Thread 0x00007fc63c0b21e0 DEOPT UNPACKING pc=0x00007fc623505325 sp=0x00007fc620c153d0 mode 3
Event: 1314.164 Thread 0x00007fc5a814a430 DEOPT PACKING pc=0x00007fc62b0a3540 sp=0x00007fc5e83fd530
Event: 1314.164 Thread 0x00007fc5a814a430 DEOPT UNPACKING pc=0x00007fc623505325 sp=0x00007fc5e83fc968 mode 1

Classes unloaded (20 events):
Event: 166.024 Thread 0x00007fc63c0a1c10 Unloading class 0x0000000801128c00 'jdk/internal/reflect/GeneratedSerializationConstructorAccessor10'
Event: 166.024 Thread 0x00007fc63c0a1c10 Unloading class 0x0000000801128800 'jdk/internal/reflect/GeneratedSerializationConstructorAccessor9'
Event: 166.024 Thread 0x00007fc63c0a1c10 Unloading class 0x0000000801128400 'jdk/internal/reflect/GeneratedSerializationConstructorAccessor8'
Event: 166.024 Thread 0x00007fc63c0a1c10 Unloading class 0x0000000801128000 'jdk/internal/reflect/GeneratedConstructorAccessor37'
Event: 166.024 Thread 0x00007fc63c0a1c10 Unloading class 0x0000000801118400 'jdk/internal/reflect/GeneratedSerializationConstructorAccessor7'
Event: 166.024 Thread 0x00007fc63c0a1c10 Unloading class 0x0000000801118000 'jdk/internal/reflect/GeneratedSerializationConstructorAccessor6'
Event: 166.024 Thread 0x00007fc63c0a1c10 Unloading class 0x0000000801111c00 'jdk/internal/reflect/GeneratedSerializationConstructorAccessor5'
Event: 166.024 Thread 0x00007fc63c0a1c10 Unloading class 0x0000000801111800 'jdk/internal/reflect/GeneratedSerializationConstructorAccessor4'
Event: 166.024 Thread 0x00007fc63c0a1c10 Unloading class 0x0000000801110000 'jdk/internal/reflect/GeneratedConstructorAccessor36'
Event: 166.024 Thread 0x00007fc63c0a1c10 Unloading class 0x00000008010ecc00 'jdk/internal/reflect/GeneratedMethodAccessor10'
Event: 166.024 Thread 0x00007fc63c0a1c10 Unloading class 0x00000008010ec800 'jdk/internal/reflect/GeneratedMethodAccessor9'
Event: 166.024 Thread 0x00007fc63c0a1c10 Unloading class 0x00000008010ec400 'jdk/internal/reflect/GeneratedMethodAccessor8'
Event: 166.024 Thread 0x00007fc63c0a1c10 Unloading class 0x00000008010ec000 'jdk/internal/reflect/GeneratedMethodAccessor7'
Event: 166.024 Thread 0x00007fc63c0a1c10 Unloading class 0x00000008010ca000 'jdk/internal/reflect/GeneratedSerializationConstructorAccessor3'
Event: 166.024 Thread 0x00007fc63c0a1c10 Unloading class 0x0000000801096400 'jdk/internal/reflect/GeneratedSerializationConstructorAccessor2'
Event: 166.024 Thread 0x00007fc63c0a1c10 Unloading class 0x0000000801096000 'jdk/internal/reflect/GeneratedSerializationConstructorAccessor1'
Event: 166.024 Thread 0x00007fc63c0a1c10 Unloading class 0x0000000800ef1000 'jdk/internal/reflect/GeneratedConstructorAccessor12'
Event: 166.024 Thread 0x00007fc63c0a1c10 Unloading class 0x0000000800ef0800 'jdk/internal/reflect/GeneratedConstructorAccessor10'
Event: 166.024 Thread 0x00007fc63c0a1c10 Unloading class 0x0000000800ef0400 'jdk/internal/reflect/GeneratedConstructorAccessor9'
Event: 166.024 Thread 0x00007fc63c0a1c10 Unloading class 0x0000000800ef0000 'jdk/internal/reflect/GeneratedConstructorAccessor8'

Classes redefined (0 events):
No events

Internal exceptions (20 events):
Event: 41.333 Thread 0x00007fc59c000ff0 Exception <a 'sun/nio/fs/UnixException'{0x00000000f6124688}> (0x00000000f6124688) 
thrown [src/hotspot/share/prims/jni.cpp, line 516]
Event: 42.904 Thread 0x00007fc63c4bd880 Exception <a 'java/lang/NoSuchMethodError'{0x00000000f60c7758}: 'java.lang.Object java.lang.invoke.DirectMethodHandle$Holder.invokeInterface(java.lang.Object, java.lang.Object, java.lang.Object)'> (0x00000000f60c7758) 
thrown [src/hotspot/share/interpreter/linkResolver.cpp, line 758]
Event: 43.010 Thread 0x00007fc5a4001130 Exception <a 'java/lang/NoSuchMethodError'{0x00000000f5626418}: static [Lorg/eclipse/core/runtime/IPath;.<clinit>()V> (0x00000000f5626418) 
thrown [src/hotspot/share/prims/jni.cpp, line 1107]
Event: 43.017 Thread 0x00007fc5a4001130 Exception <a 'java/lang/NoSuchMethodError'{0x00000000f57cc4a8}: static [J.<clinit>()V> (0x00000000f57cc4a8) 
thrown [src/hotspot/share/prims/jni.cpp, line 1107]
Event: 45.900 Thread 0x00007fc59c000ff0 Exception <a 'java/io/FileNotFoundException'{0x00000000f60a04d8}> (0x00000000f60a04d8) 
thrown [src/hotspot/share/prims/jni.cpp, line 516]
Event: 46.004 Thread 0x00007fc59c000ff0 Exception <a 'java/lang/NoSuchMethodError'{0x00000000f57d2848}: 'java.lang.Object java.lang.invoke.DirectMethodHandle$Holder.newInvokeSpecial(java.lang.Object, java.lang.Object, int, java.lang.Object, java.lang.Object)'> (0x00000000f57d2848) 
thrown [src/hotspot/share/interpreter/linkResolver.cpp, line 758]
Event: 46.005 Thread 0x00007fc59c000ff0 Exception <a 'java/lang/NoSuchMethodError'{0x00000000f581ac68}: 'java.lang.Object java.lang.invoke.DirectMethodHandle$Holder.invokeSpecial(java.lang.Object, java.lang.Object, java.lang.Object, int, java.lang.Object, java.lang.Object)'> (0x00000000f581ac68) 
thrown [src/hotspot/share/interpreter/linkResolver.cpp, line 758]
Event: 46.326 Thread 0x00007fc59c000ff0 Exception <a 'java/lang/NoSuchMethodError'{0x00000000f55a9470}: 'java.lang.Object java.lang.invoke.DirectMethodHandle$Holder.newInvokeSpecial(java.lang.Object, java.lang.Object, java.lang.Object, int, java.lang.Object)'> (0x00000000f55a9470) 
thrown [src/hotspot/share/interpreter/linkResolver.cpp, line 758]
Event: 46.327 Thread 0x00007fc59c000ff0 Exception <a 'java/lang/NoSuchMethodError'{0x00000000f55ad6b0}: 'java.lang.Object java.lang.invoke.DirectMethodHandle$Holder.invokeSpecial(java.lang.Object, java.lang.Object, java.lang.Object, java.lang.Object, int, java.lang.Object)'> (0x00000000f55ad6b0) 
thrown [src/hotspot/share/interpreter/linkResolver.cpp, line 758]
Event: 46.327 Thread 0x00007fc59c000ff0 Exception <a 'java/lang/NoSuchMethodError'{0x00000000f55b1198}: 'java.lang.Object java.lang.invoke.Invokers$Holder.linkToTargetMethod(java.lang.Object, java.lang.Object, int, java.lang.Object, java.lang.Object)'> (0x00000000f55b1198) 
thrown [src/hotspot/share/interpreter/linkResolver.cpp, line 758]
Event: 49.918 Thread 0x00007fc5c003d590 Implicit null exception at 0x00007fc62b0dc2c1 to 0x00007fc62b0dc3eb
Event: 59.307 Thread 0x00007fc5a814a430 Exception <a 'java/lang/NoSuchMethodError'{0x00000000f5fdf088}: 'java.lang.Object java.lang.invoke.DirectMethodHandle$Holder.invokeStatic(java.lang.Object, int, java.lang.Object, java.lang.Object, java.lang.Object, java.lang.Object)'> (0x00000000f5fdf088) 
thrown [src/hotspot/share/interpreter/linkResolver.cpp, line 758]
Event: 59.309 Thread 0x00007fc5a814a430 Exception <a 'java/lang/NoSuchMethodError'{0x00000000f5feb8b8}: 'java.lang.Object java.lang.invoke.DirectMethodHandle$Holder.newInvokeSpecial(java.lang.Object, int, java.lang.Object, java.lang.Object, java.lang.Object)'> (0x00000000f5feb8b8) 
thrown [src/hotspot/share/interpreter/linkResolver.cpp, line 758]
Event: 60.406 Thread 0x00007fc5a814b060 Exception <a 'java/lang/NoSuchMethodError'{0x00000000f5f66608}: 'java.lang.Object java.lang.invoke.DirectMethodHandle$Holder.newInvokeSpecial(java.lang.Object, java.lang.Object, int, java.lang.Object, java.lang.Object, java.lang.Object, java.lang.Object)'> (0x00000000f5f66608) 
thrown [src/hotspot/share/interpreter/linkResolver.cpp, line 758]
Event: 60.497 Thread 0x00007fc5a814a430 Exception <a 'java/lang/NoSuchMethodError'{0x00000000f5f7f4c0}: 'void java.lang.invoke.DirectMethodHandle$Holder.invokeSpecial(java.lang.Object, java.lang.Object, int)'> (0x00000000f5f7f4c0) 
thrown [src/hotspot/share/interpreter/linkResolver.cpp, line 758]
Event: 63.298 Thread 0x00007fc5a814b060 Exception <a 'java/lang/NoSuchMethodError'{0x00000000f5fa6810}: 'int java.lang.invoke.DirectMethodHandle$Holder.invokeSpecialIFC(java.lang.Object, java.lang.Object, java.lang.Object, java.lang.Object)'> (0x00000000f5fa6810) 
thrown [src/hotspot/share/interpreter/linkResolver.cpp, line 758]
Event: 63.298 Thread 0x00007fc5a814a430 Exception <a 'java/lang/NoSuchMethodError'{0x00000000f5fa76f0}: 'int java.lang.invoke.DirectMethodHandle$Holder.invokeSpecialIFC(java.lang.Object, java.lang.Object, java.lang.Object, java.lang.Object)'> (0x00000000f5fa76f0) 
thrown [src/hotspot/share/interpreter/linkResolver.cpp, line 758]
Event: 1308.059 Thread 0x00007fc5a814a430 Exception <a 'java/lang/OutOfMemoryError'{0x00000000e0004100}> (0x00000000e0004100) 
thrown [src/hotspot/share/gc/shared/memAllocator.cpp, line 136]
Event: 1314.164 Thread 0x00007fc5a814a430 Exception <a 'java/lang/OutOfMemoryError'{0x00000000e00043d0}> (0x00000000e00043d0) 
thrown [src/hotspot/share/gc/shared/memAllocator.cpp, line 136]
Event: 1327.351 Thread 0x00007fc63c0b21e0 Exception <a 'java/lang/OutOfMemoryError'{0x00000000e00049c0}> (0x00000000e00049c0) 
thrown [src/hotspot/share/gc/shared/memAllocator.cpp, line 136]

VM Operations (20 events):
Event: 1308.059 Executing VM operation: ParallelGCFailedAllocation
Event: 1309.541 Executing VM operation: ParallelGCFailedAllocation done
Event: 1309.541 Executing VM operation: ParallelGCFailedAllocation
Event: 1311.035 Executing VM operation: ParallelGCFailedAllocation done
Event: 1311.035 Executing VM operation: ParallelGCFailedAllocation
Event: 1314.164 Executing VM operation: ParallelGCFailedAllocation done
Event: 1314.164 Executing VM operation: ParallelGCFailedAllocation
Event: 1316.047 Executing VM operation: ParallelGCFailedAllocation done
Event: 1316.048 Executing VM operation: ParallelGCFailedAllocation
Event: 1317.613 Executing VM operation: ParallelGCFailedAllocation done
Event: 1317.613 Executing VM operation: ParallelGCFailedAllocation
Event: 1319.157 Executing VM operation: ParallelGCFailedAllocation done
Event: 1319.157 Executing VM operation: ParallelGCFailedAllocation
Event: 1320.772 Executing VM operation: ParallelGCFailedAllocation done
Event: 1320.772 Executing VM operation: ParallelGCFailedAllocation
Event: 1322.273 Executing VM operation: ParallelGCFailedAllocation done
Event: 1322.273 Executing VM operation: ParallelGCFailedAllocation
Event: 1323.849 Executing VM operation: ParallelGCFailedAllocation done
Event: 1323.850 Executing VM operation: ParallelGCFailedAllocation
Event: 1327.351 Executing VM operation: ParallelGCFailedAllocation done

Events (20 events):
Event: 171.904 loading class java/util/stream/Streams$ConcatSpliterator
Event: 171.904 loading class java/util/stream/Streams$ConcatSpliterator done
Event: 171.904 loading class java/util/stream/Streams$ConcatSpliterator$OfRef done
Event: 171.904 loading class java/util/stream/Streams$2
Event: 171.904 loading class java/util/stream/Streams$2 done
Event: 311.523 Thread 0x00007fc5a814a430 Thread added: 0x00007fc5a814a430
Event: 311.523 Protecting memory [0x00007fc5e8300000,0x00007fc5e8304000] with protection modes 0
Event: 372.909 loading class java/io/InterruptedIOException
Event: 382.966 loading class java/io/InterruptedIOException done
Event: 382.966 loading class javax/net/ssl/SSLException
Event: 388.528 loading class javax/net/ssl/SSLException done
Event: 398.249 loading class java/lang/AssertionError
Event: 398.249 Thread 0x00007fc5a814ccd0 Thread added: 0x00007fc5a814ccd0
Event: 398.249 Protecting memory [0x00007fc5e7f00000,0x00007fc5e7f04000] with protection modes 0
Event: 398.249 loading class java/lang/AssertionError done
Event: 405.962 Thread 0x00007fc5c4266fe0 Thread exited: 0x00007fc5c4266fe0
Event: 405.963 Thread 0x00007fc5a00038a0 Thread exited: 0x00007fc5a00038a0
Event: 453.212 Thread 0x00007fc5c4267950 Thread exited: 0x00007fc5c4267950
Event: 1236.526 Thread 0x00007fc58c034b60 Thread added: 0x00007fc58c034b60
Event: 1236.526 Protecting memory [0x00007fc5e8800000,0x00007fc5e8804000] with protection modes 0


Dynamic libraries:
e0000000-f5580000 rw-p 00000000 00:00 0 
f5580000-fa000000 rw-p 00000000 00:00 0 
fa000000-100000000 ---p 00000000 00:00 0 
800000000-800449000 rw-p 00001000 00:6dc 4611686019135357769             /nix/store/gpxl5qgg8kicmcvivwmybwjlpf7wh20l-graalvm17-ce-22.3.0/lib/server/classes.jsa
800449000-800bc8000 r--p 0044a000 00:6dc 4611686019135357769             /nix/store/gpxl5qgg8kicmcvivwmybwjlpf7wh20l-graalvm17-ce-22.3.0/lib/server/classes.jsa
800bc8000-800c00000 ---p 00000000 00:00 0 
800c00000-800c20000 rw-p 00000000 00:00 0 
800c20000-800c40000 rw-p 00000000 00:00 0 
800c40000-800cc0000 rw-p 00000000 00:00 0 
800cc0000-800d00000 rw-p 00000000 00:00 0 
800d00000-800dc0000 rw-p 00000000 00:00 0 
800dc0000-800e00000 rw-p 00000000 00:00 0 
800e00000-800f40000 rw-p 00000000 00:00 0 
800f40000-800fc0000 rw-p 00000000 00:00 0 
800fc0000-801000000 rw-p 00000000 00:00 0 
801000000-801250000 rw-p 00000000 00:00 0 
801250000-840c00000 ---p 00000000 00:00 0 
5580e31f9000-5580e31fa000 r-xp 00000000 00:6dc 4611686019099417844       /nix/store/gpxl5qgg8kicmcvivwmybwjlpf7wh20l-graalvm17-ce-22.3.0/bin/.java-wrapped
5580e31fb000-5580e31fc000 r--p 00001000 00:6dc 4611686019099417844       /nix/store/gpxl5qgg8kicmcvivwmybwjlpf7wh20l-graalvm17-ce-22.3.0/bin/.java-wrapped
5580e31fc000-5580e31fd000 rw-p 00002000 00:6dc 4611686019099417844       /nix/store/gpxl5qgg8kicmcvivwmybwjlpf7wh20l-graalvm17-ce-22.3.0/bin/.java-wrapped
5580e31fd000-5580e31fe000 rw-p 00004000 00:6dc 4611686019099417844       /nix/store/gpxl5qgg8kicmcvivwmybwjlpf7wh20l-graalvm17-ce-22.3.0/bin/.java-wrapped
5580e31fe000-5580e31ff000 rw-p 00005000 00:6dc 4611686019099417844       /nix/store/gpxl5qgg8kicmcvivwmybwjlpf7wh20l-graalvm17-ce-22.3.0/bin/.java-wrapped
5580e41bd000-5580e4205000 rw-p 00000000 00:00 0                          [heap]
7fc574000000-7fc574132000 rw-p 00000000 00:00 0 
7fc574132000-7fc578000000 ---p 00000000 00:00 0 
7fc578000000-7fc5780b3000 rw-p 00000000 00:00 0 
7fc5780b3000-7fc57c000000 ---p 00000000 00:00 0 
7fc57c000000-7fc57c021000 rw-p 00000000 00:00 0 
7fc57c021000-7fc580000000 ---p 00000000 00:00 0 
7fc580000000-7fc580021000 rw-p 00000000 00:00 0 
7fc580021000-7fc584000000 ---p 00000000 00:00 0 
7fc584000000-7fc584021000 rw-p 00000000 00:00 0 
7fc584021000-7fc588000000 ---p 00000000 00:00 0 
7fc588000000-7fc588021000 rw-p 00000000 00:00 0 
7fc588021000-7fc58c000000 ---p 00000000 00:00 0 
7fc58c000000-7fc58c146000 rw-p 00000000 00:00 0 
7fc58c146000-7fc590000000 ---p 00000000 00:00 0 
7fc5924b3000-7fc59c000000 r--s 00000000 00:6dc 4611686019135192581       /nix/store/gpxl5qgg8kicmcvivwmybwjlpf7wh20l-graalvm17-ce-22.3.0/lib/modules
7fc59c000000-7fc59c021000 rw-p 00000000 00:00 0 
7fc59c021000-7fc5a0000000 ---p 00000000 00:00 0 
7fc5a0000000-7fc5a0021000 rw-p 00000000 00:00 0 
7fc5a0021000-7fc5a4000000 ---p 00000000 00:00 0 
7fc5a4000000-7fc5a4101000 rw-p 00000000 00:00 0 
7fc5a4101000-7fc5a8000000 ---p 00000000 00:00 0 
7fc5a8000000-7fc5a8162000 rw-p 00000000 00:00 0 
7fc5a8162000-7fc5ac000000 ---p 00000000 00:00 0 
7fc5ac000000-7fc5ac021000 rw-p 00000000 00:00 0 
7fc5ac021000-7fc5b0000000 ---p 00000000 00:00 0 
7fc5b0000000-7fc5b0021000 rw-p 00000000 00:00 0 
7fc5b0021000-7fc5b4000000 ---p 00000000 00:00 0 
7fc5b4000000-7fc5b4308000 rw-p 00000000 00:00 0 
7fc5b4308000-7fc5b8000000 ---p 00000000 00:00 0 
7fc5b8000000-7fc5b8056000 rw-p 00000000 00:00 0 
7fc5b8056000-7fc5bc000000 ---p 00000000 00:00 0 
7fc5bc000000-7fc5bc021000 rw-p 00000000 00:00 0 
7fc5bc021000-7fc5c0000000 ---p 00000000 00:00 0 
7fc5c0000000-7fc5c0063000 rw-p 00000000 00:00 0 
7fc5c0063000-7fc5c4000000 ---p 00000000 00:00 0 
7fc5c4000000-7fc5c4524000 rw-p 00000000 00:00 0 
7fc5c4524000-7fc5c8000000 ---p 00000000 00:00 0 
7fc5c8000000-7fc5c8021000 rw-p 00000000 00:00 0 
7fc5c8021000-7fc5cc000000 ---p 00000000 00:00 0 
7fc5cc000000-7fc5cc1c0000 rw-p 00000000 00:00 0 
7fc5cc1c0000-7fc5cc200000 rw-p 00000000 00:00 0 
7fc5cc200000-7fc5cc5c0000 rw-p 00000000 00:00 0 
7fc5cc5c0000-7fc5cc5e0000 rw-p 00000000 00:00 0 
7fc5cc5e0000-7fc5cc600000 ---p 00000000 00:00 0 
7fc5cc600000-7fc5cc620000 rw-p 00000000 00:00 0 
7fc5cc620000-7fc5cc800000 ---p 00000000 00:00 0 
7fc5cd000000-7fc5cd180000 rw-p 00000000 00:00 0 
7fc5cd180000-7fc5cd200000 rw-p 00000000 00:00 0 
7fc5cd200000-7fc5cd800000 rw-p 00000000 00:00 0 
7fc5ce000000-7fc5ce100000 rw-p 00000000 00:00 0 
7fc5ce100000-7fc5ce200000 rw-p 00000000 00:00 0 
7fc5ce200000-7fc5ce800000 rw-p 00000000 00:00 0 
7fc5ce800000-7fc5ce8c0000 rw-p 00000000 00:00 0 
7fc5ce8c0000-7fc5ce900000 rw-p 00000000 00:00 0 
7fc5ce900000-7fc5ceac0000 rw-p 00000000 00:00 0 
7fc5ceac0000-7fc5ceb00000 rw-p 00000000 00:00 0 
7fc5ceb00000-7fc5ced00000 rw-p 00000000 00:00 0 
7fc5ced00000-7fc5cee00000 rw-p 00000000 00:00 0 
7fc5cee00000-7fc5cf000000 rw-p 00000000 00:00 0 
7fc5cf000000-7fc5cf100000 rw-p 00000000 00:00 0 
7fc5cf100000-7fc5cf200000 rw-p 00000000 00:00 0 
7fc5cf200000-7fc5cf780000 rw-p 00000000 00:00 0 
7fc5cf780000-7fc5cf800000 rw-p 00000000 00:00 0 
7fc5cf800000-7fc5cf900000 rw-p 00000000 00:00 0 
7fc5cf900000-7fc5cfa00000 rw-p 00000000 00:00 0 
7fc5cfa00000-7fc5cfd00000 rw-p 00000000 00:00 0 
7fc5cfd00000-7fc5cfe00000 rw-p 00000000 00:00 0 
7fc5cfe00000-7fc5d0000000 rw-p 00000000 00:00 0 
7fc5d0000000-7fc5d08fb000 rw-p 00000000 00:00 0 
7fc5d08fb000-7fc5d4000000 ---p 00000000 00:00 0 
7fc5d4000000-7fc5d4025000 rw-p 00000000 00:00 0 
7fc5d4025000-7fc5d8000000 ---p 00000000 00:00 0 
7fc5d8000000-7fc5d8021000 rw-p 00000000 00:00 0 
7fc5d8021000-7fc5dc000000 ---p 00000000 00:00 0 
7fc5dc000000-7fc5dc021000 rw-p 00000000 00:00 0 
7fc5dc021000-7fc5e0000000 ---p 00000000 00:00 0 
7fc5e0000000-7fc5e0021000 rw-p 00000000 00:00 0 
7fc5e0021000-7fc5e4000000 ---p 00000000 00:00 0 
7fc5e4600000-7fc5e4610000 r-xp 00000000 00:2ff 356                       /home/runner/.cache/jdt-language-server/config/org.eclipse.equinox.launcher/org.eclipse.equinox.launcher.gtk.linux.x86_64_1.2.400.v20211117-0650/eclipse_11600.so
7fc5e4610000-7fc5e480f000 ---p 00010000 00:2ff 356                       /home/runner/.cache/jdt-language-server/config/org.eclipse.equinox.launcher/org.eclipse.equinox.launcher.gtk.linux.x86_64_1.2.400.v20211117-0650/eclipse_11600.so
7fc5e480f000-7fc5e4810000 r--p 0000f000 00:2ff 356                       /home/runner/.cache/jdt-language-server/config/org.eclipse.equinox.launcher/org.eclipse.equinox.launcher.gtk.linux.x86_64_1.2.400.v20211117-0650/eclipse_11600.so
7fc5e4810000-7fc5e4811000 rw-p 00010000 00:2ff 356                       /home/runner/.cache/jdt-language-server/config/org.eclipse.equinox.launcher/org.eclipse.equinox.launcher.gtk.linux.x86_64_1.2.400.v20211117-0650/eclipse_11600.so
7fc5e5700000-7fc5e5800000 ---p 00000000 00:00 0 
7fc5e5800000-7fc5e5daf000 r--p 01122000 00:6dc 4611686019135190040       /nix/store/gpxl5qgg8kicmcvivwmybwjlpf7wh20l-graalvm17-ce-22.3.0/lib/libjvmcicompiler.so
7fc5e5daf000-7fc5e5f00000 r--p 00000000 00:00 0 
7fc5e5f00000-7fc5e5f3d000 rw-p 00000000 00:00 0 
7fc5e5f3d000-7fc5e645d000 rw-p 0185f000 00:6dc 4611686019135190040       /nix/store/gpxl5qgg8kicmcvivwmybwjlpf7wh20l-graalvm17-ce-22.3.0/lib/libjvmcicompiler.so
7fc5e645d000-7fc5e6844000 r--p 01d7f000 00:6dc 4611686019135190040       /nix/store/gpxl5qgg8kicmcvivwmybwjlpf7wh20l-graalvm17-ce-22.3.0/lib/libjvmcicompiler.so
7fc5e6900000-7fc5e6904000 ---p 00000000 00:00 0 
7fc5e6904000-7fc5e6a00000 rw-p 00000000 00:00 0 
7fc5e6b00000-7fc5e6b04000 ---p 00000000 00:00 0 
7fc5e6b04000-7fc5e6c00000 rw-p 00000000 00:00 0 
7fc5e6d00000-7fc5e6d04000 ---p 00000000 00:00 0 
7fc5e6d04000-7fc5e6e00000 rw-p 00000000 00:00 0 
7fc5e6f00000-7fc5e6f04000 ---p 00000000 00:00 0 
7fc5e6f04000-7fc5e7000000 rw-p 00000000 00:00 0 
7fc5e7100000-7fc5e7104000 ---p 00000000 00:00 0 
7fc5e7104000-7fc5e7200000 rw-p 00000000 00:00 0 
7fc5e7200000-7fc5e7204000 ---p 00000000 00:00 0 
7fc5e7204000-7fc5e7300000 rw-p 00000000 00:00 0 
7fc5e7300000-7fc5e7304000 ---p 00000000 00:00 0 
7fc5e7304000-7fc5e7400000 rw-p 00000000 00:00 0 
7fc5e7500000-7fc5e7504000 ---p 00000000 00:00 0 
7fc5e7504000-7fc5e7600000 rw-p 00000000 00:00 0 
7fc5e7700000-7fc5e7704000 ---p 00000000 00:00 0 
7fc5e7704000-7fc5e7800000 rw-p 00000000 00:00 0 
7fc5e7900000-7fc5e7904000 ---p 00000000 00:00 0 
7fc5e7904000-7fc5e7a00000 rw-p 00000000 00:00 0 
7fc5e7b00000-7fc5e7b04000 ---p 00000000 00:00 0 
7fc5e7b04000-7fc5e7c00000 rw-p 00000000 00:00 0 
7fc5e7d00000-7fc5e7d04000 ---p 00000000 00:00 0 
7fc5e7d04000-7fc5e7e00000 rw-p 00000000 00:00 0 
7fc5e7f00000-7fc5e7f04000 ---p 00000000 00:00 0 
7fc5e7f04000-7fc5e8000000 rw-p 00000000 00:00 0 
7fc5e8100000-7fc5e8104000 ---p 00000000 00:00 0 
7fc5e8104000-7fc5e8200000 rw-p 00000000 00:00 0 
7fc5e8300000-7fc5e8304000 ---p 00000000 00:00 0 
7fc5e8304000-7fc5e8400000 rw-p 00000000 00:00 0 
7fc5e8400000-7fc5e8404000 ---p 00000000 00:00 0 
7fc5e8404000-7fc5e8500000 rw-p 00000000 00:00 0 
7fc5e8500000-7fc5e8504000 ---p 00000000 00:00 0 
7fc5e8504000-7fc5e8600000 rw-p 00000000 00:00 0 
7fc5e8700000-7fc5e8704000 ---p 00000000 00:00 0 
7fc5e8704000-7fc5e8800000 rw-p 00000000 00:00 0 
7fc5e8800000-7fc5e8804000 ---p 00000000 00:00 0 
7fc5e8804000-7fc5e8900000 rw-p 00000000 00:00 0 
7fc5e8900000-7fc5e8904000 ---p 00000000 00:00 0 
7fc5e8904000-7fc5e8a00000 rw-p 00000000 00:00 0 
7fc5e9668000-7fc5e9b00000 rw-p 00000000 00:00 0 
7fc5e9c00000-7fc5ebd6a000 r-xp 00000000 00:6dc 4611686019135190040       /nix/store/gpxl5qgg8kicmcvivwmybwjlpf7wh20l-graalvm17-ce-22.3.0/lib/libjvmcicompiler.so
7fc5ebd6a000-7fc5ebf69000 ---p 0216a000 00:6dc 4611686019135190040       /nix/store/gpxl5qgg8kicmcvivwmybwjlpf7wh20l-graalvm17-ce-22.3.0/lib/libjvmcicompiler.so
7fc5ebf69000-7fc5ebf6a000 r--p 02169000 00:6dc 4611686019135190040       /nix/store/gpxl5qgg8kicmcvivwmybwjlpf7wh20l-graalvm17-ce-22.3.0/lib/libjvmcicompiler.so
7fc5ebf6a000-7fc5ebf6c000 rw-p 0216a000 00:6dc 4611686019135190040       /nix/store/gpxl5qgg8kicmcvivwmybwjlpf7wh20l-graalvm17-ce-22.3.0/lib/libjvmcicompiler.so
7fc5ebf6c000-7fc5ebf6d000 rw-p 00000000 00:00 0 
7fc5ebf6d000-7fc5ebf72000 rw-p 023c3000 00:6dc 4611686019135190040       /nix/store/gpxl5qgg8kicmcvivwmybwjlpf7wh20l-graalvm17-ce-22.3.0/lib/libjvmcicompiler.so
7fc5ec000000-7fc5ec021000 rw-p 00000000 00:00 0 
7fc5ec021000-7fc5f0000000 ---p 00000000 00:00 0 
7fc5f0000000-7fc5f0021000 rw-p 00000000 00:00 0 
7fc5f0021000-7fc5f4000000 ---p 00000000 00:00 0 
7fc5f4000000-7fc5f4021000 rw-p 00000000 00:00 0 
7fc5f4021000-7fc5f8000000 ---p 00000000 00:00 0 
7fc5f8000000-7fc5f8021000 rw-p 00000000 00:00 0 
7fc5f8021000-7fc5fc000000 ---p 00000000 00:00 0 
7fc5fc000000-7fc5fc0e1000 rw-p 00000000 00:00 0 
7fc5fc0e1000-7fc600000000 ---p 00000000 00:00 0 
7fc600000000-7fc600b67000 rw-p 00000000 00:00 0 
7fc600b67000-7fc604000000 ---p 00000000 00:00 0 
7fc604000000-7fc604021000 rw-p 00000000 00:00 0 
7fc604021000-7fc608000000 ---p 00000000 00:00 0 
7fc608000000-7fc608021000 rw-p 00000000 00:00 0 
7fc608021000-7fc60c000000 ---p 00000000 00:00 0 
7fc60c000000-7fc60c021000 rw-p 00000000 00:00 0 
7fc60c021000-7fc610000000 ---p 00000000 00:00 0 
7fc610000000-7fc610021000 rw-p 00000000 00:00 0 
7fc610021000-7fc614000000 ---p 00000000 00:00 0 
7fc614000000-7fc614021000 rw-p 00000000 00:00 0 
7fc614021000-7fc618000000 ---p 00000000 00:00 0 
7fc618000000-7fc618021000 rw-p 00000000 00:00 0 
7fc618021000-7fc61c000000 ---p 00000000 00:00 0 
7fc61c000000-7fc61c12c000 rw-p 00000000 00:00 0 
7fc61c12c000-7fc620004000 ---p 00000000 00:00 0 
7fc620004000-7fc620100000 rw-p 00000000 00:00 0 
7fc620100000-7fc620104000 ---p 00000000 00:00 0 
7fc620104000-7fc620200000 rw-p 00000000 00:00 0 
7fc6202c8000-7fc6202ca000 r-xp 00000000 00:6dc 4611686019135190017       /nix/store/gpxl5qgg8kicmcvivwmybwjlpf7wh20l-graalvm17-ce-22.3.0/lib/libextnet.so
7fc6202ca000-7fc6202cb000 r--p 00001000 00:6dc 4611686019135190017       /nix/store/gpxl5qgg8kicmcvivwmybwjlpf7wh20l-graalvm17-ce-22.3.0/lib/libextnet.so
7fc6202cb000-7fc6202cc000 rw-p 00002000 00:6dc 4611686019135190017       /nix/store/gpxl5qgg8kicmcvivwmybwjlpf7wh20l-graalvm17-ce-22.3.0/lib/libextnet.so
7fc6202cc000-7fc6202cd000 rw-p 00004000 00:6dc 4611686019135190017       /nix/store/gpxl5qgg8kicmcvivwmybwjlpf7wh20l-graalvm17-ce-22.3.0/lib/libextnet.so
7fc6202cd000-7fc6202d1000 ---p 00000000 00:00 0 
7fc6202d1000-7fc6203cd000 rw-p 00000000 00:00 0 
7fc6203cd000-7fc6203d1000 ---p 00000000 00:00 0 
7fc6203d1000-7fc6203ef000 rw-p 00000000 00:00 0 
7fc6203ef000-7fc6203f6000 r-xp 00000000 00:6dc 4611686019135192580       /nix/store/gpxl5qgg8kicmcvivwmybwjlpf7wh20l-graalvm17-ce-22.3.0/lib/libzip.so
7fc6203f6000-7fc6203f7000 ---p 00007000 00:6dc 4611686019135192580       /nix/store/gpxl5qgg8kicmcvivwmybwjlpf7wh20l-graalvm17-ce-22.3.0/lib/libzip.so
7fc6203f7000-7fc6203f8000 r--p 00007000 00:6dc 4611686019135192580       /nix/store/gpxl5qgg8kicmcvivwmybwjlpf7wh20l-graalvm17-ce-22.3.0/lib/libzip.so
7fc6203f8000-7fc6203f9000 rw-p 00008000 00:6dc 4611686019135192580       /nix/store/gpxl5qgg8kicmcvivwmybwjlpf7wh20l-graalvm17-ce-22.3.0/lib/libzip.so
7fc6203f9000-7fc6203fb000 rw-p 0000b000 00:6dc 4611686019135192580       /nix/store/gpxl5qgg8kicmcvivwmybwjlpf7wh20l-graalvm17-ce-22.3.0/lib/libzip.so
7fc6203fb000-7fc620410000 r-xp 00000000 00:6dc 4611686019135192570       /nix/store/gpxl5qgg8kicmcvivwmybwjlpf7wh20l-graalvm17-ce-22.3.0/lib/libnet.so
7fc620410000-7fc620411000 ---p 00015000 00:6dc 4611686019135192570       /nix/store/gpxl5qgg8kicmcvivwmybwjlpf7wh20l-graalvm17-ce-22.3.0/lib/libnet.so
7fc620411000-7fc620412000 r--p 00015000 00:6dc 4611686019135192570       /nix/store/gpxl5qgg8kicmcvivwmybwjlpf7wh20l-graalvm17-ce-22.3.0/lib/libnet.so
7fc620412000-7fc620413000 rw-p 00016000 00:6dc 4611686019135192570       /nix/store/gpxl5qgg8kicmcvivwmybwjlpf7wh20l-graalvm17-ce-22.3.0/lib/libnet.so
7fc620413000-7fc620416000 rw-p 0001b000 00:6dc 4611686019135192570       /nix/store/gpxl5qgg8kicmcvivwmybwjlpf7wh20l-graalvm17-ce-22.3.0/lib/libnet.so
7fc620416000-7fc620417000 ---p 00000000 00:00 0 
7fc620417000-7fc620518000 rw-p 00000000 00:00 0 
7fc620518000-7fc62051c000 ---p 00000000 00:00 0 
7fc62051c000-7fc620618000 rw-p 00000000 00:00 0 
7fc620618000-7fc62061c000 ---p 00000000 00:00 0 
7fc62061c000-7fc620718000 rw-p 00000000 00:00 0 
7fc620718000-7fc62071c000 ---p 00000000 00:00 0 
7fc62071c000-7fc620818000 rw-p 00000000 00:00 0 
7fc620818000-7fc62081c000 ---p 00000000 00:00 0 
7fc62081c000-7fc620a18000 rw-p 00000000 00:00 0 
7fc620a18000-7fc620a1c000 ---p 00000000 00:00 0 
7fc620a1c000-7fc620c18000 rw-p 00000000 00:00 0 
7fc620c18000-7fc620c1c000 ---p 00000000 00:00 0 
7fc620c1c000-7fc620d18000 rw-p 00000000 00:00 0 
7fc620d18000-7fc620d1c000 ---p 00000000 00:00 0 
7fc620d1c000-7fc620e18000 rw-p 00000000 00:00 0 
7fc620e18000-7fc620e1c000 ---p 00000000 00:00 0 
7fc620e1c000-7fc620f18000 rw-p 00000000 00:00 0 
7fc620f18000-7fc6211fe000 r--p 00000000 00:3fe 28444448                  /usr/lib/locale/locale-archive
7fc6211fe000-7fc621202000 ---p 00000000 00:00 0 
7fc621202000-7fc6212fe000 rw-p 00000000 00:00 0 
7fc6212fe000-7fc6212ff000 ---p 00000000 00:00 0 
7fc6212ff000-7fc621800000 rw-p 00000000 00:00 0 
7fc621800000-7fc621b00000 rw-p 00000000 00:00 0 
7fc621b00000-7fc621c00000 rw-p 00000000 00:00 0 
7fc621c01000-7fc621c05000 ---p 00000000 00:00 0 
7fc621c05000-7fc621d01000 rw-p 00000000 00:00 0 
7fc621d01000-7fc621dcf000 r-xp 00000000 00:6dc 4611686019135190036       /nix/store/gpxl5qgg8kicmcvivwmybwjlpf7wh20l-graalvm17-ce-22.3.0/lib/libjsvml.so
7fc621dcf000-7fc621dd0000 r--p 000cd000 00:6dc 4611686019135190036       /nix/store/gpxl5qgg8kicmcvivwmybwjlpf7wh20l-graalvm17-ce-22.3.0/lib/libjsvml.so
7fc621dd0000-7fc621dd1000 rw-p 000ce000 00:6dc 4611686019135190036       /nix/store/gpxl5qgg8kicmcvivwmybwjlpf7wh20l-graalvm17-ce-22.3.0/lib/libjsvml.so
7fc621dd1000-7fc6234b3000 rw-p 00000000 00:00 0 
7fc6234b3000-7fc623723000 rwxp 00000000 00:00 0 
7fc623723000-7fc623a42000 ---p 00000000 00:00 0 
7fc623a42000-7fc624ac2000 rwxp 00000000 00:00 0 
7fc624ac2000-7fc62af7a000 ---p 00000000 00:00 0 
7fc62af7a000-7fc62b23a000 rwxp 00000000 00:00 0 
7fc62b23a000-7fc6324b3000 ---p 00000000 00:00 0 
7fc6324b3000-7fc63c000000 r--s 00000000 00:6dc 4611686019135192581       /nix/store/gpxl5qgg8kicmcvivwmybwjlpf7wh20l-graalvm17-ce-22.3.0/lib/modules
7fc63c000000-7fc63c623000 rw-p 00000000 00:00 0 
7fc63c623000-7fc640000000 ---p 00000000 00:00 0 
7fc640002000-7fc640015000 r-xp 00000000 00:6dc 4611686019135192571       /nix/store/gpxl5qgg8kicmcvivwmybwjlpf7wh20l-graalvm17-ce-22.3.0/lib/libnio.so
7fc640015000-7fc640016000 r--p 00012000 00:6dc 4611686019135192571       /nix/store/gpxl5qgg8kicmcvivwmybwjlpf7wh20l-graalvm17-ce-22.3.0/lib/libnio.so
7fc640016000-7fc640017000 rw-p 00013000 00:6dc 4611686019135192571       /nix/store/gpxl5qgg8kicmcvivwmybwjlpf7wh20l-graalvm17-ce-22.3.0/lib/libnio.so
7fc640017000-7fc64001c000 rw-p 00019000 00:6dc 4611686019135192571       /nix/store/gpxl5qgg8kicmcvivwmybwjlpf7wh20l-graalvm17-ce-22.3.0/lib/libnio.so
7fc64001c000-7fc640212000 rw-p 00000000 00:00 0 
7fc640212000-7fc640213000 ---p 00000000 00:00 0 
7fc640213000-7fc6403be000 rw-p 00000000 00:00 0 
7fc6403be000-7fc6403e4000 rw-p 00000000 00:00 0 
7fc6403e4000-7fc640414000 ---p 00000000 00:00 0 
7fc640414000-7fc64041b000 rw-p 00000000 00:00 0 
7fc64041b000-7fc640500000 ---p 00000000 00:00 0 
7fc640500000-7fc640521000 rw-p 00000000 00:00 0 
7fc640521000-7fc6405eb000 ---p 00000000 00:00 0 
7fc6405eb000-7fc6405f0000 rw-p 00000000 00:00 0 
7fc6405f0000-7fc6405f7000 ---p 00000000 00:00 0 
7fc6405f7000-7fc64061b000 r-xp 00000000 00:6dc 4611686019135190028       /nix/store/gpxl5qgg8kicmcvivwmybwjlpf7wh20l-graalvm17-ce-22.3.0/lib/libjava.so
7fc64061b000-7fc64061c000 ---p 00024000 00:6dc 4611686019135190028       /nix/store/gpxl5qgg8kicmcvivwmybwjlpf7wh20l-graalvm17-ce-22.3.0/lib/libjava.so
7fc64061c000-7fc64061d000 r--p 00024000 00:6dc 4611686019135190028       /nix/store/gpxl5qgg8kicmcvivwmybwjlpf7wh20l-graalvm17-ce-22.3.0/lib/libjava.so
7fc64061d000-7fc64061e000 rw-p 00025000 00:6dc 4611686019135190028       /nix/store/gpxl5qgg8kicmcvivwmybwjlpf7wh20l-graalvm17-ce-22.3.0/lib/libjava.so
7fc64061e000-7fc64061f000 rw-p 00000000 00:00 0 
7fc64061f000-7fc640626000 rw-p 0002f000 00:6dc 4611686019135190028       /nix/store/gpxl5qgg8kicmcvivwmybwjlpf7wh20l-graalvm17-ce-22.3.0/lib/libjava.so
7fc640626000-7fc64062e000 rw-s 00000000 00:35e 353                       /tmp/hsperfdata_runner/31
7fc64062e000-7fc64062f000 ---p 00000000 00:00 0 
7fc64062f000-7fc640630000 r--p 00000000 00:00 0 
7fc640630000-7fc640631000 rwxp 00000000 00:00 0 
7fc640631000-7fc64064c000 r-xp 00000000 00:6dc 4611686019135190032       /nix/store/gpxl5qgg8kicmcvivwmybwjlpf7wh20l-graalvm17-ce-22.3.0/lib/libjimage.so
7fc64064c000-7fc64064d000 ---p 0001b000 00:6dc 4611686019135190032       /nix/store/gpxl5qgg8kicmcvivwmybwjlpf7wh20l-graalvm17-ce-22.3.0/lib/libjimage.so
7fc64064d000-7fc64064f000 r--p 0001b000 00:6dc 4611686019135190032       /nix/store/gpxl5qgg8kicmcvivwmybwjlpf7wh20l-graalvm17-ce-22.3.0/lib/libjimage.so
7fc64064f000-7fc640650000 rw-p 0001d000 00:6dc 4611686019135190032       /nix/store/gpxl5qgg8kicmcvivwmybwjlpf7wh20l-graalvm17-ce-22.3.0/lib/libjimage.so
7fc640650000-7fc640651000 rw-p 00024000 00:6dc 4611686019135190032       /nix/store/gpxl5qgg8kicmcvivwmybwjlpf7wh20l-graalvm17-ce-22.3.0/lib/libjimage.so
7fc640651000-7fc640655000 ---p 00000000 00:00 0 
7fc640655000-7fc640751000 rw-p 00000000 00:00 0 
7fc640751000-7fc64075f000 r--p 00000000 00:6dc 4611686019027979927       /nix/store/4nlgxhb09sdr51nc9hdm8az5b08vzkgx-glibc-2.35-163/lib/libm.so.6
7fc64075f000-7fc6407d2000 r-xp 0000e000 00:6dc 4611686019027979927       /nix/store/4nlgxhb09sdr51nc9hdm8az5b08vzkgx-glibc-2.35-163/lib/libm.so.6
7fc6407d2000-7fc64082f000 r--p 00081000 00:6dc 4611686019027979927       /nix/store/4nlgxhb09sdr51nc9hdm8az5b08vzkgx-glibc-2.35-163/lib/libm.so.6
7fc64082f000-7fc640830000 r--p 000dd000 00:6dc 4611686019027979927       /nix/store/4nlgxhb09sdr51nc9hdm8az5b08vzkgx-glibc-2.35-163/lib/libm.so.6
7fc640830000-7fc640831000 rw-p 000de000 00:6dc 4611686019027979927       /nix/store/4nlgxhb09sdr51nc9hdm8az5b08vzkgx-glibc-2.35-163/lib/libm.so.6
7fc640831000-7fc640832000 r--p 00000000 00:6dc 4611686019027979946       /nix/store/4nlgxhb09sdr51nc9hdm8az5b08vzkgx-glibc-2.35-163/lib/librt.so.1
7fc640832000-7fc640833000 r-xp 00001000 00:6dc 4611686019027979946       /nix/store/4nlgxhb09sdr51nc9hdm8az5b08vzkgx-glibc-2.35-163/lib/librt.so.1
7fc640833000-7fc640834000 r--p 00002000 00:6dc 4611686019027979946       /nix/store/4nlgxhb09sdr51nc9hdm8az5b08vzkgx-glibc-2.35-163/lib/librt.so.1
7fc640834000-7fc640835000 r--p 00002000 00:6dc 4611686019027979946       /nix/store/4nlgxhb09sdr51nc9hdm8az5b08vzkgx-glibc-2.35-163/lib/librt.so.1
7fc640835000-7fc640836000 rw-p 00003000 00:6dc 4611686019027979946       /nix/store/4nlgxhb09sdr51nc9hdm8az5b08vzkgx-glibc-2.35-163/lib/librt.so.1
7fc640836000-7fc641949000 r-xp 00000000 00:6dc 4611686019135360866       /nix/store/gpxl5qgg8kicmcvivwmybwjlpf7wh20l-graalvm17-ce-22.3.0/lib/server/libjvm.so
7fc641949000-7fc64194a000 ---p 01113000 00:6dc 4611686019135360866       /nix/store/gpxl5qgg8kicmcvivwmybwjlpf7wh20l-graalvm17-ce-22.3.0/lib/server/libjvm.so
7fc64194a000-7fc6419ff000 r--p 01113000 00:6dc 4611686019135360866       /nix/store/gpxl5qgg8kicmcvivwmybwjlpf7wh20l-graalvm17-ce-22.3.0/lib/server/libjvm.so
7fc6419ff000-7fc641a33000 rw-p 011c8000 00:6dc 4611686019135360866       /nix/store/gpxl5qgg8kicmcvivwmybwjlpf7wh20l-graalvm17-ce-22.3.0/lib/server/libjvm.so
7fc641a33000-7fc641a8f000 rw-p 00000000 00:00 0 
7fc641a8f000-7fc641ab7000 r--p 00000000 00:6dc 4611686019027979918       /nix/store/4nlgxhb09sdr51nc9hdm8az5b08vzkgx-glibc-2.35-163/lib/libc.so.6
7fc641ab7000-7fc641c2d000 r-xp 00028000 00:6dc 4611686019027979918       /nix/store/4nlgxhb09sdr51nc9hdm8az5b08vzkgx-glibc-2.35-163/lib/libc.so.6
7fc641c2d000-7fc641c85000 r--p 0019e000 00:6dc 4611686019027979918       /nix/store/4nlgxhb09sdr51nc9hdm8az5b08vzkgx-glibc-2.35-163/lib/libc.so.6
7fc641c85000-7fc641c89000 r--p 001f6000 00:6dc 4611686019027979918       /nix/store/4nlgxhb09sdr51nc9hdm8az5b08vzkgx-glibc-2.35-163/lib/libc.so.6
7fc641c89000-7fc641c8b000 rw-p 001fa000 00:6dc 4611686019027979918       /nix/store/4nlgxhb09sdr51nc9hdm8az5b08vzkgx-glibc-2.35-163/lib/libc.so.6
7fc641c8b000-7fc641c9a000 rw-p 00000000 00:00 0 
7fc641c9a000-7fc641c9b000 r--p 00000000 00:6dc 4611686019027979923       /nix/store/4nlgxhb09sdr51nc9hdm8az5b08vzkgx-glibc-2.35-163/lib/libdl.so.2
7fc641c9b000-7fc641c9c000 r-xp 00001000 00:6dc 4611686019027979923       /nix/store/4nlgxhb09sdr51nc9hdm8az5b08vzkgx-glibc-2.35-163/lib/libdl.so.2
7fc641c9c000-7fc641c9d000 r--p 00002000 00:6dc 4611686019027979923       /nix/store/4nlgxhb09sdr51nc9hdm8az5b08vzkgx-glibc-2.35-163/lib/libdl.so.2
7fc641c9d000-7fc641c9e000 r--p 00002000 00:6dc 4611686019027979923       /nix/store/4nlgxhb09sdr51nc9hdm8az5b08vzkgx-glibc-2.35-163/lib/libdl.so.2
7fc641c9e000-7fc641c9f000 rw-p 00003000 00:6dc 4611686019027979923       /nix/store/4nlgxhb09sdr51nc9hdm8az5b08vzkgx-glibc-2.35-163/lib/libdl.so.2
7fc641c9f000-7fc641ca0000 r--p 00000000 00:6dc 4611686019027979942       /nix/store/4nlgxhb09sdr51nc9hdm8az5b08vzkgx-glibc-2.35-163/lib/libpthread.so.0
7fc641ca0000-7fc641ca1000 r-xp 00001000 00:6dc 4611686019027979942       /nix/store/4nlgxhb09sdr51nc9hdm8az5b08vzkgx-glibc-2.35-163/lib/libpthread.so.0
7fc641ca1000-7fc641ca2000 r--p 00002000 00:6dc 4611686019027979942       /nix/store/4nlgxhb09sdr51nc9hdm8az5b08vzkgx-glibc-2.35-163/lib/libpthread.so.0
7fc641ca2000-7fc641ca3000 r--p 00002000 00:6dc 4611686019027979942       /nix/store/4nlgxhb09sdr51nc9hdm8az5b08vzkgx-glibc-2.35-163/lib/libpthread.so.0
7fc641ca3000-7fc641ca4000 rw-p 00003000 00:6dc 4611686019027979942       /nix/store/4nlgxhb09sdr51nc9hdm8az5b08vzkgx-glibc-2.35-163/lib/libpthread.so.0
7fc641ca4000-7fc641cb2000 r-xp 00000000 00:6dc 4611686019135190033       /nix/store/gpxl5qgg8kicmcvivwmybwjlpf7wh20l-graalvm17-ce-22.3.0/lib/libjli.so
7fc641cb2000-7fc641cb3000 ---p 0000e000 00:6dc 4611686019135190033       /nix/store/gpxl5qgg8kicmcvivwmybwjlpf7wh20l-graalvm17-ce-22.3.0/lib/libjli.so
7fc641cb3000-7fc641cb4000 r--p 0000e000 00:6dc 4611686019135190033       /nix/store/gpxl5qgg8kicmcvivwmybwjlpf7wh20l-graalvm17-ce-22.3.0/lib/libjli.so
7fc641cb4000-7fc641cb5000 rw-p 0000f000 00:6dc 4611686019135190033       /nix/store/gpxl5qgg8kicmcvivwmybwjlpf7wh20l-graalvm17-ce-22.3.0/lib/libjli.so
7fc641cb5000-7fc641cb6000 rw-p 00012000 00:6dc 4611686019135190033       /nix/store/gpxl5qgg8kicmcvivwmybwjlpf7wh20l-graalvm17-ce-22.3.0/lib/libjli.so
7fc641cb6000-7fc641cb9000 r--p 00000000 00:6dc 4611686019106210071       /nix/store/026hln0aq1hyshaxsdvhg0kmcm6yf45r-zlib-1.2.13/lib/libz.so.1.2.13
7fc641cb9000-7fc641ccb000 r-xp 00003000 00:6dc 4611686019106210071       /nix/store/026hln0aq1hyshaxsdvhg0kmcm6yf45r-zlib-1.2.13/lib/libz.so.1.2.13
7fc641ccb000-7fc641cd2000 r--p 00015000 00:6dc 4611686019106210071       /nix/store/026hln0aq1hyshaxsdvhg0kmcm6yf45r-zlib-1.2.13/lib/libz.so.1.2.13
7fc641cd2000-7fc641cd3000 r--p 0001b000 00:6dc 4611686019106210071       /nix/store/026hln0aq1hyshaxsdvhg0kmcm6yf45r-zlib-1.2.13/lib/libz.so.1.2.13
7fc641cd3000-7fc641cd4000 rw-p 0001c000 00:6dc 4611686019106210071       /nix/store/026hln0aq1hyshaxsdvhg0kmcm6yf45r-zlib-1.2.13/lib/libz.so.1.2.13
7fc641cd4000-7fc641cd6000 rw-p 00000000 00:00 0 
7fc641cd6000-7fc641cd8000 r--p 00000000 00:6dc 4611686019027979912       /nix/store/4nlgxhb09sdr51nc9hdm8az5b08vzkgx-glibc-2.35-163/lib/ld-linux-x86-64.so.2
7fc641cd8000-7fc641cff000 r-xp 00002000 00:6dc 4611686019027979912       /nix/store/4nlgxhb09sdr51nc9hdm8az5b08vzkgx-glibc-2.35-163/lib/ld-linux-x86-64.so.2
7fc641cff000-7fc641d0b000 r--p 00029000 00:6dc 4611686019027979912       /nix/store/4nlgxhb09sdr51nc9hdm8az5b08vzkgx-glibc-2.35-163/lib/ld-linux-x86-64.so.2
7fc641d0b000-7fc641d0d000 r--p 00034000 00:6dc 4611686019027979912       /nix/store/4nlgxhb09sdr51nc9hdm8az5b08vzkgx-glibc-2.35-163/lib/ld-linux-x86-64.so.2
7fc641d0d000-7fc641d0f000 rw-p 00036000 00:6dc 4611686019027979912       /nix/store/4nlgxhb09sdr51nc9hdm8az5b08vzkgx-glibc-2.35-163/lib/ld-linux-x86-64.so.2
7ffe35f4d000-7ffe35f72000 rw-p 00000000 00:00 0                          [stack]
7ffe35fe9000-7ffe35fed000 r--p 00000000 00:00 0                          [vvar]
7ffe35fed000-7ffe35fef000 r-xp 00000000 00:00 0                          [vdso]
ffffffffff600000-ffffffffff601000 --xp 00000000 00:00 0                  [vsyscall]


VM Arguments:
jvm_args: -XX:ThreadPriorityPolicy=1 -XX:+UnlockExperimentalVMOptions -XX:+EnableJVMCIProduct -XX:JVMCIThreadsPerNativeLibraryRuntime=1 -XX:-UnlockExperimentalVMOptions -Declipse.application=org.eclipse.jdt.ls.core.id1 -Dosgi.bundles.defaultStartLevel=4 -Declipse.product=org.eclipse.jdt.ls.core.product -Dlog.level=ALL -Xverify:none -XX:+UseParallelGC -XX:GCTimeRatio=4 -XX:AdaptiveSizePolicyWeight=90 -Dsun.zip.disableMemoryMapping=true -Xmx512m -Xms100m 
java_command: /nix/store/m6gcpi1ii6rghy04cjwjddcavv7i90df-jdt-language-server-1.9.0/share/java/plugins/org.eclipse.equinox.launcher_1.6.400.v20210924-0641.jar --add-modules=ALL-SYSTEM --add-opens java.base/java.util=ALL-UNNAMED --add-opens java.base/java.lang=ALL-UNNAMED -configuration /home/runner/.cache/jdt-language-server/config -data /home/runner/.cache/jdt-language-server/data/home/runner/Grading-System-V2
java_class_path (initial): /nix/store/m6gcpi1ii6rghy04cjwjddcavv7i90df-jdt-language-server-1.9.0/share/java/plugins/org.eclipse.equinox.launcher_1.6.400.v20210924-0641.jar
Launcher Type: SUN_STANDARD

[Global flags]
    uintx AdaptiveSizePolicyWeight                 = 90                                        {product} {command line}
     intx CICompilerCount                          = 2                                         {product} {ergonomic}
     bool EnableJVMCIProduct                       = true                                {JVMCI product} {jimage}
    uintx GCTimeRatio                              = 4                                         {product} {command line}
   size_t InitialHeapSize                          = 104857600                                 {product} {command line}
     uint JVMCIThreadsPerNativeLibraryRuntime      = 1                                   {JVMCI product} {jimage}
   size_t MaxHeapSize                              = 536870912                                 {product} {command line}
   size_t MaxNewSize                               = 178782208                                 {product} {ergonomic}
   size_t MinHeapDeltaBytes                        = 524288                                    {product} {ergonomic}
   size_t MinHeapSize                              = 104857600                                 {product} {command line}
   size_t NewSize                                  = 34603008                                  {product} {ergonomic}
    uintx NonNMethodCodeHeapSize                   = 5826188                                {pd product} {ergonomic}
    uintx NonProfiledCodeHeapSize                  = 122916026                              {pd product} {ergonomic}
   size_t OldSize                                  = 70254592                                  {product} {ergonomic}
    uintx ProfiledCodeHeapSize                     = 122916026                              {pd product} {ergonomic}
    uintx ReservedCodeCacheSize                    = 251658240                              {pd product} {ergonomic}
     bool SegmentedCodeCache                       = true                                      {product} {ergonomic}
   size_t SoftMaxHeapSize                          = 536870912                              {manageable} {ergonomic}
     intx ThreadPriorityPolicy                     = 1                                         {product} {jimage}
     bool UseCompressedClassPointers               = true                           {product lp64_product} {ergonomic}
     bool UseCompressedOops                        = true                           {product lp64_product} {ergonomic}
     bool UseParallelGC                            = true                                      {product} {command line}

Logging:
Log output configuration:
 #0: stdout all=warning uptime,level,tags
 #1: stderr all=off uptime,level,tags

Environment Variables:
JAVA_HOME=/nix/store/gpxl5qgg8kicmcvivwmybwjlpf7wh20l-graalvm17-ce-22.3.0
PATH=/nix/store/1d6ian3r8kdzspw8hacjhl3xkp40g1lj-binutils-wrapper-2.39/bin:/nix/store/dq0xwmsk1g0i2ayg6pb7y87na2knzylh-gcc-wrapper-11.3.0/bin:/nix/store/bap4d0lpcrhpwmpb8ayjcgkmvfj62lnq-bash-interactive-5.1-p16/bin:/nix/store/pr5n59mb4jzmfx6kanwxly0l07p861fg-patchelf-0.15.0/bin:/nix/store/1gf2flfqnpqbr1b4p4qz2f72y42bs56r-gcc-11.3.0/bin:/nix/store/57xv61c5zi8pphjbcwxxjlgc34p61ic9-glibc-2.35-163-bin/bin:/nix/store/a7gvj343m05j2s32xcnwr35v31ynlypr-coreutils-9.1/bin:/nix/store/039g378vc3pc3dvi9dzdlrd0i4q93qwf-binutils-2.39/bin:/nix/store/gpxl5qgg8kicmcvivwmybwjlpf7wh20l-graalvm17-ce-22.3.0/bin:/nix/store/6z9ag3ihc8mq2hzsw48lhbznvzny65nz-apache-maven-3.8.6/bin:/nix/store/m6gcpi1ii6rghy04cjwjddcavv7i90df-jdt-language-server-1.9.0/bin:/nix/store/84xs5alhs01zrbr4ywm05kxbjbp5590l-java-debug/bin:/nix/store/mydc6f4k2z73xlcz7ilif3v2lcaiqvza-findutils-4.9.0/bin:/nix/store/j9p3g8472iijd50vhdprx0nmk2fqn5gv-diffutils-3.8/bin:/nix/store/89zs7rms6x00xfq4dq6m7mjnhkr8a6r4-gnused-4.8/bin:/nix/store/86bp03jkmsl6f92w0yzg4s59g5mhxwmy-gnugrep-3.7/bin:/nix/store/hwcdqw4jrjnd37wxqgsd47hd0j8bnj09-gawk-5.1.1/bin:/nix/store/cfbhw8r8ags41vwqaz47r583d0p4h4a1-gnutar-1.34/bin:/nix/store/p3m1ndl1lapwrlh698bnb5lvvxh67378-gzip-1.12/bin:/nix/store/a8mhcagrsly7c7mpjrpsnaahk4aax056-bzip2-1.0.8-bin/bin:/nix/store/mblgz65m3zv9x548a3d5m96fj2pbwr09-gnumake-4.3/bin:/nix/store/dsd5gz46hdbdk2rfdimqddhq6m8m8fqs-bash-5.1-p16/bin:/nix/store/v7ljksji50mg3w61dykaa3n3y79n6nil-patch-2.7.6/bin:/nix/store/zlcnmqq14jz5x9439jf937mvayyl63da-xz-5.2.7-bin/bin:/nix/store/y6aj732zm9m87c82fpvf103a1xb22blp-file-5.43/bin:/nix/store/i4kzir3m7mrisxmf5xvlnkw01x4qaqr4-prybar-elisp-0.0.0-e0d9a52/bin:/nix/store/lwwivxf6h7x3cvxp9zv8sj0mv7dak99r-prybar-lua-0.0.0-e0d9a52/bin:/nix/store/gxj28g1cg4hq3qanmjv07156h800qr58-prybar-python3-0.0.0-e0d9a52/bin:/nix/store/hshkjnxrgidigf8x75vg6lqng2xlx9i3-prybar-sqlite-0.0.0-e0d9a52/bin:/nix/store/c4w01bpjgyy5ixmwdk8m1pw87zq4sl26-prybar-tcl-0.0.0-e0d9a52/bin:/nix/store/hpbvrlwd5viqmvcaisb3x0118i913a9n-st
LD_LIBRARY_PATH=/nix/store/a4pff549sk2idnkpzk5nsfps3mdkdnvm-cups-2.4.2-lib/lib:/nix/store/72mqxxhh3cy5yifh92wh2yb8cl2hikyy-cairo-1.16.0/lib:/nix/store/2k366jrbsra97gjfxwvrhvixjfxdach5-glib-2.74.1/lib:/nix/store/2j2znigd8ak37rlwh9khz0ry3clqlw1l-gtk+3-3.24.34/lib:/nix/store/hisqvx32cd57apbpcsnkpx6k3549wql1-libglvnd-1.4.0/lib:/nix/store/p36pgcv991mq5srvg765b78yqpxvk3qs-mesa-21.3.3-drivers/lib:/nix/store/mav4251if1ahjq5vkpwycyyvnmy459c4-pulseaudio-14.2/lib
DISPLAY=:0
LANG=en_US.UTF-8

Signal Handlers:
   SIGSEGV: crash_handler in libjvm.so, mask=11100100010111111101111111111110, flags=SA_RESTART|SA_SIGINFO
    SIGBUS: crash_handler in libjvm.so, mask=11100100010111111101111111111110, flags=SA_RESTART|SA_SIGINFO
    SIGFPE: crash_handler in libjvm.so, mask=11100100010111111101111111111110, flags=SA_RESTART|SA_SIGINFO
   SIGPIPE: IsolateEnterStub_IgnoreSIGPIPEStartupHook_noopSignalHandler_8f19bff2f35b5f630d83b364d6b2339320d4ec70_216e8361c6bc87a8f89f58cc10d3b2fd4415bf87 in libjvmcicompiler.so, mask=00000000000000000000000000000000, flags=SA_RESTART
  *** Handler was modified!
  *** Expected: javaSignalHandler in libjvm.so, mask=11100100110111111111111111111110, flags=SA_RESTART|SA_SIGINFO
   SIGXFSZ: javaSignalHandler in libjvm.so, mask=11100100010111111101111111111110, flags=SA_RESTART|SA_SIGINFO
    SIGILL: crash_handler in libjvm.so, mask=11100100010111111101111111111110, flags=SA_RESTART|SA_SIGINFO
   SIGUSR2: SR_handler in libjvm.so, mask=00000000000000000000000000000000, flags=SA_RESTART|SA_SIGINFO
    SIGHUP: UserHandler in libjvm.so, mask=11100100010111111101111111111110, flags=SA_RESTART|SA_SIGINFO
    SIGINT: UserHandler in libjvm.so, mask=11100100010111111101111111111110, flags=SA_RESTART|SA_SIGINFO
   SIGTERM: UserHandler in libjvm.so, mask=11100100010111111101111111111110, flags=SA_RESTART|SA_SIGINFO
   SIGQUIT: UserHandler in libjvm.so, mask=11100100010111111101111111111110, flags=SA_RESTART|SA_SIGINFO
  *** Handler was modified!
  *** Expected: javaSignalHandler in libjvm.so, mask=11100100110111111111111111111110, flags=SA_RESTART|SA_SIGINFO
   SIGTRAP: crash_handler in libjvm.so, mask=11100100010111111101111111111110, flags=SA_RESTART|SA_SIGINFO


---------------  S Y S T E M  ---------------

OS:
DISTRIB_ID=Ubuntu
DISTRIB_RELEASE=20.04
DISTRIB_CODENAME=focal
DISTRIB_DESCRIPTION="Ubuntu 20.04.2 LTS"
uname: Linux 5.15.0-1032-gcp #40~20.04.1-Ubuntu SMP Tue Apr 11 02:49:52 UTC 2023 x86_64
OS uptime: 0 days 9:29 hours
libc: glibc 2.35 NPTL 2.35 
rlimit (soft/hard): STACK 8192k/infinity , CORE infinity/infinity , NPROC infinity/infinity , NOFILE 5242/5242 , AS infinity/infinity , CPU infinity/infinity , DATA infinity/infinity , FSIZE infinity/infinity , MEMLOCK 64k/64k
load average: 19.55 17.93 17.61

/proc/meminfo:
MemTotal:       65852700 kB
MemFree:         6816236 kB
MemAvailable:   38255648 kB
Buffers:         3185892 kB
Cached:         26634200 kB
SwapCached:            0 kB
Active:         11688872 kB
Inactive:       41295064 kB
Active(anon):      18756 kB
Inactive(anon): 22903356 kB
Active(file):   11670116 kB
Inactive(file): 18391708 kB
Unevictable:       42576 kB
Mlocked:           42576 kB
SwapTotal:             0 kB
SwapFree:              0 kB
Dirty:             21048 kB
Writeback:           304 kB
AnonPages:      22204428 kB
Mapped:          2115868 kB
Shmem:             25760 kB
KReclaimable:    2132860 kB
Slab:            4674908 kB
SReclaimable:    2132860 kB
SUnreclaim:      2542048 kB
KernelStack:      509468 kB
PageTables:       223032 kB
NFS_Unstable:          0 kB
Bounce:                0 kB
WritebackTmp:          0 kB
CommitLimit:    32926348 kB
Committed_AS:   85685628 kB
VmallocTotal:   34359738367 kB
VmallocUsed:      565728 kB
VmallocChunk:          0 kB
Percpu:           125056 kB
HardwareCorrupted:     0 kB
AnonHugePages:   4040704 kB
ShmemHugePages:        0 kB
ShmemPmdMapped:        0 kB
FileHugePages:         0 kB
FilePmdMapped:         0 kB
HugePages_Total:       0
HugePages_Free:        0
HugePages_Rsvd:        0
HugePages_Surp:        0
Hugepagesize:       2048 kB
Hugetlb:               0 kB
DirectMap4k:     5620536 kB
DirectMap2M:    53096448 kB
DirectMap1G:    10485760 kB

/sys/kernel/mm/transparent_hugepage/enabled: always [madvise] never
/sys/kernel/mm/transparent_hugepage/defrag (defrag/compaction efforts parameter): always defer defer+madvise [madvise] never

Process Memory:
Virtual Size: 4854876K (peak: 4896576K)
Resident Set Size: 774168K (peak: 809620K) (anon: 577072K, file: 197096K, shmem: 0K)
Swapped out: 0K
C-Heap outstanding allocations: 44045K, retained: 16734K
glibc malloc tunables: (default)

/proc/sys/kernel/threads-max (system-wide limit on the number of threads): 514406
/proc/sys/vm/max_map_count (maximum number of memory map areas a process may have): 65530
/proc/sys/kernel/pid_max (system-wide limit on number of process identifiers): 4194304

container (cgroup) information:
container_type: cgroupv1
cpu_cpuset_cpus: 2-7
cpu_memory_nodes: 0
active_processor_count: 1
cpu_quota: 50000
cpu_period: 100000
cpu_shares: 512
memory_limit_in_bytes: 1048576 k
memory_and_swap_limit_in_bytes: 1048576 k
memory_soft_limit_in_bytes: 524288 k
memory_usage_in_bytes: 629556 k
memory_max_usage_in_bytes: 654460 k
maximum number of tasks: 1000
current number of tasks: 49

KVM virtualization detected
Steal ticks since vm start: 0
Steal ticks percentage since vm start:  0.000

CPU: total 8 (initial active 1) (8 cores per cpu, 2 threads per core) family 23 model 49 stepping 0 microcode 0xffffffff, cx8, cmov, fxsr, ht, mmx, 3dnowpref, sse, sse2, sse3, ssse3, sse4a, sse4.1, sse4.2, popcnt, lzcnt, tsc, tscinvbit, avx, avx2, aes, clmul, bmi1, bmi2, adx, sha, fma, vzeroupper, clflush, clflushopt, hv
CPU Model and flags from /proc/cpuinfo:
model name	: AMD EPYC 7B12
flags		: fpu vme de pse tsc msr pae mce cx8 apic sep mtrr pge mca cmov pat pse36 clflush mmx fxsr sse sse2 ht syscall nx mmxext fxsr_opt pdpe1gb rdtscp lm constant_tsc rep_good nopl nonstop_tsc cpuid extd_apicid tsc_known_freq pni pclmulqdq ssse3 fma cx16 sse4_1 sse4_2 movbe popcnt aes xsave avx f16c rdrand hypervisor lahf_lm cmp_legacy cr8_legacy abm sse4a misalignsse 3dnowprefetch osvw topoext ssbd ibrs ibpb stibp vmmcall fsgsbase tsc_adjust bmi1 avx2 smep bmi2 rdseed adx smap clflushopt clwb sha_ni xsaveopt xsavec xgetbv1 clzero xsaveerptr arat npt nrip_save umip rdpid

Online cpus: 0-7
Offline cpus: 
BIOS frequency limitation: <Not Available>
Frequency switch latency (ns): <Not Available>
Available cpu frequencies: <Not Available>
Current governor: <Not Available>
Core performance/turbo boost: <Not Available>

Memory: 4k page, physical 1048576k(419016k free), swap 0k(0k free)
Page Sizes: 4k

vm_info: OpenJDK 64-Bit Server VM (17.0.5+8-jvmci-22.3-b08) for linux-amd64 JRE (17.0.5+8-jvmci-22.3-b08), built on Oct 19 2022 09:01:27 by "buildslave" with gcc 10.3.0

END.
