#
# A fatal error has been detected by the Java Runtime Environment:
#
#  Internal Error (jvmciRuntime.cpp:1609), pid=42, tid=56
#  fatal error: Fatal exception in JVMCI: Error calling jdk.vm.ci.services.Services.serializeSavedProperties
#
# JRE version: OpenJDK Runtime Environment GraalVM CE 22.3.0 (17.0.5+8) (build 17.0.5+8-jvmci-22.3-b08)
# Java VM: OpenJDK 64-Bit Server VM GraalVM CE 22.3.0 (17.0.5+8-jvmci-22.3-b08, mixed mode, sharing, tiered, jvmci, jvmci compiler, compressed oops, compressed class ptrs, parallel gc, linux-amd64)
# Problematic frame:
# V  [libjvm.so+0x972714]  JVMCIRuntime::fatal_exception(JVMCIEnv*, char const*)+0x74
#
# Core dump will be written. Default location: Core dumps may be processed with "/usr/share/apport/apport -p%p -s%s -c%c -d%d -P%P -u%u -g%g -- %E" (or dumping to /home/runner/Grading-System/core.42)
#
# If you would like to submit a bug report, please visit:
#   https://github.com/oracle/graal/issues
#

---------------  S U M M A R Y ------------

Command Line: -XX:ThreadPriorityPolicy=1 -XX:+UnlockExperimentalVMOptions -XX:+EnableJVMCIProduct -XX:JVMCIThreadsPerNativeLibraryRuntime=1 -XX:-UnlockExperimentalVMOptions -Declipse.application=org.eclipse.jdt.ls.core.id1 -Dosgi.bundles.defaultStartLevel=4 -Declipse.product=org.eclipse.jdt.ls.core.product -Dlog.level=ALL -Xverify:none -XX:+UseParallelGC -XX:GCTimeRatio=4 -XX:AdaptiveSizePolicyWeight=90 -Dsun.zip.disableMemoryMapping=true -Xmx512m -Xms100m /nix/store/m6gcpi1ii6rghy04cjwjddcavv7i90df-jdt-language-server-1.9.0/share/java/plugins/org.eclipse.equinox.launcher_1.6.400.v20210924-0641.jar --add-modules=ALL-SYSTEM --add-opens java.base/java.util=ALL-UNNAMED --add-opens java.base/java.lang=ALL-UNNAMED -configuration /home/runner/.cache/jdt-language-server/config -data /home/runner/.cache/jdt-language-server/data/home/runner/Grading-System

Host: AMD EPYC 7B12, 8 cores, 1G, Ubuntu 20.04.2 LTS
Time: Thu Apr 20 22:45:45 2023 UTC elapsed time: 2364.970793 seconds (0d 0h 39m 24s)

---------------  T H R E A D  ---------------

Current thread (0x00007f1b880b21e0):  JavaThread "JVMCI-native CompilerThread0" daemon [_thread_in_vm, id=56, stack(0x00007f1b6c448000,0x00007f1b6c648000)]


Current CompileTask:
JVMCI-native:2364971 9874       4       org.eclipse.jdt.internal.compiler.lookup.LookupEnvironment::getCachedType (122 bytes)

Stack: [0x00007f1b6c448000,0x00007f1b6c648000],  sp=0x00007f1b6c646380,  free space=2040k
Native frames: (J=compiled Java code, j=interpreted, Vv=VM code, C=native code)
V  [libjvm.so+0x972714]  JVMCIRuntime::fatal_exception(JVMCIEnv*, char const*)+0x74
V  [libjvm.so+0x93e2fe]  JVMCIEnv::copy_saved_properties()+0x14e
V  [libjvm.so+0x9732a9]  JVMCIRuntime::initialize(JVMCIEnv*)+0xb19
V  [libjvm.so+0x9738a2]  JVMCIRuntime::get_HotSpotJVMCIRuntime(JVMCIEnv*)+0x12
V  [libjvm.so+0x9749f2]  JVMCIRuntime::compile_method(JVMCIEnv*, JVMCICompiler*, methodHandle const&, int)+0xd2
V  [libjvm.so+0x5b0d20]  CompileBroker::invoke_compiler_on_method(CompileTask*)+0x1470
V  [libjvm.so+0x5b12e8]  CompileBroker::compiler_thread_loop()+0x528
V  [libjvm.so+0xd82460]  JavaThread::thread_main_inner()+0xd0
V  [libjvm.so+0xd85a40]  Thread::call_run()+0xc0
V  [libjvm.so+0xbdb1e1]  thread_native_entry(Thread*)+0xe1

Register to memory mapping:

RAX=0x00007f1b8c064000 points into unknown readable memory: 0x0000000000000058 | 58 00 00 00 00 00 00 00
RBX=0x00007f1b8d15f398: <offset 0x0000000000ef5398> in /nix/store/gpxl5qgg8kicmcvivwmybwjlpf7wh20l-graalvm17-ce-22.3.0/lib/server/libjvm.so at 0x00007f1b8c26a000
RCX=0x00007f1b8d1171e8: <offset 0x0000000000ead1e8> in /nix/store/gpxl5qgg8kicmcvivwmybwjlpf7wh20l-graalvm17-ce-22.3.0/lib/server/libjvm.so at 0x00007f1b8c26a000
RDX=0x0000000000000649 is an unknown value
RSP=0x00007f1b6c646380 is pointing into the stack for thread: 0x00007f1b880b21e0
RBP=0x00007f1b6c6463a0 is pointing into the stack for thread: 0x00007f1b880b21e0
RSI=0x00007f1b8d15fc48: <offset 0x0000000000ef5c48> in /nix/store/gpxl5qgg8kicmcvivwmybwjlpf7wh20l-graalvm17-ce-22.3.0/lib/server/libjvm.so at 0x00007f1b8c26a000
RDI=0x00000000e0000000 is an oop: [B 
{0x00000000e0000000} - klass: {type array byte}
 - length: 9
R8 =0x00007f1b8d15f398: <offset 0x0000000000ef5398> in /nix/store/gpxl5qgg8kicmcvivwmybwjlpf7wh20l-graalvm17-ce-22.3.0/lib/server/libjvm.so at 0x00007f1b8c26a000
R9 =0x00007f1b6c646330 is pointing into the stack for thread: 0x00007f1b880b21e0
R10=0x00007f1b6c647948 is pointing into the stack for thread: 0x00007f1b880b21e0
R11=0x0000000000000293 is an unknown value
R12=0x0 is NULL
R13=0x00007f1b880b21e0 is a thread
R14=0x00007f1b88000b80 points into unknown readable memory: 0x00007f1b8d390a38 | 38 0a 39 8d 1b 7f 00 00
R15=0x00007f1b8d49ee40: <offset 0x0000000001234e40> in /nix/store/gpxl5qgg8kicmcvivwmybwjlpf7wh20l-graalvm17-ce-22.3.0/lib/server/libjvm.so at 0x00007f1b8c26a000


Registers:
RAX=0x00007f1b8c064000, RBX=0x00007f1b8d15f398, RCX=0x00007f1b8d1171e8, RDX=0x0000000000000649
RSP=0x00007f1b6c646380, RBP=0x00007f1b6c6463a0, RSI=0x00007f1b8d15fc48, RDI=0x00000000e0000000
R8 =0x00007f1b8d15f398, R9 =0x00007f1b6c646330, R10=0x00007f1b6c647948, R11=0x0000000000000293
R12=0x0000000000000000, R13=0x00007f1b880b21e0, R14=0x00007f1b88000b80, R15=0x00007f1b8d49ee40
RIP=0x00007f1b8cbdc714, EFLAGS=0x0000000000010206, CSGSFS=0x002b000000000033, ERR=0x0000000000000006
  TRAPNO=0x000000000000000e

Top of Stack: (sp=0x00007f1b6c646380)
0x00007f1b6c646380:   00007f1b6c646940 00007f1b880b21e0
0x00007f1b6c646390:   00007f1b6de938c8 0000000800c417a0
0x00007f1b6c6463a0:   00007f1b6c646500 00007f1b8cba82fe
0x00007f1b6c6463b0:   00007f1b6c6463e0 00007f1b6c646440 

Instructions: (pc=0x00007f1b8cbdc714)
0x00007f1b8cbdc614:   30 e8 f6 cf e8 ff 4c 89 e7 e8 2e 48 d1 ff 84 db
0x00007f1b8cbdc624:   75 2a 4d 85 ed 74 04 4d 8b 6d 00 48 83 c4 08 44
0x00007f1b8cbdc634:   89 f9 4c 89 f2 4c 89 ee 5b 4c 89 e7 41 5c 41 5d
0x00007f1b8cbdc644:   41 5e 41 5f 5d e9 e2 47 d1 ff 66 90 48 83 c4 08
0x00007f1b8cbdc654:   5b 41 5c 41 5d 41 5e 41 5f 5d c3 90 31 d2 be 08
0x00007f1b8cbdc664:   00 00 00 4c 89 ff e8 b1 78 a3 ff 49 89 c5 e9 37
0x00007f1b8cbdc674:   ff ff ff 66 0f 1f 84 00 00 00 00 00 48 8b 7a 08
0x00007f1b8cbdc684:   e9 6d ff ff ff 0f 1f 80 00 00 00 00 e8 5b 48 0a
0x00007f1b8cbdc694:   00 84 c0 75 89 e9 6a ff ff ff 66 90 55 48 89 e5
0x00007f1b8cbdc6a4:   41 56 41 55 41 54 49 89 fc 53 48 89 f3 66 48 8d
0x00007f1b8cbdc6b4:   3d 27 5e 85 00 66 66 48 e8 df 43 8d ff 4c 8b 28
0x00007f1b8cbdc6c4:   8b 05 be 72 8a 00 85 c0 75 14 ba 01 00 00 00 48
0x00007f1b8cbdc6d4:   8d 0d ae 72 8a 00 f0 0f b1 11 85 c0 74 4e be c8
0x00007f1b8cbdc6e4:   00 00 00 4c 89 ef e8 01 0b 41 00 48 8d 05 12 ac
0x00007f1b8cbdc6f4:   85 00 49 89 d8 48 8d 0d e8 aa 53 00 ba 49 06 00
0x00007f1b8cbdc704:   00 48 8d 35 3c 35 58 00 bf 00 00 00 e0 48 8b 00
0x00007f1b8cbdc714:   c6 00 58 31 c0 e8 e2 91 c6 ff 5b 41 5c 41 5d 41
0x00007f1b8cbdc724:   5e 5d e9 55 34 26 00 0f 1f 44 00 00 48 8d 05 81
0x00007f1b8cbdc734:   a3 8b 00 48 89 df 4c 8b 30 e8 9e 43 8d ff 48 89
0x00007f1b8cbdc744:   de 48 89 c2 49 8b 06 4c 89 f7 ff 50 08 4c 89 f7
0x00007f1b8cbdc754:   e8 a7 5c 27 00 4d 85 e4 74 12 be 01 00 00 00 4c
0x00007f1b8cbdc764:   89 e7 e8 35 43 fc ff eb 82 0f 1f 00 be 01 00 00
0x00007f1b8cbdc774:   00 4c 89 ef e8 d3 fd ff ff e9 6d ff ff ff 66 66
0x00007f1b8cbdc784:   2e 0f 1f 84 00 00 00 00 00 0f 1f 00 55 48 89 e5
0x00007f1b8cbdc794:   41 57 41 56 41 55 41 54 53 48 81 ec 08 02 00 00
0x00007f1b8cbdc7a4:   64 48 8b 04 25 28 00 00 00 48 89 45 c8 8b 07 83
0x00007f1b8cbdc7b4:   f8 02 0f 84 11 04 00 00 4c 8b 6f 18 49 89 ff 49
0x00007f1b8cbdc7c4:   89 f4 4d 85 ed 74 14 4c 89 ef e8 5d 57 22 00 41
0x00007f1b8cbdc7d4:   8b 07 83 f8 02 0f 84 19 04 00 00 48 8d 1d 9a 06
0x00007f1b8cbdc7e4:   8a 00 4c 8d 35 0b 3c 58 00 eb 38 90 48 85 d2 7f
0x00007f1b8cbdc7f4:   0d 48 8d 05 b4 c0 85 00 48 83 38 00 7e 0e 41 8b
0x00007f1b8cbdc804:   77 2c 4c 89 f7 31 c0 e8 a0 b2 f7 ff 49 8b 7f 18 


Stack slot to memory mapping:
stack at sp + 0 slots: 0x00007f1b6c646940 is pointing into the stack for thread: 0x00007f1b880b21e0
stack at sp + 1 slots: 0x00007f1b880b21e0 is a thread
stack at sp + 2 slots: 0x00007f1b6de938c8 points into unknown readable memory: 0x6573001880c9ffff | ff ff c9 80 18 00 73 65
stack at sp + 3 slots: 0x0000000800c417a0 is a pointer to class: 
jdk.vm.ci.services.Services {0x0000000800c417a0}
 - instance size:     2
 - klass size:        65
 - access:            public final synchronized 
 - state:             fully_initialized
 - name:              'jdk/vm/ci/services/Services'
 - super:             'java/lang/Object'
 - sub:               
 - arrays:            NULL
 - methods:           Array<T>(0x00007f1b6d0410d0)
 - method ordering:   Array<T>(0x0000000800928960)
 - default_methods:   Array<T>(0x0000000000000000)
 - local interfaces:  Array<T>(0x00000008005ce810)
 - trans. interfaces: Array<T>(0x00000008005ce810)
 - constants:         constant pool [427] {0x00007f1b6d0401b0} for 'jdk/vm/ci/services/Services' cache=0x00007f1b6d0423a0
 - class loader data:  loader data: 0x00007f1b880283f0 of 'bootstrap'
 - source file:       'Services.java'
 - class annotations:       Array<T>(0x0000000000000000)
 - class type annotations:  Array<T>(0x0000000000000000)
 - field annotations:       Array<T>(0x0000000000000000)
 - field type annotations:  Array<T>(0x0000000000000000)
 - inner classes:     Array<T>(0x00007f1b6d042370)
 - nest members:     Array<T>(0x00007f1b6d042390)
 - permitted subclasses:     Array<T>(0x00000008005ce7a0)
 - java mirror:       a 'java/lang/Class'{0x00000000e017b798} = 'jdk/vm/ci/services/Services'
 - vtable length      5  (start addr: 0x0000000800c41970)
 - itable length      2 (start addr: 0x0000000800c41998)
 - ---- static fields (3 words):
 - public static final 'IS_BUILDING_NATIVE_IMAGE' 'Z' @128 
 - public static final 'IS_IN_NATIVE_IMAGE' 'Z' @129 
 - private static volatile 'savedProperties' 'Ljava/util/Map;' @112 
 - static final 'JVMCI_ENABLED' 'Z' @130 
 - private static final 'servicesCache' 'Ljava/util/Map;' @116 
 - private static final 'MAX_UNICODE_IN_UTF8_LENGTH' 'I' @120 
 - private static final 'MAX_UTF8_PROPERTY_STRING_LENGTH' 'I' @124 
 - ---- non-static fields (0 words):
 - non-static oop maps: 
stack at sp + 4 slots: 0x00007f1b6c646500 is pointing into the stack for thread: 0x00007f1b880b21e0
stack at sp + 5 slots: 0x00007f1b8cba82fe: <offset 0x000000000093e2fe> in /nix/store/gpxl5qgg8kicmcvivwmybwjlpf7wh20l-graalvm17-ce-22.3.0/lib/server/libjvm.so at 0x00007f1b8c26a000
stack at sp + 6 slots: 0x00007f1b6c6463e0 is pointing into the stack for thread: 0x00007f1b880b21e0
stack at sp + 7 slots: 0x00007f1b6c646440 is pointing into the stack for thread: 0x00007f1b880b21e0


---------------  P R O C E S S  ---------------

Threads class SMR info:
_java_thread_list=0x00007f1ac400ebd0, length=28, elements={
0x00007f1b88026690, 0x00007f1b880a64d0, 0x00007f1b880a7910, 0x00007f1b880ae050,
0x00007f1b880af400, 0x00007f1b880b07f0, 0x00007f1b880b21e0, 0x00007f1b880b36f0,
0x00007f1b880b4b40, 0x00007f1b880e0020, 0x00007f1b88127cf0, 0x00007f1b8830c560,
0x00007f1b8833fe20, 0x00007f1b88342120, 0x00007f1b884e4fc0, 0x00007f1b1c017010,
0x00007f1b1c2a3010, 0x00007f1b1c305310, 0x00007f1b100010d0, 0x00007f1b1c4813f0,
0x00007f1b1c60ebd0, 0x00007f1b883e5c40, 0x00007f1b883d7b10, 0x00007f1aec1194e0,
0x00007f1aec11b6d0, 0x00007f1aec11bc50, 0x00007f1b1003e780, 0x00007f1aec11ca00
}

Java Threads: ( => current thread )
  0x00007f1b88026690 JavaThread "main" [_thread_blocked, id=48, stack(0x00007f1b8c085000,0x00007f1b8c185000)]
  0x00007f1b880a64d0 JavaThread "Reference Handler" daemon [_thread_blocked, id=51, stack(0x00007f1b6cd2e000,0x00007f1b6ce2e000)]
  0x00007f1b880a7910 JavaThread "Finalizer" daemon [_thread_blocked, id=52, stack(0x00007f1b6cc2e000,0x00007f1b6cd2e000)]
  0x00007f1b880ae050 JavaThread "Signal Dispatcher" daemon [_thread_blocked, id=53, stack(0x00007f1b6c848000,0x00007f1b6c948000)]
  0x00007f1b880af400 JavaThread "Service Thread" daemon [_thread_blocked, id=54, stack(0x00007f1b6c748000,0x00007f1b6c848000)]
  0x00007f1b880b07f0 JavaThread "Monitor Deflation Thread" daemon [_thread_blocked, id=55, stack(0x00007f1b6c648000,0x00007f1b6c748000)]
=>0x00007f1b880b21e0 JavaThread "JVMCI-native CompilerThread0" daemon [_thread_in_vm, id=56, stack(0x00007f1b6c448000,0x00007f1b6c648000)]
  0x00007f1b880b36f0 JavaThread "C1 CompilerThread0" daemon [_thread_blocked, id=57, stack(0x00007f1b6c248000,0x00007f1b6c448000)]
  0x00007f1b880b4b40 JavaThread "Sweeper thread" daemon [_thread_blocked, id=58, stack(0x00007f1b6c148000,0x00007f1b6c248000)]
  0x00007f1b880e0020 JavaThread "Common-Cleaner" daemon [_thread_blocked, id=60, stack(0x00007f1b6c048000,0x00007f1b6c148000)]
  0x00007f1b88127cf0 JavaThread "Notification Thread" daemon [_thread_blocked, id=61, stack(0x00007f1b3ff00000,0x00007f1b40000000)]
  0x00007f1b8830c560 JavaThread "Active Thread: Equinox Container: a1f1b554-00e0-48c1-8522-53ae748a6d3e" [_thread_blocked, id=80, stack(0x00007f1b3c700000,0x00007f1b3c800000)]
  0x00007f1b8833fe20 JavaThread "Framework Event Dispatcher: Equinox Container: a1f1b554-00e0-48c1-8522-53ae748a6d3e" daemon [_thread_blocked, id=87, stack(0x00007f1b3c500000,0x00007f1b3c600000)]
  0x00007f1b88342120 JavaThread "Start Level: Equinox Container: a1f1b554-00e0-48c1-8522-53ae748a6d3e" daemon [_thread_blocked, id=88, stack(0x00007f1b3c300000,0x00007f1b3c400000)]
  0x00007f1b884e4fc0 JavaThread "Refresh Thread: Equinox Container: a1f1b554-00e0-48c1-8522-53ae748a6d3e" daemon [_thread_blocked, id=96, stack(0x00007f1b3c100000,0x00007f1b3c200000)]
  0x00007f1b1c017010 JavaThread "SCR Component Actor" daemon [_thread_blocked, id=98, stack(0x00007f1b37f00000,0x00007f1b38000000)]
  0x00007f1b1c2a3010 JavaThread "Worker-JM" [_thread_blocked, id=108, stack(0x00007f1b37b00000,0x00007f1b37c00000)]
  0x00007f1b1c305310 JavaThread "Worker-0: Publish Diagnostics" [_thread_blocked, id=109, stack(0x00007f1b37900000,0x00007f1b37a00000)]
  0x00007f1b100010d0 JavaThread "Worker-1" [_thread_blocked, id=110, stack(0x00007f1b37700000,0x00007f1b37800000)]
  0x00007f1b1c4813f0 JavaThread "Java indexing" daemon [_thread_blocked, id=111, stack(0x00007f1b37500000,0x00007f1b37600000)]
  0x00007f1b1c60ebd0 JavaThread "Bundle File Closer" daemon [_thread_blocked, id=120, stack(0x00007f1b37300000,0x00007f1b37400000)]
  0x00007f1b883e5c40 JavaThread "pool-3-thread-1" [_thread_blocked, id=121, stack(0x00007f1b37100000,0x00007f1b37200000)]
  0x00007f1b883d7b10 JavaThread "pool-2-thread-1" [_thread_blocked, id=131, stack(0x00007f1b36d00000,0x00007f1b36e00000)]
  0x00007f1aec1194e0 JavaThread "Thread-6" [_thread_blocked, id=722, stack(0x00007f1b36f00000,0x00007f1b37000000)]
  0x00007f1aec11b6d0 JavaThread "Thread-7" [_thread_blocked, id=2025, stack(0x00007f1b37000000,0x00007f1b37100000)]
  0x00007f1aec11bc50 JavaThread "Thread-8" [_thread_blocked, id=2186, stack(0x00007f1b36900000,0x00007f1b36a00000)]
  0x00007f1b1003e780 JavaThread "Worker-6" [_thread_blocked, id=3933, stack(0x00007f1b36a00000,0x00007f1b36b00000)]
  0x00007f1aec11ca00 JavaThread "Thread-9" [_thread_blocked, id=4160, stack(0x00007f1b36300000,0x00007f1b36400000)]

Other Threads:
  0x00007f1b880a1c10 VMThread "VM Thread" [stack: 0x00007f1b6ce30000,0x00007f1b6cf30000] [id=50] _threads_hazard_ptr=0x00007f1ac400ebd0
  0x00007f1b88129690 WatcherThread [stack: 0x00007f1b3fe00000,0x00007f1b3ff00000] [id=62]
  0x00007f1b8803df30 GCTaskThread "GC Thread#0" [stack: 0x00007f1b6f0dc000,0x00007f1b6f1dc000] [id=49]

Threads with active compile tasks:
JVMCI-native CompilerThread0  2365077 9874       4       org.eclipse.jdt.internal.compiler.lookup.LookupEnvironment::getCachedType (122 bytes)

VM state: synchronizing (normal execution)

VM Mutex/Monitor currently owned by a thread:  ([mutex/lock_event])
[0x00007f1b88023840] Threads_lock - owner thread: 0x00007f1b880a1c10
[0x00007f1b88023ff0] Heap_lock - owner thread: 0x00007f1b1c4813f0

OutOfMemory and StackOverflow Exception counts:
OutOfMemoryError java_heap_errors=5
LinkageErrors=73

Heap address: 0x00000000e0000000, size: 512 MB, Compressed Oops mode: 32-bit

CDS archive(s) mapped at: [0x0000000800000000-0x0000000800bc8000-0x0000000800bc8000), size 12353536, SharedBaseAddress: 0x0000000800000000, ArchiveRelocationMode: 0.
Compressed class space mapped at: 0x0000000800c00000-0x0000000840c00000, reserved size: 1073741824
Narrow klass base: 0x0000000800000000, Narrow klass shift: 0, Narrow klass range: 0x100000000

GC Precious Log:
 CPUs: 8 total, 1 available
 Memory: 1024M
 Large Page Support: Disabled
 NUMA Support: Disabled
 Compressed Oops: Enabled (32-bit)
 Alignments: Space 512K, Generation 512K, Heap 2M
 Heap Min Capacity: 100M
 Heap Initial Capacity: 100M
 Heap Max Capacity: 512M
 Pre-touch: Disabled
 Parallel Workers: 1

Heap:
 PSYoungGen      total 41472K, used 29184K [0x00000000f5580000, 0x00000000f8e00000, 0x0000000100000000)
  eden space 29184K, 100% used [0x00000000f5580000,0x00000000f7200000,0x00000000f7200000)
  from space 12288K, 0% used [0x00000000f8200000,0x00000000f8200000,0x00000000f8e00000)
  to   space 13312K, 0% used [0x00000000f7200000,0x00000000f7200000,0x00000000f7f00000)
 ParOldGen       total 349696K, used 349695K [0x00000000e0000000, 0x00000000f5580000, 0x00000000f5580000)
  object space 349696K, 99% used [0x00000000e0000000,0x00000000f557fff8,0x00000000f5580000)
 Metaspace       used 61237K, committed 62336K, reserved 1105920K
  class space    used 5996K, committed 6464K, reserved 1048576K

Card table byte_map: [0x00007f1b6f1dc000,0x00007f1b6f2dd000] _byte_map_base: 0x00007f1b6eadc000

Marking Bits: (ParMarkBitMap*) 0x00007f1b8d4984c0
 Begin Bits: [0x00007f1b6e02f000, 0x00007f1b6e82f000)
 End Bits:   [0x00007f1b6e82f000, 0x00007f1b6f02f000)

Polling page: 0x00007f1b8c062000

Metaspace:

Usage:
  Non-class:     53.95 MB used.
      Class:      5.86 MB used.
       Both:     59.80 MB used.

Virtual space:
  Non-class space:       56.00 MB reserved,      54.56 MB ( 97%) committed,  7 nodes.
      Class space:        1.00 GB reserved,       6.31 MB ( <1%) committed,  1 nodes.
             Both:        1.05 GB reserved,      60.88 MB (  6%) committed. 

Chunk freelists:
   Non-Class:  1.09 MB
       Class:  1.79 MB
        Both:  2.88 MB

MaxMetaspaceSize: unlimited
CompressedClassSpaceSize: 1.00 GB
Initial GC threshold: 21.00 MB
Current GC threshold: 101.50 MB
CDS: on
MetaspaceReclaimPolicy: balanced
 - commit_granule_bytes: 65536.
 - commit_granule_words: 8192.
 - virtual_space_node_default_size: 1048576.
 - enlarge_chunks_in_place: 1.
 - new_chunks_are_fully_committed: 0.
 - uncommit_free_chunks: 1.
 - use_allocation_guard: 0.
 - handle_deallocations: 1.


Internal statistics:

num_allocs_failed_limit: 6.
num_arena_births: 536.
num_arena_deaths: 162.
num_vsnodes_births: 8.
num_vsnodes_deaths: 0.
num_space_committed: 972.
num_space_uncommitted: 0.
num_chunks_returned_to_freelist: 230.
num_chunks_taken_from_freelist: 2917.
num_chunk_merges: 86.
num_chunk_splits: 1901.
num_chunks_enlarged: 1225.
num_purges: 14.
num_inconsistent_stats: 0.

CodeHeap 'non-profiled nmethods': size=120036Kb used=2840Kb max_used=2840Kb free=117195Kb
 bounds [0x00007f1b76f7a000, 0x00007f1b7724a000, 0x00007f1b7e4b3000]
CodeHeap 'profiled nmethods': size=120032Kb used=15298Kb max_used=16484Kb free=104733Kb
 bounds [0x00007f1b6fa42000, 0x00007f1b70a62000, 0x00007f1b76f7a000]
CodeHeap 'non-nmethods': size=5692Kb used=1431Kb max_used=1443Kb free=4260Kb
 bounds [0x00007f1b6f4b3000, 0x00007f1b6f723000, 0x00007f1b6fa42000]
 total_blobs=8344 nmethods=7572 adapters=637
 compilation: enabled
              stopped_count=0, restarted_count=0
 full_count=0

JVMCI Events (20 events):
Event: 2183.303 Thread 0x00007f1b880b21e0 destroyed JavaVM[19]@0x00007f1ad9f9e340 for JVMCI runtime 0
Event: 2183.303 Thread 0x00007f1b880b21e0 compacted oop handles in JVMCI runtime 0 from 68 to 68
Event: 2183.303 Thread 0x00007f1b880b21e0 releasing handles for JVMCI runtime 0: oop handles=68, metadata handles={total=384, live=373, blocks=32}
Event: 2183.303 Thread 0x00007f1b880b21e0 detached from JVMCI runtime 0
Event: 2273.747 Thread 0x00007f1b880b21e0 attached to JVMCI runtime 0
Event: 2273.748 Thread 0x00007f1b880b21e0 created JavaVM[20]@0x00007f1ad9f9e340 for JVMCI runtime 0
Event: 2275.197 Thread 0x00007f1b880b21e0 initializing JVMCI runtime 0
Event: 2275.197 Thread 0x00007f1b880b21e0 done waiting for JavaVM references initialization in JVMCI runtime 0
Event: 2294.983 Thread 0x00007f1b880b21e0 initialized JVMCI runtime 0
Event: 2303.206 Thread 0x00007f1b880b21e0 detaching from JVMCI runtime 0: releasing idle compiler thread (0 other threads still attached)
Event: 2303.206 Thread 0x00007f1b880b21e0 shutting down HotSpotJVMCIRuntime for JVMCI runtime 0
Event: 2304.616 Thread 0x00007f1b880b21e0 shut down JVMCI runtime 0
Event: 2306.270 Thread 0x00007f1b880b21e0 destroyed JavaVM[20]@0x00007f1ad9f9e340 for JVMCI runtime 0
Event: 2306.270 Thread 0x00007f1b880b21e0 compacted oop handles in JVMCI runtime 0 from 42 to 42
Event: 2306.270 Thread 0x00007f1b880b21e0 releasing handles for JVMCI runtime 0: oop handles=42, metadata handles={total=87, live=76, blocks=32}
Event: 2306.270 Thread 0x00007f1b880b21e0 detached from JVMCI runtime 0
Event: 2326.471 Thread 0x00007f1b880b21e0 attached to JVMCI runtime 0
Event: 2326.473 Thread 0x00007f1b880b21e0 created JavaVM[21]@0x00007f1ad9f9e340 for JVMCI runtime 0
Event: 2326.473 Thread 0x00007f1b880b21e0 initializing JVMCI runtime 0
Event: 2326.473 Thread 0x00007f1b880b21e0 done waiting for JavaVM references initialization in JVMCI runtime 0

Compilation events (20 events):
Event: 1947.506 Thread 0x00007f1b880b21e0 nmethod 9864 0x00007f1b77239810 code [0x00007f1b772399a0, 0x00007f1b7723a050]
Event: 1947.506 Thread 0x00007f1b880b21e0 9865       4       java.util.concurrent.locks.ReentrantLock$Sync::isHeldExclusively (16 bytes)
Event: 1947.508 Thread 0x00007f1b880b21e0 nmethod 9865 0x00007f1b7723a310 code [0x00007f1b7723a480, 0x00007f1b7723a4d8]
Event: 1979.884 Thread 0x00007f1b880b21e0 9866       4       org.eclipse.jdt.internal.compiler.lookup.LookupEnvironment::getTypeFromSignature (376 bytes)
Event: 1997.142 Thread 0x00007f1b880b21e0 nmethod 9866 0x00007f1b7723a610 code [0x00007f1b7723a7e0, 0x00007f1b7723ad20]
Event: 2033.109 Thread 0x00007f1b880b21e0 9867       4       org.eclipse.jdt.internal.compiler.parser.Parser::consumeRule (7754 bytes)
Event: 2065.585 Thread 0x00007f1b880b36f0 9868       3       java.util.concurrent.ScheduledThreadPoolExecutor$ScheduledFutureTask::isPeriodic (15 bytes)
Event: 2065.585 Thread 0x00007f1b880b36f0 nmethod 9868 0x00007f1b703c2790 code [0x00007f1b703c2920, 0x00007f1b703c2a90]
Event: 2125.098 Thread 0x00007f1b880b36f0 9869       3       org.eclipse.jdt.internal.compiler.ast.Assignment::<init> (40 bytes)
Event: 2126.571 Thread 0x00007f1b880b36f0 nmethod 9869 0x00007f1b703c2190 code [0x00007f1b703c2340, 0x00007f1b703c2610]
Event: 2151.570 Thread 0x00007f1b880b36f0 9870       3       java.nio.Buffer::clear (20 bytes)
Event: 2154.483 Thread 0x00007f1b880b36f0 nmethod 9870 0x00007f1b70248290 code [0x00007f1b70248420, 0x00007f1b70248530]
Event: 2180.500 Thread 0x00007f1b880b21e0 nmethod 9867 0x00007f1b7723b090 code [0x00007f1b7723b560, 0x00007f1b7723d148]
Event: 2204.770 Thread 0x00007f1b880b36f0 9871       3       java.lang.StackTraceElement::toString (322 bytes)
Event: 2204.774 Thread 0x00007f1b880b36f0 nmethod 9871 0x00007f1b700dda10 code [0x00007f1b700de080, 0x00007f1b700e0e10]
Event: 2204.774 Thread 0x00007f1b880b36f0 9872       3       java.lang.StackTraceElement::dropClassLoaderName (16 bytes)
Event: 2204.774 Thread 0x00007f1b880b36f0 nmethod 9872 0x00007f1b70878110 code [0x00007f1b708782a0, 0x00007f1b70878410]
Event: 2273.747 Thread 0x00007f1b880b21e0 9873       4       jdk.internal.misc.Unsafe::weakCompareAndSetLong (11 bytes)
Event: 2301.578 Thread 0x00007f1b880b21e0 nmethod 9873 0x00007f1b7723fe10 code [0x00007f1b7723ff80, 0x00007f1b7723ffd0]
Event: 2326.471 Thread 0x00007f1b880b21e0 9874       4       org.eclipse.jdt.internal.compiler.lookup.LookupEnvironment::getCachedType (122 bytes)

GC Heap History (20 events):
Event: 2350.106 GC heap before
{Heap before GC invocations=1651 (full 1553):
 PSYoungGen      total 41472K, used 29183K [0x00000000f5580000, 0x00000000f8e00000, 0x0000000100000000)
  eden space 29184K, 99% used [0x00000000f5580000,0x00000000f71fffe8,0x00000000f7200000)
  from space 12288K, 0% used [0x00000000f8200000,0x00000000f8200000,0x00000000f8e00000)
  to   space 13312K, 0% used [0x00000000f7200000,0x00000000f7200000,0x00000000f7f00000)
 ParOldGen       total 349696K, used 349693K [0x00000000e0000000, 0x00000000f5580000, 0x00000000f5580000)
  object space 349696K, 99% used [0x00000000e0000000,0x00000000f557f5d0,0x00000000f5580000)
 Metaspace       used 61237K, committed 62336K, reserved 1105920K
  class space    used 5996K, committed 6464K, reserved 1048576K
}
Event: 2351.726 GC heap after
{Heap after GC invocations=1651 (full 1553):
 PSYoungGen      total 42496K, used 29183K [0x00000000f5580000, 0x00000000f8e00000, 0x0000000100000000)
  eden space 29184K, 99% used [0x00000000f5580000,0x00000000f71fffe8,0x00000000f7200000)
  from space 13312K, 0% used [0x00000000f7200000,0x00000000f7200000,0x00000000f7f00000)
  to   space 12288K, 0% used [0x00000000f8200000,0x00000000f8200000,0x00000000f8e00000)
 ParOldGen       total 349696K, used 349693K [0x00000000e0000000, 0x00000000f5580000, 0x00000000f5580000)
  object space 349696K, 99% used [0x00000000e0000000,0x00000000f557f5b8,0x00000000f5580000)
 Metaspace       used 61237K, committed 62336K, reserved 1105920K
  class space    used 5996K, committed 6464K, reserved 1048576K
}
Event: 2351.727 GC heap before
{Heap before GC invocations=1652 (full 1554):
 PSYoungGen      total 42496K, used 29184K [0x00000000f5580000, 0x00000000f8e00000, 0x0000000100000000)
  eden space 29184K, 100% used [0x00000000f5580000,0x00000000f7200000,0x00000000f7200000)
  from space 13312K, 0% used [0x00000000f7200000,0x00000000f7200000,0x00000000f7f00000)
  to   space 12288K, 0% used [0x00000000f8200000,0x00000000f8200000,0x00000000f8e00000)
 ParOldGen       total 349696K, used 349695K [0x00000000e0000000, 0x00000000f5580000, 0x00000000f5580000)
  object space 349696K, 99% used [0x00000000e0000000,0x00000000f557fe08,0x00000000f5580000)
 Metaspace       used 61237K, committed 62336K, reserved 1105920K
  class space    used 5996K, committed 6464K, reserved 1048576K
}
Event: 2353.202 GC heap after
{Heap after GC invocations=1652 (full 1554):
 PSYoungGen      total 41472K, used 29184K [0x00000000f5580000, 0x00000000f8e00000, 0x0000000100000000)
  eden space 29184K, 100% used [0x00000000f5580000,0x00000000f7200000,0x00000000f7200000)
  from space 12288K, 0% used [0x00000000f8200000,0x00000000f8200000,0x00000000f8e00000)
  to   space 13312K, 0% used [0x00000000f7200000,0x00000000f7200000,0x00000000f7f00000)
 ParOldGen       total 349696K, used 349694K [0x00000000e0000000, 0x00000000f5580000, 0x00000000f5580000)
  object space 349696K, 99% used [0x00000000e0000000,0x00000000f557fbb0,0x00000000f5580000)
 Metaspace       used 61237K, committed 62336K, reserved 1105920K
  class space    used 5996K, committed 6464K, reserved 1048576K
}
Event: 2353.203 GC heap before
{Heap before GC invocations=1653 (full 1555):
 PSYoungGen      total 41472K, used 29184K [0x00000000f5580000, 0x00000000f8e00000, 0x0000000100000000)
  eden space 29184K, 100% used [0x00000000f5580000,0x00000000f7200000,0x00000000f7200000)
  from space 12288K, 0% used [0x00000000f8200000,0x00000000f8200000,0x00000000f8e00000)
  to   space 13312K, 0% used [0x00000000f7200000,0x00000000f7200000,0x00000000f7f00000)
 ParOldGen       total 349696K, used 349696K [0x00000000e0000000, 0x00000000f5580000, 0x00000000f5580000)
  object space 349696K, 100% used [0x00000000e0000000,0x00000000f5580000,0x00000000f5580000)
 Metaspace       used 61237K, committed 62336K, reserved 1105920K
  class space    used 5996K, committed 6464K, reserved 1048576K
}
Event: 2354.797 GC heap after
{Heap after GC invocations=1653 (full 1555):
 PSYoungGen      total 42496K, used 29183K [0x00000000f5580000, 0x00000000f8e00000, 0x0000000100000000)
  eden space 29184K, 99% used [0x00000000f5580000,0x00000000f71fffd0,0x00000000f7200000)
  from space 13312K, 0% used [0x00000000f7200000,0x00000000f7200000,0x00000000f7f00000)
  to   space 12288K, 0% used [0x00000000f8200000,0x00000000f8200000,0x00000000f8e00000)
 ParOldGen       total 349696K, used 349695K [0x00000000e0000000, 0x00000000f5580000, 0x00000000f5580000)
  object space 349696K, 99% used [0x00000000e0000000,0x00000000f557fec0,0x00000000f5580000)
 Metaspace       used 61237K, committed 62336K, reserved 1105920K
  class space    used 5996K, committed 6464K, reserved 1048576K
}
Event: 2354.799 GC heap before
{Heap before GC invocations=1654 (full 1556):
 PSYoungGen      total 42496K, used 29184K [0x00000000f5580000, 0x00000000f8e00000, 0x0000000100000000)
  eden space 29184K, 100% used [0x00000000f5580000,0x00000000f7200000,0x00000000f7200000)
  from space 13312K, 0% used [0x00000000f7200000,0x00000000f7200000,0x00000000f7f00000)
  to   space 12288K, 0% used [0x00000000f8200000,0x00000000f8200000,0x00000000f8e00000)
 ParOldGen       total 349696K, used 349695K [0x00000000e0000000, 0x00000000f5580000, 0x00000000f5580000)
  object space 349696K, 99% used [0x00000000e0000000,0x00000000f557fec0,0x00000000f5580000)
 Metaspace       used 61237K, committed 62336K, reserved 1105920K
  class space    used 5996K, committed 6464K, reserved 1048576K
}
Event: 2356.383 GC heap after
{Heap after GC invocations=1654 (full 1556):
 PSYoungGen      total 41472K, used 29184K [0x00000000f5580000, 0x00000000f8e00000, 0x0000000100000000)
  eden space 29184K, 100% used [0x00000000f5580000,0x00000000f7200000,0x00000000f7200000)
  from space 12288K, 0% used [0x00000000f8200000,0x00000000f8200000,0x00000000f8e00000)
  to   space 13312K, 0% used [0x00000000f7200000,0x00000000f7200000,0x00000000f7f00000)
 ParOldGen       total 349696K, used 349695K [0x00000000e0000000, 0x00000000f5580000, 0x00000000f5580000)
  object space 349696K, 99% used [0x00000000e0000000,0x00000000f557fea0,0x00000000f5580000)
 Metaspace       used 61237K, committed 62336K, reserved 1105920K
  class space    used 5996K, committed 6464K, reserved 1048576K
}
Event: 2356.384 GC heap before
{Heap before GC invocations=1655 (full 1557):
 PSYoungGen      total 41472K, used 29184K [0x00000000f5580000, 0x00000000f8e00000, 0x0000000100000000)
  eden space 29184K, 100% used [0x00000000f5580000,0x00000000f7200000,0x00000000f7200000)
  from space 12288K, 0% used [0x00000000f8200000,0x00000000f8200000,0x00000000f8e00000)
  to   space 13312K, 0% used [0x00000000f7200000,0x00000000f7200000,0x00000000f7f00000)
 ParOldGen       total 349696K, used 349695K [0x00000000e0000000, 0x00000000f5580000, 0x00000000f5580000)
  object space 349696K, 99% used [0x00000000e0000000,0x00000000f557fff8,0x00000000f5580000)
 Metaspace       used 61237K, committed 62336K, reserved 1105920K
  class space    used 5996K, committed 6464K, reserved 1048576K
}
Event: 2357.829 GC heap after
{Heap after GC invocations=1655 (full 1557):
 PSYoungGen      total 42496K, used 29183K [0x00000000f5580000, 0x00000000f8e00000, 0x0000000100000000)
  eden space 29184K, 99% used [0x00000000f5580000,0x00000000f71fffe8,0x00000000f7200000)
  from space 13312K, 0% used [0x00000000f7200000,0x00000000f7200000,0x00000000f7f00000)
  to   space 12288K, 0% used [0x00000000f8200000,0x00000000f8200000,0x00000000f8e00000)
 ParOldGen       total 349696K, used 349695K [0x00000000e0000000, 0x00000000f5580000, 0x00000000f5580000)
  object space 349696K, 99% used [0x00000000e0000000,0x00000000f557ffc8,0x00000000f5580000)
 Metaspace       used 61237K, committed 62336K, reserved 1105920K
  class space    used 5996K, committed 6464K, reserved 1048576K
}
Event: 2357.870 GC heap before
{Heap before GC invocations=1656 (full 1558):
 PSYoungGen      total 42496K, used 29184K [0x00000000f5580000, 0x00000000f8e00000, 0x0000000100000000)
  eden space 29184K, 100% used [0x00000000f5580000,0x00000000f7200000,0x00000000f7200000)
  from space 13312K, 0% used [0x00000000f7200000,0x00000000f7200000,0x00000000f7f00000)
  to   space 12288K, 0% used [0x00000000f8200000,0x00000000f8200000,0x00000000f8e00000)
 ParOldGen       total 349696K, used 349695K [0x00000000e0000000, 0x00000000f5580000, 0x00000000f5580000)
  object space 349696K, 99% used [0x00000000e0000000,0x00000000f557ffc8,0x00000000f5580000)
 Metaspace       used 61237K, committed 62336K, reserved 1105920K
  class space    used 5996K, committed 6464K, reserved 1048576K
}
Event: 2359.389 GC heap after
{Heap after GC invocations=1656 (full 1558):
 PSYoungGen      total 41472K, used 29184K [0x00000000f5580000, 0x00000000f8e00000, 0x0000000100000000)
  eden space 29184K, 100% used [0x00000000f5580000,0x00000000f7200000,0x00000000f7200000)
  from space 12288K, 0% used [0x00000000f8200000,0x00000000f8200000,0x00000000f8e00000)
  to   space 13312K, 0% used [0x00000000f7200000,0x00000000f7200000,0x00000000f7f00000)
 ParOldGen       total 349696K, used 349695K [0x00000000e0000000, 0x00000000f5580000, 0x00000000f5580000)
  object space 349696K, 99% used [0x00000000e0000000,0x00000000f557ffc8,0x00000000f5580000)
 Metaspace       used 61237K, committed 62336K, reserved 1105920K
  class space    used 5996K, committed 6464K, reserved 1048576K
}
Event: 2359.389 GC heap before
{Heap before GC invocations=1657 (full 1559):
 PSYoungGen      total 41472K, used 29184K [0x00000000f5580000, 0x00000000f8e00000, 0x0000000100000000)
  eden space 29184K, 100% used [0x00000000f5580000,0x00000000f7200000,0x00000000f7200000)
  from space 12288K, 0% used [0x00000000f8200000,0x00000000f8200000,0x00000000f8e00000)
  to   space 13312K, 0% used [0x00000000f7200000,0x00000000f7200000,0x00000000f7f00000)
 ParOldGen       total 349696K, used 349695K [0x00000000e0000000, 0x00000000f5580000, 0x00000000f5580000)
  object space 349696K, 99% used [0x00000000e0000000,0x00000000f557fff8,0x00000000f5580000)
 Metaspace       used 61237K, committed 62336K, reserved 1105920K
  class space    used 5996K, committed 6464K, reserved 1048576K
}
Event: 2360.680 GC heap after
{Heap after GC invocations=1657 (full 1559):
 PSYoungGen      total 42496K, used 29184K [0x00000000f5580000, 0x00000000f8e00000, 0x0000000100000000)
  eden space 29184K, 100% used [0x00000000f5580000,0x00000000f7200000,0x00000000f7200000)
  from space 13312K, 0% used [0x00000000f7200000,0x00000000f7200000,0x00000000f7f00000)
  to   space 12288K, 0% used [0x00000000f8200000,0x00000000f8200000,0x00000000f8e00000)
 ParOldGen       total 349696K, used 349695K [0x00000000e0000000, 0x00000000f5580000, 0x00000000f5580000)
  object space 349696K, 99% used [0x00000000e0000000,0x00000000f557fff8,0x00000000f5580000)
 Metaspace       used 61237K, committed 62336K, reserved 1105920K
  class space    used 5996K, committed 6464K, reserved 1048576K
}
Event: 2360.680 GC heap before
{Heap before GC invocations=1658 (full 1560):
 PSYoungGen      total 42496K, used 29184K [0x00000000f5580000, 0x00000000f8e00000, 0x0000000100000000)
  eden space 29184K, 100% used [0x00000000f5580000,0x00000000f7200000,0x00000000f7200000)
  from space 13312K, 0% used [0x00000000f7200000,0x00000000f7200000,0x00000000f7f00000)
  to   space 12288K, 0% used [0x00000000f8200000,0x00000000f8200000,0x00000000f8e00000)
 ParOldGen       total 349696K, used 349695K [0x00000000e0000000, 0x00000000f5580000, 0x00000000f5580000)
  object space 349696K, 99% used [0x00000000e0000000,0x00000000f557fff8,0x00000000f5580000)
 Metaspace       used 61237K, committed 62336K, reserved 1105920K
  class space    used 5996K, committed 6464K, reserved 1048576K
}
Event: 2362.084 GC heap after
{Heap after GC invocations=1658 (full 1560):
 PSYoungGen      total 41472K, used 29184K [0x00000000f5580000, 0x00000000f8e00000, 0x0000000100000000)
  eden space 29184K, 100% used [0x00000000f5580000,0x00000000f7200000,0x00000000f7200000)
  from space 12288K, 0% used [0x00000000f8200000,0x00000000f8200000,0x00000000f8e00000)
  to   space 13312K, 0% used [0x00000000f7200000,0x00000000f7200000,0x00000000f7f00000)
 ParOldGen       total 349696K, used 349695K [0x00000000e0000000, 0x00000000f5580000, 0x00000000f5580000)
  object space 349696K, 99% used [0x00000000e0000000,0x00000000f557fff8,0x00000000f5580000)
 Metaspace       used 61237K, committed 62336K, reserved 1105920K
  class space    used 5996K, committed 6464K, reserved 1048576K
}
Event: 2362.084 GC heap before
{Heap before GC invocations=1659 (full 1561):
 PSYoungGen      total 41472K, used 29184K [0x00000000f5580000, 0x00000000f8e00000, 0x0000000100000000)
  eden space 29184K, 100% used [0x00000000f5580000,0x00000000f7200000,0x00000000f7200000)
  from space 12288K, 0% used [0x00000000f8200000,0x00000000f8200000,0x00000000f8e00000)
  to   space 13312K, 0% used [0x00000000f7200000,0x00000000f7200000,0x00000000f7f00000)
 ParOldGen       total 349696K, used 349695K [0x00000000e0000000, 0x00000000f5580000, 0x00000000f5580000)
  object space 349696K, 99% used [0x00000000e0000000,0x00000000f557fff8,0x00000000f5580000)
 Metaspace       used 61237K, committed 62336K, reserved 1105920K
  class space    used 5996K, committed 6464K, reserved 1048576K
}
Event: 2363.412 GC heap after
{Heap after GC invocations=1659 (full 1561):
 PSYoungGen      total 42496K, used 29184K [0x00000000f5580000, 0x00000000f8e00000, 0x0000000100000000)
  eden space 29184K, 100% used [0x00000000f5580000,0x00000000f7200000,0x00000000f7200000)
  from space 13312K, 0% used [0x00000000f7200000,0x00000000f7200000,0x00000000f7f00000)
  to   space 12288K, 0% used [0x00000000f8200000,0x00000000f8200000,0x00000000f8e00000)
 ParOldGen       total 349696K, used 349695K [0x00000000e0000000, 0x00000000f5580000, 0x00000000f5580000)
  object space 349696K, 99% used [0x00000000e0000000,0x00000000f557fff8,0x00000000f5580000)
 Metaspace       used 61237K, committed 62336K, reserved 1105920K
  class space    used 5996K, committed 6464K, reserved 1048576K
}
Event: 2363.412 GC heap before
{Heap before GC invocations=1660 (full 1562):
 PSYoungGen      total 42496K, used 29184K [0x00000000f5580000, 0x00000000f8e00000, 0x0000000100000000)
  eden space 29184K, 100% used [0x00000000f5580000,0x00000000f7200000,0x00000000f7200000)
  from space 13312K, 0% used [0x00000000f7200000,0x00000000f7200000,0x00000000f7f00000)
  to   space 12288K, 0% used [0x00000000f8200000,0x00000000f8200000,0x00000000f8e00000)
 ParOldGen       total 349696K, used 349695K [0x00000000e0000000, 0x00000000f5580000, 0x00000000f5580000)
  object space 349696K, 99% used [0x00000000e0000000,0x00000000f557fff8,0x00000000f5580000)
 Metaspace       used 61237K, committed 62336K, reserved 1105920K
  class space    used 5996K, committed 6464K, reserved 1048576K
}
Event: 2364.917 GC heap after
{Heap after GC invocations=1660 (full 1562):
 PSYoungGen      total 41472K, used 29184K [0x00000000f5580000, 0x00000000f8e00000, 0x0000000100000000)
  eden space 29184K, 100% used [0x00000000f5580000,0x00000000f7200000,0x00000000f7200000)
  from space 12288K, 0% used [0x00000000f8200000,0x00000000f8200000,0x00000000f8e00000)
  to   space 13312K, 0% used [0x00000000f7200000,0x00000000f7200000,0x00000000f7f00000)
 ParOldGen       total 349696K, used 349695K [0x00000000e0000000, 0x00000000f5580000, 0x00000000f5580000)
  object space 349696K, 99% used [0x00000000e0000000,0x00000000f557fff8,0x00000000f5580000)
 Metaspace       used 61237K, committed 62336K, reserved 1105920K
  class space    used 5996K, committed 6464K, reserved 1048576K
}

Dll operation events (9 events):
Event: 0.070 Loaded shared library /nix/store/gpxl5qgg8kicmcvivwmybwjlpf7wh20l-graalvm17-ce-22.3.0/lib/libjava.so
Event: 0.094 Loaded shared library /nix/store/gpxl5qgg8kicmcvivwmybwjlpf7wh20l-graalvm17-ce-22.3.0/lib/libjsvml.so
Event: 0.488 Loaded shared library /nix/store/gpxl5qgg8kicmcvivwmybwjlpf7wh20l-graalvm17-ce-22.3.0/lib/libnio.so
Event: 0.496 Loaded shared library /nix/store/gpxl5qgg8kicmcvivwmybwjlpf7wh20l-graalvm17-ce-22.3.0/lib/libzip.so
Event: 0.498 Loaded shared library /nix/store/gpxl5qgg8kicmcvivwmybwjlpf7wh20l-graalvm17-ce-22.3.0/lib/libjvmcicompiler.so
Event: 1.104 Loaded shared library /nix/store/gpxl5qgg8kicmcvivwmybwjlpf7wh20l-graalvm17-ce-22.3.0/lib/libjimage.so
Event: 1.874 Loaded shared library /nix/store/gpxl5qgg8kicmcvivwmybwjlpf7wh20l-graalvm17-ce-22.3.0/lib/libnet.so
Event: 5.971 Loaded shared library /home/runner/.cache/jdt-language-server/config/org.eclipse.equinox.launcher/org.eclipse.equinox.launcher.gtk.linux.x86_64_1.2.400.v20211117-0650/eclipse_11600.so
Event: 15.194 Loaded shared library /nix/store/gpxl5qgg8kicmcvivwmybwjlpf7wh20l-graalvm17-ce-22.3.0/lib/libextnet.so

Deoptimization events (20 events):
Event: 412.705 Thread 0x00007f1ae40038e0 Uncommon trap: trap_request=0xffffffed fr.pc=0x00007f1b77218a5b relative=0x000000000000005b
Event: 412.705 Thread 0x00007f1ae40038e0 Uncommon trap: reason=null_assert_or_unreached0 action=reinterpret pc=0x00007f1b77218a5b method=java.lang.Thread.interrupted()Z @ 8 jvmci
Event: 412.705 Thread 0x00007f1ae40038e0 DEOPT PACKING pc=0x00007f1b77218a5b sp=0x00007f1b36afe650
Event: 412.705 Thread 0x00007f1ae40038e0 DEOPT UNPACKING pc=0x00007f1b6f505325 sp=0x00007f1b36afdae0 mode 3
Event: 412.705 Thread 0x00007f1b880b21e0 DEOPT PACKING pc=0x00007f1b6fa76f10 sp=0x00007f1b6c645f30
Event: 412.705 Thread 0x00007f1b880b21e0 DEOPT UNPACKING pc=0x00007f1b6f505325 sp=0x00007f1b6c645458 mode 0
Event: 517.696 Thread 0x00007f1aec118840 Uncommon trap: trap_request=0xffffffed fr.pc=0x00007f1b7721dc3d relative=0x000000000000021d
Event: 517.696 Thread 0x00007f1aec118840 Uncommon trap: reason=null_assert_or_unreached0 action=reinterpret pc=0x00007f1b7721dc3d method=jdk.internal.jimage.ImageStringsReader.stringFromByteBufferMatches(Ljava/nio/ByteBuffer;ILjava/lang/String;I)I @ 0 jvmci
Event: 517.696 Thread 0x00007f1aec118840 DEOPT PACKING pc=0x00007f1b7721dc3d sp=0x00007f1b37dfca00
Event: 517.696 Thread 0x00007f1aec118840 DEOPT UNPACKING pc=0x00007f1b6f505325 sp=0x00007f1b37dfbe58 mode 3
Event: 1112.127 Thread 0x00007f1aec118840 DEOPT PACKING pc=0x00007f1b770a1a40 sp=0x00007f1b37dfd7a0
Event: 1112.127 Thread 0x00007f1aec118840 DEOPT UNPACKING pc=0x00007f1b6f505325 sp=0x00007f1b37dfcbd8 mode 1
Event: 2278.133 Thread 0x00007f1b1c4813f0 Uncommon trap: trap_request=0xffffff8f fr.pc=0x00007f1b77200822 relative=0x00000000000011e2
Event: 2278.133 Thread 0x00007f1b1c4813f0 Uncommon trap: reason=constraint action=none pc=0x00007f1b77200822 method=org.eclipse.jdt.internal.core.index.DiskIndex.copyQueryResults(Lorg/eclipse/jdt/internal/compiler/util/HashtableOfObject;I)V @ 123 jvmci
Event: 2278.133 Thread 0x00007f1b1c4813f0 DEOPT PACKING pc=0x00007f1b77200822 sp=0x00007f1b375fe530
Event: 2278.134 Thread 0x00007f1b1c4813f0 DEOPT UNPACKING pc=0x00007f1b6f505325 sp=0x00007f1b375fda28 mode 3
Event: 2362.084 Thread 0x00007f1b1c4813f0 Uncommon trap: trap_request=0xffffff8f fr.pc=0x00007f1b77200822 relative=0x00000000000011e2
Event: 2362.084 Thread 0x00007f1b1c4813f0 Uncommon trap: reason=constraint action=none pc=0x00007f1b77200822 method=org.eclipse.jdt.internal.core.index.DiskIndex.copyQueryResults(Lorg/eclipse/jdt/internal/compiler/util/HashtableOfObject;I)V @ 123 jvmci
Event: 2364.917 Thread 0x00007f1b1c4813f0 DEOPT PACKING pc=0x00007f1b77200822 sp=0x00007f1b375fe530
Event: 2364.917 Thread 0x00007f1b1c4813f0 DEOPT UNPACKING pc=0x00007f1b6f505325 sp=0x00007f1b375fda28 mode 3

Classes unloaded (20 events):
Event: 80.711 Thread 0x00007f1b880a1c10 Unloading class 0x0000000800d06800 'java/lang/invoke/LambdaForm$MH+0x0000000800d06800'
Event: 80.711 Thread 0x00007f1b880a1c10 Unloading class 0x0000000800d06000 'java/lang/invoke/LambdaForm$MH+0x0000000800d06000'
Event: 80.711 Thread 0x00007f1b880a1c10 Unloading class 0x0000000800d05c00 'java/lang/invoke/LambdaForm$MH+0x0000000800d05c00'
Event: 80.711 Thread 0x00007f1b880a1c10 Unloading class 0x0000000800d05800 'java/lang/invoke/LambdaForm$MH+0x0000000800d05800'
Event: 80.711 Thread 0x00007f1b880a1c10 Unloading class 0x0000000800d05000 'java/lang/invoke/LambdaForm$MH+0x0000000800d05000'
Event: 80.711 Thread 0x00007f1b880a1c10 Unloading class 0x0000000800d04c00 'java/lang/invoke/LambdaForm$MH+0x0000000800d04c00'
Event: 80.711 Thread 0x00007f1b880a1c10 Unloading class 0x0000000800d04800 'java/lang/invoke/LambdaForm$MH+0x0000000800d04800'
Event: 80.711 Thread 0x00007f1b880a1c10 Unloading class 0x0000000800d04000 'java/lang/invoke/LambdaForm$MH+0x0000000800d04000'
Event: 80.711 Thread 0x00007f1b880a1c10 Unloading class 0x0000000800c1d000 'jdk/internal/reflect/GeneratedMethodAccessor5'
Event: 80.711 Thread 0x00007f1b880a1c10 Unloading class 0x0000000800c1cc00 'jdk/internal/reflect/GeneratedMethodAccessor4'
Event: 80.711 Thread 0x00007f1b880a1c10 Unloading class 0x0000000800c1c800 'jdk/internal/reflect/GeneratedMethodAccessor3'
Event: 80.711 Thread 0x00007f1b880a1c10 Unloading class 0x0000000800c1c400 'jdk/internal/reflect/GeneratedMethodAccessor2'
Event: 80.711 Thread 0x00007f1b880a1c10 Unloading class 0x0000000800c1c000 'jdk/internal/reflect/GeneratedMethodAccessor1'
Event: 80.711 Thread 0x00007f1b880a1c10 Unloading class 0x0000000800c01c00 'java/lang/invoke/LambdaForm$DMH+0x0000000800c01c00'
Event: 1601.983 Thread 0x00007f1b880a1c10 Unloading class 0x0000000801138000 'java/lang/invoke/LambdaForm$MH+0x0000000801138000'
Event: 1632.216 Thread 0x00007f1b880a1c10 Unloading class 0x0000000801128c00 'java/lang/invoke/LambdaForm$MH+0x0000000801128c00'
Event: 1678.988 Thread 0x00007f1b880a1c10 Unloading class 0x0000000801138000 'java/lang/invoke/LambdaForm$MH+0x0000000801138000'
Event: 1693.092 Thread 0x00007f1b880a1c10 Unloading class 0x0000000801128c00 'java/lang/invoke/LambdaForm$MH+0x0000000801128c00'
Event: 1834.304 Thread 0x00007f1b880a1c10 Unloading class 0x0000000801138000 'java/lang/invoke/LambdaForm$MH+0x0000000801138000'
Event: 1923.908 Thread 0x00007f1b880a1c10 Unloading class 0x0000000801128c00 'java/lang/invoke/LambdaForm$MH+0x0000000801128c00'

Classes redefined (0 events):
No events

Internal exceptions (20 events):
Event: 42.789 Thread 0x00007f1b100010d0 Exception <a 'java/lang/NoSuchMethodError'{0x00000000f566fe58}: 'java.lang.Object java.lang.invoke.DirectMethodHandle$Holder.invokeSpecial(java.lang.Object, java.lang.Object, java.lang.Object, int, java.lang.Object, java.lang.Object)'> (0x00000000f566fe58) 
thrown [src/hotspot/share/interpreter/linkResolver.cpp, line 758]
Event: 42.981 Thread 0x00007f1b100010d0 Exception <a 'java/lang/NoSuchMethodError'{0x00000000f6122160}: 'java.lang.Object java.lang.invoke.DirectMethodHandle$Holder.newInvokeSpecial(java.lang.Object, java.lang.Object, java.lang.Object, int, java.lang.Object)'> (0x00000000f6122160) 
thrown [src/hotspot/share/interpreter/linkResolver.cpp, line 758]
Event: 42.982 Thread 0x00007f1b100010d0 Exception <a 'java/lang/NoSuchMethodError'{0x00000000f6126310}: 'java.lang.Object java.lang.invoke.DirectMethodHandle$Holder.invokeSpecial(java.lang.Object, java.lang.Object, java.lang.Object, java.lang.Object, int, java.lang.Object)'> (0x00000000f6126310) 
thrown [src/hotspot/share/interpreter/linkResolver.cpp, line 758]
Event: 42.982 Thread 0x00007f1b100010d0 Exception <a 'java/lang/NoSuchMethodError'{0x00000000f6129df8}: 'java.lang.Object java.lang.invoke.Invokers$Holder.linkToTargetMethod(java.lang.Object, java.lang.Object, int, java.lang.Object, java.lang.Object)'> (0x00000000f6129df8) 
thrown [src/hotspot/share/interpreter/linkResolver.cpp, line 758]
Event: 44.085 Thread 0x00007f1b04001220 Implicit null exception at 0x00007f1b771813a2 to 0x00007f1b77181732
Event: 44.596 Thread 0x00007f1b04001220 Implicit null exception at 0x00007f1b770cfe69 to 0x00007f1b770d001b
Event: 63.773 Thread 0x00007f1aec118840 Exception <a 'java/lang/NoSuchMethodError'{0x00000000f5c944b0}: 'java.lang.Object java.lang.invoke.DirectMethodHandle$Holder.invokeStatic(java.lang.Object, int, java.lang.Object, java.lang.Object, java.lang.Object, java.lang.Object)'> (0x00000000f5c944b0) 
thrown [src/hotspot/share/interpreter/linkResolver.cpp, line 758]
Event: 63.782 Thread 0x00007f1aec118840 Exception <a 'java/lang/NoSuchMethodError'{0x00000000f5cb37f8}: 'java.lang.Object java.lang.invoke.DirectMethodHandle$Holder.newInvokeSpecial(java.lang.Object, int, java.lang.Object, java.lang.Object, java.lang.Object)'> (0x00000000f5cb37f8) 
thrown [src/hotspot/share/interpreter/linkResolver.cpp, line 758]
Event: 63.793 Thread 0x00007f1aec1194e0 Exception <a 'java/lang/NoSuchMethodError'{0x00000000f5d7a4c0}: 'java.lang.Object java.lang.invoke.DirectMethodHandle$Holder.newInvokeSpecial(java.lang.Object, java.lang.Object, int, java.lang.Object, java.lang.Object, java.lang.Object, java.lang.Object)'> (0x00000000f5d7a4c0) 
thrown [src/hotspot/share/interpreter/linkResolver.cpp, line 758]
Event: 63.980 Thread 0x00007f1aec1194e0 Exception <a 'java/lang/NoSuchMethodError'{0x00000000f5f350b0}: 'void java.lang.invoke.DirectMethodHandle$Holder.invokeSpecial(java.lang.Object, java.lang.Object, int)'> (0x00000000f5f350b0) 
thrown [src/hotspot/share/interpreter/linkResolver.cpp, line 758]
Event: 65.075 Thread 0x00007f1aec118840 Exception <a 'java/lang/NoSuchMethodError'{0x00000000f6e37b18}: 'int java.lang.invoke.DirectMethodHandle$Holder.invokeSpecialIFC(java.lang.Object, java.lang.Object, java.lang.Object, java.lang.Object)'> (0x00000000f6e37b18) 
thrown [src/hotspot/share/interpreter/linkResolver.cpp, line 758]
Event: 311.574 Thread 0x00007f1aec118840 Implicit null exception at 0x00007f1b7720a715 to 0x00007f1b7720aa3a
Event: 1112.127 Thread 0x00007f1aec118840 Exception <a 'java/lang/OutOfMemoryError'{0x00000000e00101e0}> (0x00000000e00101e0) 
thrown [src/hotspot/share/gc/shared/memAllocator.cpp, line 136]
Event: 2013.079 Thread 0x00007f1aec118840 Exception <a 'java/lang/ClassNotFoundException'{0x00000000f5566580}: sun/util/logging/resources/spi/loggingProvider> (0x00000000f5566580) 
thrown [src/hotspot/share/classfile/systemDictionary.cpp, line 256]
Event: 2278.133 Thread 0x00007f1b1c4813f0 Exception <a 'java/lang/OutOfMemoryError'{0x00000000e0010780}> (0x00000000e0010780) 
thrown [src/hotspot/share/gc/shared/memAllocator.cpp, line 138]
Event: 2278.133 Thread 0x00007f1b1c4813f0 Implicit null exception at 0x00007f1b77200273 to 0x00007f1b77200807
Event: 2286.426 Thread 0x00007f1aec118840 Exception <a 'java/lang/OutOfMemoryError'{0x00000000e00107d0}> (0x00000000e00107d0) 
thrown [src/hotspot/share/gc/shared/memAllocator.cpp, line 136]
Event: 2362.084 Thread 0x00007f1b1c4813f0 Exception <a 'java/lang/OutOfMemoryError'{0x00000000e00104b0}> (0x00000000e00104b0) 
thrown [src/hotspot/share/gc/shared/memAllocator.cpp, line 138]
Event: 2362.084 Thread 0x00007f1b1c4813f0 Implicit null exception at 0x00007f1b77200273 to 0x00007f1b77200807
Event: 2364.917 Thread 0x00007f1b880b21e0 Exception <a 'java/lang/OutOfMemoryError'{0x00000000e00107d0}> (0x00000000e00107d0) 
thrown [src/hotspot/share/gc/shared/memAllocator.cpp, line 136]

VM Operations (20 events):
Event: 2347.036 Executing VM operation: ParallelGCFailedAllocation
Event: 2348.576 Executing VM operation: ParallelGCFailedAllocation done
Event: 2348.576 Executing VM operation: ParallelGCFailedAllocation
Event: 2350.099 Executing VM operation: ParallelGCFailedAllocation done
Event: 2350.102 Executing VM operation: ParallelGCFailedAllocation
Event: 2351.726 Executing VM operation: ParallelGCFailedAllocation done
Event: 2351.727 Executing VM operation: ParallelGCFailedAllocation
Event: 2353.202 Executing VM operation: ParallelGCFailedAllocation done
Event: 2353.203 Executing VM operation: ParallelGCFailedAllocation
Event: 2354.797 Executing VM operation: ParallelGCFailedAllocation done
Event: 2354.797 Executing VM operation: ParallelGCFailedAllocation
Event: 2356.384 Executing VM operation: ParallelGCFailedAllocation done
Event: 2356.384 Executing VM operation: ParallelGCFailedAllocation
Event: 2357.829 Executing VM operation: ParallelGCFailedAllocation done
Event: 2357.870 Executing VM operation: ParallelGCFailedAllocation
Event: 2359.389 Executing VM operation: ParallelGCFailedAllocation done
Event: 2359.389 Executing VM operation: ParallelGCFailedAllocation
Event: 2362.084 Executing VM operation: ParallelGCFailedAllocation done
Event: 2362.084 Executing VM operation: ParallelGCFailedAllocation
Event: 2364.917 Executing VM operation: ParallelGCFailedAllocation done

Events (20 events):
Event: 2046.479 loading class sun/util/logging/resources/logging_en_US done
Event: 2046.479 loading class sun/util/logging/resources/logging_en_US
Event: 2046.479 loading class sun/util/logging/resources/logging_en_US done
Event: 2049.471 loading class java/util/Formatter$DateTime
Event: 2049.472 loading class java/util/Formatter$DateTime done
Event: 2054.571 loading class java/time/ZonedDateTime$1
Event: 2059.606 loading class java/time/ZonedDateTime$1 done
Event: 2183.305 Thread 0x00007f1b880b4b40 flushing nmethod 0x00007f1b6fb3ad90
Event: 2183.314 Thread 0x00007f1b880b4b40 flushing nmethod 0x00007f1b70868e90
Event: 2183.314 Thread 0x00007f1b880b4b40 flushing nmethod 0x00007f1b7086e310
Event: 2183.314 Thread 0x00007f1b880b4b40 flushing nmethod 0x00007f1b70870590
Event: 2183.315 Thread 0x00007f1b880b4b40 flushing nmethod 0x00007f1b70878110
Event: 2183.315 Thread 0x00007f1b880b4b40 flushing nmethod 0x00007f1b7087b610
Event: 2183.315 Thread 0x00007f1b880b4b40 flushing nmethod 0x00007f1b708a9910
Event: 2183.315 Thread 0x00007f1b880b4b40 flushing nmethod 0x00007f1b708e4690
Event: 2183.315 Thread 0x00007f1b880b4b40 flushing nmethod 0x00007f1b708f2490
Event: 2183.315 Thread 0x00007f1b880b4b40 flushing nmethod 0x00007f1b708f5290
Event: 2183.315 Thread 0x00007f1b880b4b40 flushing nmethod 0x00007f1b708f6710
Event: 2183.315 Thread 0x00007f1b880b4b40 flushing nmethod 0x00007f1b708fae10
Event: 2301.574 Thread 0x00007f1aec118840 Thread exited: 0x00007f1aec118840


Dynamic libraries:
e0000000-f5580000 rw-p 00000000 00:00 0 
f5580000-f8e00000 rw-p 00000000 00:00 0 
f8e00000-100000000 ---p 00000000 00:00 0 
800000000-800449000 rw-p 00001000 00:120b 4611686019135357769            /nix/store/gpxl5qgg8kicmcvivwmybwjlpf7wh20l-graalvm17-ce-22.3.0/lib/server/classes.jsa
800449000-800bc8000 r--p 0044a000 00:120b 4611686019135357769            /nix/store/gpxl5qgg8kicmcvivwmybwjlpf7wh20l-graalvm17-ce-22.3.0/lib/server/classes.jsa
800bc8000-800c00000 ---p 00000000 00:00 0 
800c00000-800c20000 rw-p 00000000 00:00 0 
800c20000-800c40000 rw-p 00000000 00:00 0 
800c40000-800cc0000 rw-p 00000000 00:00 0 
800cc0000-800d00000 rw-p 00000000 00:00 0 
800d00000-800dc0000 rw-p 00000000 00:00 0 
800dc0000-800e00000 rw-p 00000000 00:00 0 
800e00000-800f40000 rw-p 00000000 00:00 0 
800f40000-800fc0000 rw-p 00000000 00:00 0 
800fc0000-801000000 rw-p 00000000 00:00 0 
801000000-801250000 rw-p 00000000 00:00 0 
801250000-840c00000 ---p 00000000 00:00 0 
558181fc2000-558181fc3000 r-xp 00000000 00:120b 4611686019099417844      /nix/store/gpxl5qgg8kicmcvivwmybwjlpf7wh20l-graalvm17-ce-22.3.0/bin/.java-wrapped
558181fc4000-558181fc5000 r--p 00001000 00:120b 4611686019099417844      /nix/store/gpxl5qgg8kicmcvivwmybwjlpf7wh20l-graalvm17-ce-22.3.0/bin/.java-wrapped
558181fc5000-558181fc6000 rw-p 00002000 00:120b 4611686019099417844      /nix/store/gpxl5qgg8kicmcvivwmybwjlpf7wh20l-graalvm17-ce-22.3.0/bin/.java-wrapped
558181fc6000-558181fc7000 rw-p 00004000 00:120b 4611686019099417844      /nix/store/gpxl5qgg8kicmcvivwmybwjlpf7wh20l-graalvm17-ce-22.3.0/bin/.java-wrapped
558181fc7000-558181fc8000 rw-p 00005000 00:120b 4611686019099417844      /nix/store/gpxl5qgg8kicmcvivwmybwjlpf7wh20l-graalvm17-ce-22.3.0/bin/.java-wrapped
558183de7000-558183e2f000 rw-p 00000000 00:00 0                          [heap]
7f1abc000000-7f1abc124000 rw-p 00000000 00:00 0 
7f1abc124000-7f1ac0000000 ---p 00000000 00:00 0 
7f1ac4000000-7f1ac4021000 rw-p 00000000 00:00 0 
7f1ac4021000-7f1ac8000000 ---p 00000000 00:00 0 
7f1ac8000000-7f1ac80ce000 rw-p 00000000 00:00 0 
7f1ac80ce000-7f1acc000000 ---p 00000000 00:00 0 
7f1acc000000-7f1acc021000 rw-p 00000000 00:00 0 
7f1acc021000-7f1ad0000000 ---p 00000000 00:00 0 
7f1ad0000000-7f1ad0021000 rw-p 00000000 00:00 0 
7f1ad0021000-7f1ad4000000 ---p 00000000 00:00 0 
7f1ad4000000-7f1ad4021000 rw-p 00000000 00:00 0 
7f1ad4021000-7f1ad8000000 ---p 00000000 00:00 0 
7f1ad9300000-7f1ad9400000 ---p 00000000 00:00 0 
7f1ad9400000-7f1ad99af000 r--p 01122000 00:120b 4611686019135190040      /nix/store/gpxl5qgg8kicmcvivwmybwjlpf7wh20l-graalvm17-ce-22.3.0/lib/libjvmcicompiler.so
7f1ad99af000-7f1ad9b00000 r--p 00000000 00:00 0 
7f1ad9b00000-7f1ad9b3d000 rw-p 00000000 00:00 0 
7f1ad9b3d000-7f1ada05d000 rw-p 0185f000 00:120b 4611686019135190040      /nix/store/gpxl5qgg8kicmcvivwmybwjlpf7wh20l-graalvm17-ce-22.3.0/lib/libjvmcicompiler.so
7f1ada05d000-7f1ada444000 r--p 01d7f000 00:120b 4611686019135190040      /nix/store/gpxl5qgg8kicmcvivwmybwjlpf7wh20l-graalvm17-ce-22.3.0/lib/libjvmcicompiler.so
7f1ada4b3000-7f1ae4000000 r--s 00000000 00:120b 4611686019135192581      /nix/store/gpxl5qgg8kicmcvivwmybwjlpf7wh20l-graalvm17-ce-22.3.0/lib/modules
7f1ae4000000-7f1ae4021000 rw-p 00000000 00:00 0 
7f1ae4021000-7f1ae8000000 ---p 00000000 00:00 0 
7f1ae8000000-7f1ae8021000 rw-p 00000000 00:00 0 
7f1ae8021000-7f1aec000000 ---p 00000000 00:00 0 
7f1aec000000-7f1aec1ab000 rw-p 00000000 00:00 0 
7f1aec1ab000-7f1af0000000 ---p 00000000 00:00 0 
7f1af0000000-7f1af04bd000 rw-p 00000000 00:00 0 
7f1af04bd000-7f1af4000000 ---p 00000000 00:00 0 
7f1af4000000-7f1af4021000 rw-p 00000000 00:00 0 
7f1af4021000-7f1af8000000 ---p 00000000 00:00 0 
7f1af8000000-7f1af81e8000 rw-p 00000000 00:00 0 
7f1af81e8000-7f1afc000000 ---p 00000000 00:00 0 
7f1afc000000-7f1afc021000 rw-p 00000000 00:00 0 
7f1afc021000-7f1b00000000 ---p 00000000 00:00 0 
7f1b00400000-7f1b00700000 rw-p 00000000 00:00 0 
7f1b00700000-7f1b00780000 rw-p 00000000 00:00 0 
7f1b00780000-7f1b00800000 ---p 00000000 00:00 0 
7f1b00800000-7f1b00b10000 rw-p 00000000 00:00 0 
7f1b00b10000-7f1b00c00000 ---p 00000000 00:00 0 
7f1b01400000-7f1b01580000 rw-p 00000000 00:00 0 
7f1b01580000-7f1b01600000 rw-p 00000000 00:00 0 
7f1b01600000-7f1b018a0000 rw-p 00000000 00:00 0 
7f1b018a0000-7f1b019e0000 rw-p 00000000 00:00 0 
7f1b019e0000-7f1b01a00000 rw-p 00000000 00:00 0 
7f1b01a00000-7f1b01c00000 rw-p 00000000 00:00 0 
7f1b01c00000-7f1b01d80000 rw-p 00000000 00:00 0 
7f1b01d80000-7f1b01e00000 rw-p 00000000 00:00 0 
7f1b01e00000-7f1b021e0000 rw-p 00000000 00:00 0 
7f1b021e0000-7f1b02200000 rw-p 00000000 00:00 0 
7f1b02200000-7f1b023e0000 rw-p 00000000 00:00 0 
7f1b023e0000-7f1b02400000 rw-p 00000000 00:00 0 
7f1b02400000-7f1b02500000 rw-p 00000000 00:00 0 
7f1b02500000-7f1b02600000 rw-p 00000000 00:00 0 
7f1b02600000-7f1b02700000 rw-p 00000000 00:00 0 
7f1b02700000-7f1b02900000 rw-p 00000000 00:00 0 
7f1b02900000-7f1b02a00000 rw-p 00000000 00:00 0 
7f1b02a00000-7f1b02c00000 rw-p 00000000 00:00 0 
7f1b03800000-7f1b03900000 rw-p 00000000 00:00 0 
7f1b03900000-7f1b03a00000 rw-p 00000000 00:00 0 
7f1b03a00000-7f1b03fa0000 rw-p 00000000 00:00 0 
7f1b03fa0000-7f1b03fc0000 rw-p 00000000 00:00 0 
7f1b03fc0000-7f1b04000000 rw-p 00000000 00:00 0 
7f1b04000000-7f1b0432d000 rw-p 00000000 00:00 0 
7f1b0432d000-7f1b08000000 ---p 00000000 00:00 0 
7f1b08000000-7f1b08052000 rw-p 00000000 00:00 0 
7f1b08052000-7f1b0c000000 ---p 00000000 00:00 0 
7f1b0c000000-7f1b0c021000 rw-p 00000000 00:00 0 
7f1b0c021000-7f1b10000000 ---p 00000000 00:00 0 
7f1b10000000-7f1b10047000 rw-p 00000000 00:00 0 
7f1b10047000-7f1b14000000 ---p 00000000 00:00 0 
7f1b14000000-7f1b14021000 rw-p 00000000 00:00 0 
7f1b14021000-7f1b18000000 ---p 00000000 00:00 0 
7f1b18000000-7f1b1802d000 rw-p 00000000 00:00 0 
7f1b1802d000-7f1b1c000000 ---p 00000000 00:00 0 
7f1b1c000000-7f1b1c8da000 rw-p 00000000 00:00 0 
7f1b1c8da000-7f1b20000000 ---p 00000000 00:00 0 
7f1b20000000-7f1b20025000 rw-p 00000000 00:00 0 
7f1b20025000-7f1b24000000 ---p 00000000 00:00 0 
7f1b24000000-7f1b24021000 rw-p 00000000 00:00 0 
7f1b24021000-7f1b28000000 ---p 00000000 00:00 0 
7f1b28000000-7f1b28021000 rw-p 00000000 00:00 0 
7f1b28021000-7f1b2c000000 ---p 00000000 00:00 0 
7f1b2c000000-7f1b2c021000 rw-p 00000000 00:00 0 
7f1b2c021000-7f1b30000000 ---p 00000000 00:00 0 
7f1b30000000-7f1b30021000 rw-p 00000000 00:00 0 
7f1b30021000-7f1b34000000 ---p 00000000 00:00 0 
7f1b34400000-7f1b34500000 rw-p 00000000 00:00 0 
7f1b34500000-7f1b34600000 rw-p 00000000 00:00 0 
7f1b34600000-7f1b34b00000 rw-p 00000000 00:00 0 
7f1b34b00000-7f1b34c00000 rw-p 00000000 00:00 0 
7f1b35000000-7f1b35010000 r-xp 00000000 00:1207 356                      /home/runner/.cache/jdt-language-server/config/org.eclipse.equinox.launcher/org.eclipse.equinox.launcher.gtk.linux.x86_64_1.2.400.v20211117-0650/eclipse_11600.so
7f1b35010000-7f1b3520f000 ---p 00010000 00:1207 356                      /home/runner/.cache/jdt-language-server/config/org.eclipse.equinox.launcher/org.eclipse.equinox.launcher.gtk.linux.x86_64_1.2.400.v20211117-0650/eclipse_11600.so
7f1b3520f000-7f1b35210000 r--p 0000f000 00:1207 356                      /home/runner/.cache/jdt-language-server/config/org.eclipse.equinox.launcher/org.eclipse.equinox.launcher.gtk.linux.x86_64_1.2.400.v20211117-0650/eclipse_11600.so
7f1b35210000-7f1b35211000 rw-p 00010000 00:1207 356                      /home/runner/.cache/jdt-language-server/config/org.eclipse.equinox.launcher/org.eclipse.equinox.launcher.gtk.linux.x86_64_1.2.400.v20211117-0650/eclipse_11600.so
7f1b36300000-7f1b36304000 ---p 00000000 00:00 0 
7f1b36304000-7f1b36400000 rw-p 00000000 00:00 0 
7f1b36500000-7f1b36504000 ---p 00000000 00:00 0 
7f1b36504000-7f1b36600000 rw-p 00000000 00:00 0 
7f1b36700000-7f1b36704000 ---p 00000000 00:00 0 
7f1b36704000-7f1b36800000 rw-p 00000000 00:00 0 
7f1b36900000-7f1b36904000 ---p 00000000 00:00 0 
7f1b36904000-7f1b36a00000 rw-p 00000000 00:00 0 
7f1b36a00000-7f1b36a04000 ---p 00000000 00:00 0 
7f1b36a04000-7f1b36b00000 rw-p 00000000 00:00 0 
7f1b36b00000-7f1b36b04000 ---p 00000000 00:00 0 
7f1b36b04000-7f1b36c00000 rw-p 00000000 00:00 0 
7f1b36d00000-7f1b36d04000 ---p 00000000 00:00 0 
7f1b36d04000-7f1b36e00000 rw-p 00000000 00:00 0 
7f1b36f00000-7f1b36f04000 ---p 00000000 00:00 0 
7f1b36f04000-7f1b37000000 rw-p 00000000 00:00 0 
7f1b37000000-7f1b37004000 ---p 00000000 00:00 0 
7f1b37004000-7f1b37100000 rw-p 00000000 00:00 0 
7f1b37100000-7f1b37104000 ---p 00000000 00:00 0 
7f1b37104000-7f1b37200000 rw-p 00000000 00:00 0 
7f1b37300000-7f1b37304000 ---p 00000000 00:00 0 
7f1b37304000-7f1b37400000 rw-p 00000000 00:00 0 
7f1b37500000-7f1b37504000 ---p 00000000 00:00 0 
7f1b37504000-7f1b37600000 rw-p 00000000 00:00 0 
7f1b37700000-7f1b37704000 ---p 00000000 00:00 0 
7f1b37704000-7f1b37800000 rw-p 00000000 00:00 0 
7f1b37800000-7f1b37804000 ---p 00000000 00:00 0 
7f1b37804000-7f1b37900000 rw-p 00000000 00:00 0 
7f1b37900000-7f1b37904000 ---p 00000000 00:00 0 
7f1b37904000-7f1b37a00000 rw-p 00000000 00:00 0 
7f1b37b00000-7f1b37b04000 ---p 00000000 00:00 0 
7f1b37b04000-7f1b37c00000 rw-p 00000000 00:00 0 
7f1b37d00000-7f1b37d04000 ---p 00000000 00:00 0 
7f1b37d04000-7f1b37e00000 rw-p 00000000 00:00 0 
7f1b37f00000-7f1b37f04000 ---p 00000000 00:00 0 
7f1b37f04000-7f1b38000000 rw-p 00000000 00:00 0 
7f1b38000000-7f1b38021000 rw-p 00000000 00:00 0 
7f1b38021000-7f1b3c000000 ---p 00000000 00:00 0 
7f1b3c100000-7f1b3c104000 ---p 00000000 00:00 0 
7f1b3c104000-7f1b3c200000 rw-p 00000000 00:00 0 
7f1b3c300000-7f1b3c304000 ---p 00000000 00:00 0 
7f1b3c304000-7f1b3c400000 rw-p 00000000 00:00 0 
7f1b3c500000-7f1b3c504000 ---p 00000000 00:00 0 
7f1b3c504000-7f1b3c600000 rw-p 00000000 00:00 0 
7f1b3c600000-7f1b3c604000 ---p 00000000 00:00 0 
7f1b3c604000-7f1b3c700000 rw-p 00000000 00:00 0 
7f1b3c700000-7f1b3c704000 ---p 00000000 00:00 0 
7f1b3c704000-7f1b3c800000 rw-p 00000000 00:00 0 
7f1b3d468000-7f1b3d900000 rw-p 00000000 00:00 0 
7f1b3da00000-7f1b3fb6a000 r-xp 00000000 00:120b 4611686019135190040      /nix/store/gpxl5qgg8kicmcvivwmybwjlpf7wh20l-graalvm17-ce-22.3.0/lib/libjvmcicompiler.so
7f1b3fb6a000-7f1b3fd69000 ---p 0216a000 00:120b 4611686019135190040      /nix/store/gpxl5qgg8kicmcvivwmybwjlpf7wh20l-graalvm17-ce-22.3.0/lib/libjvmcicompiler.so
7f1b3fd69000-7f1b3fd6a000 r--p 02169000 00:120b 4611686019135190040      /nix/store/gpxl5qgg8kicmcvivwmybwjlpf7wh20l-graalvm17-ce-22.3.0/lib/libjvmcicompiler.so
7f1b3fd6a000-7f1b3fd6c000 rw-p 0216a000 00:120b 4611686019135190040      /nix/store/gpxl5qgg8kicmcvivwmybwjlpf7wh20l-graalvm17-ce-22.3.0/lib/libjvmcicompiler.so
7f1b3fd6c000-7f1b3fd6d000 rw-p 00000000 00:00 0 
7f1b3fd6d000-7f1b3fd72000 rw-p 023c3000 00:120b 4611686019135190040      /nix/store/gpxl5qgg8kicmcvivwmybwjlpf7wh20l-graalvm17-ce-22.3.0/lib/libjvmcicompiler.so
7f1b3fddc000-7f1b3fde0000 ---p 00000000 00:00 0 
7f1b3fde0000-7f1b3fdfe000 rw-p 00000000 00:00 0 
7f1b3fdfe000-7f1b3fdff000 ---p 00000000 00:00 0 
7f1b3fdff000-7f1b3ff00000 rw-p 00000000 00:00 0 
7f1b3ff00000-7f1b3ff04000 ---p 00000000 00:00 0 
7f1b3ff04000-7f1b40000000 rw-p 00000000 00:00 0 
7f1b40000000-7f1b40039000 rw-p 00000000 00:00 0 
7f1b40039000-7f1b44000000 ---p 00000000 00:00 0 
7f1b44000000-7f1b44021000 rw-p 00000000 00:00 0 
7f1b44021000-7f1b48000000 ---p 00000000 00:00 0 
7f1b48000000-7f1b480dd000 rw-p 00000000 00:00 0 
7f1b480dd000-7f1b4c000000 ---p 00000000 00:00 0 
7f1b4c000000-7f1b4cb75000 rw-p 00000000 00:00 0 
7f1b4cb75000-7f1b50000000 ---p 00000000 00:00 0 
7f1b50000000-7f1b50021000 rw-p 00000000 00:00 0 
7f1b50021000-7f1b54000000 ---p 00000000 00:00 0 
7f1b54000000-7f1b54021000 rw-p 00000000 00:00 0 
7f1b54021000-7f1b58000000 ---p 00000000 00:00 0 
7f1b58000000-7f1b58021000 rw-p 00000000 00:00 0 
7f1b58021000-7f1b5c000000 ---p 00000000 00:00 0 
7f1b5c000000-7f1b5c021000 rw-p 00000000 00:00 0 
7f1b5c021000-7f1b60000000 ---p 00000000 00:00 0 
7f1b60000000-7f1b60021000 rw-p 00000000 00:00 0 
7f1b60021000-7f1b64000000 ---p 00000000 00:00 0 
7f1b64000000-7f1b64021000 rw-p 00000000 00:00 0 
7f1b64021000-7f1b68000000 ---p 00000000 00:00 0 
7f1b68000000-7f1b68086000 rw-p 00000000 00:00 0 
7f1b68086000-7f1b6c000000 ---p 00000000 00:00 0 
7f1b6c013000-7f1b6c028000 r-xp 00000000 00:120b 4611686019135192570      /nix/store/gpxl5qgg8kicmcvivwmybwjlpf7wh20l-graalvm17-ce-22.3.0/lib/libnet.so
7f1b6c028000-7f1b6c029000 ---p 00015000 00:120b 4611686019135192570      /nix/store/gpxl5qgg8kicmcvivwmybwjlpf7wh20l-graalvm17-ce-22.3.0/lib/libnet.so
7f1b6c029000-7f1b6c02a000 r--p 00015000 00:120b 4611686019135192570      /nix/store/gpxl5qgg8kicmcvivwmybwjlpf7wh20l-graalvm17-ce-22.3.0/lib/libnet.so
7f1b6c02a000-7f1b6c02b000 rw-p 00016000 00:120b 4611686019135192570      /nix/store/gpxl5qgg8kicmcvivwmybwjlpf7wh20l-graalvm17-ce-22.3.0/lib/libnet.so
7f1b6c02b000-7f1b6c02e000 rw-p 0001b000 00:120b 4611686019135192570      /nix/store/gpxl5qgg8kicmcvivwmybwjlpf7wh20l-graalvm17-ce-22.3.0/lib/libnet.so
7f1b6c02e000-7f1b6c041000 r-xp 00000000 00:120b 4611686019135192571      /nix/store/gpxl5qgg8kicmcvivwmybwjlpf7wh20l-graalvm17-ce-22.3.0/lib/libnio.so
7f1b6c041000-7f1b6c042000 r--p 00012000 00:120b 4611686019135192571      /nix/store/gpxl5qgg8kicmcvivwmybwjlpf7wh20l-graalvm17-ce-22.3.0/lib/libnio.so
7f1b6c042000-7f1b6c043000 rw-p 00013000 00:120b 4611686019135192571      /nix/store/gpxl5qgg8kicmcvivwmybwjlpf7wh20l-graalvm17-ce-22.3.0/lib/libnio.so
7f1b6c043000-7f1b6c048000 rw-p 00019000 00:120b 4611686019135192571      /nix/store/gpxl5qgg8kicmcvivwmybwjlpf7wh20l-graalvm17-ce-22.3.0/lib/libnio.so
7f1b6c048000-7f1b6c04c000 ---p 00000000 00:00 0 
7f1b6c04c000-7f1b6c148000 rw-p 00000000 00:00 0 
7f1b6c148000-7f1b6c14c000 ---p 00000000 00:00 0 
7f1b6c14c000-7f1b6c248000 rw-p 00000000 00:00 0 
7f1b6c248000-7f1b6c24c000 ---p 00000000 00:00 0 
7f1b6c24c000-7f1b6c448000 rw-p 00000000 00:00 0 
7f1b6c448000-7f1b6c44c000 ---p 00000000 00:00 0 
7f1b6c44c000-7f1b6c648000 rw-p 00000000 00:00 0 
7f1b6c648000-7f1b6c64c000 ---p 00000000 00:00 0 
7f1b6c64c000-7f1b6c748000 rw-p 00000000 00:00 0 
7f1b6c748000-7f1b6c74c000 ---p 00000000 00:00 0 
7f1b6c74c000-7f1b6c848000 rw-p 00000000 00:00 0 
7f1b6c848000-7f1b6c84c000 ---p 00000000 00:00 0 
7f1b6c84c000-7f1b6c948000 rw-p 00000000 00:00 0 
7f1b6c948000-7f1b6cc2e000 r--p 00000000 00:11d7 28444448                 /usr/lib/locale/locale-archive
7f1b6cc2e000-7f1b6cc32000 ---p 00000000 00:00 0 
7f1b6cc32000-7f1b6cd2e000 rw-p 00000000 00:00 0 
7f1b6cd2e000-7f1b6cd32000 ---p 00000000 00:00 0 
7f1b6cd32000-7f1b6ce2e000 rw-p 00000000 00:00 0 
7f1b6ce2e000-7f1b6ce2f000 ---p 00000000 00:00 0 
7f1b6ce2f000-7f1b6cf30000 rw-p 00000000 00:00 0 
7f1b6cf30000-7f1b6cffe000 r-xp 00000000 00:120b 4611686019135190036      /nix/store/gpxl5qgg8kicmcvivwmybwjlpf7wh20l-graalvm17-ce-22.3.0/lib/libjsvml.so
7f1b6cffe000-7f1b6cfff000 r--p 000cd000 00:120b 4611686019135190036      /nix/store/gpxl5qgg8kicmcvivwmybwjlpf7wh20l-graalvm17-ce-22.3.0/lib/libjsvml.so
7f1b6cfff000-7f1b6d000000 rw-p 000ce000 00:120b 4611686019135190036      /nix/store/gpxl5qgg8kicmcvivwmybwjlpf7wh20l-graalvm17-ce-22.3.0/lib/libjsvml.so
7f1b6d000000-7f1b6d400000 rw-p 00000000 00:00 0 
7f1b6d400000-7f1b6d700000 rw-p 00000000 00:00 0 
7f1b6d700000-7f1b6d800000 rw-p 00000000 00:00 0 
7f1b6d80c000-7f1b6f0da000 rw-p 00000000 00:00 0 
7f1b6f0da000-7f1b6f0db000 ---p 00000000 00:00 0 
7f1b6f0db000-7f1b6f286000 rw-p 00000000 00:00 0 
7f1b6f286000-7f1b6f2a3000 rw-p 00000000 00:00 0 
7f1b6f2a3000-7f1b6f2dc000 ---p 00000000 00:00 0 
7f1b6f2dc000-7f1b6f2e3000 rw-p 00000000 00:00 0 
7f1b6f2e3000-7f1b6f3c8000 ---p 00000000 00:00 0 
7f1b6f3c8000-7f1b6f3e9000 rw-p 00000000 00:00 0 
7f1b6f3e9000-7f1b6f4b3000 ---p 00000000 00:00 0 
7f1b6f4b3000-7f1b6f723000 rwxp 00000000 00:00 0 
7f1b6f723000-7f1b6fa42000 ---p 00000000 00:00 0 
7f1b6fa42000-7f1b70a62000 rwxp 00000000 00:00 0 
7f1b70a62000-7f1b76f7a000 ---p 00000000 00:00 0 
7f1b76f7a000-7f1b7724a000 rwxp 00000000 00:00 0 
7f1b7724a000-7f1b7e4b3000 ---p 00000000 00:00 0 
7f1b7e4b3000-7f1b88000000 r--s 00000000 00:120b 4611686019135192581      /nix/store/gpxl5qgg8kicmcvivwmybwjlpf7wh20l-graalvm17-ce-22.3.0/lib/modules
7f1b88000000-7f1b88605000 rw-p 00000000 00:00 0 
7f1b88605000-7f1b8c000000 ---p 00000000 00:00 0 
7f1b8c004000-7f1b8c006000 r-xp 00000000 00:120b 4611686019135190017      /nix/store/gpxl5qgg8kicmcvivwmybwjlpf7wh20l-graalvm17-ce-22.3.0/lib/libextnet.so
7f1b8c006000-7f1b8c007000 r--p 00001000 00:120b 4611686019135190017      /nix/store/gpxl5qgg8kicmcvivwmybwjlpf7wh20l-graalvm17-ce-22.3.0/lib/libextnet.so
7f1b8c007000-7f1b8c008000 rw-p 00002000 00:120b 4611686019135190017      /nix/store/gpxl5qgg8kicmcvivwmybwjlpf7wh20l-graalvm17-ce-22.3.0/lib/libextnet.so
7f1b8c008000-7f1b8c009000 rw-p 00004000 00:120b 4611686019135190017      /nix/store/gpxl5qgg8kicmcvivwmybwjlpf7wh20l-graalvm17-ce-22.3.0/lib/libextnet.so
7f1b8c009000-7f1b8c010000 r-xp 00000000 00:120b 4611686019135192580      /nix/store/gpxl5qgg8kicmcvivwmybwjlpf7wh20l-graalvm17-ce-22.3.0/lib/libzip.so
7f1b8c010000-7f1b8c011000 ---p 00007000 00:120b 4611686019135192580      /nix/store/gpxl5qgg8kicmcvivwmybwjlpf7wh20l-graalvm17-ce-22.3.0/lib/libzip.so
7f1b8c011000-7f1b8c012000 r--p 00007000 00:120b 4611686019135192580      /nix/store/gpxl5qgg8kicmcvivwmybwjlpf7wh20l-graalvm17-ce-22.3.0/lib/libzip.so
7f1b8c012000-7f1b8c013000 rw-p 00008000 00:120b 4611686019135192580      /nix/store/gpxl5qgg8kicmcvivwmybwjlpf7wh20l-graalvm17-ce-22.3.0/lib/libzip.so
7f1b8c013000-7f1b8c015000 rw-p 0000b000 00:120b 4611686019135192580      /nix/store/gpxl5qgg8kicmcvivwmybwjlpf7wh20l-graalvm17-ce-22.3.0/lib/libzip.so
7f1b8c015000-7f1b8c024000 rw-p 00000000 00:00 0 
7f1b8c024000-7f1b8c02b000 ---p 00000000 00:00 0 
7f1b8c02b000-7f1b8c04f000 r-xp 00000000 00:120b 4611686019135190028      /nix/store/gpxl5qgg8kicmcvivwmybwjlpf7wh20l-graalvm17-ce-22.3.0/lib/libjava.so
7f1b8c04f000-7f1b8c050000 ---p 00024000 00:120b 4611686019135190028      /nix/store/gpxl5qgg8kicmcvivwmybwjlpf7wh20l-graalvm17-ce-22.3.0/lib/libjava.so
7f1b8c050000-7f1b8c051000 r--p 00024000 00:120b 4611686019135190028      /nix/store/gpxl5qgg8kicmcvivwmybwjlpf7wh20l-graalvm17-ce-22.3.0/lib/libjava.so
7f1b8c051000-7f1b8c052000 rw-p 00025000 00:120b 4611686019135190028      /nix/store/gpxl5qgg8kicmcvivwmybwjlpf7wh20l-graalvm17-ce-22.3.0/lib/libjava.so
7f1b8c052000-7f1b8c053000 rw-p 00000000 00:00 0 
7f1b8c053000-7f1b8c05a000 rw-p 0002f000 00:120b 4611686019135190028      /nix/store/gpxl5qgg8kicmcvivwmybwjlpf7wh20l-graalvm17-ce-22.3.0/lib/libjava.so
7f1b8c05a000-7f1b8c062000 rw-s 00000000 00:7c8 353                       /tmp/hsperfdata_runner/42
7f1b8c062000-7f1b8c063000 ---p 00000000 00:00 0 
7f1b8c063000-7f1b8c064000 r--p 00000000 00:00 0 
7f1b8c064000-7f1b8c065000 rwxp 00000000 00:00 0 
7f1b8c065000-7f1b8c080000 r-xp 00000000 00:120b 4611686019135190032      /nix/store/gpxl5qgg8kicmcvivwmybwjlpf7wh20l-graalvm17-ce-22.3.0/lib/libjimage.so
7f1b8c080000-7f1b8c081000 ---p 0001b000 00:120b 4611686019135190032      /nix/store/gpxl5qgg8kicmcvivwmybwjlpf7wh20l-graalvm17-ce-22.3.0/lib/libjimage.so
7f1b8c081000-7f1b8c083000 r--p 0001b000 00:120b 4611686019135190032      /nix/store/gpxl5qgg8kicmcvivwmybwjlpf7wh20l-graalvm17-ce-22.3.0/lib/libjimage.so
7f1b8c083000-7f1b8c084000 rw-p 0001d000 00:120b 4611686019135190032      /nix/store/gpxl5qgg8kicmcvivwmybwjlpf7wh20l-graalvm17-ce-22.3.0/lib/libjimage.so
7f1b8c084000-7f1b8c085000 rw-p 00024000 00:120b 4611686019135190032      /nix/store/gpxl5qgg8kicmcvivwmybwjlpf7wh20l-graalvm17-ce-22.3.0/lib/libjimage.so
7f1b8c085000-7f1b8c089000 ---p 00000000 00:00 0 
7f1b8c089000-7f1b8c185000 rw-p 00000000 00:00 0 
7f1b8c185000-7f1b8c193000 r--p 00000000 00:120b 4611686019027979927      /nix/store/4nlgxhb09sdr51nc9hdm8az5b08vzkgx-glibc-2.35-163/lib/libm.so.6
7f1b8c193000-7f1b8c206000 r-xp 0000e000 00:120b 4611686019027979927      /nix/store/4nlgxhb09sdr51nc9hdm8az5b08vzkgx-glibc-2.35-163/lib/libm.so.6
7f1b8c206000-7f1b8c263000 r--p 00081000 00:120b 4611686019027979927      /nix/store/4nlgxhb09sdr51nc9hdm8az5b08vzkgx-glibc-2.35-163/lib/libm.so.6
7f1b8c263000-7f1b8c264000 r--p 000dd000 00:120b 4611686019027979927      /nix/store/4nlgxhb09sdr51nc9hdm8az5b08vzkgx-glibc-2.35-163/lib/libm.so.6
7f1b8c264000-7f1b8c265000 rw-p 000de000 00:120b 4611686019027979927      /nix/store/4nlgxhb09sdr51nc9hdm8az5b08vzkgx-glibc-2.35-163/lib/libm.so.6
7f1b8c265000-7f1b8c266000 r--p 00000000 00:120b 4611686019027979946      /nix/store/4nlgxhb09sdr51nc9hdm8az5b08vzkgx-glibc-2.35-163/lib/librt.so.1
7f1b8c266000-7f1b8c267000 r-xp 00001000 00:120b 4611686019027979946      /nix/store/4nlgxhb09sdr51nc9hdm8az5b08vzkgx-glibc-2.35-163/lib/librt.so.1
7f1b8c267000-7f1b8c268000 r--p 00002000 00:120b 4611686019027979946      /nix/store/4nlgxhb09sdr51nc9hdm8az5b08vzkgx-glibc-2.35-163/lib/librt.so.1
7f1b8c268000-7f1b8c269000 r--p 00002000 00:120b 4611686019027979946      /nix/store/4nlgxhb09sdr51nc9hdm8az5b08vzkgx-glibc-2.35-163/lib/librt.so.1
7f1b8c269000-7f1b8c26a000 rw-p 00003000 00:120b 4611686019027979946      /nix/store/4nlgxhb09sdr51nc9hdm8az5b08vzkgx-glibc-2.35-163/lib/librt.so.1
7f1b8c26a000-7f1b8d37d000 r-xp 00000000 00:120b 4611686019135360866      /nix/store/gpxl5qgg8kicmcvivwmybwjlpf7wh20l-graalvm17-ce-22.3.0/lib/server/libjvm.so
7f1b8d37d000-7f1b8d37e000 ---p 01113000 00:120b 4611686019135360866      /nix/store/gpxl5qgg8kicmcvivwmybwjlpf7wh20l-graalvm17-ce-22.3.0/lib/server/libjvm.so
7f1b8d37e000-7f1b8d433000 r--p 01113000 00:120b 4611686019135360866      /nix/store/gpxl5qgg8kicmcvivwmybwjlpf7wh20l-graalvm17-ce-22.3.0/lib/server/libjvm.so
7f1b8d433000-7f1b8d467000 rw-p 011c8000 00:120b 4611686019135360866      /nix/store/gpxl5qgg8kicmcvivwmybwjlpf7wh20l-graalvm17-ce-22.3.0/lib/server/libjvm.so
7f1b8d467000-7f1b8d4c3000 rw-p 00000000 00:00 0 
7f1b8d4c3000-7f1b8d4eb000 r--p 00000000 00:120b 4611686019027979918      /nix/store/4nlgxhb09sdr51nc9hdm8az5b08vzkgx-glibc-2.35-163/lib/libc.so.6
7f1b8d4eb000-7f1b8d661000 r-xp 00028000 00:120b 4611686019027979918      /nix/store/4nlgxhb09sdr51nc9hdm8az5b08vzkgx-glibc-2.35-163/lib/libc.so.6
7f1b8d661000-7f1b8d6b9000 r--p 0019e000 00:120b 4611686019027979918      /nix/store/4nlgxhb09sdr51nc9hdm8az5b08vzkgx-glibc-2.35-163/lib/libc.so.6
7f1b8d6b9000-7f1b8d6bd000 r--p 001f6000 00:120b 4611686019027979918      /nix/store/4nlgxhb09sdr51nc9hdm8az5b08vzkgx-glibc-2.35-163/lib/libc.so.6
7f1b8d6bd000-7f1b8d6bf000 rw-p 001fa000 00:120b 4611686019027979918      /nix/store/4nlgxhb09sdr51nc9hdm8az5b08vzkgx-glibc-2.35-163/lib/libc.so.6
7f1b8d6bf000-7f1b8d6ce000 rw-p 00000000 00:00 0 
7f1b8d6ce000-7f1b8d6cf000 r--p 00000000 00:120b 4611686019027979923      /nix/store/4nlgxhb09sdr51nc9hdm8az5b08vzkgx-glibc-2.35-163/lib/libdl.so.2
7f1b8d6cf000-7f1b8d6d0000 r-xp 00001000 00:120b 4611686019027979923      /nix/store/4nlgxhb09sdr51nc9hdm8az5b08vzkgx-glibc-2.35-163/lib/libdl.so.2
7f1b8d6d0000-7f1b8d6d1000 r--p 00002000 00:120b 4611686019027979923      /nix/store/4nlgxhb09sdr51nc9hdm8az5b08vzkgx-glibc-2.35-163/lib/libdl.so.2
7f1b8d6d1000-7f1b8d6d2000 r--p 00002000 00:120b 4611686019027979923      /nix/store/4nlgxhb09sdr51nc9hdm8az5b08vzkgx-glibc-2.35-163/lib/libdl.so.2
7f1b8d6d2000-7f1b8d6d3000 rw-p 00003000 00:120b 4611686019027979923      /nix/store/4nlgxhb09sdr51nc9hdm8az5b08vzkgx-glibc-2.35-163/lib/libdl.so.2
7f1b8d6d3000-7f1b8d6d4000 r--p 00000000 00:120b 4611686019027979942      /nix/store/4nlgxhb09sdr51nc9hdm8az5b08vzkgx-glibc-2.35-163/lib/libpthread.so.0
7f1b8d6d4000-7f1b8d6d5000 r-xp 00001000 00:120b 4611686019027979942      /nix/store/4nlgxhb09sdr51nc9hdm8az5b08vzkgx-glibc-2.35-163/lib/libpthread.so.0
7f1b8d6d5000-7f1b8d6d6000 r--p 00002000 00:120b 4611686019027979942      /nix/store/4nlgxhb09sdr51nc9hdm8az5b08vzkgx-glibc-2.35-163/lib/libpthread.so.0
7f1b8d6d6000-7f1b8d6d7000 r--p 00002000 00:120b 4611686019027979942      /nix/store/4nlgxhb09sdr51nc9hdm8az5b08vzkgx-glibc-2.35-163/lib/libpthread.so.0
7f1b8d6d7000-7f1b8d6d8000 rw-p 00003000 00:120b 4611686019027979942      /nix/store/4nlgxhb09sdr51nc9hdm8az5b08vzkgx-glibc-2.35-163/lib/libpthread.so.0
7f1b8d6d8000-7f1b8d6e6000 r-xp 00000000 00:120b 4611686019135190033      /nix/store/gpxl5qgg8kicmcvivwmybwjlpf7wh20l-graalvm17-ce-22.3.0/lib/libjli.so
7f1b8d6e6000-7f1b8d6e7000 ---p 0000e000 00:120b 4611686019135190033      /nix/store/gpxl5qgg8kicmcvivwmybwjlpf7wh20l-graalvm17-ce-22.3.0/lib/libjli.so
7f1b8d6e7000-7f1b8d6e8000 r--p 0000e000 00:120b 4611686019135190033      /nix/store/gpxl5qgg8kicmcvivwmybwjlpf7wh20l-graalvm17-ce-22.3.0/lib/libjli.so
7f1b8d6e8000-7f1b8d6e9000 rw-p 0000f000 00:120b 4611686019135190033      /nix/store/gpxl5qgg8kicmcvivwmybwjlpf7wh20l-graalvm17-ce-22.3.0/lib/libjli.so
7f1b8d6e9000-7f1b8d6ea000 rw-p 00012000 00:120b 4611686019135190033      /nix/store/gpxl5qgg8kicmcvivwmybwjlpf7wh20l-graalvm17-ce-22.3.0/lib/libjli.so
7f1b8d6ea000-7f1b8d6ed000 r--p 00000000 00:120b 4611686019106210071      /nix/store/026hln0aq1hyshaxsdvhg0kmcm6yf45r-zlib-1.2.13/lib/libz.so.1.2.13
7f1b8d6ed000-7f1b8d6ff000 r-xp 00003000 00:120b 4611686019106210071      /nix/store/026hln0aq1hyshaxsdvhg0kmcm6yf45r-zlib-1.2.13/lib/libz.so.1.2.13
7f1b8d6ff000-7f1b8d706000 r--p 00015000 00:120b 4611686019106210071      /nix/store/026hln0aq1hyshaxsdvhg0kmcm6yf45r-zlib-1.2.13/lib/libz.so.1.2.13
7f1b8d706000-7f1b8d707000 r--p 0001b000 00:120b 4611686019106210071      /nix/store/026hln0aq1hyshaxsdvhg0kmcm6yf45r-zlib-1.2.13/lib/libz.so.1.2.13
7f1b8d707000-7f1b8d708000 rw-p 0001c000 00:120b 4611686019106210071      /nix/store/026hln0aq1hyshaxsdvhg0kmcm6yf45r-zlib-1.2.13/lib/libz.so.1.2.13
7f1b8d708000-7f1b8d70a000 rw-p 00000000 00:00 0 
7f1b8d70a000-7f1b8d70c000 r--p 00000000 00:120b 4611686019027979912      /nix/store/4nlgxhb09sdr51nc9hdm8az5b08vzkgx-glibc-2.35-163/lib/ld-linux-x86-64.so.2
7f1b8d70c000-7f1b8d733000 r-xp 00002000 00:120b 4611686019027979912      /nix/store/4nlgxhb09sdr51nc9hdm8az5b08vzkgx-glibc-2.35-163/lib/ld-linux-x86-64.so.2
7f1b8d733000-7f1b8d73f000 r--p 00029000 00:120b 4611686019027979912      /nix/store/4nlgxhb09sdr51nc9hdm8az5b08vzkgx-glibc-2.35-163/lib/ld-linux-x86-64.so.2
7f1b8d73f000-7f1b8d741000 r--p 00034000 00:120b 4611686019027979912      /nix/store/4nlgxhb09sdr51nc9hdm8az5b08vzkgx-glibc-2.35-163/lib/ld-linux-x86-64.so.2
7f1b8d741000-7f1b8d743000 rw-p 00036000 00:120b 4611686019027979912      /nix/store/4nlgxhb09sdr51nc9hdm8az5b08vzkgx-glibc-2.35-163/lib/ld-linux-x86-64.so.2
7ffca9970000-7ffca9995000 rw-p 00000000 00:00 0                          [stack]
7ffca999c000-7ffca99a0000 r--p 00000000 00:00 0                          [vvar]
7ffca99a0000-7ffca99a2000 r-xp 00000000 00:00 0                          [vdso]
ffffffffff600000-ffffffffff601000 --xp 00000000 00:00 0                  [vsyscall]


VM Arguments:
jvm_args: -XX:ThreadPriorityPolicy=1 -XX:+UnlockExperimentalVMOptions -XX:+EnableJVMCIProduct -XX:JVMCIThreadsPerNativeLibraryRuntime=1 -XX:-UnlockExperimentalVMOptions -Declipse.application=org.eclipse.jdt.ls.core.id1 -Dosgi.bundles.defaultStartLevel=4 -Declipse.product=org.eclipse.jdt.ls.core.product -Dlog.level=ALL -Xverify:none -XX:+UseParallelGC -XX:GCTimeRatio=4 -XX:AdaptiveSizePolicyWeight=90 -Dsun.zip.disableMemoryMapping=true -Xmx512m -Xms100m 
java_command: /nix/store/m6gcpi1ii6rghy04cjwjddcavv7i90df-jdt-language-server-1.9.0/share/java/plugins/org.eclipse.equinox.launcher_1.6.400.v20210924-0641.jar --add-modules=ALL-SYSTEM --add-opens java.base/java.util=ALL-UNNAMED --add-opens java.base/java.lang=ALL-UNNAMED -configuration /home/runner/.cache/jdt-language-server/config -data /home/runner/.cache/jdt-language-server/data/home/runner/Grading-System
java_class_path (initial): /nix/store/m6gcpi1ii6rghy04cjwjddcavv7i90df-jdt-language-server-1.9.0/share/java/plugins/org.eclipse.equinox.launcher_1.6.400.v20210924-0641.jar
Launcher Type: SUN_STANDARD

[Global flags]
    uintx AdaptiveSizePolicyWeight                 = 90                                        {product} {command line}
     intx CICompilerCount                          = 2                                         {product} {ergonomic}
     bool EnableJVMCIProduct                       = true                                {JVMCI product} {jimage}
    uintx GCTimeRatio                              = 4                                         {product} {command line}
   size_t InitialHeapSize                          = 104857600                                 {product} {command line}
     uint JVMCIThreadsPerNativeLibraryRuntime      = 1                                   {JVMCI product} {jimage}
   size_t MaxHeapSize                              = 536870912                                 {product} {command line}
   size_t MaxNewSize                               = 178782208                                 {product} {ergonomic}
   size_t MinHeapDeltaBytes                        = 524288                                    {product} {ergonomic}
   size_t MinHeapSize                              = 104857600                                 {product} {command line}
   size_t NewSize                                  = 34603008                                  {product} {ergonomic}
    uintx NonNMethodCodeHeapSize                   = 5826188                                {pd product} {ergonomic}
    uintx NonProfiledCodeHeapSize                  = 122916026                              {pd product} {ergonomic}
   size_t OldSize                                  = 70254592                                  {product} {ergonomic}
    uintx ProfiledCodeHeapSize                     = 122916026                              {pd product} {ergonomic}
    uintx ReservedCodeCacheSize                    = 251658240                              {pd product} {ergonomic}
     bool SegmentedCodeCache                       = true                                      {product} {ergonomic}
   size_t SoftMaxHeapSize                          = 536870912                              {manageable} {ergonomic}
     intx ThreadPriorityPolicy                     = 1                                         {product} {jimage}
     bool UseCompressedClassPointers               = true                           {product lp64_product} {ergonomic}
     bool UseCompressedOops                        = true                           {product lp64_product} {ergonomic}
     bool UseParallelGC                            = true                                      {product} {command line}

Logging:
Log output configuration:
 #0: stdout all=warning uptime,level,tags
 #1: stderr all=off uptime,level,tags

Environment Variables:
JAVA_HOME=/nix/store/gpxl5qgg8kicmcvivwmybwjlpf7wh20l-graalvm17-ce-22.3.0
PATH=/nix/store/1d6ian3r8kdzspw8hacjhl3xkp40g1lj-binutils-wrapper-2.39/bin:/nix/store/dq0xwmsk1g0i2ayg6pb7y87na2knzylh-gcc-wrapper-11.3.0/bin:/nix/store/bap4d0lpcrhpwmpb8ayjcgkmvfj62lnq-bash-interactive-5.1-p16/bin:/nix/store/pr5n59mb4jzmfx6kanwxly0l07p861fg-patchelf-0.15.0/bin:/nix/store/1gf2flfqnpqbr1b4p4qz2f72y42bs56r-gcc-11.3.0/bin:/nix/store/57xv61c5zi8pphjbcwxxjlgc34p61ic9-glibc-2.35-163-bin/bin:/nix/store/a7gvj343m05j2s32xcnwr35v31ynlypr-coreutils-9.1/bin:/nix/store/039g378vc3pc3dvi9dzdlrd0i4q93qwf-binutils-2.39/bin:/nix/store/gpxl5qgg8kicmcvivwmybwjlpf7wh20l-graalvm17-ce-22.3.0/bin:/nix/store/6z9ag3ihc8mq2hzsw48lhbznvzny65nz-apache-maven-3.8.6/bin:/nix/store/m6gcpi1ii6rghy04cjwjddcavv7i90df-jdt-language-server-1.9.0/bin:/nix/store/84xs5alhs01zrbr4ywm05kxbjbp5590l-java-debug/bin:/nix/store/mydc6f4k2z73xlcz7ilif3v2lcaiqvza-findutils-4.9.0/bin:/nix/store/j9p3g8472iijd50vhdprx0nmk2fqn5gv-diffutils-3.8/bin:/nix/store/89zs7rms6x00xfq4dq6m7mjnhkr8a6r4-gnused-4.8/bin:/nix/store/86bp03jkmsl6f92w0yzg4s59g5mhxwmy-gnugrep-3.7/bin:/nix/store/hwcdqw4jrjnd37wxqgsd47hd0j8bnj09-gawk-5.1.1/bin:/nix/store/cfbhw8r8ags41vwqaz47r583d0p4h4a1-gnutar-1.34/bin:/nix/store/p3m1ndl1lapwrlh698bnb5lvvxh67378-gzip-1.12/bin:/nix/store/a8mhcagrsly7c7mpjrpsnaahk4aax056-bzip2-1.0.8-bin/bin:/nix/store/mblgz65m3zv9x548a3d5m96fj2pbwr09-gnumake-4.3/bin:/nix/store/dsd5gz46hdbdk2rfdimqddhq6m8m8fqs-bash-5.1-p16/bin:/nix/store/v7ljksji50mg3w61dykaa3n3y79n6nil-patch-2.7.6/bin:/nix/store/zlcnmqq14jz5x9439jf937mvayyl63da-xz-5.2.7-bin/bin:/nix/store/y6aj732zm9m87c82fpvf103a1xb22blp-file-5.43/bin:/nix/store/i4kzir3m7mrisxmf5xvlnkw01x4qaqr4-prybar-elisp-0.0.0-e0d9a52/bin:/nix/store/lwwivxf6h7x3cvxp9zv8sj0mv7dak99r-prybar-lua-0.0.0-e0d9a52/bin:/nix/store/gxj28g1cg4hq3qanmjv07156h800qr58-prybar-python3-0.0.0-e0d9a52/bin:/nix/store/hshkjnxrgidigf8x75vg6lqng2xlx9i3-prybar-sqlite-0.0.0-e0d9a52/bin:/nix/store/c4w01bpjgyy5ixmwdk8m1pw87zq4sl26-prybar-tcl-0.0.0-e0d9a52/bin:/nix/store/hpbvrlwd5viqmvcaisb3x0118i913a9n-st
LD_LIBRARY_PATH=/nix/store/a4pff549sk2idnkpzk5nsfps3mdkdnvm-cups-2.4.2-lib/lib:/nix/store/72mqxxhh3cy5yifh92wh2yb8cl2hikyy-cairo-1.16.0/lib:/nix/store/2k366jrbsra97gjfxwvrhvixjfxdach5-glib-2.74.1/lib:/nix/store/2j2znigd8ak37rlwh9khz0ry3clqlw1l-gtk+3-3.24.34/lib:/nix/store/hisqvx32cd57apbpcsnkpx6k3549wql1-libglvnd-1.4.0/lib:/nix/store/p36pgcv991mq5srvg765b78yqpxvk3qs-mesa-21.3.3-drivers/lib:/nix/store/mav4251if1ahjq5vkpwycyyvnmy459c4-pulseaudio-14.2/lib
DISPLAY=:0
LANG=en_US.UTF-8

Signal Handlers:
   SIGSEGV: crash_handler in libjvm.so, mask=11100100010111111101111111111110, flags=SA_RESTART|SA_SIGINFO
    SIGBUS: crash_handler in libjvm.so, mask=11100100010111111101111111111110, flags=SA_RESTART|SA_SIGINFO
    SIGFPE: crash_handler in libjvm.so, mask=11100100010111111101111111111110, flags=SA_RESTART|SA_SIGINFO
   SIGPIPE: IsolateEnterStub_IgnoreSIGPIPEStartupHook_noopSignalHandler_8f19bff2f35b5f630d83b364d6b2339320d4ec70_216e8361c6bc87a8f89f58cc10d3b2fd4415bf87 in libjvmcicompiler.so, mask=00000000000000000000000000000000, flags=SA_RESTART
  *** Handler was modified!
  *** Expected: javaSignalHandler in libjvm.so, mask=11100100110111111111111111111110, flags=SA_RESTART|SA_SIGINFO
   SIGXFSZ: javaSignalHandler in libjvm.so, mask=11100100010111111101111111111110, flags=SA_RESTART|SA_SIGINFO
    SIGILL: crash_handler in libjvm.so, mask=11100100010111111101111111111110, flags=SA_RESTART|SA_SIGINFO
   SIGUSR2: SR_handler in libjvm.so, mask=00000000000000000000000000000000, flags=SA_RESTART|SA_SIGINFO
    SIGHUP: UserHandler in libjvm.so, mask=11100100010111111101111111111110, flags=SA_RESTART|SA_SIGINFO
    SIGINT: UserHandler in libjvm.so, mask=11100100010111111101111111111110, flags=SA_RESTART|SA_SIGINFO
   SIGTERM: UserHandler in libjvm.so, mask=11100100010111111101111111111110, flags=SA_RESTART|SA_SIGINFO
   SIGQUIT: UserHandler in libjvm.so, mask=11100100010111111101111111111110, flags=SA_RESTART|SA_SIGINFO
  *** Handler was modified!
  *** Expected: javaSignalHandler in libjvm.so, mask=11100100110111111111111111111110, flags=SA_RESTART|SA_SIGINFO
   SIGTRAP: crash_handler in libjvm.so, mask=11100100010111111101111111111110, flags=SA_RESTART|SA_SIGINFO


---------------  S Y S T E M  ---------------

OS:
DISTRIB_ID=Ubuntu
DISTRIB_RELEASE=20.04
DISTRIB_CODENAME=focal
DISTRIB_DESCRIPTION="Ubuntu 20.04.2 LTS"
uname: Linux 5.15.0-1032-gcp #40~20.04.1-Ubuntu SMP Tue Apr 11 02:49:52 UTC 2023 x86_64
OS uptime: 0 days 3:13 hours
libc: glibc 2.35 NPTL 2.35 
rlimit (soft/hard): STACK 8192k/infinity , CORE infinity/infinity , NPROC infinity/infinity , NOFILE 5242/5242 , AS infinity/infinity , CPU infinity/infinity , DATA infinity/infinity , FSIZE infinity/infinity , MEMLOCK 64k/64k
load average: 15.80 14.11 13.04

/proc/meminfo:
MemTotal:       65852700 kB
MemFree:        20098560 kB
MemAvailable:   38525468 kB
Buffers:         1689828 kB
Cached:         15654068 kB
SwapCached:            0 kB
Active:          7580868 kB
Inactive:       34400000 kB
Active(anon):      16288 kB
Inactive(anon): 24360800 kB
Active(file):    7564580 kB
Inactive(file): 10039200 kB
Unevictable:       42760 kB
Mlocked:           42760 kB
SwapTotal:             0 kB
SwapFree:              0 kB
Dirty:              2128 kB
Writeback:             0 kB
AnonPages:      23734592 kB
Mapped:          1626980 kB
Shmem:             26632 kB
KReclaimable:    1549728 kB
Slab:            2740596 kB
SReclaimable:    1549728 kB
SUnreclaim:      1190868 kB
KernelStack:      408012 kB
PageTables:       204252 kB
NFS_Unstable:          0 kB
Bounce:                0 kB
WritebackTmp:          0 kB
CommitLimit:    32926348 kB
Committed_AS:   75673984 kB
VmallocTotal:   34359738367 kB
VmallocUsed:      447988 kB
VmallocChunk:          0 kB
Percpu:            58528 kB
HardwareCorrupted:     0 kB
AnonHugePages:   7960576 kB
ShmemHugePages:        0 kB
ShmemPmdMapped:        0 kB
FileHugePages:         0 kB
FilePmdMapped:         0 kB
HugePages_Total:       0
HugePages_Free:        0
HugePages_Rsvd:        0
HugePages_Surp:        0
Hugepagesize:       2048 kB
Hugetlb:               0 kB
DirectMap4k:     3812152 kB
DirectMap2M:    44419072 kB
DirectMap1G:    20971520 kB

/sys/kernel/mm/transparent_hugepage/enabled: always [madvise] never
/sys/kernel/mm/transparent_hugepage/defrag (defrag/compaction efforts parameter): always defer defer+madvise [madvise] never

Process Memory:
Virtual Size: 4855424K (peak: 4944704K)
Resident Set Size: 752192K (peak: 809664K) (anon: 558880K, file: 193312K, shmem: 0K)
Swapped out: 0K
C-Heap outstanding allocations: 43902K, retained: 13957K
glibc malloc tunables: (default)

/proc/sys/kernel/threads-max (system-wide limit on the number of threads): 514406
/proc/sys/vm/max_map_count (maximum number of memory map areas a process may have): 65530
/proc/sys/kernel/pid_max (system-wide limit on number of process identifiers): 4194304

container (cgroup) information:
container_type: cgroupv1
cpu_cpuset_cpus: 2-7
cpu_memory_nodes: 0
active_processor_count: 1
cpu_quota: 50000
cpu_period: 100000
cpu_shares: 512
memory_limit_in_bytes: 1048576 k
memory_and_swap_limit_in_bytes: 1048576 k
memory_soft_limit_in_bytes: 524288 k
memory_usage_in_bytes: 626940 k
memory_max_usage_in_bytes: 684592 k
maximum number of tasks: 1000
current number of tasks: 47

KVM virtualization detected
Steal ticks since vm start: 0
Steal ticks percentage since vm start:  0.000

CPU: total 8 (initial active 1) (8 cores per cpu, 2 threads per core) family 23 model 49 stepping 0 microcode 0xffffffff, cx8, cmov, fxsr, ht, mmx, 3dnowpref, sse, sse2, sse3, ssse3, sse4a, sse4.1, sse4.2, popcnt, lzcnt, tsc, tscinvbit, avx, avx2, aes, clmul, bmi1, bmi2, adx, sha, fma, vzeroupper, clflush, clflushopt, hv
CPU Model and flags from /proc/cpuinfo:
model name	: AMD EPYC 7B12
flags		: fpu vme de pse tsc msr pae mce cx8 apic sep mtrr pge mca cmov pat pse36 clflush mmx fxsr sse sse2 ht syscall nx mmxext fxsr_opt pdpe1gb rdtscp lm constant_tsc rep_good nopl nonstop_tsc cpuid extd_apicid tsc_known_freq pni pclmulqdq ssse3 fma cx16 sse4_1 sse4_2 movbe popcnt aes xsave avx f16c rdrand hypervisor lahf_lm cmp_legacy cr8_legacy abm sse4a misalignsse 3dnowprefetch osvw topoext ssbd ibrs ibpb stibp vmmcall fsgsbase tsc_adjust bmi1 avx2 smep bmi2 rdseed adx smap clflushopt clwb sha_ni xsaveopt xsavec xgetbv1 clzero xsaveerptr arat npt nrip_save umip rdpid

Online cpus: 0-7
Offline cpus: 
BIOS frequency limitation: <Not Available>
Frequency switch latency (ns): <Not Available>
Available cpu frequencies: <Not Available>
Current governor: <Not Available>
Core performance/turbo boost: <Not Available>

Memory: 4k page, physical 1048576k(421628k free), swap 0k(0k free)
Page Sizes: 4k

vm_info: OpenJDK 64-Bit Server VM (17.0.5+8-jvmci-22.3-b08) for linux-amd64 JRE (17.0.5+8-jvmci-22.3-b08), built on Oct 19 2022 09:01:27 by "buildslave" with gcc 10.3.0

END.
